#
# There is insufficient memory for the Java Runtime Environment to continue.
# Native memory allocation (malloc) failed to allocate 1220224 bytes for Chunk::new
# Possible reasons:
#   The system is out of physical RAM or swap space
#   The process is running with CompressedOops enabled, and the Java Heap may be blocking the growth of the native heap
# Possible solutions:
#   Reduce memory load on the system
#   Increase physical memory or swap space
#   Check if swap backing store is full
#   Decrease Java heap size (-Xmx/-Xms)
#   Decrease number of Java threads
#   Decrease Java thread stack sizes (-Xss)
#   Set larger code cache with -XX:ReservedCodeCacheSize=
#   JVM is running with Unscaled Compressed Oops mode in which the Java heap is
#     placed in the first 4GB address space. The Java Heap base address is the
#     maximum limit for the native heap growth. Please use -XX:HeapBaseMinAddress
#     to set the Java Heap base and to place the Java Heap above 4GB virtual address.
# This output file may be truncated or incomplete.
#
#  Out of Memory Error (arena.cpp:189), pid=6720, tid=13940
#
# JRE version: Java(TM) SE Runtime Environment (17.0.9+11) (build 17.0.9+11-LTS-201)
# Java VM: Java HotSpot(TM) 64-Bit Server VM (17.0.9+11-LTS-201, mixed mode, sharing, tiered, compressed oops, compressed class ptrs, g1 gc, windows-amd64)
# No core dump will be written. Minidumps are not enabled by default on client versions of Windows
#

---------------  S U M M A R Y ------------

Command Line: --add-opens=java.base/java.util=ALL-UNNAMED --add-opens=java.base/java.lang=ALL-UNNAMED --add-opens=java.base/java.lang.invoke=ALL-UNNAMED --add-opens=java.prefs/java.util.prefs=ALL-UNNAMED --add-opens=java.base/java.nio.charset=ALL-UNNAMED --add-opens=java.base/java.net=ALL-UNNAMED --add-opens=java.base/java.util.concurrent.atomic=ALL-UNNAMED -Xmx2048m -Dfile.encoding=UTF-8 -Duser.country=US -Duser.language=en -Duser.variant org.gradle.launcher.daemon.bootstrap.GradleDaemon 8.0

Host: AMD Ryzen 5 5600G with Radeon Graphics         , 12 cores, 15G,  Windows 11 , 64 bit Build 22621 (10.0.22621.2506)
Time: Tue Nov 14 00:59:46 2023 Hora estándar de Argentina elapsed time: 4.131050 seconds (0d 0h 0m 4s)

---------------  T H R E A D  ---------------

Current thread (0x000002a27f766e80):  JavaThread "C2 CompilerThread2" daemon [_thread_in_native, id=13940, stack(0x000000c2f8700000,0x000000c2f8800000)]


Current CompileTask:
C2:   4131 6653   !   4       jdk.internal.loader.Resource::getBytes (244 bytes)

Stack: [0x000000c2f8700000,0x000000c2f8800000]
Native frames: (J=compiled Java code, j=interpreted, Vv=VM code, C=native code)
V  [jvm.dll+0x678a4a]
V  [jvm.dll+0x7d9cfd]
V  [jvm.dll+0x7db60e]
V  [jvm.dll+0x7dbc73]
V  [jvm.dll+0x245e1f]
V  [jvm.dll+0xaaafb]
V  [jvm.dll+0xab09c]
V  [jvm.dll+0x36237e]
V  [jvm.dll+0x1bbb3a]
V  [jvm.dll+0x218287]
V  [jvm.dll+0x217561]
V  [jvm.dll+0x1a3bc0]
V  [jvm.dll+0x2272de]
V  [jvm.dll+0x22548b]
V  [jvm.dll+0x78f58c]
V  [jvm.dll+0x78998a]
V  [jvm.dll+0x677875]
C  [ucrtbase.dll+0x29363]
C  [KERNEL32.DLL+0x1257d]
C  [ntdll.dll+0x5aa58]


---------------  P R O C E S S  ---------------

Threads class SMR info:
_java_thread_list=0x000002a24dd7ccd0, length=172, elements={
0x000002a262d6f7d0, 0x000002a27f3cc570, 0x000002a27f3cdaa0, 0x000002a27f3df640,
0x000002a27f3e0110, 0x000002a27f3e52d0, 0x000002a27f3e5ba0, 0x000002a27f3eac70,
0x000002a27f3f1010, 0x000002a27f3f3940, 0x000002a27f652ff0, 0x000002a27f659900,
0x000002a27f766150, 0x000002a27f766e80, 0x000002a24816e6a0, 0x000002a248c61ee0,
0x000002a248231530, 0x000002a248019650, 0x000002a248193450, 0x000002a2485dc160,
0x000002a247caf330, 0x000002a247cb0260, 0x000002a247caee20, 0x000002a247cae910,
0x000002a247cafd50, 0x000002a247cad9e0, 0x000002a247cae400, 0x000002a247cb0770,
0x000002a247cacfc0, 0x000002a247cad4d0, 0x000002a247cadef0, 0x000002a249bf8940,
0x000002a249bfacb0, 0x000002a249bf9870, 0x000002a249bf6ae0, 0x000002a249bfa7a0,
0x000002a249bf56a0, 0x000002a249bfb1c0, 0x000002a249bf8e50, 0x000002a249bf7f20,
0x000002a249bfb6d0, 0x000002a249bf5bb0, 0x000002a249bf7500, 0x000002a249bfbbe0,
0x000002a249bf9360, 0x000002a249bf7a10, 0x000002a249bf8430, 0x000002a249bf9d80,
0x000002a249bfa290, 0x000002a249bfc0f0, 0x000002a249bf4c80, 0x000002a249bfc600,
0x000002a249bf5190, 0x000002a249bf60c0, 0x000002a249bf65d0, 0x000002a24c1d14e0,
0x000002a24c1d05b0, 0x000002a24c1ce750, 0x000002a24c1caa90, 0x000002a24c1cb4b0,
0x000002a24c1cdd30, 0x000002a24c1cf680, 0x000002a24c1d0fd0, 0x000002a24c1d0ac0,
0x000002a24c1ca070, 0x000002a24c1ce240, 0x000002a24c1cec60, 0x000002a24c1cb9c0,
0x000002a24c1cbed0, 0x000002a24c1cf170, 0x000002a24c1cc3e0, 0x000002a24c1ca580,
0x000002a24c1d19f0, 0x000002a24c1cafa0, 0x000002a24c1cc8f0, 0x000002a24c1cce00,
0x000002a24c1cd310, 0x000002a24c1cd820, 0x000002a24c1cfb90, 0x000002a24c1d00a0,
0x000002a24cff06f0, 0x000002a24cff2550, 0x000002a24cff1b30, 0x000002a24cff2a60,
0x000002a24cff0c00, 0x000002a24cfeca30, 0x000002a24cfef2b0, 0x000002a24cfecf40,
0x000002a24cff1110, 0x000002a24cff2040, 0x000002a24cff1620, 0x000002a24cfed450,
0x000002a24cfed960, 0x000002a24cff2f70, 0x000002a24cfebb00, 0x000002a24cff3480,
0x000002a24cfec010, 0x000002a24cfede70, 0x000002a24cfec520, 0x000002a24cfee380,
0x000002a24cfee890, 0x000002a24cfeeda0, 0x000002a24cfef7c0, 0x000002a24cfefcd0,
0x000002a24cff01e0, 0x000002a24ca51d40, 0x000002a24ca56e40, 0x000002a24ca53690,
0x000002a24ca57860, 0x000002a24ca57350, 0x000002a24ca55f10, 0x000002a24ca540b0,
0x000002a24ca52250, 0x000002a24ca55a00, 0x000002a24ca57d70, 0x000002a24ca56420,
0x000002a24ca56930, 0x000002a24ca52760, 0x000002a24ca51830, 0x000002a24ca58280,
0x000002a24ca52c70, 0x000002a24ca54fe0, 0x000002a24ca51320, 0x000002a24ca54ad0,
0x000002a24ca545c0, 0x000002a24ca58790, 0x000002a24ca53ba0, 0x000002a24ca53180,
0x000002a24ca554f0, 0x000002a24ca58ca0, 0x000002a24c52f440, 0x000002a24c535470,
0x000002a24c5317b0, 0x000002a24c52e000, 0x000002a24c532bf0, 0x000002a24c533100,
0x000002a24c530880, 0x000002a24c52ef30, 0x000002a24c530d90, 0x000002a24c5312a0,
0x000002a24c533610, 0x000002a24c52f950, 0x000002a24c533b20, 0x000002a24c534030,
0x000002a24c52fe60, 0x000002a24c52e510, 0x000002a24c534540, 0x000002a24c534a50,
0x000002a24c530370, 0x000002a24c531cc0, 0x000002a24c5321d0, 0x000002a24c534f60,
0x000002a24c535980, 0x000002a24c5326e0, 0x000002a24b3bdde0, 0x000002a24b3b7db0,
0x000002a24b3b9700, 0x000002a24b3b9c10, 0x000002a24b3bc9a0, 0x000002a24b3bd3c0,
0x000002a24b3bb560, 0x000002a24b3ba120, 0x000002a24b3b91f0, 0x000002a24b3bab40,
0x000002a24b3b82c0, 0x000002a24b3ba630, 0x000002a24b3b8ce0, 0x000002a24b3bb050,
0x000002a24b3bba70, 0x000002a24b3bbf80, 0x000002a24b3bc490, 0x000002a24b3bceb0
}

Java Threads: ( => current thread )
  0x000002a262d6f7d0 JavaThread "main" [_thread_blocked, id=11440, stack(0x000000c2f7300000,0x000000c2f7400000)]
  0x000002a27f3cc570 JavaThread "Reference Handler" daemon [_thread_blocked, id=11836, stack(0x000000c2f7a00000,0x000000c2f7b00000)]
  0x000002a27f3cdaa0 JavaThread "Finalizer" daemon [_thread_blocked, id=7216, stack(0x000000c2f7b00000,0x000000c2f7c00000)]
  0x000002a27f3df640 JavaThread "Signal Dispatcher" daemon [_thread_blocked, id=6808, stack(0x000000c2f7c00000,0x000000c2f7d00000)]
  0x000002a27f3e0110 JavaThread "Attach Listener" daemon [_thread_blocked, id=16772, stack(0x000000c2f7d00000,0x000000c2f7e00000)]
  0x000002a27f3e52d0 JavaThread "Service Thread" daemon [_thread_blocked, id=1184, stack(0x000000c2f7e00000,0x000000c2f7f00000)]
  0x000002a27f3e5ba0 JavaThread "Monitor Deflation Thread" daemon [_thread_blocked, id=12312, stack(0x000000c2f7f00000,0x000000c2f8000000)]
  0x000002a27f3eac70 JavaThread "C2 CompilerThread0" daemon [_thread_in_native, id=19228, stack(0x000000c2f8000000,0x000000c2f8100000)]
  0x000002a27f3f1010 JavaThread "C1 CompilerThread0" daemon [_thread_blocked, id=17196, stack(0x000000c2f8100000,0x000000c2f8200000)]
  0x000002a27f3f3940 JavaThread "Sweeper thread" daemon [_thread_blocked, id=14456, stack(0x000000c2f8200000,0x000000c2f8300000)]
  0x000002a27f652ff0 JavaThread "Common-Cleaner" daemon [_thread_blocked, id=13048, stack(0x000000c2f8300000,0x000000c2f8400000)]
  0x000002a27f659900 JavaThread "Notification Thread" daemon [_thread_blocked, id=15484, stack(0x000000c2f8400000,0x000000c2f8500000)]
  0x000002a27f766150 JavaThread "C2 CompilerThread1" daemon [_thread_in_native, id=10928, stack(0x000000c2f8600000,0x000000c2f8700000)]
=>0x000002a27f766e80 JavaThread "C2 CompilerThread2" daemon [_thread_in_native, id=13940, stack(0x000000c2f8700000,0x000000c2f8800000)]
  0x000002a24816e6a0 JavaThread "Daemon health stats" [_thread_blocked, id=16152, stack(0x000000c2f8c00000,0x000000c2f8d00000)]
  0x000002a248c61ee0 JavaThread "Incoming local TCP Connector on port 54761" [_thread_in_native, id=12524, stack(0x000000c2f8d00000,0x000000c2f8e00000)]
  0x000002a248231530 JavaThread "Daemon periodic checks" [_thread_blocked, id=18892, stack(0x000000c2f8e00000,0x000000c2f8f00000)]
  0x000002a248019650 JavaThread "Daemon" [_thread_blocked, id=6624, stack(0x000000c2f8f00000,0x000000c2f9000000)]
  0x000002a248193450 JavaThread "Handler for socket connection from /127.0.0.1:54761 to /127.0.0.1:54762" [_thread_in_native, id=14028, stack(0x000000c2f9000000,0x000000c2f9100000)]
  0x000002a2485dc160 JavaThread "Cancel handler" [_thread_blocked, id=18520, stack(0x000000c2f9100000,0x000000c2f9200000)]
  0x000002a247caf330 JavaThread "Daemon worker" [_thread_in_Java, id=18808, stack(0x000000c2f9200000,0x000000c2f9300000)]
  0x000002a247cb0260 JavaThread "Asynchronous log dispatcher for DefaultDaemonConnection: socket connection from /127.0.0.1:54761 to /127.0.0.1:54762" [_thread_blocked, id=10940, stack(0x000000c2f9300000,0x000000c2f9400000)]
  0x000002a247caee20 JavaThread "Stdin handler" [_thread_blocked, id=7276, stack(0x000000c2f9400000,0x000000c2f9500000)]
  0x000002a247cae910 JavaThread "Daemon client event forwarder" [_thread_blocked, id=7548, stack(0x000000c2f9500000,0x000000c2f9600000)]
  0x000002a247cafd50 JavaThread "Cache worker for journal cache (C:\Users\PC\.gradle\caches\journal-1)" [_thread_blocked, id=3736, stack(0x000000c2f9600000,0x000000c2f9700000)]
  0x000002a247cad9e0 JavaThread "File lock request listener" [_thread_in_native, id=16904, stack(0x000000c2f9700000,0x000000c2f9800000)]
  0x000002a247cae400 JavaThread "Cache worker for file hash cache (C:\Users\PC\.gradle\caches\8.0\fileHashes)" [_thread_blocked, id=10196, stack(0x000000c2f9800000,0x000000c2f9900000)]
  0x000002a247cb0770 JavaThread "File watcher server" daemon [_thread_in_native, id=12080, stack(0x000000c2f9900000,0x000000c2f9a00000)]
  0x000002a247cacfc0 JavaThread "File watcher consumer" daemon [_thread_blocked, id=9096, stack(0x000000c2f9a00000,0x000000c2f9b00000)]
  0x000002a247cad4d0 JavaThread "Cache worker for checksums cache (D:\Programs\Android\CypherMessage\.gradle\8.0\checksums)" [_thread_blocked, id=5732, stack(0x000000c2f9b00000,0x000000c2f9c00000)]
  0x000002a247cadef0 JavaThread "Cache worker for cache directory md-rule (C:\Users\PC\.gradle\caches\8.0\md-rule)" [_thread_blocked, id=9676, stack(0x000000c2f9c00000,0x000000c2f9d00000)]
  0x000002a249bf8940 JavaThread "Cache worker for file content cache (C:\Users\PC\.gradle\caches\8.0\fileContent)" [_thread_blocked, id=16984, stack(0x000000c2f9d00000,0x000000c2f9e00000)]
  0x000002a249bfacb0 JavaThread "Cache worker for file hash cache (D:\Programs\Android\CypherMessage\.gradle\8.0\fileHashes)" [_thread_blocked, id=15076, stack(0x000000c2f9e00000,0x000000c2f9f00000)]
  0x000002a249bf9870 JavaThread "Cache worker for cache directory md-supplier (C:\Users\PC\.gradle\caches\8.0\md-supplier)" [_thread_blocked, id=5456, stack(0x000000c2fa600000,0x000000c2fa700000)]
  0x000002a249bf6ae0 JavaThread "Cache worker for execution history cache (C:\Users\PC\.gradle\caches\8.0\executionHistory)" [_thread_blocked, id=5956, stack(0x000000c2fa700000,0x000000c2fa800000)]
  0x000002a249bfa7a0 JavaThread "jar transforms" [_thread_blocked, id=2020, stack(0x000000c2fa800000,0x000000c2fa900000)]
  0x000002a249bf56a0 JavaThread "jar transforms Thread 2" [_thread_blocked, id=15560, stack(0x000000c2fa900000,0x000000c2faa00000)]
  0x000002a249bfb1c0 JavaThread "Cache worker for kotlin-dsl (C:\Users\PC\.gradle\caches\8.0\kotlin-dsl)" [_thread_blocked, id=12444, stack(0x000000c2faa00000,0x000000c2fab00000)]
  0x000002a249bf8e50 JavaThread "jar transforms Thread 3" [_thread_blocked, id=18416, stack(0x000000c2fab00000,0x000000c2fac00000)]
  0x000002a249bf7f20 JavaThread "jar transforms Thread 4" [_thread_blocked, id=7884, stack(0x000000c2fac00000,0x000000c2fad00000)]
  0x000002a249bfb6d0 JavaThread "Cache worker for dependencies-accessors (D:\Programs\Android\CypherMessage\.gradle\8.0\dependencies-accessors)" [_thread_blocked, id=18884, stack(0x000000c2fad00000,0x000000c2fae00000)]
  0x000002a249bf5bb0 JavaThread "Cache worker for Build Output Cleanup Cache (D:\Programs\Android\CypherMessage\.gradle\buildOutputCleanup)" [_thread_blocked, id=12576, stack(0x000000c2fae00000,0x000000c2faf00000)]
  0x000002a249bf7500 JavaThread "jar transforms Thread 5" [_thread_blocked, id=13500, stack(0x000000c2faf00000,0x000000c2fb000000)]
  0x000002a249bfbbe0 JavaThread "Unconstrained build operations" [_thread_blocked, id=7452, stack(0x000000c2fb000000,0x000000c2fb100000)]
  0x000002a249bf9360 JavaThread "Unconstrained build operations Thread 2" [_thread_blocked, id=6644, stack(0x000000c2fb100000,0x000000c2fb200000)]
  0x000002a249bf7a10 JavaThread "Unconstrained build operations Thread 3" [_thread_blocked, id=12072, stack(0x000000c2fb200000,0x000000c2fb300000)]
  0x000002a249bf8430 JavaThread "Unconstrained build operations Thread 4" [_thread_blocked, id=14140, stack(0x000000c2fb300000,0x000000c2fb400000)]
  0x000002a249bf9d80 JavaThread "Unconstrained build operations Thread 5" [_thread_blocked, id=15808, stack(0x000000c2fb400000,0x000000c2fb500000)]
  0x000002a249bfa290 JavaThread "Unconstrained build operations Thread 6" [_thread_blocked, id=2372, stack(0x000000c2fb500000,0x000000c2fb600000)]
  0x000002a249bfc0f0 JavaThread "Unconstrained build operations Thread 7" [_thread_blocked, id=14404, stack(0x000000c2fb600000,0x000000c2fb700000)]
  0x000002a249bf4c80 JavaThread "Unconstrained build operations Thread 8" [_thread_blocked, id=16132, stack(0x000000c2fb700000,0x000000c2fb800000)]
  0x000002a249bfc600 JavaThread "Unconstrained build operations Thread 9" [_thread_blocked, id=13704, stack(0x000000c2fb800000,0x000000c2fb900000)]
  0x000002a249bf5190 JavaThread "Unconstrained build operations Thread 10" [_thread_blocked, id=2304, stack(0x000000c2fb900000,0x000000c2fba00000)]
  0x000002a249bf60c0 JavaThread "Unconstrained build operations Thread 11" [_thread_blocked, id=17816, stack(0x000000c2fba00000,0x000000c2fbb00000)]
  0x000002a249bf65d0 JavaThread "Unconstrained build operations Thread 12" [_thread_blocked, id=18176, stack(0x000000c2fbb00000,0x000000c2fbc00000)]
  0x000002a24c1d14e0 JavaThread "Unconstrained build operations Thread 13" [_thread_blocked, id=18732, stack(0x000000c2fbc00000,0x000000c2fbd00000)]
  0x000002a24c1d05b0 JavaThread "Unconstrained build operations Thread 14" [_thread_blocked, id=3548, stack(0x000000c2fbd00000,0x000000c2fbe00000)]
  0x000002a24c1ce750 JavaThread "Unconstrained build operations Thread 15" [_thread_blocked, id=10260, stack(0x000000c2fbe00000,0x000000c2fbf00000)]
  0x000002a24c1caa90 JavaThread "Unconstrained build operations Thread 16" [_thread_blocked, id=15984, stack(0x000000c2fbf00000,0x000000c2fc000000)]
  0x000002a24c1cb4b0 JavaThread "Unconstrained build operations Thread 17" [_thread_blocked, id=10504, stack(0x000000c2fc000000,0x000000c2fc100000)]
  0x000002a24c1cdd30 JavaThread "Unconstrained build operations Thread 18" [_thread_blocked, id=14160, stack(0x000000c2fc100000,0x000000c2fc200000)]
  0x000002a24c1cf680 JavaThread "Unconstrained build operations Thread 19" [_thread_blocked, id=324, stack(0x000000c2fc200000,0x000000c2fc300000)]
  0x000002a24c1d0fd0 JavaThread "Unconstrained build operations Thread 20" [_thread_blocked, id=2196, stack(0x000000c2fc300000,0x000000c2fc400000)]
  0x000002a24c1d0ac0 JavaThread "Unconstrained build operations Thread 21" [_thread_blocked, id=19056, stack(0x000000c2fc400000,0x000000c2fc500000)]
  0x000002a24c1ca070 JavaThread "Unconstrained build operations Thread 22" [_thread_blocked, id=17724, stack(0x000000c2fc500000,0x000000c2fc600000)]
  0x000002a24c1ce240 JavaThread "Unconstrained build operations Thread 23" [_thread_blocked, id=15660, stack(0x000000c2fc600000,0x000000c2fc700000)]
  0x000002a24c1cec60 JavaThread "Unconstrained build operations Thread 24" [_thread_blocked, id=14412, stack(0x000000c2fc700000,0x000000c2fc800000)]
  0x000002a24c1cb9c0 JavaThread "Unconstrained build operations Thread 25" [_thread_blocked, id=17560, stack(0x000000c2fc800000,0x000000c2fc900000)]
  0x000002a24c1cbed0 JavaThread "Unconstrained build operations Thread 26" [_thread_blocked, id=17092, stack(0x000000c2fc900000,0x000000c2fca00000)]
  0x000002a24c1cf170 JavaThread "Unconstrained build operations Thread 27" [_thread_blocked, id=6168, stack(0x000000c2fca00000,0x000000c2fcb00000)]
  0x000002a24c1cc3e0 JavaThread "Unconstrained build operations Thread 28" [_thread_blocked, id=3984, stack(0x000000c2fcb00000,0x000000c2fcc00000)]
  0x000002a24c1ca580 JavaThread "Unconstrained build operations Thread 29" [_thread_blocked, id=2884, stack(0x000000c2fcc00000,0x000000c2fcd00000)]
  0x000002a24c1d19f0 JavaThread "Unconstrained build operations Thread 30" [_thread_blocked, id=17632, stack(0x000000c2fcd00000,0x000000c2fce00000)]
  0x000002a24c1cafa0 JavaThread "Unconstrained build operations Thread 31" [_thread_blocked, id=15780, stack(0x000000c2fce00000,0x000000c2fcf00000)]
  0x000002a24c1cc8f0 JavaThread "Unconstrained build operations Thread 32" [_thread_blocked, id=17784, stack(0x000000c2fcf00000,0x000000c2fd000000)]
  0x000002a24c1cce00 JavaThread "Unconstrained build operations Thread 33" [_thread_blocked, id=16828, stack(0x000000c2fd000000,0x000000c2fd100000)]
  0x000002a24c1cd310 JavaThread "Unconstrained build operations Thread 34" [_thread_blocked, id=12316, stack(0x000000c2fd100000,0x000000c2fd200000)]
  0x000002a24c1cd820 JavaThread "Unconstrained build operations Thread 35" [_thread_blocked, id=2444, stack(0x000000c2fd200000,0x000000c2fd300000)]
  0x000002a24c1cfb90 JavaThread "Unconstrained build operations Thread 36" [_thread_blocked, id=2688, stack(0x000000c2fd300000,0x000000c2fd400000)]
  0x000002a24c1d00a0 JavaThread "Unconstrained build operations Thread 37" [_thread_blocked, id=12508, stack(0x000000c2fd400000,0x000000c2fd500000)]
  0x000002a24cff06f0 JavaThread "Unconstrained build operations Thread 38" [_thread_blocked, id=6816, stack(0x000000c2fd500000,0x000000c2fd600000)]
  0x000002a24cff2550 JavaThread "Unconstrained build operations Thread 39" [_thread_blocked, id=16112, stack(0x000000c2fd600000,0x000000c2fd700000)]
  0x000002a24cff1b30 JavaThread "Unconstrained build operations Thread 40" [_thread_blocked, id=17468, stack(0x000000c2fd700000,0x000000c2fd800000)]
  0x000002a24cff2a60 JavaThread "Unconstrained build operations Thread 41" [_thread_blocked, id=14344, stack(0x000000c2fd800000,0x000000c2fd900000)]
  0x000002a24cff0c00 JavaThread "Unconstrained build operations Thread 42" [_thread_blocked, id=18784, stack(0x000000c2fd900000,0x000000c2fda00000)]
  0x000002a24cfeca30 JavaThread "Unconstrained build operations Thread 43" [_thread_blocked, id=14576, stack(0x000000c2fda00000,0x000000c2fdb00000)]
  0x000002a24cfef2b0 JavaThread "Unconstrained build operations Thread 44" [_thread_blocked, id=11376, stack(0x000000c2fdb00000,0x000000c2fdc00000)]
  0x000002a24cfecf40 JavaThread "Unconstrained build operations Thread 45" [_thread_blocked, id=16280, stack(0x000000c2fdc00000,0x000000c2fdd00000)]
  0x000002a24cff1110 JavaThread "Unconstrained build operations Thread 46" [_thread_blocked, id=19044, stack(0x000000c2fdd00000,0x000000c2fde00000)]
  0x000002a24cff2040 JavaThread "Unconstrained build operations Thread 47" [_thread_blocked, id=16832, stack(0x000000c2fde00000,0x000000c2fdf00000)]
  0x000002a24cff1620 JavaThread "Unconstrained build operations Thread 48" [_thread_blocked, id=4004, stack(0x000000c2fdf00000,0x000000c2fe000000)]
  0x000002a24cfed450 JavaThread "Unconstrained build operations Thread 49" [_thread_blocked, id=8684, stack(0x000000c2fe000000,0x000000c2fe100000)]
  0x000002a24cfed960 JavaThread "Unconstrained build operations Thread 50" [_thread_blocked, id=5204, stack(0x000000c2fe100000,0x000000c2fe200000)]
  0x000002a24cff2f70 JavaThread "Unconstrained build operations Thread 51" [_thread_blocked, id=16000, stack(0x000000c2fe200000,0x000000c2fe300000)]
  0x000002a24cfebb00 JavaThread "Unconstrained build operations Thread 52" [_thread_blocked, id=12036, stack(0x000000c2fe300000,0x000000c2fe400000)]
  0x000002a24cff3480 JavaThread "Unconstrained build operations Thread 53" [_thread_blocked, id=11840, stack(0x000000c2fe400000,0x000000c2fe500000)]
  0x000002a24cfec010 JavaThread "Unconstrained build operations Thread 54" [_thread_blocked, id=6880, stack(0x000000c2fe500000,0x000000c2fe600000)]
  0x000002a24cfede70 JavaThread "Unconstrained build operations Thread 55" [_thread_blocked, id=17836, stack(0x000000c2fe600000,0x000000c2fe700000)]
  0x000002a24cfec520 JavaThread "Unconstrained build operations Thread 56" [_thread_blocked, id=13892, stack(0x000000c2fe700000,0x000000c2fe800000)]
  0x000002a24cfee380 JavaThread "Unconstrained build operations Thread 57" [_thread_blocked, id=9208, stack(0x000000c2fe800000,0x000000c2fe900000)]
  0x000002a24cfee890 JavaThread "Unconstrained build operations Thread 58" [_thread_blocked, id=19288, stack(0x000000c2fe900000,0x000000c2fea00000)]
  0x000002a24cfeeda0 JavaThread "Unconstrained build operations Thread 59" [_thread_blocked, id=11120, stack(0x000000c2fea00000,0x000000c2feb00000)]
  0x000002a24cfef7c0 JavaThread "Unconstrained build operations Thread 60" [_thread_blocked, id=14472, stack(0x000000c2feb00000,0x000000c2fec00000)]
  0x000002a24cfefcd0 JavaThread "Unconstrained build operations Thread 61" [_thread_blocked, id=7300, stack(0x000000c2fec00000,0x000000c2fed00000)]
  0x000002a24cff01e0 JavaThread "Unconstrained build operations Thread 62" [_thread_blocked, id=308, stack(0x000000c2fed00000,0x000000c2fee00000)]
  0x000002a24ca51d40 JavaThread "Unconstrained build operations Thread 63" [_thread_blocked, id=17356, stack(0x000000c2fee00000,0x000000c2fef00000)]
  0x000002a24ca56e40 JavaThread "Unconstrained build operations Thread 64" [_thread_blocked, id=3848, stack(0x000000c2fef00000,0x000000c2ff000000)]
  0x000002a24ca53690 JavaThread "Unconstrained build operations Thread 65" [_thread_blocked, id=17032, stack(0x000000c2ff000000,0x000000c2ff100000)]
  0x000002a24ca57860 JavaThread "Unconstrained build operations Thread 66" [_thread_blocked, id=18248, stack(0x000000c2ff100000,0x000000c2ff200000)]
  0x000002a24ca57350 JavaThread "Unconstrained build operations Thread 67" [_thread_blocked, id=18116, stack(0x000000c2ff200000,0x000000c2ff300000)]
  0x000002a24ca55f10 JavaThread "Unconstrained build operations Thread 68" [_thread_blocked, id=10076, stack(0x000000c2ff300000,0x000000c2ff400000)]
  0x000002a24ca540b0 JavaThread "Unconstrained build operations Thread 69" [_thread_blocked, id=15636, stack(0x000000c2ff400000,0x000000c2ff500000)]
  0x000002a24ca52250 JavaThread "Unconstrained build operations Thread 70" [_thread_blocked, id=15168, stack(0x000000c2ff500000,0x000000c2ff600000)]
  0x000002a24ca55a00 JavaThread "Unconstrained build operations Thread 71" [_thread_blocked, id=17940, stack(0x000000c2ff600000,0x000000c2ff700000)]
  0x000002a24ca57d70 JavaThread "Unconstrained build operations Thread 72" [_thread_blocked, id=18472, stack(0x000000c2ff700000,0x000000c2ff800000)]
  0x000002a24ca56420 JavaThread "Unconstrained build operations Thread 73" [_thread_blocked, id=6320, stack(0x000000c2ff800000,0x000000c2ff900000)]
  0x000002a24ca56930 JavaThread "Unconstrained build operations Thread 74" [_thread_blocked, id=17428, stack(0x000000c2ff900000,0x000000c2ffa00000)]
  0x000002a24ca52760 JavaThread "Unconstrained build operations Thread 75" [_thread_blocked, id=9064, stack(0x000000c2ffa00000,0x000000c2ffb00000)]
  0x000002a24ca51830 JavaThread "Unconstrained build operations Thread 76" [_thread_blocked, id=4624, stack(0x000000c2ffb00000,0x000000c2ffc00000)]
  0x000002a24ca58280 JavaThread "Unconstrained build operations Thread 77" [_thread_blocked, id=16212, stack(0x000000c2ffc00000,0x000000c2ffd00000)]
  0x000002a24ca52c70 JavaThread "Unconstrained build operations Thread 78" [_thread_blocked, id=1188, stack(0x000000c2ffd00000,0x000000c2ffe00000)]
  0x000002a24ca54fe0 JavaThread "Unconstrained build operations Thread 79" [_thread_blocked, id=6544, stack(0x000000c2ffe00000,0x000000c2fff00000)]
  0x000002a24ca51320 JavaThread "Unconstrained build operations Thread 80" [_thread_blocked, id=11360, stack(0x000000c2fff00000,0x000000c300000000)]
  0x000002a24ca54ad0 JavaThread "Unconstrained build operations Thread 81" [_thread_blocked, id=18688, stack(0x000000c280000000,0x000000c280100000)]
  0x000002a24ca545c0 JavaThread "Unconstrained build operations Thread 82" [_thread_blocked, id=10780, stack(0x000000c280100000,0x000000c280200000)]
  0x000002a24ca58790 JavaThread "Unconstrained build operations Thread 83" [_thread_blocked, id=19032, stack(0x000000c280200000,0x000000c280300000)]
  0x000002a24ca53ba0 JavaThread "Unconstrained build operations Thread 84" [_thread_blocked, id=11024, stack(0x000000c280300000,0x000000c280400000)]
  0x000002a24ca53180 JavaThread "Unconstrained build operations Thread 85" [_thread_blocked, id=10044, stack(0x000000c280400000,0x000000c280500000)]
  0x000002a24ca554f0 JavaThread "Unconstrained build operations Thread 86" [_thread_blocked, id=15788, stack(0x000000c280500000,0x000000c280600000)]
  0x000002a24ca58ca0 JavaThread "Unconstrained build operations Thread 87" [_thread_blocked, id=18188, stack(0x000000c280600000,0x000000c280700000)]
  0x000002a24c52f440 JavaThread "Unconstrained build operations Thread 88" [_thread_blocked, id=3760, stack(0x000000c280700000,0x000000c280800000)]
  0x000002a24c535470 JavaThread "Unconstrained build operations Thread 89" [_thread_blocked, id=14008, stack(0x000000c280800000,0x000000c280900000)]
  0x000002a24c5317b0 JavaThread "Unconstrained build operations Thread 90" [_thread_blocked, id=12412, stack(0x000000c280900000,0x000000c280a00000)]
  0x000002a24c52e000 JavaThread "Unconstrained build operations Thread 91" [_thread_blocked, id=5304, stack(0x000000c280a00000,0x000000c280b00000)]
  0x000002a24c532bf0 JavaThread "Unconstrained build operations Thread 92" [_thread_blocked, id=18440, stack(0x000000c280b00000,0x000000c280c00000)]
  0x000002a24c533100 JavaThread "Unconstrained build operations Thread 93" [_thread_blocked, id=15200, stack(0x000000c280c00000,0x000000c280d00000)]
  0x000002a24c530880 JavaThread "Unconstrained build operations Thread 94" [_thread_blocked, id=596, stack(0x000000c280d00000,0x000000c280e00000)]
  0x000002a24c52ef30 JavaThread "Unconstrained build operations Thread 95" [_thread_blocked, id=19304, stack(0x000000c280e00000,0x000000c280f00000)]
  0x000002a24c530d90 JavaThread "Unconstrained build operations Thread 96" [_thread_blocked, id=18588, stack(0x000000c280f00000,0x000000c281000000)]
  0x000002a24c5312a0 JavaThread "Unconstrained build operations Thread 97" [_thread_blocked, id=14932, stack(0x000000c281000000,0x000000c281100000)]
  0x000002a24c533610 JavaThread "Unconstrained build operations Thread 98" [_thread_blocked, id=1200, stack(0x000000c281100000,0x000000c281200000)]
  0x000002a24c52f950 JavaThread "Unconstrained build operations Thread 99" [_thread_blocked, id=2648, stack(0x000000c281200000,0x000000c281300000)]
  0x000002a24c533b20 JavaThread "Unconstrained build operations Thread 100" [_thread_blocked, id=17864, stack(0x000000c281300000,0x000000c281400000)]
  0x000002a24c534030 JavaThread "Unconstrained build operations Thread 101" [_thread_blocked, id=11112, stack(0x000000c281400000,0x000000c281500000)]
  0x000002a24c52fe60 JavaThread "Unconstrained build operations Thread 102" [_thread_blocked, id=18540, stack(0x000000c281500000,0x000000c281600000)]
  0x000002a24c52e510 JavaThread "Unconstrained build operations Thread 103" [_thread_blocked, id=5244, stack(0x000000c281600000,0x000000c281700000)]
  0x000002a24c534540 JavaThread "Unconstrained build operations Thread 104" [_thread_blocked, id=16592, stack(0x000000c281700000,0x000000c281800000)]
  0x000002a24c534a50 JavaThread "Unconstrained build operations Thread 105" [_thread_blocked, id=5764, stack(0x000000c281800000,0x000000c281900000)]
  0x000002a24c530370 JavaThread "Unconstrained build operations Thread 106" [_thread_blocked, id=15676, stack(0x000000c281900000,0x000000c281a00000)]
  0x000002a24c531cc0 JavaThread "Unconstrained build operations Thread 107" [_thread_blocked, id=4020, stack(0x000000c281a00000,0x000000c281b00000)]
  0x000002a24c5321d0 JavaThread "Unconstrained build operations Thread 108" [_thread_blocked, id=5060, stack(0x000000c281b00000,0x000000c281c00000)]
  0x000002a24c534f60 JavaThread "Unconstrained build operations Thread 109" [_thread_blocked, id=18448, stack(0x000000c281c00000,0x000000c281d00000)]
  0x000002a24c535980 JavaThread "Unconstrained build operations Thread 110" [_thread_blocked, id=15504, stack(0x000000c281d00000,0x000000c281e00000)]
  0x000002a24c5326e0 JavaThread "Unconstrained build operations Thread 111" [_thread_blocked, id=19208, stack(0x000000c281e00000,0x000000c281f00000)]
  0x000002a24b3bdde0 JavaThread "Unconstrained build operations Thread 112" [_thread_blocked, id=17452, stack(0x000000c281f00000,0x000000c282000000)]
  0x000002a24b3b7db0 JavaThread "Unconstrained build operations Thread 113" [_thread_blocked, id=13272, stack(0x000000c282000000,0x000000c282100000)]
  0x000002a24b3b9700 JavaThread "Unconstrained build operations Thread 114" [_thread_blocked, id=17500, stack(0x000000c282100000,0x000000c282200000)]
  0x000002a24b3b9c10 JavaThread "Unconstrained build operations Thread 115" [_thread_blocked, id=18796, stack(0x000000c282200000,0x000000c282300000)]
  0x000002a24b3bc9a0 JavaThread "Unconstrained build operations Thread 116" [_thread_blocked, id=9532, stack(0x000000c282300000,0x000000c282400000)]
  0x000002a24b3bd3c0 JavaThread "Unconstrained build operations Thread 117" [_thread_blocked, id=17460, stack(0x000000c282400000,0x000000c282500000)]
  0x000002a24b3bb560 JavaThread "Unconstrained build operations Thread 118" [_thread_blocked, id=15440, stack(0x000000c282500000,0x000000c282600000)]
  0x000002a24b3ba120 JavaThread "Unconstrained build operations Thread 119" [_thread_blocked, id=9768, stack(0x000000c282600000,0x000000c282700000)]
  0x000002a24b3b91f0 JavaThread "Unconstrained build operations Thread 120" [_thread_blocked, id=5100, stack(0x000000c282700000,0x000000c282800000)]
  0x000002a24b3bab40 JavaThread "jar transforms Thread 6" [_thread_blocked, id=11176, stack(0x000000c282800000,0x000000c282900000)]
  0x000002a24b3b82c0 JavaThread "jar transforms Thread 7" [_thread_blocked, id=13372, stack(0x000000c282900000,0x000000c282a00000)]
  0x000002a24b3ba630 JavaThread "jar transforms Thread 8" [_thread_blocked, id=4448, stack(0x000000c282a00000,0x000000c282b00000)]
  0x000002a24b3b8ce0 JavaThread "jar transforms Thread 9" [_thread_blocked, id=18464, stack(0x000000c282b00000,0x000000c282c00000)]
  0x000002a24b3bb050 JavaThread "jar transforms Thread 10" [_thread_blocked, id=17324, stack(0x000000c282c00000,0x000000c282d00000)]
  0x000002a24b3bba70 JavaThread "jar transforms Thread 11" [_thread_blocked, id=16172, stack(0x000000c282d00000,0x000000c282e00000)]
  0x000002a24b3bbf80 JavaThread "jar transforms Thread 12" [_thread_blocked, id=14840, stack(0x000000c282e00000,0x000000c282f00000)]
  0x000002a24b3bc490 JavaThread "build event listener" [_thread_blocked, id=3696, stack(0x000000c282f00000,0x000000c283000000)]
  0x000002a24b3bceb0 JavaThread "Memory manager" [_thread_blocked, id=15256, stack(0x000000c283000000,0x000000c283100000)]

Other Threads:
  0x000002a27f3c4ea0 VMThread "VM Thread" [stack: 0x000000c2f7900000,0x000000c2f7a00000] [id=15980]
  0x000002a27f65ddf0 WatcherThread [stack: 0x000000c2f8500000,0x000000c2f8600000] [id=18876]
  0x000002a262dca1c0 GCTaskThread "GC Thread#0" [stack: 0x000000c2f7400000,0x000000c2f7500000] [id=12700]
  0x000002a2474885a0 GCTaskThread "GC Thread#1" [stack: 0x000000c2f8800000,0x000000c2f8900000] [id=4484]
  0x000002a247325f70 GCTaskThread "GC Thread#2" [stack: 0x000000c2f8900000,0x000000c2f8a00000] [id=4676]
  0x000002a247326230 GCTaskThread "GC Thread#3" [stack: 0x000000c2f8a00000,0x000000c2f8b00000] [id=1896]
  0x000002a2473264f0 GCTaskThread "GC Thread#4" [stack: 0x000000c2f8b00000,0x000000c2f8c00000] [id=15060]
  0x000002a248d63090 GCTaskThread "GC Thread#5" [stack: 0x000000c2f9f00000,0x000000c2fa000000] [id=10692]
  0x000002a248d63350 GCTaskThread "GC Thread#6" [stack: 0x000000c2fa000000,0x000000c2fa100000] [id=15476]
  0x000002a248d63610 GCTaskThread "GC Thread#7" [stack: 0x000000c2fa100000,0x000000c2fa200000] [id=15844]
  0x000002a248d638d0 GCTaskThread "GC Thread#8" [stack: 0x000000c2fa200000,0x000000c2fa300000] [id=14272]
  0x000002a248d63e50 GCTaskThread "GC Thread#9" [stack: 0x000000c2fa300000,0x000000c2fa400000] [id=15308]
  0x000002a262ddb020 ConcurrentGCThread "G1 Main Marker" [stack: 0x000000c2f7500000,0x000000c2f7600000] [id=2788]
  0x000002a262ddc0e0 ConcurrentGCThread "G1 Conc#0" [stack: 0x000000c2f7600000,0x000000c2f7700000] [id=12988]
  0x000002a248d64950 ConcurrentGCThread "G1 Conc#1" [stack: 0x000000c2fa400000,0x000000c2fa500000] [id=11476]
  0x000002a24aab7af0 ConcurrentGCThread "G1 Conc#2" [stack: 0x000000c2fa500000,0x000000c2fa600000] [id=15128]
  0x000002a27f274170 ConcurrentGCThread "G1 Refine#0" [stack: 0x000000c2f7700000,0x000000c2f7800000] [id=8152]
  0x000002a27f274ab0 ConcurrentGCThread "G1 Service" [stack: 0x000000c2f7800000,0x000000c2f7900000] [id=8964]

Threads with active compile tasks:
C2 CompilerThread0     4147 6795       4       jdk.internal.org.objectweb.asm.MethodWriter::visitInsn (115 bytes)
C2 CompilerThread1     4147 6800       4       java.lang.Class::annotationData (44 bytes)
C2 CompilerThread2     4147 6653   !   4       jdk.internal.loader.Resource::getBytes (244 bytes)

VM state: not at safepoint (normal execution)

VM Mutex/Monitor currently owned by a thread: None

Heap address: 0x0000000080000000, size: 2048 MB, Compressed Oops mode: 32-bit

CDS archive(s) mapped at: [0x000002a202000000-0x000002a202bd0000-0x000002a202bd0000), size 12386304, SharedBaseAddress: 0x000002a202000000, ArchiveRelocationMode: 1.
Compressed class space mapped at: 0x000002a203000000-0x000002a243000000, reserved size: 1073741824
Narrow klass base: 0x000002a202000000, Narrow klass shift: 0, Narrow klass range: 0x100000000

GC Precious Log:
 CPUs: 12 total, 12 available
 Memory: 15741M
 Large Page Support: Disabled
 NUMA Support: Disabled
 Compressed Oops: Enabled (32-bit)
 Heap Region Size: 1M
 Heap Min Capacity: 8M
 Heap Initial Capacity: 246M
 Heap Max Capacity: 2G
 Pre-touch: Disabled
 Parallel Workers: 10
 Concurrent Workers: 3
 Concurrent Refinement Workers: 10
 Periodic GC: Disabled

Heap:
 garbage-first heap   total 236544K, used 70505K [0x0000000080000000, 0x0000000100000000)
  region size 1024K, 6 young (6144K), 1 survivors (1024K)
 Metaspace       used 55514K, committed 56064K, reserved 1114112K
  class space    used 7528K, committed 7808K, reserved 1048576K

Heap Regions: E=young(eden), S=young(survivor), O=old, HS=humongous(starts), HC=humongous(continues), CS=collection set, F=free, OA=open archive, CA=closed archive, TAMS=top-at-mark-start (previous, next)
|   0|0x0000000080000000, 0x0000000080100000, 0x0000000080100000|100%|HS|  |TAMS 0x0000000080100000, 0x0000000080000000| Complete 
|   1|0x0000000080100000, 0x0000000080200000, 0x0000000080200000|100%|HC|  |TAMS 0x0000000080200000, 0x0000000080100000| Complete 
|   2|0x0000000080200000, 0x0000000080300000, 0x0000000080300000|100%|HC|  |TAMS 0x0000000080300000, 0x0000000080200000| Complete 
|   3|0x0000000080300000, 0x0000000080400000, 0x0000000080400000|100%|HC|  |TAMS 0x0000000080400000, 0x0000000080300000| Complete 
|   4|0x0000000080400000, 0x0000000080500000, 0x0000000080500000|100%| O|  |TAMS 0x0000000080500000, 0x0000000080400000| Untracked 
|   5|0x0000000080500000, 0x0000000080600000, 0x0000000080600000|100%| O|  |TAMS 0x0000000080600000, 0x0000000080500000| Untracked 
|   6|0x0000000080600000, 0x0000000080700000, 0x0000000080700000|100%| O|  |TAMS 0x0000000080700000, 0x0000000080600000| Untracked 
|   7|0x0000000080700000, 0x0000000080800000, 0x0000000080800000|100%| O|  |TAMS 0x0000000080800000, 0x0000000080700000| Untracked 
|   8|0x0000000080800000, 0x0000000080900000, 0x0000000080900000|100%| O|  |TAMS 0x0000000080900000, 0x0000000080800000| Untracked 
|   9|0x0000000080900000, 0x0000000080a00000, 0x0000000080a00000|100%| O|  |TAMS 0x0000000080a00000, 0x0000000080900000| Untracked 
|  10|0x0000000080a00000, 0x0000000080b00000, 0x0000000080b00000|100%| O|  |TAMS 0x0000000080b00000, 0x0000000080a00000| Untracked 
|  11|0x0000000080b00000, 0x0000000080c00000, 0x0000000080c00000|100%| O|  |TAMS 0x0000000080b00000, 0x0000000080b00000| Untracked 
|  12|0x0000000080c00000, 0x0000000080d00000, 0x0000000080d00000|100%| O|  |TAMS 0x0000000080d00000, 0x0000000080c00000| Untracked 
|  13|0x0000000080d00000, 0x0000000080e00000, 0x0000000080e00000|100%| O|  |TAMS 0x0000000080e00000, 0x0000000080d00000| Untracked 
|  14|0x0000000080e00000, 0x0000000080f00000, 0x0000000080f00000|100%| O|  |TAMS 0x0000000080f00000, 0x0000000080e00000| Untracked 
|  15|0x0000000080f00000, 0x0000000081000000, 0x0000000081000000|100%| O|  |TAMS 0x0000000081000000, 0x0000000080f00000| Untracked 
|  16|0x0000000081000000, 0x0000000081100000, 0x0000000081100000|100%| O|  |TAMS 0x0000000081100000, 0x0000000081000000| Untracked 
|  17|0x0000000081100000, 0x0000000081200000, 0x0000000081200000|100%| O|  |TAMS 0x0000000081200000, 0x0000000081100000| Untracked 
|  18|0x0000000081200000, 0x0000000081300000, 0x0000000081300000|100%| O|  |TAMS 0x0000000081300000, 0x0000000081200000| Untracked 
|  19|0x0000000081300000, 0x0000000081400000, 0x0000000081400000|100%| O|  |TAMS 0x0000000081400000, 0x0000000081300000| Untracked 
|  20|0x0000000081400000, 0x0000000081500000, 0x0000000081500000|100%| O|  |TAMS 0x0000000081500000, 0x0000000081400000| Untracked 
|  21|0x0000000081500000, 0x0000000081600000, 0x0000000081600000|100%| O|  |TAMS 0x0000000081600000, 0x0000000081500000| Untracked 
|  22|0x0000000081600000, 0x0000000081700000, 0x0000000081700000|100%| O|  |TAMS 0x0000000081700000, 0x0000000081600000| Untracked 
|  23|0x0000000081700000, 0x0000000081800000, 0x0000000081800000|100%| O|  |TAMS 0x0000000081800000, 0x0000000081700000| Untracked 
|  24|0x0000000081800000, 0x0000000081900000, 0x0000000081900000|100%| O|  |TAMS 0x0000000081900000, 0x0000000081800000| Untracked 
|  25|0x0000000081900000, 0x0000000081a00000, 0x0000000081a00000|100%| O|  |TAMS 0x0000000081a00000, 0x0000000081900000| Untracked 
|  26|0x0000000081a00000, 0x0000000081b00000, 0x0000000081b00000|100%| O|  |TAMS 0x0000000081b00000, 0x0000000081a00000| Untracked 
|  27|0x0000000081b00000, 0x0000000081c00000, 0x0000000081c00000|100%| O|  |TAMS 0x0000000081c00000, 0x0000000081b00000| Untracked 
|  28|0x0000000081c00000, 0x0000000081d00000, 0x0000000081d00000|100%| O|  |TAMS 0x0000000081d00000, 0x0000000081c00000| Untracked 
|  29|0x0000000081d00000, 0x0000000081e00000, 0x0000000081e00000|100%| O|  |TAMS 0x0000000081e00000, 0x0000000081d00000| Untracked 
|  30|0x0000000081e00000, 0x0000000081f00000, 0x0000000081f00000|100%|HS|  |TAMS 0x0000000081f00000, 0x0000000081e00000| Complete 
|  31|0x0000000081f00000, 0x0000000082000000, 0x0000000082000000|100%|HS|  |TAMS 0x0000000082000000, 0x0000000081f00000| Complete 
|  32|0x0000000082000000, 0x0000000082000000, 0x0000000082100000|  0%| F|  |TAMS 0x0000000082000000, 0x0000000082000000| Untracked 
|  33|0x0000000082100000, 0x0000000082200000, 0x0000000082200000|100%|HS|  |TAMS 0x0000000082200000, 0x0000000082100000| Complete 
|  34|0x0000000082200000, 0x0000000082300000, 0x0000000082300000|100%|HS|  |TAMS 0x0000000082300000, 0x0000000082200000| Complete 
|  35|0x0000000082300000, 0x0000000082400000, 0x0000000082400000|100%|HC|  |TAMS 0x0000000082400000, 0x0000000082300000| Complete 
|  36|0x0000000082400000, 0x0000000082500000, 0x0000000082500000|100%| O|  |TAMS 0x0000000082500000, 0x0000000082400000| Untracked 
|  37|0x0000000082500000, 0x0000000082600000, 0x0000000082600000|100%| O|  |TAMS 0x0000000082600000, 0x0000000082500000| Untracked 
|  38|0x0000000082600000, 0x0000000082700000, 0x0000000082700000|100%| O|  |TAMS 0x0000000082700000, 0x0000000082600000| Untracked 
|  39|0x0000000082700000, 0x0000000082800000, 0x0000000082800000|100%| O|  |TAMS 0x0000000082800000, 0x0000000082700000| Untracked 
|  40|0x0000000082800000, 0x0000000082900000, 0x0000000082900000|100%| O|  |TAMS 0x0000000082900000, 0x0000000082800000| Untracked 
|  41|0x0000000082900000, 0x0000000082a00000, 0x0000000082a00000|100%| O|  |TAMS 0x0000000082a00000, 0x0000000082900000| Untracked 
|  42|0x0000000082a00000, 0x0000000082b00000, 0x0000000082b00000|100%|HS|  |TAMS 0x0000000082b00000, 0x0000000082a00000| Complete 
|  43|0x0000000082b00000, 0x0000000082c00000, 0x0000000082c00000|100%|HC|  |TAMS 0x0000000082c00000, 0x0000000082b00000| Complete 
|  44|0x0000000082c00000, 0x0000000082d00000, 0x0000000082d00000|100%|HC|  |TAMS 0x0000000082d00000, 0x0000000082c00000| Complete 
|  45|0x0000000082d00000, 0x0000000082e00000, 0x0000000082e00000|100%|HC|  |TAMS 0x0000000082e00000, 0x0000000082d00000| Complete 
|  46|0x0000000082e00000, 0x0000000082f00000, 0x0000000082f00000|100%| O|  |TAMS 0x0000000082f00000, 0x0000000082e00000| Untracked 
|  47|0x0000000082f00000, 0x0000000083000000, 0x0000000083000000|100%| O|  |TAMS 0x0000000083000000, 0x0000000082f00000| Untracked 
|  48|0x0000000083000000, 0x0000000083100000, 0x0000000083100000|100%| O|  |TAMS 0x0000000083100000, 0x0000000083000000| Untracked 
|  49|0x0000000083100000, 0x0000000083200000, 0x0000000083200000|100%| O|  |TAMS 0x0000000083200000, 0x0000000083100000| Untracked 
|  50|0x0000000083200000, 0x0000000083300000, 0x0000000083300000|100%| O|  |TAMS 0x0000000083300000, 0x0000000083200000| Untracked 
|  51|0x0000000083300000, 0x0000000083400000, 0x0000000083400000|100%| O|  |TAMS 0x0000000083400000, 0x0000000083300000| Untracked 
|  52|0x0000000083400000, 0x0000000083500000, 0x0000000083500000|100%| O|  |TAMS 0x0000000083500000, 0x0000000083400000| Untracked 
|  53|0x0000000083500000, 0x0000000083600000, 0x0000000083600000|100%| O|  |TAMS 0x0000000083600000, 0x0000000083500000| Untracked 
|  54|0x0000000083600000, 0x0000000083700000, 0x0000000083700000|100%| O|  |TAMS 0x0000000083700000, 0x0000000083600000| Untracked 
|  55|0x0000000083700000, 0x0000000083800000, 0x0000000083800000|100%|HS|  |TAMS 0x0000000083800000, 0x0000000083700000| Untracked 
|  56|0x0000000083800000, 0x0000000083900000, 0x0000000083900000|100%| O|  |TAMS 0x0000000083900000, 0x0000000083800000| Untracked 
|  57|0x0000000083900000, 0x0000000083a00000, 0x0000000083a00000|100%|HS|  |TAMS 0x0000000083a00000, 0x0000000083900000| Complete 
|  58|0x0000000083a00000, 0x0000000083b00000, 0x0000000083b00000|100%|HS|  |TAMS 0x0000000083b00000, 0x0000000083a00000| Complete 
|  59|0x0000000083b00000, 0x0000000083c00000, 0x0000000083c00000|100%| O|  |TAMS 0x0000000083c00000, 0x0000000083b00000| Untracked 
|  60|0x0000000083c00000, 0x0000000083d00000, 0x0000000083d00000|100%| O|  |TAMS 0x0000000083d00000, 0x0000000083c00000| Untracked 
|  61|0x0000000083d00000, 0x0000000083e00000, 0x0000000083e00000|100%| O|  |TAMS 0x0000000083e00000, 0x0000000083d00000| Untracked 
|  62|0x0000000083e00000, 0x0000000083f00000, 0x0000000083f00000|100%| O|  |TAMS 0x0000000083e9be00, 0x0000000083e00000| Untracked 
|  63|0x0000000083f00000, 0x0000000084000000, 0x0000000084000000|100%|HS|  |TAMS 0x0000000083f00000, 0x0000000083f00000| Complete 
|  64|0x0000000084000000, 0x0000000084100000, 0x0000000084100000|100%| O|  |TAMS 0x0000000084000000, 0x0000000084000000| Untracked 
|  65|0x0000000084100000, 0x0000000084172600, 0x0000000084200000| 44%| O|  |TAMS 0x0000000084100000, 0x0000000084100000| Untracked 
|  66|0x0000000084200000, 0x0000000084200000, 0x0000000084300000|  0%| F|  |TAMS 0x0000000084200000, 0x0000000084200000| Untracked 
|  67|0x0000000084300000, 0x0000000084300000, 0x0000000084400000|  0%| F|  |TAMS 0x0000000084300000, 0x0000000084300000| Untracked 
|  68|0x0000000084400000, 0x0000000084400000, 0x0000000084500000|  0%| F|  |TAMS 0x0000000084400000, 0x0000000084400000| Untracked 
|  69|0x0000000084500000, 0x0000000084500000, 0x0000000084600000|  0%| F|  |TAMS 0x0000000084500000, 0x0000000084500000| Untracked 
|  70|0x0000000084600000, 0x0000000084600000, 0x0000000084700000|  0%| F|  |TAMS 0x0000000084600000, 0x0000000084600000| Untracked 
|  71|0x0000000084700000, 0x0000000084700000, 0x0000000084800000|  0%| F|  |TAMS 0x0000000084700000, 0x0000000084700000| Untracked 
|  72|0x0000000084800000, 0x0000000084800000, 0x0000000084900000|  0%| F|  |TAMS 0x0000000084800000, 0x0000000084800000| Untracked 
|  73|0x0000000084900000, 0x0000000084900000, 0x0000000084a00000|  0%| F|  |TAMS 0x0000000084900000, 0x0000000084900000| Untracked 
|  74|0x0000000084a00000, 0x0000000084a00000, 0x0000000084b00000|  0%| F|  |TAMS 0x0000000084a00000, 0x0000000084a00000| Untracked 
|  75|0x0000000084b00000, 0x0000000084b00000, 0x0000000084c00000|  0%| F|  |TAMS 0x0000000084b00000, 0x0000000084b00000| Untracked 
|  76|0x0000000084c00000, 0x0000000084c00000, 0x0000000084d00000|  0%| F|  |TAMS 0x0000000084c00000, 0x0000000084c00000| Untracked 
|  77|0x0000000084d00000, 0x0000000084d00000, 0x0000000084e00000|  0%| F|  |TAMS 0x0000000084d00000, 0x0000000084d00000| Untracked 
|  78|0x0000000084e00000, 0x0000000084e00000, 0x0000000084f00000|  0%| F|  |TAMS 0x0000000084e00000, 0x0000000084e00000| Untracked 
|  79|0x0000000084f00000, 0x0000000084f00000, 0x0000000085000000|  0%| F|  |TAMS 0x0000000084f00000, 0x0000000084f00000| Untracked 
|  80|0x0000000085000000, 0x0000000085000000, 0x0000000085100000|  0%| F|  |TAMS 0x0000000085000000, 0x0000000085000000| Untracked 
|  81|0x0000000085100000, 0x0000000085100000, 0x0000000085200000|  0%| F|  |TAMS 0x0000000085100000, 0x0000000085100000| Untracked 
|  82|0x0000000085200000, 0x0000000085200000, 0x0000000085300000|  0%| F|  |TAMS 0x0000000085200000, 0x0000000085200000| Untracked 
|  83|0x0000000085300000, 0x0000000085300000, 0x0000000085400000|  0%| F|  |TAMS 0x0000000085300000, 0x0000000085300000| Untracked 
|  84|0x0000000085400000, 0x0000000085400000, 0x0000000085500000|  0%| F|  |TAMS 0x0000000085400000, 0x0000000085400000| Untracked 
|  85|0x0000000085500000, 0x0000000085500000, 0x0000000085600000|  0%| F|  |TAMS 0x0000000085500000, 0x0000000085500000| Untracked 
|  86|0x0000000085600000, 0x0000000085600000, 0x0000000085700000|  0%| F|  |TAMS 0x0000000085600000, 0x0000000085600000| Untracked 
|  87|0x0000000085700000, 0x0000000085700000, 0x0000000085800000|  0%| F|  |TAMS 0x0000000085700000, 0x0000000085700000| Untracked 
|  88|0x0000000085800000, 0x0000000085800000, 0x0000000085900000|  0%| F|  |TAMS 0x0000000085800000, 0x0000000085800000| Untracked 
|  89|0x0000000085900000, 0x0000000085900000, 0x0000000085a00000|  0%| F|  |TAMS 0x0000000085900000, 0x0000000085900000| Untracked 
|  90|0x0000000085a00000, 0x0000000085a00000, 0x0000000085b00000|  0%| F|  |TAMS 0x0000000085a00000, 0x0000000085a00000| Untracked 
|  91|0x0000000085b00000, 0x0000000085b00000, 0x0000000085c00000|  0%| F|  |TAMS 0x0000000085b00000, 0x0000000085b00000| Untracked 
|  92|0x0000000085c00000, 0x0000000085c00000, 0x0000000085d00000|  0%| F|  |TAMS 0x0000000085c00000, 0x0000000085c00000| Untracked 
|  93|0x0000000085d00000, 0x0000000085d00000, 0x0000000085e00000|  0%| F|  |TAMS 0x0000000085d00000, 0x0000000085d00000| Untracked 
|  94|0x0000000085e00000, 0x0000000085e00000, 0x0000000085f00000|  0%| F|  |TAMS 0x0000000085e00000, 0x0000000085e00000| Untracked 
|  95|0x0000000085f00000, 0x0000000085f00000, 0x0000000086000000|  0%| F|  |TAMS 0x0000000085f00000, 0x0000000085f00000| Untracked 
|  96|0x0000000086000000, 0x0000000086000000, 0x0000000086100000|  0%| F|  |TAMS 0x0000000086000000, 0x0000000086000000| Untracked 
|  97|0x0000000086100000, 0x0000000086100000, 0x0000000086200000|  0%| F|  |TAMS 0x0000000086100000, 0x0000000086100000| Untracked 
|  98|0x0000000086200000, 0x0000000086200000, 0x0000000086300000|  0%| F|  |TAMS 0x0000000086200000, 0x0000000086200000| Untracked 
|  99|0x0000000086300000, 0x0000000086300000, 0x0000000086400000|  0%| F|  |TAMS 0x0000000086300000, 0x0000000086300000| Untracked 
| 100|0x0000000086400000, 0x0000000086400000, 0x0000000086500000|  0%| F|  |TAMS 0x0000000086400000, 0x0000000086400000| Untracked 
| 101|0x0000000086500000, 0x0000000086500000, 0x0000000086600000|  0%| F|  |TAMS 0x0000000086500000, 0x0000000086500000| Untracked 
| 102|0x0000000086600000, 0x0000000086600000, 0x0000000086700000|  0%| F|  |TAMS 0x0000000086600000, 0x0000000086600000| Untracked 
| 103|0x0000000086700000, 0x0000000086700000, 0x0000000086800000|  0%| F|  |TAMS 0x0000000086700000, 0x0000000086700000| Untracked 
| 104|0x0000000086800000, 0x0000000086800000, 0x0000000086900000|  0%| F|  |TAMS 0x0000000086800000, 0x0000000086800000| Untracked 
| 105|0x0000000086900000, 0x0000000086900000, 0x0000000086a00000|  0%| F|  |TAMS 0x0000000086900000, 0x0000000086900000| Untracked 
| 106|0x0000000086a00000, 0x0000000086a00000, 0x0000000086b00000|  0%| F|  |TAMS 0x0000000086a00000, 0x0000000086a00000| Untracked 
| 107|0x0000000086b00000, 0x0000000086b00000, 0x0000000086c00000|  0%| F|  |TAMS 0x0000000086b00000, 0x0000000086b00000| Untracked 
| 108|0x0000000086c00000, 0x0000000086c00000, 0x0000000086d00000|  0%| F|  |TAMS 0x0000000086c00000, 0x0000000086c00000| Untracked 
| 109|0x0000000086d00000, 0x0000000086d00000, 0x0000000086e00000|  0%| F|  |TAMS 0x0000000086d00000, 0x0000000086d00000| Untracked 
| 110|0x0000000086e00000, 0x0000000086e00000, 0x0000000086f00000|  0%| F|  |TAMS 0x0000000086e00000, 0x0000000086e00000| Untracked 
| 111|0x0000000086f00000, 0x0000000086f00000, 0x0000000087000000|  0%| F|  |TAMS 0x0000000086f00000, 0x0000000086f00000| Untracked 
| 112|0x0000000087000000, 0x0000000087000000, 0x0000000087100000|  0%| F|  |TAMS 0x0000000087000000, 0x0000000087000000| Untracked 
| 113|0x0000000087100000, 0x0000000087100000, 0x0000000087200000|  0%| F|  |TAMS 0x0000000087100000, 0x0000000087100000| Untracked 
| 114|0x0000000087200000, 0x0000000087200000, 0x0000000087300000|  0%| F|  |TAMS 0x0000000087200000, 0x0000000087200000| Untracked 
| 115|0x0000000087300000, 0x0000000087300000, 0x0000000087400000|  0%| F|  |TAMS 0x0000000087300000, 0x0000000087300000| Untracked 
| 116|0x0000000087400000, 0x0000000087400000, 0x0000000087500000|  0%| F|  |TAMS 0x0000000087400000, 0x0000000087400000| Untracked 
| 117|0x0000000087500000, 0x0000000087500000, 0x0000000087600000|  0%| F|  |TAMS 0x0000000087500000, 0x0000000087500000| Untracked 
| 118|0x0000000087600000, 0x0000000087600000, 0x0000000087700000|  0%| F|  |TAMS 0x0000000087600000, 0x0000000087600000| Untracked 
| 119|0x0000000087700000, 0x0000000087700000, 0x0000000087800000|  0%| F|  |TAMS 0x0000000087700000, 0x0000000087700000| Untracked 
| 120|0x0000000087800000, 0x0000000087800000, 0x0000000087900000|  0%| F|  |TAMS 0x0000000087800000, 0x0000000087800000| Untracked 
| 121|0x0000000087900000, 0x0000000087900000, 0x0000000087a00000|  0%| F|  |TAMS 0x0000000087900000, 0x0000000087900000| Untracked 
| 122|0x0000000087a00000, 0x0000000087a00000, 0x0000000087b00000|  0%| F|  |TAMS 0x0000000087a00000, 0x0000000087a00000| Untracked 
| 123|0x0000000087b00000, 0x0000000087b00000, 0x0000000087c00000|  0%| F|  |TAMS 0x0000000087b00000, 0x0000000087b00000| Untracked 
| 124|0x0000000087c00000, 0x0000000087c00000, 0x0000000087d00000|  0%| F|  |TAMS 0x0000000087c00000, 0x0000000087c00000| Untracked 
| 125|0x0000000087d00000, 0x0000000087d00000, 0x0000000087e00000|  0%| F|  |TAMS 0x0000000087d00000, 0x0000000087d00000| Untracked 
| 126|0x0000000087e00000, 0x0000000087e00000, 0x0000000087f00000|  0%| F|  |TAMS 0x0000000087e00000, 0x0000000087e00000| Untracked 
| 127|0x0000000087f00000, 0x0000000087f00000, 0x0000000088000000|  0%| F|  |TAMS 0x0000000087f00000, 0x0000000087f00000| Untracked 
| 128|0x0000000088000000, 0x0000000088000000, 0x0000000088100000|  0%| F|  |TAMS 0x0000000088000000, 0x0000000088000000| Untracked 
| 129|0x0000000088100000, 0x0000000088100000, 0x0000000088200000|  0%| F|  |TAMS 0x0000000088100000, 0x0000000088100000| Untracked 
| 130|0x0000000088200000, 0x0000000088200000, 0x0000000088300000|  0%| F|  |TAMS 0x0000000088200000, 0x0000000088200000| Untracked 
| 131|0x0000000088300000, 0x0000000088300000, 0x0000000088400000|  0%| F|  |TAMS 0x0000000088300000, 0x0000000088300000| Untracked 
| 132|0x0000000088400000, 0x0000000088400000, 0x0000000088500000|  0%| F|  |TAMS 0x0000000088400000, 0x0000000088400000| Untracked 
| 133|0x0000000088500000, 0x0000000088500000, 0x0000000088600000|  0%| F|  |TAMS 0x0000000088500000, 0x0000000088500000| Untracked 
| 134|0x0000000088600000, 0x0000000088600000, 0x0000000088700000|  0%| F|  |TAMS 0x0000000088600000, 0x0000000088600000| Untracked 
| 135|0x0000000088700000, 0x0000000088700000, 0x0000000088800000|  0%| F|  |TAMS 0x0000000088700000, 0x0000000088700000| Untracked 
| 136|0x0000000088800000, 0x0000000088800000, 0x0000000088900000|  0%| F|  |TAMS 0x0000000088800000, 0x0000000088800000| Untracked 
| 137|0x0000000088900000, 0x0000000088900000, 0x0000000088a00000|  0%| F|  |TAMS 0x0000000088900000, 0x0000000088900000| Untracked 
| 138|0x0000000088a00000, 0x0000000088a00000, 0x0000000088b00000|  0%| F|  |TAMS 0x0000000088a00000, 0x0000000088a00000| Untracked 
| 139|0x0000000088b00000, 0x0000000088b00000, 0x0000000088c00000|  0%| F|  |TAMS 0x0000000088b00000, 0x0000000088b00000| Untracked 
| 140|0x0000000088c00000, 0x0000000088c67e20, 0x0000000088d00000| 40%| S|CS|TAMS 0x0000000088c00000, 0x0000000088c00000| Complete 
| 141|0x0000000088d00000, 0x0000000088d00000, 0x0000000088e00000|  0%| F|  |TAMS 0x0000000088d00000, 0x0000000088d00000| Untracked 
| 142|0x0000000088e00000, 0x0000000088e00000, 0x0000000088f00000|  0%| F|  |TAMS 0x0000000088e00000, 0x0000000088e00000| Untracked 
| 143|0x0000000088f00000, 0x0000000088f00000, 0x0000000089000000|  0%| F|  |TAMS 0x0000000088f00000, 0x0000000088f00000| Untracked 
| 144|0x0000000089000000, 0x0000000089000000, 0x0000000089100000|  0%| F|  |TAMS 0x0000000089000000, 0x0000000089000000| Untracked 
| 145|0x0000000089100000, 0x0000000089100000, 0x0000000089200000|  0%| F|  |TAMS 0x0000000089100000, 0x0000000089100000| Untracked 
| 146|0x0000000089200000, 0x0000000089200000, 0x0000000089300000|  0%| F|  |TAMS 0x0000000089200000, 0x0000000089200000| Untracked 
| 147|0x0000000089300000, 0x0000000089300000, 0x0000000089400000|  0%| F|  |TAMS 0x0000000089300000, 0x0000000089300000| Untracked 
| 148|0x0000000089400000, 0x0000000089400000, 0x0000000089500000|  0%| F|  |TAMS 0x0000000089400000, 0x0000000089400000| Untracked 
| 149|0x0000000089500000, 0x0000000089500000, 0x0000000089600000|  0%| F|  |TAMS 0x0000000089500000, 0x0000000089500000| Untracked 
| 150|0x0000000089600000, 0x0000000089600000, 0x0000000089700000|  0%| F|  |TAMS 0x0000000089600000, 0x0000000089600000| Untracked 
| 151|0x0000000089700000, 0x0000000089700000, 0x0000000089800000|  0%| F|  |TAMS 0x0000000089700000, 0x0000000089700000| Untracked 
| 152|0x0000000089800000, 0x0000000089800000, 0x0000000089900000|  0%| F|  |TAMS 0x0000000089800000, 0x0000000089800000| Untracked 
| 153|0x0000000089900000, 0x0000000089900000, 0x0000000089a00000|  0%| F|  |TAMS 0x0000000089900000, 0x0000000089900000| Untracked 
| 154|0x0000000089a00000, 0x0000000089a00000, 0x0000000089b00000|  0%| F|  |TAMS 0x0000000089a00000, 0x0000000089a00000| Untracked 
| 155|0x0000000089b00000, 0x0000000089b00000, 0x0000000089c00000|  0%| F|  |TAMS 0x0000000089b00000, 0x0000000089b00000| Untracked 
| 156|0x0000000089c00000, 0x0000000089c00000, 0x0000000089d00000|  0%| F|  |TAMS 0x0000000089c00000, 0x0000000089c00000| Untracked 
| 157|0x0000000089d00000, 0x0000000089d00000, 0x0000000089e00000|  0%| F|  |TAMS 0x0000000089d00000, 0x0000000089d00000| Untracked 
| 158|0x0000000089e00000, 0x0000000089e00000, 0x0000000089f00000|  0%| F|  |TAMS 0x0000000089e00000, 0x0000000089e00000| Untracked 
| 159|0x0000000089f00000, 0x0000000089f00000, 0x000000008a000000|  0%| F|  |TAMS 0x0000000089f00000, 0x0000000089f00000| Untracked 
| 160|0x000000008a000000, 0x000000008a000000, 0x000000008a100000|  0%| F|  |TAMS 0x000000008a000000, 0x000000008a000000| Untracked 
| 161|0x000000008a100000, 0x000000008a100000, 0x000000008a200000|  0%| F|  |TAMS 0x000000008a100000, 0x000000008a100000| Untracked 
| 162|0x000000008a200000, 0x000000008a200000, 0x000000008a300000|  0%| F|  |TAMS 0x000000008a200000, 0x000000008a200000| Untracked 
| 163|0x000000008a300000, 0x000000008a300000, 0x000000008a400000|  0%| F|  |TAMS 0x000000008a300000, 0x000000008a300000| Untracked 
| 164|0x000000008a400000, 0x000000008a400000, 0x000000008a500000|  0%| F|  |TAMS 0x000000008a400000, 0x000000008a400000| Untracked 
| 165|0x000000008a500000, 0x000000008a500000, 0x000000008a600000|  0%| F|  |TAMS 0x000000008a500000, 0x000000008a500000| Untracked 
| 166|0x000000008a600000, 0x000000008a600000, 0x000000008a700000|  0%| F|  |TAMS 0x000000008a600000, 0x000000008a600000| Untracked 
| 167|0x000000008a700000, 0x000000008a700000, 0x000000008a800000|  0%| F|  |TAMS 0x000000008a700000, 0x000000008a700000| Untracked 
| 168|0x000000008a800000, 0x000000008a800000, 0x000000008a900000|  0%| F|  |TAMS 0x000000008a800000, 0x000000008a800000| Untracked 
| 169|0x000000008a900000, 0x000000008a900000, 0x000000008aa00000|  0%| F|  |TAMS 0x000000008a900000, 0x000000008a900000| Untracked 
| 170|0x000000008aa00000, 0x000000008aa00000, 0x000000008ab00000|  0%| F|  |TAMS 0x000000008aa00000, 0x000000008aa00000| Untracked 
| 171|0x000000008ab00000, 0x000000008ab00000, 0x000000008ac00000|  0%| F|  |TAMS 0x000000008ab00000, 0x000000008ab00000| Untracked 
| 172|0x000000008ac00000, 0x000000008ac00000, 0x000000008ad00000|  0%| F|  |TAMS 0x000000008ac00000, 0x000000008ac00000| Untracked 
| 173|0x000000008ad00000, 0x000000008ad00000, 0x000000008ae00000|  0%| F|  |TAMS 0x000000008ad00000, 0x000000008ad00000| Untracked 
| 174|0x000000008ae00000, 0x000000008ae00000, 0x000000008af00000|  0%| F|  |TAMS 0x000000008ae00000, 0x000000008ae00000| Untracked 
| 175|0x000000008af00000, 0x000000008af00000, 0x000000008b000000|  0%| F|  |TAMS 0x000000008af00000, 0x000000008af00000| Untracked 
| 176|0x000000008b000000, 0x000000008b000000, 0x000000008b100000|  0%| F|  |TAMS 0x000000008b000000, 0x000000008b000000| Untracked 
| 177|0x000000008b100000, 0x000000008b100000, 0x000000008b200000|  0%| F|  |TAMS 0x000000008b100000, 0x000000008b100000| Untracked 
| 178|0x000000008b200000, 0x000000008b200000, 0x000000008b300000|  0%| F|  |TAMS 0x000000008b200000, 0x000000008b200000| Untracked 
| 179|0x000000008b300000, 0x000000008b300000, 0x000000008b400000|  0%| F|  |TAMS 0x000000008b300000, 0x000000008b300000| Untracked 
| 180|0x000000008b400000, 0x000000008b400000, 0x000000008b500000|  0%| F|  |TAMS 0x000000008b400000, 0x000000008b400000| Untracked 
| 181|0x000000008b500000, 0x000000008b500000, 0x000000008b600000|  0%| F|  |TAMS 0x000000008b500000, 0x000000008b500000| Untracked 
| 182|0x000000008b600000, 0x000000008b600000, 0x000000008b700000|  0%| F|  |TAMS 0x000000008b600000, 0x000000008b600000| Untracked 
| 183|0x000000008b700000, 0x000000008b700000, 0x000000008b800000|  0%| F|  |TAMS 0x000000008b700000, 0x000000008b700000| Untracked 
| 184|0x000000008b800000, 0x000000008b800000, 0x000000008b900000|  0%| F|  |TAMS 0x000000008b800000, 0x000000008b800000| Untracked 
| 185|0x000000008b900000, 0x000000008b900000, 0x000000008ba00000|  0%| F|  |TAMS 0x000000008b900000, 0x000000008b900000| Untracked 
| 186|0x000000008ba00000, 0x000000008ba00000, 0x000000008bb00000|  0%| F|  |TAMS 0x000000008ba00000, 0x000000008ba00000| Untracked 
| 187|0x000000008bb00000, 0x000000008bb00000, 0x000000008bc00000|  0%| F|  |TAMS 0x000000008bb00000, 0x000000008bb00000| Untracked 
| 188|0x000000008bc00000, 0x000000008bc00000, 0x000000008bd00000|  0%| F|  |TAMS 0x000000008bc00000, 0x000000008bc00000| Untracked 
| 189|0x000000008bd00000, 0x000000008bd00000, 0x000000008be00000|  0%| F|  |TAMS 0x000000008bd00000, 0x000000008bd00000| Untracked 
| 190|0x000000008be00000, 0x000000008be00000, 0x000000008bf00000|  0%| F|  |TAMS 0x000000008be00000, 0x000000008be00000| Untracked 
| 191|0x000000008bf00000, 0x000000008bf00000, 0x000000008c000000|  0%| F|  |TAMS 0x000000008bf00000, 0x000000008bf00000| Untracked 
| 192|0x000000008c000000, 0x000000008c000000, 0x000000008c100000|  0%| F|  |TAMS 0x000000008c000000, 0x000000008c000000| Untracked 
| 193|0x000000008c100000, 0x000000008c100000, 0x000000008c200000|  0%| F|  |TAMS 0x000000008c100000, 0x000000008c100000| Untracked 
| 194|0x000000008c200000, 0x000000008c200000, 0x000000008c300000|  0%| F|  |TAMS 0x000000008c200000, 0x000000008c200000| Untracked 
| 195|0x000000008c300000, 0x000000008c300000, 0x000000008c400000|  0%| F|  |TAMS 0x000000008c300000, 0x000000008c300000| Untracked 
| 196|0x000000008c400000, 0x000000008c400000, 0x000000008c500000|  0%| F|  |TAMS 0x000000008c400000, 0x000000008c400000| Untracked 
| 197|0x000000008c500000, 0x000000008c500000, 0x000000008c600000|  0%| F|  |TAMS 0x000000008c500000, 0x000000008c500000| Untracked 
| 198|0x000000008c600000, 0x000000008c600000, 0x000000008c700000|  0%| F|  |TAMS 0x000000008c600000, 0x000000008c600000| Untracked 
| 199|0x000000008c700000, 0x000000008c700000, 0x000000008c800000|  0%| F|  |TAMS 0x000000008c700000, 0x000000008c700000| Untracked 
| 200|0x000000008c800000, 0x000000008c800000, 0x000000008c900000|  0%| F|  |TAMS 0x000000008c800000, 0x000000008c800000| Untracked 
| 201|0x000000008c900000, 0x000000008c900000, 0x000000008ca00000|  0%| F|  |TAMS 0x000000008c900000, 0x000000008c900000| Untracked 
| 202|0x000000008ca00000, 0x000000008ca00000, 0x000000008cb00000|  0%| F|  |TAMS 0x000000008ca00000, 0x000000008ca00000| Untracked 
| 203|0x000000008cb00000, 0x000000008cb00000, 0x000000008cc00000|  0%| F|  |TAMS 0x000000008cb00000, 0x000000008cb00000| Untracked 
| 204|0x000000008cc00000, 0x000000008cc00000, 0x000000008cd00000|  0%| F|  |TAMS 0x000000008cc00000, 0x000000008cc00000| Untracked 
| 205|0x000000008cd00000, 0x000000008cd00000, 0x000000008ce00000|  0%| F|  |TAMS 0x000000008cd00000, 0x000000008cd00000| Untracked 
| 206|0x000000008ce00000, 0x000000008ce00000, 0x000000008cf00000|  0%| F|  |TAMS 0x000000008ce00000, 0x000000008ce00000| Untracked 
| 207|0x000000008cf00000, 0x000000008cf00000, 0x000000008d000000|  0%| F|  |TAMS 0x000000008cf00000, 0x000000008cf00000| Untracked 
| 208|0x000000008d000000, 0x000000008d000000, 0x000000008d100000|  0%| F|  |TAMS 0x000000008d000000, 0x000000008d000000| Untracked 
| 209|0x000000008d100000, 0x000000008d100000, 0x000000008d200000|  0%| F|  |TAMS 0x000000008d100000, 0x000000008d100000| Untracked 
| 210|0x000000008d200000, 0x000000008d200000, 0x000000008d300000|  0%| F|  |TAMS 0x000000008d200000, 0x000000008d200000| Untracked 
| 211|0x000000008d300000, 0x000000008d300000, 0x000000008d400000|  0%| F|  |TAMS 0x000000008d300000, 0x000000008d300000| Untracked 
| 212|0x000000008d400000, 0x000000008d400000, 0x000000008d500000|  0%| F|  |TAMS 0x000000008d400000, 0x000000008d400000| Untracked 
| 213|0x000000008d500000, 0x000000008d500000, 0x000000008d600000|  0%| F|  |TAMS 0x000000008d500000, 0x000000008d500000| Untracked 
| 214|0x000000008d600000, 0x000000008d600000, 0x000000008d700000|  0%| F|  |TAMS 0x000000008d600000, 0x000000008d600000| Untracked 
| 215|0x000000008d700000, 0x000000008d700000, 0x000000008d800000|  0%| F|  |TAMS 0x000000008d700000, 0x000000008d700000| Untracked 
| 216|0x000000008d800000, 0x000000008d800000, 0x000000008d900000|  0%| F|  |TAMS 0x000000008d800000, 0x000000008d800000| Untracked 
| 217|0x000000008d900000, 0x000000008d900000, 0x000000008da00000|  0%| F|  |TAMS 0x000000008d900000, 0x000000008d900000| Untracked 
| 218|0x000000008da00000, 0x000000008da00000, 0x000000008db00000|  0%| F|  |TAMS 0x000000008da00000, 0x000000008da00000| Untracked 
| 219|0x000000008db00000, 0x000000008db00000, 0x000000008dc00000|  0%| F|  |TAMS 0x000000008db00000, 0x000000008db00000| Untracked 
| 220|0x000000008dc00000, 0x000000008dc00000, 0x000000008dd00000|  0%| F|  |TAMS 0x000000008dc00000, 0x000000008dc00000| Untracked 
| 221|0x000000008dd00000, 0x000000008dd00000, 0x000000008de00000|  0%| F|  |TAMS 0x000000008dd00000, 0x000000008dd00000| Untracked 
| 222|0x000000008de00000, 0x000000008de00000, 0x000000008df00000|  0%| F|  |TAMS 0x000000008de00000, 0x000000008de00000| Untracked 
| 223|0x000000008df00000, 0x000000008df00000, 0x000000008e000000|  0%| F|  |TAMS 0x000000008df00000, 0x000000008df00000| Untracked 
| 224|0x000000008e000000, 0x000000008e000000, 0x000000008e100000|  0%| F|  |TAMS 0x000000008e000000, 0x000000008e000000| Untracked 
| 225|0x000000008e100000, 0x000000008e100000, 0x000000008e200000|  0%| F|  |TAMS 0x000000008e100000, 0x000000008e100000| Untracked 
| 226|0x000000008e200000, 0x000000008e300000, 0x000000008e300000|100%| E|  |TAMS 0x000000008e200000, 0x000000008e200000| Complete 
| 227|0x000000008e300000, 0x000000008e400000, 0x000000008e400000|100%| E|CS|TAMS 0x000000008e300000, 0x000000008e300000| Complete 
| 228|0x000000008e400000, 0x000000008e500000, 0x000000008e500000|100%| E|CS|TAMS 0x000000008e400000, 0x000000008e400000| Complete 
| 229|0x000000008e500000, 0x000000008e600000, 0x000000008e600000|100%| E|CS|TAMS 0x000000008e500000, 0x000000008e500000| Complete 
| 245|0x000000008f500000, 0x000000008f600000, 0x000000008f600000|100%| E|CS|TAMS 0x000000008f500000, 0x000000008f500000| Complete 

Card table byte_map: [0x000002a279f60000,0x000002a27a360000] _byte_map_base: 0x000002a279b60000

Marking Bits (Prev, Next): (CMBitMap*) 0x000002a262dca730, (CMBitMap*) 0x000002a262dca6f0
 Prev Bits: [0x000002a27c760000, 0x000002a27e760000)
 Next Bits: [0x000002a27a760000, 0x000002a27c760000)

Polling page: 0x000002a260d40000

Metaspace:

Usage:
  Non-class:     46.89 MB used.
      Class:      7.36 MB used.
       Both:     54.24 MB used.

Virtual space:
  Non-class space:       64.00 MB reserved,      47.19 MB ( 74%) committed,  1 nodes.
      Class space:        1.00 GB reserved,       7.62 MB ( <1%) committed,  1 nodes.
             Both:        1.06 GB reserved,      54.81 MB (  5%) committed. 

Chunk freelists:
   Non-Class:  688.00 KB
       Class:  8.39 MB
        Both:  9.06 MB

MaxMetaspaceSize: unlimited
CompressedClassSpaceSize: 1.00 GB
Initial GC threshold: 21.00 MB
Current GC threshold: 88.69 MB
CDS: on
MetaspaceReclaimPolicy: balanced
 - commit_granule_bytes: 65536.
 - commit_granule_words: 8192.
 - virtual_space_node_default_size: 8388608.
 - enlarge_chunks_in_place: 1.
 - new_chunks_are_fully_committed: 0.
 - uncommit_free_chunks: 1.
 - use_allocation_guard: 0.
 - handle_deallocations: 1.


Internal statistics:

num_allocs_failed_limit: 6.
num_arena_births: 712.
num_arena_deaths: 0.
num_vsnodes_births: 2.
num_vsnodes_deaths: 0.
num_space_committed: 877.
num_space_uncommitted: 0.
num_chunks_returned_to_freelist: 6.
num_chunks_taken_from_freelist: 2794.
num_chunk_merges: 6.
num_chunk_splits: 1906.
num_chunks_enlarged: 1318.
num_inconsistent_stats: 0.

CodeHeap 'non-profiled nmethods': size=120000Kb used=3322Kb max_used=3340Kb free=116677Kb
 bounds [0x000002a2720e0000, 0x000002a272430000, 0x000002a279610000]
CodeHeap 'profiled nmethods': size=120000Kb used=11309Kb max_used=11309Kb free=108690Kb
 bounds [0x000002a26a610000, 0x000002a26b120000, 0x000002a271b40000]
CodeHeap 'non-nmethods': size=5760Kb used=2355Kb max_used=2391Kb free=3404Kb
 bounds [0x000002a271b40000, 0x000002a271db0000, 0x000002a2720e0000]
 total_blobs=6876 nmethods=5998 adapters=790
 compilation: enabled
              stopped_count=0, restarted_count=0
 full_count=0

Compilation events (20 events):
Event: 4.128 Thread 0x000002a27f3f1010 6765       3       org.objectweb.asm.Type::getType (122 bytes)
Event: 4.128 Thread 0x000002a27f3f1010 nmethod 6765 0x000002a26b10c990 code [0x000002a26b10cc20, 0x000002a26b10d608]
Event: 4.128 Thread 0x000002a27f3f1010 6769       3       org.objectweb.asm.ByteVector::put12 (64 bytes)
Event: 4.128 Thread 0x000002a27f3f1010 nmethod 6769 0x000002a26b10d890 code [0x000002a26b10da40, 0x000002a26b10dc68]
Event: 4.128 Thread 0x000002a27f3f1010 6770       1       com.android.build.gradle.internal.dsl.decorator.DslDecorator$ManagedProperty::getBackingFieldName (5 bytes)
Event: 4.128 Thread 0x000002a27f3f1010 nmethod 6770 0x000002a27221b010 code [0x000002a27221b1a0, 0x000002a27221b278]
Event: 4.128 Thread 0x000002a27f3f1010 6771       1       com.android.build.gradle.internal.dsl.decorator.SupportedPropertyType$Var::getType (5 bytes)
Event: 4.128 Thread 0x000002a27f3f1010 nmethod 6771 0x000002a27221ad10 code [0x000002a27221aea0, 0x000002a27221af78]
Event: 4.128 Thread 0x000002a27f3f1010 6772       3       org.objectweb.asm.Type::getReturnTypeOffset (64 bytes)
Event: 4.129 Thread 0x000002a27f3f1010 nmethod 6772 0x000002a26b10de10 code [0x000002a26b10e140, 0x000002a26b10f638]
Event: 4.129 Thread 0x000002a27f3f1010 6774       3       org.objectweb.asm.Frame::pop (44 bytes)
Event: 4.129 Thread 0x000002a27f3f1010 nmethod 6774 0x000002a26b10fe10 code [0x000002a26b10ffa0, 0x000002a26b110138]
Event: 4.129 Thread 0x000002a27f3f1010 6776       3       org.objectweb.asm.SymbolTable::addType (81 bytes)
Event: 4.129 Thread 0x000002a27f3f1010 nmethod 6776 0x000002a26b110210 code [0x000002a26b110420, 0x000002a26b110978]
Event: 4.129 Thread 0x000002a27f3f1010 6773       3       org.objectweb.asm.Frame::pop (42 bytes)
Event: 4.129 Thread 0x000002a27f3f1010 nmethod 6773 0x000002a26b110c10 code [0x000002a26b110dc0, 0x000002a26b110f78]
Event: 4.129 Thread 0x000002a27f3f1010 6775       1       com.android.build.gradle.internal.dsl.decorator.SupportedPropertyType$Block::getImplementationType (5 bytes)
Event: 4.129 Thread 0x000002a27f3f1010 nmethod 6775 0x000002a27221aa10 code [0x000002a27221aba0, 0x000002a27221ac78]
Event: 4.129 Thread 0x000002a27f3f1010 6768       1       kotlin.sequences.TransformingSequence::access$getTransformer$p (5 bytes)
Event: 4.129 Thread 0x000002a27f3f1010 nmethod 6768 0x000002a27221a710 code [0x000002a27221a8a0, 0x000002a27221a958]

GC Heap History (20 events):
Event: 3.219 GC heap before
{Heap before GC invocations=10 (full 0):
 garbage-first heap   total 81920K, used 63184K [0x0000000080000000, 0x0000000100000000)
  region size 1024K, 34 young (34816K), 5 survivors (5120K)
 Metaspace       used 42123K, committed 42624K, reserved 1114112K
  class space    used 5885K, committed 6080K, reserved 1048576K
}
Event: 3.222 GC heap after
{Heap after GC invocations=11 (full 0):
 garbage-first heap   total 81920K, used 36058K [0x0000000080000000, 0x0000000100000000)
  region size 1024K, 5 young (5120K), 5 survivors (5120K)
 Metaspace       used 42123K, committed 42624K, reserved 1114112K
  class space    used 5885K, committed 6080K, reserved 1048576K
}
Event: 3.371 GC heap before
{Heap before GC invocations=11 (full 0):
 garbage-first heap   total 81920K, used 68826K [0x0000000080000000, 0x0000000100000000)
  region size 1024K, 33 young (33792K), 5 survivors (5120K)
 Metaspace       used 42606K, committed 43072K, reserved 1114112K
  class space    used 5930K, committed 6144K, reserved 1048576K
}
Event: 3.374 GC heap after
{Heap after GC invocations=12 (full 0):
 garbage-first heap   total 81920K, used 46260K [0x0000000080000000, 0x0000000100000000)
  region size 1024K, 5 young (5120K), 5 survivors (5120K)
 Metaspace       used 42606K, committed 43072K, reserved 1114112K
  class space    used 5930K, committed 6144K, reserved 1048576K
}
Event: 3.391 GC heap before
{Heap before GC invocations=12 (full 0):
 garbage-first heap   total 81920K, used 48308K [0x0000000080000000, 0x0000000100000000)
  region size 1024K, 8 young (8192K), 5 survivors (5120K)
 Metaspace       used 42795K, committed 43264K, reserved 1114112K
  class space    used 5944K, committed 6144K, reserved 1048576K
}
Event: 3.393 GC heap after
{Heap after GC invocations=13 (full 0):
 garbage-first heap   total 98304K, used 47988K [0x0000000080000000, 0x0000000100000000)
  region size 1024K, 2 young (2048K), 2 survivors (2048K)
 Metaspace       used 42795K, committed 43264K, reserved 1114112K
  class space    used 5944K, committed 6144K, reserved 1048576K
}
Event: 3.594 GC heap before
{Heap before GC invocations=14 (full 0):
 garbage-first heap   total 98304K, used 80756K [0x0000000080000000, 0x0000000100000000)
  region size 1024K, 30 young (30720K), 2 survivors (2048K)
 Metaspace       used 46094K, committed 46592K, reserved 1114112K
  class space    used 6392K, committed 6656K, reserved 1048576K
}
Event: 3.595 GC heap after
{Heap after GC invocations=15 (full 0):
 garbage-first heap   total 98304K, used 55667K [0x0000000080000000, 0x0000000100000000)
  region size 1024K, 4 young (4096K), 4 survivors (4096K)
 Metaspace       used 46094K, committed 46592K, reserved 1114112K
  class space    used 6392K, committed 6656K, reserved 1048576K
}
Event: 3.780 GC heap before
{Heap before GC invocations=15 (full 0):
 garbage-first heap   total 98304K, used 79219K [0x0000000080000000, 0x0000000100000000)
  region size 1024K, 27 young (27648K), 4 survivors (4096K)
 Metaspace       used 49757K, committed 50304K, reserved 1114112K
  class space    used 6765K, committed 7040K, reserved 1048576K
}
Event: 3.782 GC heap after
{Heap after GC invocations=16 (full 0):
 garbage-first heap   total 98304K, used 56818K [0x0000000080000000, 0x0000000100000000)
  region size 1024K, 1 young (1024K), 1 survivors (1024K)
 Metaspace       used 49757K, committed 50304K, reserved 1114112K
  class space    used 6765K, committed 7040K, reserved 1048576K
}
Event: 3.992 GC heap before
{Heap before GC invocations=17 (full 0):
 garbage-first heap   total 98304K, used 84466K [0x0000000080000000, 0x0000000100000000)
  region size 1024K, 24 young (24576K), 1 survivors (1024K)
 Metaspace       used 53824K, committed 54464K, reserved 1114112K
  class space    used 7306K, committed 7616K, reserved 1048576K
}
Event: 3.994 GC heap after
{Heap after GC invocations=18 (full 0):
 garbage-first heap   total 98304K, used 63118K [0x0000000080000000, 0x0000000100000000)
  region size 1024K, 3 young (3072K), 3 survivors (3072K)
 Metaspace       used 53824K, committed 54464K, reserved 1114112K
  class space    used 7306K, committed 7616K, reserved 1048576K
}
Event: 3.996 GC heap before
{Heap before GC invocations=18 (full 0):
 garbage-first heap   total 98304K, used 64142K [0x0000000080000000, 0x0000000100000000)
  region size 1024K, 4 young (4096K), 3 survivors (3072K)
 Metaspace       used 53824K, committed 54464K, reserved 1114112K
  class space    used 7306K, committed 7616K, reserved 1048576K
}
Event: 3.998 GC heap after
{Heap after GC invocations=19 (full 0):
 garbage-first heap   total 98304K, used 63733K [0x0000000080000000, 0x0000000100000000)
  region size 1024K, 1 young (1024K), 1 survivors (1024K)
 Metaspace       used 53824K, committed 54464K, reserved 1114112K
  class space    used 7306K, committed 7616K, reserved 1048576K
}
Event: 4.008 GC heap before
{Heap before GC invocations=19 (full 0):
 garbage-first heap   total 98304K, used 67829K [0x0000000080000000, 0x0000000100000000)
  region size 1024K, 6 young (6144K), 1 survivors (1024K)
 Metaspace       used 53830K, committed 54464K, reserved 1114112K
  class space    used 7306K, committed 7616K, reserved 1048576K
}
Event: 4.009 GC heap after
{Heap after GC invocations=20 (full 0):
 garbage-first heap   total 98304K, used 64864K [0x0000000080000000, 0x0000000100000000)
  region size 1024K, 2 young (2048K), 2 survivors (2048K)
 Metaspace       used 53830K, committed 54464K, reserved 1114112K
  class space    used 7306K, committed 7616K, reserved 1048576K
}
Event: 4.093 GC heap before
{Heap before GC invocations=21 (full 0):
 garbage-first heap   total 117760K, used 79200K [0x0000000080000000, 0x0000000100000000)
  region size 1024K, 14 young (14336K), 2 survivors (2048K)
 Metaspace       used 54886K, committed 55488K, reserved 1114112K
  class space    used 7444K, committed 7744K, reserved 1048576K
}
Event: 4.094 GC heap after
{Heap after GC invocations=22 (full 0):
 garbage-first heap   total 117760K, used 66492K [0x0000000080000000, 0x0000000100000000)
  region size 1024K, 2 young (2048K), 2 survivors (2048K)
 Metaspace       used 54886K, committed 55488K, reserved 1114112K
  class space    used 7444K, committed 7744K, reserved 1048576K
}
Event: 4.118 GC heap before
{Heap before GC invocations=22 (full 0):
 garbage-first heap   total 117760K, used 69564K [0x0000000080000000, 0x0000000100000000)
  region size 1024K, 5 young (5120K), 2 survivors (2048K)
 Metaspace       used 55168K, committed 55808K, reserved 1114112K
  class space    used 7482K, committed 7808K, reserved 1048576K
}
Event: 4.120 GC heap after
{Heap after GC invocations=23 (full 0):
 garbage-first heap   total 236544K, used 66409K [0x0000000080000000, 0x0000000100000000)
  region size 1024K, 1 young (1024K), 1 survivors (1024K)
 Metaspace       used 55168K, committed 55808K, reserved 1114112K
  class space    used 7482K, committed 7808K, reserved 1048576K
}

Deoptimization events (20 events):
Event: 4.021 Thread 0x000002a247caf330 DEOPT PACKING pc=0x000002a26b0a4948 sp=0x000000c2f92f1fe0
Event: 4.021 Thread 0x000002a247caf330 DEOPT UNPACKING pc=0x000002a271b92b43 sp=0x000000c2f92f1438 mode 0
Event: 4.021 Thread 0x000002a247caf330 DEOPT PACKING pc=0x000002a26b09f5e6 sp=0x000000c2f92f1f50
Event: 4.021 Thread 0x000002a247caf330 DEOPT UNPACKING pc=0x000002a271b92b43 sp=0x000000c2f92f13d0 mode 0
Event: 4.021 Thread 0x000002a247caf330 DEOPT PACKING pc=0x000002a26b0a4948 sp=0x000000c2f92f1fe0
Event: 4.021 Thread 0x000002a247caf330 DEOPT UNPACKING pc=0x000002a271b92b43 sp=0x000000c2f92f1438 mode 0
Event: 4.021 Thread 0x000002a247caf330 DEOPT PACKING pc=0x000002a26b09f5e6 sp=0x000000c2f92f1f50
Event: 4.021 Thread 0x000002a247caf330 DEOPT UNPACKING pc=0x000002a271b92b43 sp=0x000000c2f92f13d0 mode 0
Event: 4.022 Thread 0x000002a247caf330 DEOPT PACKING pc=0x000002a26b09f5e6 sp=0x000000c2f92f1f50
Event: 4.022 Thread 0x000002a247caf330 DEOPT UNPACKING pc=0x000002a271b92b43 sp=0x000000c2f92f13d0 mode 0
Event: 4.022 Thread 0x000002a247caf330 DEOPT PACKING pc=0x000002a26b09f5e6 sp=0x000000c2f92f1f50
Event: 4.022 Thread 0x000002a247caf330 DEOPT UNPACKING pc=0x000002a271b92b43 sp=0x000000c2f92f13d0 mode 0
Event: 4.061 Thread 0x000002a247caf330 Uncommon trap: trap_request=0xffffff45 fr.pc=0x000002a272382a2c relative=0x0000000000002d2c
Event: 4.061 Thread 0x000002a247caf330 Uncommon trap: reason=unstable_if action=reinterpret pc=0x000002a272382a2c method=java.util.regex.Pattern.has(I)Z @ 6 c2
Event: 4.061 Thread 0x000002a247caf330 DEOPT PACKING pc=0x000002a272382a2c sp=0x000000c2f92f5d90
Event: 4.061 Thread 0x000002a247caf330 DEOPT UNPACKING pc=0x000002a271b923a3 sp=0x000000c2f92f5d10 mode 2
Event: 4.064 Thread 0x000002a247caf330 Uncommon trap: trap_request=0xffffff45 fr.pc=0x000002a2722690ac relative=0x00000000000006cc
Event: 4.064 Thread 0x000002a247caf330 Uncommon trap: reason=unstable_if action=reinterpret pc=0x000002a2722690ac method=java.util.HashMap.putVal(ILjava/lang/Object;Ljava/lang/Object;ZZ)Ljava/lang/Object; @ 236 c2
Event: 4.064 Thread 0x000002a247caf330 DEOPT PACKING pc=0x000002a2722690ac sp=0x000000c2f92f69d0
Event: 4.064 Thread 0x000002a247caf330 DEOPT UNPACKING pc=0x000002a271b923a3 sp=0x000000c2f92f6958 mode 2

Classes unloaded (0 events):
No events

Classes redefined (0 events):
No events

Internal exceptions (20 events):
Event: 3.301 Thread 0x000002a247cae910 Exception <a 'java/lang/NoSuchMethodError'{0x0000000083f288f0}: static Lorg/gradle/internal/build/event/types/DefaultProjectConfigurationSuccessResult;.<clinit>()V> (0x0000000083f288f0) 
thrown [s\open\src\hotspot\share\prims\jni.cpp, line 1107]
Event: 3.301 Thread 0x000002a247cae910 Exception <a 'java/lang/NoSuchMethodError'{0x0000000083f29bf0}: static Lorg/gradle/internal/build/event/types/AbstractProjectConfigurationResult;.<clinit>()V> (0x0000000083f29bf0) 
thrown [s\open\src\hotspot\share\prims\jni.cpp, line 1107]
Event: 3.302 Thread 0x000002a247cae910 Exception <a 'java/lang/NoSuchMethodError'{0x0000000083f2aea0}: static Lorg/gradle/internal/build/event/types/AbstractOperationResult;.<clinit>()V> (0x0000000083f2aea0) 
thrown [s\open\src\hotspot\share\prims\jni.cpp, line 1107]
Event: 3.302 Thread 0x000002a247cae910 Exception <a 'java/lang/NoSuchMethodError'{0x0000000083f2c0c8}: static Lorg/gradle/internal/build/event/types/AbstractResult;.<clinit>()V> (0x0000000083f2c0c8) 
thrown [s\open\src\hotspot\share\prims\jni.cpp, line 1107]
Event: 3.302 Thread 0x000002a247cae910 Exception <a 'java/lang/NoSuchMethodError'{0x0000000083f40d30}: static Lorg/gradle/internal/build/event/types/DefaultPluginApplicationResult;.<clinit>()V> (0x0000000083f40d30) 
thrown [s\open\src\hotspot\share\prims\jni.cpp, line 1107]
Event: 3.303 Thread 0x000002a247cae910 Exception <a 'java/lang/NoSuchMethodError'{0x0000000083f4b918}: static Lorg/gradle/internal/build/event/types/DefaultBinaryPluginIdentifier;.<clinit>()V> (0x0000000083f4b918) 
thrown [s\open\src\hotspot\share\prims\jni.cpp, line 1107]
Event: 3.304 Thread 0x000002a247cae910 Exception <a 'java/lang/NoSuchMethodError'{0x0000000083fdef60}: static Lorg/gradle/internal/build/event/types/DefaultScriptPluginIdentifier;.<clinit>()V> (0x0000000083fdef60) 
thrown [s\open\src\hotspot\share\prims\jni.cpp, line 1107]
Event: 3.355 Thread 0x000002a247caf330 Implicit null exception at 0x000002a2723d2912 to 0x000002a2723d3000
Event: 3.355 Thread 0x000002a247caf330 Implicit null exception at 0x000002a2723d8b94 to 0x000002a2723d920c
Event: 3.408 Thread 0x000002a247caf330 Exception <a 'java/lang/ClassNotFoundException'{0x0000000088acc0a8}: org/gradle/api/internal/plugins/DefaultObjectConfigurationActionBeanInfo> (0x0000000088acc0a8) 
thrown [s\open\src\hotspot\share\classfile\systemDictionary.cpp, line 256]
Event: 3.409 Thread 0x000002a247caf330 Exception <a 'java/lang/ClassNotFoundException'{0x0000000088ae00a8}: org/gradle/api/internal/plugins/DefaultObjectConfigurationActionCustomizer> (0x0000000088ae00a8) 
thrown [s\open\src\hotspot\share\classfile\systemDictionary.cpp, line 256]
Event: 3.482 Thread 0x000002a247caf330 Exception <a 'java/lang/NoSuchMethodError'{0x0000000084f93b78}: 'java.lang.Object java.lang.invoke.DirectMethodHandle$Holder.newInvokeSpecial(java.lang.Object, java.lang.Object, java.lang.Object, java.lang.Object, int)'> (0x0000000084f93b78) 
thrown [s\open\src\hotspot\share\interpreter\linkResolver.cpp, line 759]
Event: 3.483 Thread 0x000002a247caf330 Exception <a 'java/lang/NoSuchMethodError'{0x0000000084f98fc0}: 'java.lang.Object java.lang.invoke.DirectMethodHandle$Holder.invokeSpecial(java.lang.Object, java.lang.Object, java.lang.Object, java.lang.Object, java.lang.Object, int)'> (0x0000000084f98fc0) 
thrown [s\open\src\hotspot\share\interpreter\linkResolver.cpp, line 759]
Event: 3.483 Thread 0x000002a247caf330 Exception <a 'java/lang/NoSuchMethodError'{0x0000000084f9dd40}: 'java.lang.Object java.lang.invoke.Invokers$Holder.linkToTargetMethod(java.lang.Object, java.lang.Object, java.lang.Object, int, java.lang.Object)'> (0x0000000084f9dd40) 
thrown [s\open\src\hotspot\share\interpreter\linkResolver.cpp, line 759]
Event: 3.582 Thread 0x000002a247caf330 Exception <a 'java/lang/NoSuchMethodError'{0x00000000843da070}: 'int java.lang.invoke.DirectMethodHandle$Holder.invokeInterface(java.lang.Object, java.lang.Object, java.lang.Object, java.lang.Object)'> (0x00000000843da070) 
thrown [s\open\src\hotspot\share\interpreter\linkResolver.cpp, line 759]
Event: 3.858 Thread 0x000002a247caf330 Exception <a 'java/lang/IncompatibleClassChangeError'{0x00000000889eb768}: Found class java.lang.Object, but interface was expected> (0x00000000889eb768) 
thrown [s\open\src\hotspot\share\interpreter\linkResolver.cpp, line 826]
Event: 3.886 Thread 0x000002a247caf330 Implicit null exception at 0x000002a2721bc354 to 0x000002a2721bc4fc
Event: 3.886 Thread 0x000002a247caf330 Implicit null exception at 0x000002a272337b26 to 0x000002a272338210
Event: 3.960 Thread 0x000002a247caf330 Implicit null exception at 0x000002a2722b5a0c to 0x000002a2722b5b42
Event: 4.029 Thread 0x000002a247caf330 Exception <a 'sun/nio/fs/WindowsException'{0x0000000088c1bfa8}> (0x0000000088c1bfa8) 
thrown [s\open\src\hotspot\share\prims\jni.cpp, line 516]

VM Operations (20 events):
Event: 3.801 Executing VM operation: G1Concurrent
Event: 3.801 Executing VM operation: G1Concurrent done
Event: 3.949 Executing VM operation: HandshakeAllThreads
Event: 3.949 Executing VM operation: HandshakeAllThreads done
Event: 3.963 Executing VM operation: HandshakeAllThreads
Event: 3.963 Executing VM operation: HandshakeAllThreads done
Event: 3.991 Executing VM operation: G1CollectForAllocation
Event: 3.994 Executing VM operation: G1CollectForAllocation done
Event: 3.996 Executing VM operation: G1CollectForAllocation
Event: 3.998 Executing VM operation: G1CollectForAllocation done
Event: 4.008 Executing VM operation: G1TryInitiateConcMark
Event: 4.009 Executing VM operation: G1TryInitiateConcMark done
Event: 4.025 Executing VM operation: G1Concurrent
Event: 4.026 Executing VM operation: G1Concurrent done
Event: 4.033 Executing VM operation: G1Concurrent
Event: 4.033 Executing VM operation: G1Concurrent done
Event: 4.093 Executing VM operation: G1CollectForAllocation
Event: 4.094 Executing VM operation: G1CollectForAllocation done
Event: 4.118 Executing VM operation: G1CollectForAllocation
Event: 4.120 Executing VM operation: G1CollectForAllocation done

Events (20 events):
Event: 3.976 loading class java/security/SignatureException
Event: 3.976 loading class java/security/SignatureException done
Event: 3.978 loading class sun/security/rsa/RSASignature$SHA256withRSA
Event: 3.978 loading class sun/security/rsa/RSASignature$SHA256withRSA done
Event: 3.978 loading class sun/security/provider/DSA$SHA256withDSA
Event: 3.979 loading class sun/security/provider/DSA$SHA256withDSA done
Event: 3.984 loading class java/util/Base64
Event: 3.984 loading class java/util/Base64 done
Event: 3.984 loading class java/util/Base64$Decoder
Event: 3.984 loading class java/util/Base64$Decoder done
Event: 3.984 loading class java/util/Base64$Encoder
Event: 3.984 loading class java/util/Base64$Encoder done
Event: 3.985 loading class java/util/jar/JarVerifier$VerifierStream
Event: 3.985 loading class java/util/jar/JarVerifier$VerifierStream done
Event: 3.985 loading class sun/security/util/ManifestEntryVerifier$SunProviderHolder
Event: 3.985 loading class sun/security/util/ManifestEntryVerifier$SunProviderHolder done
Event: 4.028 loading class java/security/KeyStore$ProtectionParameter
Event: 4.028 loading class java/security/KeyStore$ProtectionParameter done
Event: 4.029 loading class sun/nio/fs/WindowsException
Event: 4.029 loading class sun/nio/fs/WindowsException done


Dynamic libraries:
0x00007ff6edff0000 - 0x00007ff6ee000000 	C:\Program Files\Java\jdk-17\bin\java.exe
0x00007ffa98190000 - 0x00007ffa983a7000 	C:\WINDOWS\SYSTEM32\ntdll.dll
0x00007ffa96a20000 - 0x00007ffa96ae4000 	C:\WINDOWS\System32\KERNEL32.DLL
0x00007ffa95720000 - 0x00007ffa95ac7000 	C:\WINDOWS\System32\KERNELBASE.dll
0x00007ffa95c60000 - 0x00007ffa95d71000 	C:\WINDOWS\System32\ucrtbase.dll
0x00007ffa8f210000 - 0x00007ffa8f22b000 	C:\Program Files\Java\jdk-17\bin\VCRUNTIME140.dll
0x00007ffa8f1f0000 - 0x00007ffa8f209000 	C:\Program Files\Java\jdk-17\bin\jli.dll
0x00007ffa96970000 - 0x00007ffa96a20000 	C:\WINDOWS\System32\ADVAPI32.dll
0x00007ffa96680000 - 0x00007ffa96727000 	C:\WINDOWS\System32\msvcrt.dll
0x00007ffa97ec0000 - 0x00007ffa97f66000 	C:\WINDOWS\System32\sechost.dll
0x00007ffa96000000 - 0x00007ffa96117000 	C:\WINDOWS\System32\RPCRT4.dll
0x00007ffa97cb0000 - 0x00007ffa97e5e000 	C:\WINDOWS\System32\USER32.dll
0x00007ffa95ec0000 - 0x00007ffa95ee6000 	C:\WINDOWS\System32\win32u.dll
0x00007ffa7e650000 - 0x00007ffa7e8e3000 	C:\WINDOWS\WinSxS\amd64_microsoft.windows.common-controls_6595b64144ccf1df_6.0.22621.2506_none_270c5ae97388e100\COMCTL32.dll
0x00007ffa95ef0000 - 0x00007ffa95f19000 	C:\WINDOWS\System32\GDI32.dll
0x00007ffa95ad0000 - 0x00007ffa95be9000 	C:\WINDOWS\System32\gdi32full.dll
0x00007ffa95680000 - 0x00007ffa9571a000 	C:\WINDOWS\System32\msvcp_win.dll
0x00007ffa8eb60000 - 0x00007ffa8eb6a000 	C:\WINDOWS\SYSTEM32\VERSION.dll
0x00007ffa96790000 - 0x00007ffa967c1000 	C:\WINDOWS\System32\IMM32.DLL
0x00007ffa8f430000 - 0x00007ffa8f43c000 	C:\Program Files\Java\jdk-17\bin\vcruntime140_1.dll
0x00007ffa65f50000 - 0x00007ffa65fde000 	C:\Program Files\Java\jdk-17\bin\msvcp140.dll
0x00007ffa54940000 - 0x00007ffa55521000 	C:\Program Files\Java\jdk-17\bin\server\jvm.dll
0x00007ffa96120000 - 0x00007ffa96128000 	C:\WINDOWS\System32\PSAPI.DLL
0x00007ffa92820000 - 0x00007ffa92829000 	C:\WINDOWS\SYSTEM32\WSOCK32.dll
0x00007ffa8e620000 - 0x00007ffa8e654000 	C:\WINDOWS\SYSTEM32\WINMM.dll
0x00007ffa970b0000 - 0x00007ffa97121000 	C:\WINDOWS\System32\WS2_32.dll
0x00007ffa944b0000 - 0x00007ffa944c8000 	C:\WINDOWS\SYSTEM32\kernel.appcore.dll
0x00007ffa8f1e0000 - 0x00007ffa8f1ea000 	C:\Program Files\Java\jdk-17\bin\jimage.dll
0x00007ffa8c490000 - 0x00007ffa8c6c3000 	C:\WINDOWS\SYSTEM32\DBGHELP.DLL
0x00007ffa962f0000 - 0x00007ffa96679000 	C:\WINDOWS\System32\combase.dll
0x00007ffa95f20000 - 0x00007ffa95ff7000 	C:\WINDOWS\System32\OLEAUT32.dll
0x00007ffa83380000 - 0x00007ffa833b2000 	C:\WINDOWS\SYSTEM32\dbgcore.DLL
0x00007ffa95e40000 - 0x00007ffa95eba000 	C:\WINDOWS\System32\bcryptPrimitives.dll
0x00007ffa685e0000 - 0x00007ffa68605000 	C:\Program Files\Java\jdk-17\bin\java.dll
0x00007ffa65e70000 - 0x00007ffa65f47000 	C:\Program Files\Java\jdk-17\bin\jsvml.dll
0x00007ffa97130000 - 0x00007ffa97989000 	C:\WINDOWS\System32\SHELL32.dll
0x00007ffa93430000 - 0x00007ffa93d24000 	C:\WINDOWS\SYSTEM32\windows.storage.dll
0x00007ffa932f0000 - 0x00007ffa9342e000 	C:\WINDOWS\SYSTEM32\wintypes.dll
0x00007ffa979a0000 - 0x00007ffa97a93000 	C:\WINDOWS\System32\SHCORE.dll
0x00007ffa96730000 - 0x00007ffa9678e000 	C:\WINDOWS\System32\shlwapi.dll
0x00007ffa95440000 - 0x00007ffa95466000 	C:\WINDOWS\SYSTEM32\profapi.dll
0x00007ffa759e0000 - 0x00007ffa759f9000 	C:\Program Files\Java\jdk-17\bin\net.dll
0x00007ffa8dcf0000 - 0x00007ffa8de27000 	C:\WINDOWS\SYSTEM32\WINHTTP.dll
0x00007ffa94990000 - 0x00007ffa949f9000 	C:\WINDOWS\system32\mswsock.dll
0x00007ffa71ee0000 - 0x00007ffa71ef6000 	C:\Program Files\Java\jdk-17\bin\nio.dll
0x00007ffa6f190000 - 0x00007ffa6f1a8000 	C:\Program Files\Java\jdk-17\bin\zip.dll
0x00007ffa8f1d0000 - 0x00007ffa8f1e0000 	C:\Program Files\Java\jdk-17\bin\verify.dll
0x00007ffa74850000 - 0x00007ffa74877000 	C:\Users\PC\.gradle\native\68d5fa5c4cc2d200863cafc0d521ce42e7d3e7ee720ec0a83991735586a16f82\windows-amd64\native-platform.dll
0x00007ffa5dae0000 - 0x00007ffa5dc24000 	C:\Users\PC\.gradle\native\e376f236ea51e6404a007f0833ffe2c6e607c4080706a723a18a27aeea778392\windows-amd64\native-platform-file-events.dll
0x00007ffa73c10000 - 0x00007ffa73c1a000 	C:\Program Files\Java\jdk-17\bin\management.dll
0x00007ffa6fff0000 - 0x00007ffa6fffb000 	C:\Program Files\Java\jdk-17\bin\management_ext.dll
0x00007ffa94be0000 - 0x00007ffa94bfb000 	C:\WINDOWS\SYSTEM32\CRYPTSP.dll
0x00007ffa94470000 - 0x00007ffa944a5000 	C:\WINDOWS\system32\rsaenh.dll
0x00007ffa94a80000 - 0x00007ffa94aac000 	C:\WINDOWS\SYSTEM32\USERENV.dll
0x00007ffa94e40000 - 0x00007ffa94e68000 	C:\WINDOWS\SYSTEM32\bcrypt.dll
0x00007ffa94c00000 - 0x00007ffa94c0c000 	C:\WINDOWS\SYSTEM32\CRYPTBASE.dll
0x00007ffa93f90000 - 0x00007ffa93fbd000 	C:\WINDOWS\SYSTEM32\IPHLPAPI.DLL
0x00007ffa96c00000 - 0x00007ffa96c09000 	C:\WINDOWS\System32\NSI.dll
0x00007ffa8e1b0000 - 0x00007ffa8e1c9000 	C:\WINDOWS\SYSTEM32\dhcpcsvc6.DLL
0x00007ffa8db40000 - 0x00007ffa8db5f000 	C:\WINDOWS\SYSTEM32\dhcpcsvc.DLL
0x00007ffa94000000 - 0x00007ffa940f9000 	C:\WINDOWS\SYSTEM32\DNSAPI.dll
0x00007ffa6edc0000 - 0x00007ffa6edce000 	C:\Program Files\Java\jdk-17\bin\sunmscapi.dll
0x00007ffa95510000 - 0x00007ffa95676000 	C:\WINDOWS\System32\CRYPT32.dll
0x00007ffa94e10000 - 0x00007ffa94e3d000 	C:\WINDOWS\SYSTEM32\ncrypt.dll
0x00007ffa94dd0000 - 0x00007ffa94e07000 	C:\WINDOWS\SYSTEM32\NTASN1.dll
0x00007ffa75130000 - 0x00007ffa75138000 	C:\WINDOWS\system32\wshunix.dll

dbghelp: loaded successfully - version: 4.0.5 - missing functions: none
symbol engine: initialized successfully - sym options: 0x614 - pdb path: .;C:\Program Files\Java\jdk-17\bin;C:\WINDOWS\SYSTEM32;C:\WINDOWS\WinSxS\amd64_microsoft.windows.common-controls_6595b64144ccf1df_6.0.22621.2506_none_270c5ae97388e100;C:\Program Files\Java\jdk-17\bin\server;C:\Users\PC\.gradle\native\68d5fa5c4cc2d200863cafc0d521ce42e7d3e7ee720ec0a83991735586a16f82\windows-amd64;C:\Users\PC\.gradle\native\e376f236ea51e6404a007f0833ffe2c6e607c4080706a723a18a27aeea778392\windows-amd64

VM Arguments:
jvm_args: --add-opens=java.base/java.util=ALL-UNNAMED --add-opens=java.base/java.lang=ALL-UNNAMED --add-opens=java.base/java.lang.invoke=ALL-UNNAMED --add-opens=java.prefs/java.util.prefs=ALL-UNNAMED --add-opens=java.base/java.nio.charset=ALL-UNNAMED --add-opens=java.base/java.net=ALL-UNNAMED --add-opens=java.base/java.util.concurrent.atomic=ALL-UNNAMED -Xmx2048m -Dfile.encoding=UTF-8 -Duser.country=US -Duser.language=en -Duser.variant 
java_command: org.gradle.launcher.daemon.bootstrap.GradleDaemon 8.0
java_class_path (initial): C:\Users\PC\.gradle\wrapper\dists\gradle-8.0-bin\ca5e32bp14vu59qr306oxotwh\gradle-8.0\lib\gradle-launcher-8.0.jar
Launcher Type: SUN_STANDARD

[Global flags]
     intx CICompilerCount                          = 4                                         {product} {ergonomic}
     uint ConcGCThreads                            = 3                                         {product} {ergonomic}
     uint G1ConcRefinementThreads                  = 10                                        {product} {ergonomic}
   size_t G1HeapRegionSize                         = 1048576                                   {product} {ergonomic}
    uintx GCDrainStackTargetSize                   = 64                                        {product} {ergonomic}
   size_t InitialHeapSize                          = 257949696                                 {product} {ergonomic}
   size_t MarkStackSize                            = 4194304                                   {product} {ergonomic}
   size_t MaxHeapSize                              = 2147483648                                {product} {command line}
   size_t MaxNewSize                               = 1287651328                                {product} {ergonomic}
   size_t MinHeapDeltaBytes                        = 1048576                                   {product} {ergonomic}
   size_t MinHeapSize                              = 8388608                                   {product} {ergonomic}
    uintx NonNMethodCodeHeapSize                   = 5839372                                {pd product} {ergonomic}
    uintx NonProfiledCodeHeapSize                  = 122909434                              {pd product} {ergonomic}
    uintx ProfiledCodeHeapSize                     = 122909434                              {pd product} {ergonomic}
    uintx ReservedCodeCacheSize                    = 251658240                              {pd product} {ergonomic}
     bool SegmentedCodeCache                       = true                                      {product} {ergonomic}
   size_t SoftMaxHeapSize                          = 2147483648                             {manageable} {ergonomic}
     bool UseCompressedClassPointers               = true                           {product lp64_product} {ergonomic}
     bool UseCompressedOops                        = true                           {product lp64_product} {ergonomic}
     bool UseG1GC                                  = true                                      {product} {ergonomic}
     bool UseLargePagesIndividualAllocation        = false                                  {pd product} {ergonomic}

Logging:
Log output configuration:
 #0: stdout all=warning uptime,level,tags
 #1: stderr all=off uptime,level,tags

Environment Variables:
JAVA_HOME=C:\Program Files\Java\jdk-17\bin
PATH=C:\Program Files\Common Files\Oracle\Java\javapath;C:\Program Files (x86)\Common Files\Oracle\Java\javapath;C:\Program Files (x86)\Common Files\Intel\Shared Libraries\redist\intel64\compiler;C:\WINDOWS\system32;C:\WINDOWS;C:\WINDOWS\System32\Wbem;C:\WINDOWS\System32\WindowsPowerShell\v1.0\;C:\WINDOWS\System32\OpenSSH\;C:\ProgramData\chocolatey\bin;C:\Program Files\Git\cmd;C:\Program Files\Java\jdk-21\bin;C:\Program Files\Java\jre-1.8\bin;C:\Users\PC\AppData\Roaming\nvm;C:\Program Files\nodejs;C:\Users\PC\AppData\Local\Programs\Python\Python312;C:\Users\PC\AppData\Local\Programs\Python\Python312\Scripts;C:\Users\PC\.cargo\bin;C:\Users\PC\AppData\Local\Microsoft\WindowsApps;C:\Users\PC\AppData\Local\Programs\Microsoft VS Code\bin;C:\Program Files\JetBrains\IntelliJ IDEA 2023.2.3\bin;;C:\Users\PC\AppData\Roaming\nvm;C:\Program Files\nodejs;
USERNAME=PC
OS=Windows_NT
PROCESSOR_IDENTIFIER=AMD64 Family 25 Model 80 Stepping 0, AuthenticAMD



---------------  S Y S T E M  ---------------

OS:
 Windows 11 , 64 bit Build 22621 (10.0.22621.2506)
OS uptime: 0 days 2:02 hours

CPU: total 12 (initial active 12) (12 cores per cpu, 2 threads per core) family 25 model 80 stepping 0 microcode 0x0, cx8, cmov, fxsr, ht, mmx, 3dnowpref, sse, sse2, sse3, ssse3, sse4a, sse4.1, sse4.2, popcnt, lzcnt, tsc, tscinvbit, avx, avx2, aes, erms, clmul, bmi1, bmi2, adx, sha, fma, vzeroupper, clflush, clflushopt

Memory: 4k page, system-wide physical 15741M (3046M free)
TotalPageFile size 17789M (AvailPageFile size 5M)
current process WorkingSet (physical memory assigned to process): 326M, peak: 326M
current process commit charge ("private bytes"): 506M, peak: 507M

vm_info: Java HotSpot(TM) 64-Bit Server VM (17.0.9+11-LTS-201) for windows-amd64 JRE (17.0.9+11-LTS-201), built on Oct 10 2023 23:16:06 by "mach5one" with MS VC++ 17.1 (VS2022)

END.
