#
# There is insufficient memory for the Java Runtime Environment to continue.
# Native memory allocation (malloc) failed to allocate 1359856 bytes for Chunk::new
# Possible reasons:
#   The system is out of physical RAM or swap space
#   The process is running with CompressedOops enabled, and the Java Heap may be blocking the growth of the native heap
# Possible solutions:
#   Reduce memory load on the system
#   Increase physical memory or swap space
#   Check if swap backing store is full
#   Decrease Java heap size (-Xmx/-Xms)
#   Decrease number of Java threads
#   Decrease Java thread stack sizes (-Xss)
#   Set larger code cache with -XX:ReservedCodeCacheSize=
#   JVM is running with Unscaled Compressed Oops mode in which the Java heap is
#     placed in the first 4GB address space. The Java Heap base address is the
#     maximum limit for the native heap growth. Please use -XX:HeapBaseMinAddress
#     to set the Java Heap base and to place the Java Heap above 4GB virtual address.
# This output file may be truncated or incomplete.
#
#  Out of Memory Error (arena.cpp:189), pid=4896, tid=13184
#
# JRE version: Java(TM) SE Runtime Environment (17.0.9+11) (build 17.0.9+11-LTS-201)
# Java VM: Java HotSpot(TM) 64-Bit Server VM (17.0.9+11-LTS-201, mixed mode, sharing, tiered, compressed oops, compressed class ptrs, g1 gc, windows-amd64)
# No core dump will be written. Minidumps are not enabled by default on client versions of Windows
#

---------------  S U M M A R Y ------------

Command Line: --add-opens=java.base/java.util=ALL-UNNAMED --add-opens=java.base/java.lang=ALL-UNNAMED --add-opens=java.base/java.lang.invoke=ALL-UNNAMED --add-opens=java.prefs/java.util.prefs=ALL-UNNAMED --add-opens=java.base/java.nio.charset=ALL-UNNAMED --add-opens=java.base/java.net=ALL-UNNAMED --add-opens=java.base/java.util.concurrent.atomic=ALL-UNNAMED -Xmx2048m -Dfile.encoding=UTF-8 -Duser.country=US -Duser.language=en -Duser.variant org.gradle.launcher.daemon.bootstrap.GradleDaemon 8.0

Host: AMD Ryzen 5 5600G with Radeon Graphics         , 12 cores, 15G,  Windows 11 , 64 bit Build 22621 (10.0.22621.2506)
Time: Tue Nov 14 01:01:17 2023 Hora estándar de Argentina elapsed time: 1.473305 seconds (0d 0h 0m 1s)

---------------  T H R E A D  ---------------

Current thread (0x00000146556152d0):  JavaThread "C2 CompilerThread2" daemon [_thread_in_native, id=13184, stack(0x0000000b61200000,0x0000000b61300000)]


Current CompileTask:
C2:   1473 2235       4       java.net.URLClassLoader$1::run (5 bytes)

Stack: [0x0000000b61200000,0x0000000b61300000]
Native frames: (J=compiled Java code, j=interpreted, Vv=VM code, C=native code)
V  [jvm.dll+0x678a4a]
V  [jvm.dll+0x7d9cfd]
V  [jvm.dll+0x7db60e]
V  [jvm.dll+0x7dbc73]
V  [jvm.dll+0x245e1f]
V  [jvm.dll+0xaaafb]
V  [jvm.dll+0xab09c]
V  [jvm.dll+0x36232f]
V  [jvm.dll+0x1bbb3a]
V  [jvm.dll+0x218287]
V  [jvm.dll+0x217561]
V  [jvm.dll+0x1a3bc0]
V  [jvm.dll+0x2272de]
V  [jvm.dll+0x22548b]
V  [jvm.dll+0x78f58c]
V  [jvm.dll+0x78998a]
V  [jvm.dll+0x677875]
C  [ucrtbase.dll+0x29363]
C  [KERNEL32.DLL+0x1257d]
C  [ntdll.dll+0x5aa58]


---------------  P R O C E S S  ---------------

Threads class SMR info:
_java_thread_list=0x000001469c1c8c90, length=27, elements={
0x0000014636bece80, 0x000001465525a0b0, 0x000001465525b2e0, 0x000001465526dab0,
0x000001465526e190, 0x0000014655271010, 0x0000014655275d90, 0x0000014655282760,
0x00000146553e0090, 0x0000014655286780, 0x00000146554feb00, 0x0000014655506040,
0x00000146556145c0, 0x00000146556152d0, 0x000001469c702090, 0x000001469b4a1090,
0x000001469b6dd020, 0x000001469bb6e400, 0x000001469bc609d0, 0x000001469becda30,
0x000001469b757a80, 0x000001469b75a300, 0x000001469b757f90, 0x000001469b7593d0,
0x000001469b75a810, 0x000001469b7589b0, 0x000001469b758ec0
}

Java Threads: ( => current thread )
  0x0000014636bece80 JavaThread "main" [_thread_blocked, id=17136, stack(0x0000000b5fe00000,0x0000000b5ff00000)]
  0x000001465525a0b0 JavaThread "Reference Handler" daemon [_thread_blocked, id=17072, stack(0x0000000b60500000,0x0000000b60600000)]
  0x000001465525b2e0 JavaThread "Finalizer" daemon [_thread_blocked, id=6800, stack(0x0000000b60600000,0x0000000b60700000)]
  0x000001465526dab0 JavaThread "Signal Dispatcher" daemon [_thread_blocked, id=5372, stack(0x0000000b60700000,0x0000000b60800000)]
  0x000001465526e190 JavaThread "Attach Listener" daemon [_thread_blocked, id=7252, stack(0x0000000b60800000,0x0000000b60900000)]
  0x0000014655271010 JavaThread "Service Thread" daemon [_thread_blocked, id=10760, stack(0x0000000b60900000,0x0000000b60a00000)]
  0x0000014655275d90 JavaThread "Monitor Deflation Thread" daemon [_thread_blocked, id=15764, stack(0x0000000b60a00000,0x0000000b60b00000)]
  0x0000014655282760 JavaThread "C2 CompilerThread0" daemon [_thread_in_native, id=16848, stack(0x0000000b60b00000,0x0000000b60c00000)]
  0x00000146553e0090 JavaThread "C1 CompilerThread0" daemon [_thread_blocked, id=17608, stack(0x0000000b60c00000,0x0000000b60d00000)]
  0x0000014655286780 JavaThread "Sweeper thread" daemon [_thread_blocked, id=9428, stack(0x0000000b60d00000,0x0000000b60e00000)]
  0x00000146554feb00 JavaThread "Common-Cleaner" daemon [_thread_blocked, id=4604, stack(0x0000000b60e00000,0x0000000b60f00000)]
  0x0000014655506040 JavaThread "Notification Thread" daemon [_thread_blocked, id=14860, stack(0x0000000b60f00000,0x0000000b61000000)]
  0x00000146556145c0 JavaThread "C2 CompilerThread1" daemon [_thread_in_native, id=15824, stack(0x0000000b61100000,0x0000000b61200000)]
=>0x00000146556152d0 JavaThread "C2 CompilerThread2" daemon [_thread_in_native, id=13184, stack(0x0000000b61200000,0x0000000b61300000)]
  0x000001469c702090 JavaThread "Daemon health stats" [_thread_blocked, id=17292, stack(0x0000000b61700000,0x0000000b61800000)]
  0x000001469b4a1090 JavaThread "Incoming local TCP Connector on port 54778" [_thread_in_native, id=15600, stack(0x0000000b61800000,0x0000000b61900000)]
  0x000001469b6dd020 JavaThread "Daemon periodic checks" [_thread_blocked, id=15512, stack(0x0000000b61900000,0x0000000b61a00000)]
  0x000001469bb6e400 JavaThread "Daemon" [_thread_blocked, id=284, stack(0x0000000b61a00000,0x0000000b61b00000)]
  0x000001469bc609d0 JavaThread "Handler for socket connection from /127.0.0.1:54778 to /127.0.0.1:54779" [_thread_in_native, id=6852, stack(0x0000000b61b00000,0x0000000b61c00000)]
  0x000001469becda30 JavaThread "Cancel handler" [_thread_blocked, id=10660, stack(0x0000000b61c00000,0x0000000b61d00000)]
  0x000001469b757a80 JavaThread "Daemon worker" [_thread_blocked, id=1240, stack(0x0000000b61d00000,0x0000000b61e00000)]
  0x000001469b75a300 JavaThread "Asynchronous log dispatcher for DefaultDaemonConnection: socket connection from /127.0.0.1:54778 to /127.0.0.1:54779" [_thread_blocked, id=15156, stack(0x0000000b61e00000,0x0000000b61f00000)]
  0x000001469b757f90 JavaThread "Stdin handler" [_thread_blocked, id=8552, stack(0x0000000b61f00000,0x0000000b62000000)]
  0x000001469b7593d0 JavaThread "Daemon client event forwarder" [_thread_blocked, id=19336, stack(0x0000000b62000000,0x0000000b62100000)]
  0x000001469b75a810 JavaThread "Cache worker for journal cache (C:\Users\PC\.gradle\caches\journal-1)" [_thread_blocked, id=2652, stack(0x0000000b62100000,0x0000000b62200000)]
  0x000001469b7589b0 JavaThread "File lock request listener" [_thread_in_native, id=11092, stack(0x0000000b62200000,0x0000000b62300000)]
  0x000001469b758ec0 JavaThread "Cache worker for file hash cache (C:\Users\PC\.gradle\caches\8.0\fileHashes)" [_thread_blocked, id=9720, stack(0x0000000b62300000,0x0000000b62400000)]

Other Threads:
  0x0000014655254900 VMThread "VM Thread" [stack: 0x0000000b60400000,0x0000000b60500000] [id=7716]
  0x0000014655508530 WatcherThread [stack: 0x0000000b61000000,0x0000000b61100000] [id=8172]
  0x0000014636c46580 GCTaskThread "GC Thread#0" [stack: 0x0000000b5ff00000,0x0000000b60000000] [id=17344]
  0x000001469b523070 GCTaskThread "GC Thread#1" [stack: 0x0000000b61300000,0x0000000b61400000] [id=13956]
  0x000001469b523330 GCTaskThread "GC Thread#2" [stack: 0x0000000b61400000,0x0000000b61500000] [id=15232]
  0x000001469b5235f0 GCTaskThread "GC Thread#3" [stack: 0x0000000b61500000,0x0000000b61600000] [id=7616]
  0x000001469b280020 GCTaskThread "GC Thread#4" [stack: 0x0000000b61600000,0x0000000b61700000] [id=18196]
  0x0000014636c574d0 ConcurrentGCThread "G1 Main Marker" [stack: 0x0000000b60000000,0x0000000b60100000] [id=15216]
  0x0000014636c59690 ConcurrentGCThread "G1 Conc#0" [stack: 0x0000000b60100000,0x0000000b60200000] [id=11912]
  0x0000014636cbdf90 ConcurrentGCThread "G1 Refine#0" [stack: 0x0000000b60200000,0x0000000b60300000] [id=3708]
  0x0000014636cbe5d0 ConcurrentGCThread "G1 Service" [stack: 0x0000000b60300000,0x0000000b60400000] [id=14400]

Threads with active compile tasks:
C2 CompilerThread0     1484 2234   !   4       java.net.URLClassLoader::findClass (47 bytes)
C1 CompilerThread0     1484 2354       3       java.lang.invoke.VarHandleGuards::guard_LL_V (125 bytes)
C2 CompilerThread1     1484 2161   !   4       java.lang.ClassLoader::loadClass (121 bytes)
C2 CompilerThread2     1484 2235       4       java.net.URLClassLoader$1::run (5 bytes)

VM state: not at safepoint (normal execution)

VM Mutex/Monitor currently owned by a thread: None

Heap address: 0x0000000080000000, size: 2048 MB, Compressed Oops mode: 32-bit

CDS archive(s) mapped at: [0x0000014656000000-0x0000014656bd0000-0x0000014656bd0000), size 12386304, SharedBaseAddress: 0x0000014656000000, ArchiveRelocationMode: 1.
Compressed class space mapped at: 0x0000014657000000-0x0000014697000000, reserved size: 1073741824
Narrow klass base: 0x0000014656000000, Narrow klass shift: 0, Narrow klass range: 0x100000000

GC Precious Log:
 CPUs: 12 total, 12 available
 Memory: 15741M
 Large Page Support: Disabled
 NUMA Support: Disabled
 Compressed Oops: Enabled (32-bit)
 Heap Region Size: 1M
 Heap Min Capacity: 8M
 Heap Initial Capacity: 246M
 Heap Max Capacity: 2G
 Pre-touch: Disabled
 Parallel Workers: 10
 Concurrent Workers: 3
 Concurrent Refinement Workers: 10
 Periodic GC: Disabled

Heap:
 garbage-first heap   total 251904K, used 88774K [0x0000000080000000, 0x0000000100000000)
  region size 1024K, 77 young (78848K), 4 survivors (4096K)
 Metaspace       used 17552K, committed 17856K, reserved 1114112K
  class space    used 2574K, committed 2752K, reserved 1048576K

Heap Regions: E=young(eden), S=young(survivor), O=old, HS=humongous(starts), HC=humongous(continues), CS=collection set, F=free, OA=open archive, CA=closed archive, TAMS=top-at-mark-start (previous, next)
|   0|0x0000000080000000, 0x0000000080100000, 0x0000000080100000|100%|HS|  |TAMS 0x0000000080000000, 0x0000000080000000| Complete 
|   1|0x0000000080100000, 0x0000000080200000, 0x0000000080200000|100%|HC|  |TAMS 0x0000000080100000, 0x0000000080100000| Complete 
|   2|0x0000000080200000, 0x0000000080300000, 0x0000000080300000|100%|HC|  |TAMS 0x0000000080200000, 0x0000000080200000| Complete 
|   3|0x0000000080300000, 0x0000000080400000, 0x0000000080400000|100%|HC|  |TAMS 0x0000000080300000, 0x0000000080300000| Complete 
|   4|0x0000000080400000, 0x0000000080500000, 0x0000000080500000|100%| O|  |TAMS 0x0000000080400000, 0x0000000080400000| Untracked 
|   5|0x0000000080500000, 0x0000000080600000, 0x0000000080600000|100%| O|  |TAMS 0x0000000080500000, 0x0000000080500000| Untracked 
|   6|0x0000000080600000, 0x0000000080700000, 0x0000000080700000|100%| O|  |TAMS 0x0000000080600000, 0x0000000080600000| Untracked 
|   7|0x0000000080700000, 0x0000000080800000, 0x0000000080800000|100%| O|  |TAMS 0x0000000080700000, 0x0000000080700000| Untracked 
|   8|0x0000000080800000, 0x0000000080800000, 0x0000000080900000|  0%| F|  |TAMS 0x0000000080800000, 0x0000000080800000| Untracked 
|   9|0x0000000080900000, 0x0000000080a00000, 0x0000000080a00000|100%| O|  |TAMS 0x0000000080900000, 0x0000000080900000| Untracked 
|  10|0x0000000080a00000, 0x0000000080b00000, 0x0000000080b00000|100%| O|  |TAMS 0x0000000080a00000, 0x0000000080a00000| Untracked 
|  11|0x0000000080b00000, 0x0000000080bb1a00, 0x0000000080c00000| 69%| O|  |TAMS 0x0000000080b00000, 0x0000000080b00000| Untracked 
|  12|0x0000000080c00000, 0x0000000080c00000, 0x0000000080d00000|  0%| F|  |TAMS 0x0000000080c00000, 0x0000000080c00000| Untracked 
|  13|0x0000000080d00000, 0x0000000080d00000, 0x0000000080e00000|  0%| F|  |TAMS 0x0000000080d00000, 0x0000000080d00000| Untracked 
|  14|0x0000000080e00000, 0x0000000080e00000, 0x0000000080f00000|  0%| F|  |TAMS 0x0000000080e00000, 0x0000000080e00000| Untracked 
|  15|0x0000000080f00000, 0x0000000080f00000, 0x0000000081000000|  0%| F|  |TAMS 0x0000000080f00000, 0x0000000080f00000| Untracked 
|  16|0x0000000081000000, 0x0000000081000000, 0x0000000081100000|  0%| F|  |TAMS 0x0000000081000000, 0x0000000081000000| Untracked 
|  17|0x0000000081100000, 0x0000000081100000, 0x0000000081200000|  0%| F|  |TAMS 0x0000000081100000, 0x0000000081100000| Untracked 
|  18|0x0000000081200000, 0x0000000081200000, 0x0000000081300000|  0%| F|  |TAMS 0x0000000081200000, 0x0000000081200000| Untracked 
|  19|0x0000000081300000, 0x0000000081300000, 0x0000000081400000|  0%| F|  |TAMS 0x0000000081300000, 0x0000000081300000| Untracked 
|  20|0x0000000081400000, 0x0000000081400000, 0x0000000081500000|  0%| F|  |TAMS 0x0000000081400000, 0x0000000081400000| Untracked 
|  21|0x0000000081500000, 0x0000000081500000, 0x0000000081600000|  0%| F|  |TAMS 0x0000000081500000, 0x0000000081500000| Untracked 
|  22|0x0000000081600000, 0x0000000081600000, 0x0000000081700000|  0%| F|  |TAMS 0x0000000081600000, 0x0000000081600000| Untracked 
|  23|0x0000000081700000, 0x0000000081700000, 0x0000000081800000|  0%| F|  |TAMS 0x0000000081700000, 0x0000000081700000| Untracked 
|  24|0x0000000081800000, 0x0000000081800000, 0x0000000081900000|  0%| F|  |TAMS 0x0000000081800000, 0x0000000081800000| Untracked 
|  25|0x0000000081900000, 0x0000000081900000, 0x0000000081a00000|  0%| F|  |TAMS 0x0000000081900000, 0x0000000081900000| Untracked 
|  26|0x0000000081a00000, 0x0000000081a00000, 0x0000000081b00000|  0%| F|  |TAMS 0x0000000081a00000, 0x0000000081a00000| Untracked 
|  27|0x0000000081b00000, 0x0000000081b00000, 0x0000000081c00000|  0%| F|  |TAMS 0x0000000081b00000, 0x0000000081b00000| Untracked 
|  28|0x0000000081c00000, 0x0000000081c00000, 0x0000000081d00000|  0%| F|  |TAMS 0x0000000081c00000, 0x0000000081c00000| Untracked 
|  29|0x0000000081d00000, 0x0000000081d00000, 0x0000000081e00000|  0%| F|  |TAMS 0x0000000081d00000, 0x0000000081d00000| Untracked 
|  30|0x0000000081e00000, 0x0000000081e00000, 0x0000000081f00000|  0%| F|  |TAMS 0x0000000081e00000, 0x0000000081e00000| Untracked 
|  31|0x0000000081f00000, 0x0000000081f00000, 0x0000000082000000|  0%| F|  |TAMS 0x0000000081f00000, 0x0000000081f00000| Untracked 
|  32|0x0000000082000000, 0x0000000082000000, 0x0000000082100000|  0%| F|  |TAMS 0x0000000082000000, 0x0000000082000000| Untracked 
|  33|0x0000000082100000, 0x0000000082100000, 0x0000000082200000|  0%| F|  |TAMS 0x0000000082100000, 0x0000000082100000| Untracked 
|  34|0x0000000082200000, 0x0000000082200000, 0x0000000082300000|  0%| F|  |TAMS 0x0000000082200000, 0x0000000082200000| Untracked 
|  35|0x0000000082300000, 0x0000000082300000, 0x0000000082400000|  0%| F|  |TAMS 0x0000000082300000, 0x0000000082300000| Untracked 
|  36|0x0000000082400000, 0x0000000082400000, 0x0000000082500000|  0%| F|  |TAMS 0x0000000082400000, 0x0000000082400000| Untracked 
|  37|0x0000000082500000, 0x0000000082500000, 0x0000000082600000|  0%| F|  |TAMS 0x0000000082500000, 0x0000000082500000| Untracked 
|  38|0x0000000082600000, 0x0000000082600000, 0x0000000082700000|  0%| F|  |TAMS 0x0000000082600000, 0x0000000082600000| Untracked 
|  39|0x0000000082700000, 0x0000000082700000, 0x0000000082800000|  0%| F|  |TAMS 0x0000000082700000, 0x0000000082700000| Untracked 
|  40|0x0000000082800000, 0x0000000082800000, 0x0000000082900000|  0%| F|  |TAMS 0x0000000082800000, 0x0000000082800000| Untracked 
|  41|0x0000000082900000, 0x0000000082900000, 0x0000000082a00000|  0%| F|  |TAMS 0x0000000082900000, 0x0000000082900000| Untracked 
|  42|0x0000000082a00000, 0x0000000082a00000, 0x0000000082b00000|  0%| F|  |TAMS 0x0000000082a00000, 0x0000000082a00000| Untracked 
|  43|0x0000000082b00000, 0x0000000082b00000, 0x0000000082c00000|  0%| F|  |TAMS 0x0000000082b00000, 0x0000000082b00000| Untracked 
|  44|0x0000000082c00000, 0x0000000082c00000, 0x0000000082d00000|  0%| F|  |TAMS 0x0000000082c00000, 0x0000000082c00000| Untracked 
|  45|0x0000000082d00000, 0x0000000082d00000, 0x0000000082e00000|  0%| F|  |TAMS 0x0000000082d00000, 0x0000000082d00000| Untracked 
|  46|0x0000000082e00000, 0x0000000082e00000, 0x0000000082f00000|  0%| F|  |TAMS 0x0000000082e00000, 0x0000000082e00000| Untracked 
|  47|0x0000000082f00000, 0x0000000082f00000, 0x0000000083000000|  0%| F|  |TAMS 0x0000000082f00000, 0x0000000082f00000| Untracked 
|  48|0x0000000083000000, 0x0000000083000000, 0x0000000083100000|  0%| F|  |TAMS 0x0000000083000000, 0x0000000083000000| Untracked 
|  49|0x0000000083100000, 0x0000000083100000, 0x0000000083200000|  0%| F|  |TAMS 0x0000000083100000, 0x0000000083100000| Untracked 
|  50|0x0000000083200000, 0x0000000083200000, 0x0000000083300000|  0%| F|  |TAMS 0x0000000083200000, 0x0000000083200000| Untracked 
|  51|0x0000000083300000, 0x0000000083300000, 0x0000000083400000|  0%| F|  |TAMS 0x0000000083300000, 0x0000000083300000| Untracked 
|  52|0x0000000083400000, 0x0000000083400000, 0x0000000083500000|  0%| F|  |TAMS 0x0000000083400000, 0x0000000083400000| Untracked 
|  53|0x0000000083500000, 0x0000000083500000, 0x0000000083600000|  0%| F|  |TAMS 0x0000000083500000, 0x0000000083500000| Untracked 
|  54|0x0000000083600000, 0x0000000083600000, 0x0000000083700000|  0%| F|  |TAMS 0x0000000083600000, 0x0000000083600000| Untracked 
|  55|0x0000000083700000, 0x0000000083700000, 0x0000000083800000|  0%| F|  |TAMS 0x0000000083700000, 0x0000000083700000| Untracked 
|  56|0x0000000083800000, 0x0000000083800000, 0x0000000083900000|  0%| F|  |TAMS 0x0000000083800000, 0x0000000083800000| Untracked 
|  57|0x0000000083900000, 0x0000000083900000, 0x0000000083a00000|  0%| F|  |TAMS 0x0000000083900000, 0x0000000083900000| Untracked 
|  58|0x0000000083a00000, 0x0000000083a00000, 0x0000000083b00000|  0%| F|  |TAMS 0x0000000083a00000, 0x0000000083a00000| Untracked 
|  59|0x0000000083b00000, 0x0000000083b00000, 0x0000000083c00000|  0%| F|  |TAMS 0x0000000083b00000, 0x0000000083b00000| Untracked 
|  60|0x0000000083c00000, 0x0000000083c00000, 0x0000000083d00000|  0%| F|  |TAMS 0x0000000083c00000, 0x0000000083c00000| Untracked 
|  61|0x0000000083d00000, 0x0000000083d00000, 0x0000000083e00000|  0%| F|  |TAMS 0x0000000083d00000, 0x0000000083d00000| Untracked 
|  62|0x0000000083e00000, 0x0000000083e00000, 0x0000000083f00000|  0%| F|  |TAMS 0x0000000083e00000, 0x0000000083e00000| Untracked 
|  63|0x0000000083f00000, 0x0000000083f00000, 0x0000000084000000|  0%| F|  |TAMS 0x0000000083f00000, 0x0000000083f00000| Untracked 
|  64|0x0000000084000000, 0x0000000084000000, 0x0000000084100000|  0%| F|  |TAMS 0x0000000084000000, 0x0000000084000000| Untracked 
|  65|0x0000000084100000, 0x0000000084100000, 0x0000000084200000|  0%| F|  |TAMS 0x0000000084100000, 0x0000000084100000| Untracked 
|  66|0x0000000084200000, 0x0000000084200000, 0x0000000084300000|  0%| F|  |TAMS 0x0000000084200000, 0x0000000084200000| Untracked 
|  67|0x0000000084300000, 0x0000000084300000, 0x0000000084400000|  0%| F|  |TAMS 0x0000000084300000, 0x0000000084300000| Untracked 
|  68|0x0000000084400000, 0x0000000084400000, 0x0000000084500000|  0%| F|  |TAMS 0x0000000084400000, 0x0000000084400000| Untracked 
|  69|0x0000000084500000, 0x0000000084500000, 0x0000000084600000|  0%| F|  |TAMS 0x0000000084500000, 0x0000000084500000| Untracked 
|  70|0x0000000084600000, 0x0000000084600000, 0x0000000084700000|  0%| F|  |TAMS 0x0000000084600000, 0x0000000084600000| Untracked 
|  71|0x0000000084700000, 0x0000000084700000, 0x0000000084800000|  0%| F|  |TAMS 0x0000000084700000, 0x0000000084700000| Untracked 
|  72|0x0000000084800000, 0x0000000084800000, 0x0000000084900000|  0%| F|  |TAMS 0x0000000084800000, 0x0000000084800000| Untracked 
|  73|0x0000000084900000, 0x0000000084900000, 0x0000000084a00000|  0%| F|  |TAMS 0x0000000084900000, 0x0000000084900000| Untracked 
|  74|0x0000000084a00000, 0x0000000084a00000, 0x0000000084b00000|  0%| F|  |TAMS 0x0000000084a00000, 0x0000000084a00000| Untracked 
|  75|0x0000000084b00000, 0x0000000084b00000, 0x0000000084c00000|  0%| F|  |TAMS 0x0000000084b00000, 0x0000000084b00000| Untracked 
|  76|0x0000000084c00000, 0x0000000084c00000, 0x0000000084d00000|  0%| F|  |TAMS 0x0000000084c00000, 0x0000000084c00000| Untracked 
|  77|0x0000000084d00000, 0x0000000084d00000, 0x0000000084e00000|  0%| F|  |TAMS 0x0000000084d00000, 0x0000000084d00000| Untracked 
|  78|0x0000000084e00000, 0x0000000084e00000, 0x0000000084f00000|  0%| F|  |TAMS 0x0000000084e00000, 0x0000000084e00000| Untracked 
|  79|0x0000000084f00000, 0x0000000084f00000, 0x0000000085000000|  0%| F|  |TAMS 0x0000000084f00000, 0x0000000084f00000| Untracked 
|  80|0x0000000085000000, 0x0000000085000000, 0x0000000085100000|  0%| F|  |TAMS 0x0000000085000000, 0x0000000085000000| Untracked 
|  81|0x0000000085100000, 0x0000000085100000, 0x0000000085200000|  0%| F|  |TAMS 0x0000000085100000, 0x0000000085100000| Untracked 
|  82|0x0000000085200000, 0x0000000085200000, 0x0000000085300000|  0%| F|  |TAMS 0x0000000085200000, 0x0000000085200000| Untracked 
|  83|0x0000000085300000, 0x0000000085300000, 0x0000000085400000|  0%| F|  |TAMS 0x0000000085300000, 0x0000000085300000| Untracked 
|  84|0x0000000085400000, 0x0000000085400000, 0x0000000085500000|  0%| F|  |TAMS 0x0000000085400000, 0x0000000085400000| Untracked 
|  85|0x0000000085500000, 0x0000000085500000, 0x0000000085600000|  0%| F|  |TAMS 0x0000000085500000, 0x0000000085500000| Untracked 
|  86|0x0000000085600000, 0x0000000085600000, 0x0000000085700000|  0%| F|  |TAMS 0x0000000085600000, 0x0000000085600000| Untracked 
|  87|0x0000000085700000, 0x0000000085700000, 0x0000000085800000|  0%| F|  |TAMS 0x0000000085700000, 0x0000000085700000| Untracked 
|  88|0x0000000085800000, 0x0000000085800000, 0x0000000085900000|  0%| F|  |TAMS 0x0000000085800000, 0x0000000085800000| Untracked 
|  89|0x0000000085900000, 0x0000000085900000, 0x0000000085a00000|  0%| F|  |TAMS 0x0000000085900000, 0x0000000085900000| Untracked 
|  90|0x0000000085a00000, 0x0000000085a00000, 0x0000000085b00000|  0%| F|  |TAMS 0x0000000085a00000, 0x0000000085a00000| Untracked 
|  91|0x0000000085b00000, 0x0000000085b00000, 0x0000000085c00000|  0%| F|  |TAMS 0x0000000085b00000, 0x0000000085b00000| Untracked 
|  92|0x0000000085c00000, 0x0000000085c00000, 0x0000000085d00000|  0%| F|  |TAMS 0x0000000085c00000, 0x0000000085c00000| Untracked 
|  93|0x0000000085d00000, 0x0000000085d00000, 0x0000000085e00000|  0%| F|  |TAMS 0x0000000085d00000, 0x0000000085d00000| Untracked 
|  94|0x0000000085e00000, 0x0000000085e00000, 0x0000000085f00000|  0%| F|  |TAMS 0x0000000085e00000, 0x0000000085e00000| Untracked 
|  95|0x0000000085f00000, 0x0000000085f00000, 0x0000000086000000|  0%| F|  |TAMS 0x0000000085f00000, 0x0000000085f00000| Untracked 
|  96|0x0000000086000000, 0x0000000086000000, 0x0000000086100000|  0%| F|  |TAMS 0x0000000086000000, 0x0000000086000000| Untracked 
|  97|0x0000000086100000, 0x0000000086100000, 0x0000000086200000|  0%| F|  |TAMS 0x0000000086100000, 0x0000000086100000| Untracked 
|  98|0x0000000086200000, 0x0000000086200000, 0x0000000086300000|  0%| F|  |TAMS 0x0000000086200000, 0x0000000086200000| Untracked 
|  99|0x0000000086300000, 0x0000000086300000, 0x0000000086400000|  0%| F|  |TAMS 0x0000000086300000, 0x0000000086300000| Untracked 
| 100|0x0000000086400000, 0x0000000086400000, 0x0000000086500000|  0%| F|  |TAMS 0x0000000086400000, 0x0000000086400000| Untracked 
| 101|0x0000000086500000, 0x0000000086500000, 0x0000000086600000|  0%| F|  |TAMS 0x0000000086500000, 0x0000000086500000| Untracked 
| 102|0x0000000086600000, 0x0000000086600000, 0x0000000086700000|  0%| F|  |TAMS 0x0000000086600000, 0x0000000086600000| Untracked 
| 103|0x0000000086700000, 0x0000000086700000, 0x0000000086800000|  0%| F|  |TAMS 0x0000000086700000, 0x0000000086700000| Untracked 
| 104|0x0000000086800000, 0x0000000086800000, 0x0000000086900000|  0%| F|  |TAMS 0x0000000086800000, 0x0000000086800000| Untracked 
| 105|0x0000000086900000, 0x0000000086900000, 0x0000000086a00000|  0%| F|  |TAMS 0x0000000086900000, 0x0000000086900000| Untracked 
| 106|0x0000000086a00000, 0x0000000086a00000, 0x0000000086b00000|  0%| F|  |TAMS 0x0000000086a00000, 0x0000000086a00000| Untracked 
| 107|0x0000000086b00000, 0x0000000086b00000, 0x0000000086c00000|  0%| F|  |TAMS 0x0000000086b00000, 0x0000000086b00000| Untracked 
| 108|0x0000000086c00000, 0x0000000086c00000, 0x0000000086d00000|  0%| F|  |TAMS 0x0000000086c00000, 0x0000000086c00000| Untracked 
| 109|0x0000000086d00000, 0x0000000086d00000, 0x0000000086e00000|  0%| F|  |TAMS 0x0000000086d00000, 0x0000000086d00000| Untracked 
| 110|0x0000000086e00000, 0x0000000086e00000, 0x0000000086f00000|  0%| F|  |TAMS 0x0000000086e00000, 0x0000000086e00000| Untracked 
| 111|0x0000000086f00000, 0x0000000086f00000, 0x0000000087000000|  0%| F|  |TAMS 0x0000000086f00000, 0x0000000086f00000| Untracked 
| 112|0x0000000087000000, 0x0000000087000000, 0x0000000087100000|  0%| F|  |TAMS 0x0000000087000000, 0x0000000087000000| Untracked 
| 113|0x0000000087100000, 0x0000000087100000, 0x0000000087200000|  0%| F|  |TAMS 0x0000000087100000, 0x0000000087100000| Untracked 
| 114|0x0000000087200000, 0x0000000087200000, 0x0000000087300000|  0%| F|  |TAMS 0x0000000087200000, 0x0000000087200000| Untracked 
| 115|0x0000000087300000, 0x0000000087300000, 0x0000000087400000|  0%| F|  |TAMS 0x0000000087300000, 0x0000000087300000| Untracked 
| 116|0x0000000087400000, 0x0000000087400000, 0x0000000087500000|  0%| F|  |TAMS 0x0000000087400000, 0x0000000087400000| Untracked 
| 117|0x0000000087500000, 0x0000000087500000, 0x0000000087600000|  0%| F|  |TAMS 0x0000000087500000, 0x0000000087500000| Untracked 
| 118|0x0000000087600000, 0x0000000087600000, 0x0000000087700000|  0%| F|  |TAMS 0x0000000087600000, 0x0000000087600000| Untracked 
| 119|0x0000000087700000, 0x0000000087700000, 0x0000000087800000|  0%| F|  |TAMS 0x0000000087700000, 0x0000000087700000| Untracked 
| 120|0x0000000087800000, 0x0000000087800000, 0x0000000087900000|  0%| F|  |TAMS 0x0000000087800000, 0x0000000087800000| Untracked 
| 121|0x0000000087900000, 0x0000000087900000, 0x0000000087a00000|  0%| F|  |TAMS 0x0000000087900000, 0x0000000087900000| Untracked 
| 122|0x0000000087a00000, 0x0000000087a00000, 0x0000000087b00000|  0%| F|  |TAMS 0x0000000087a00000, 0x0000000087a00000| Untracked 
| 123|0x0000000087b00000, 0x0000000087b00000, 0x0000000087c00000|  0%| F|  |TAMS 0x0000000087b00000, 0x0000000087b00000| Untracked 
| 124|0x0000000087c00000, 0x0000000087c00000, 0x0000000087d00000|  0%| F|  |TAMS 0x0000000087c00000, 0x0000000087c00000| Untracked 
| 125|0x0000000087d00000, 0x0000000087d00000, 0x0000000087e00000|  0%| F|  |TAMS 0x0000000087d00000, 0x0000000087d00000| Untracked 
| 126|0x0000000087e00000, 0x0000000087e00000, 0x0000000087f00000|  0%| F|  |TAMS 0x0000000087e00000, 0x0000000087e00000| Untracked 
| 127|0x0000000087f00000, 0x0000000087f00000, 0x0000000088000000|  0%| F|  |TAMS 0x0000000087f00000, 0x0000000087f00000| Untracked 
| 128|0x0000000088000000, 0x0000000088000000, 0x0000000088100000|  0%| F|  |TAMS 0x0000000088000000, 0x0000000088000000| Untracked 
| 129|0x0000000088100000, 0x0000000088100000, 0x0000000088200000|  0%| F|  |TAMS 0x0000000088100000, 0x0000000088100000| Untracked 
| 130|0x0000000088200000, 0x0000000088200000, 0x0000000088300000|  0%| F|  |TAMS 0x0000000088200000, 0x0000000088200000| Untracked 
| 131|0x0000000088300000, 0x0000000088300000, 0x0000000088400000|  0%| F|  |TAMS 0x0000000088300000, 0x0000000088300000| Untracked 
| 132|0x0000000088400000, 0x0000000088400000, 0x0000000088500000|  0%| F|  |TAMS 0x0000000088400000, 0x0000000088400000| Untracked 
| 133|0x0000000088500000, 0x0000000088500000, 0x0000000088600000|  0%| F|  |TAMS 0x0000000088500000, 0x0000000088500000| Untracked 
| 134|0x0000000088600000, 0x0000000088600000, 0x0000000088700000|  0%| F|  |TAMS 0x0000000088600000, 0x0000000088600000| Untracked 
| 135|0x0000000088700000, 0x0000000088700000, 0x0000000088800000|  0%| F|  |TAMS 0x0000000088700000, 0x0000000088700000| Untracked 
| 136|0x0000000088800000, 0x0000000088800000, 0x0000000088900000|  0%| F|  |TAMS 0x0000000088800000, 0x0000000088800000| Untracked 
| 137|0x0000000088900000, 0x0000000088900000, 0x0000000088a00000|  0%| F|  |TAMS 0x0000000088900000, 0x0000000088900000| Untracked 
| 138|0x0000000088a00000, 0x0000000088a00000, 0x0000000088b00000|  0%| F|  |TAMS 0x0000000088a00000, 0x0000000088a00000| Untracked 
| 139|0x0000000088b00000, 0x0000000088b00000, 0x0000000088c00000|  0%| F|  |TAMS 0x0000000088b00000, 0x0000000088b00000| Untracked 
| 140|0x0000000088c00000, 0x0000000088c00000, 0x0000000088d00000|  0%| F|  |TAMS 0x0000000088c00000, 0x0000000088c00000| Untracked 
| 141|0x0000000088d00000, 0x0000000088d00000, 0x0000000088e00000|  0%| F|  |TAMS 0x0000000088d00000, 0x0000000088d00000| Untracked 
| 142|0x0000000088e00000, 0x0000000088e00000, 0x0000000088f00000|  0%| F|  |TAMS 0x0000000088e00000, 0x0000000088e00000| Untracked 
| 143|0x0000000088f00000, 0x0000000088f00000, 0x0000000089000000|  0%| F|  |TAMS 0x0000000088f00000, 0x0000000088f00000| Untracked 
| 144|0x0000000089000000, 0x0000000089000000, 0x0000000089100000|  0%| F|  |TAMS 0x0000000089000000, 0x0000000089000000| Untracked 
| 145|0x0000000089100000, 0x0000000089100000, 0x0000000089200000|  0%| F|  |TAMS 0x0000000089100000, 0x0000000089100000| Untracked 
| 146|0x0000000089200000, 0x0000000089200000, 0x0000000089300000|  0%| F|  |TAMS 0x0000000089200000, 0x0000000089200000| Untracked 
| 147|0x0000000089300000, 0x0000000089300000, 0x0000000089400000|  0%| F|  |TAMS 0x0000000089300000, 0x0000000089300000| Untracked 
| 148|0x0000000089400000, 0x0000000089400000, 0x0000000089500000|  0%| F|  |TAMS 0x0000000089400000, 0x0000000089400000| Untracked 
| 149|0x0000000089500000, 0x0000000089500000, 0x0000000089600000|  0%| F|  |TAMS 0x0000000089500000, 0x0000000089500000| Untracked 
| 150|0x0000000089600000, 0x0000000089600000, 0x0000000089700000|  0%| F|  |TAMS 0x0000000089600000, 0x0000000089600000| Untracked 
| 151|0x0000000089700000, 0x0000000089700000, 0x0000000089800000|  0%| F|  |TAMS 0x0000000089700000, 0x0000000089700000| Untracked 
| 152|0x0000000089800000, 0x0000000089800000, 0x0000000089900000|  0%| F|  |TAMS 0x0000000089800000, 0x0000000089800000| Untracked 
| 153|0x0000000089900000, 0x0000000089900000, 0x0000000089a00000|  0%| F|  |TAMS 0x0000000089900000, 0x0000000089900000| Untracked 
| 154|0x0000000089a00000, 0x0000000089a00000, 0x0000000089b00000|  0%| F|  |TAMS 0x0000000089a00000, 0x0000000089a00000| Untracked 
| 155|0x0000000089b00000, 0x0000000089b00000, 0x0000000089c00000|  0%| F|  |TAMS 0x0000000089b00000, 0x0000000089b00000| Untracked 
| 156|0x0000000089c00000, 0x0000000089c00000, 0x0000000089d00000|  0%| F|  |TAMS 0x0000000089c00000, 0x0000000089c00000| Untracked 
| 157|0x0000000089d00000, 0x0000000089d00000, 0x0000000089e00000|  0%| F|  |TAMS 0x0000000089d00000, 0x0000000089d00000| Untracked 
| 158|0x0000000089e00000, 0x0000000089e00000, 0x0000000089f00000|  0%| F|  |TAMS 0x0000000089e00000, 0x0000000089e00000| Untracked 
| 159|0x0000000089f00000, 0x0000000089f00000, 0x000000008a000000|  0%| F|  |TAMS 0x0000000089f00000, 0x0000000089f00000| Untracked 
| 160|0x000000008a000000, 0x000000008a000000, 0x000000008a100000|  0%| F|  |TAMS 0x000000008a000000, 0x000000008a000000| Untracked 
| 161|0x000000008a100000, 0x000000008a100000, 0x000000008a200000|  0%| F|  |TAMS 0x000000008a100000, 0x000000008a100000| Untracked 
| 162|0x000000008a200000, 0x000000008a200000, 0x000000008a300000|  0%| F|  |TAMS 0x000000008a200000, 0x000000008a200000| Untracked 
| 163|0x000000008a300000, 0x000000008a300000, 0x000000008a400000|  0%| F|  |TAMS 0x000000008a300000, 0x000000008a300000| Untracked 
| 164|0x000000008a400000, 0x000000008a400000, 0x000000008a500000|  0%| F|  |TAMS 0x000000008a400000, 0x000000008a400000| Untracked 
| 165|0x000000008a500000, 0x000000008a500000, 0x000000008a600000|  0%| F|  |TAMS 0x000000008a500000, 0x000000008a500000| Untracked 
| 166|0x000000008a600000, 0x000000008a600000, 0x000000008a700000|  0%| F|  |TAMS 0x000000008a600000, 0x000000008a600000| Untracked 
| 167|0x000000008a700000, 0x000000008a700000, 0x000000008a800000|  0%| F|  |TAMS 0x000000008a700000, 0x000000008a700000| Untracked 
| 168|0x000000008a800000, 0x000000008a800000, 0x000000008a900000|  0%| F|  |TAMS 0x000000008a800000, 0x000000008a800000| Untracked 
| 169|0x000000008a900000, 0x000000008a980800, 0x000000008aa00000| 50%| E|  |TAMS 0x000000008a900000, 0x000000008a900000| Complete 
| 170|0x000000008aa00000, 0x000000008ab00000, 0x000000008ab00000|100%| E|CS|TAMS 0x000000008aa00000, 0x000000008aa00000| Complete 
| 171|0x000000008ab00000, 0x000000008ac00000, 0x000000008ac00000|100%| E|CS|TAMS 0x000000008ab00000, 0x000000008ab00000| Complete 
| 172|0x000000008ac00000, 0x000000008ad00000, 0x000000008ad00000|100%| E|CS|TAMS 0x000000008ac00000, 0x000000008ac00000| Complete 
| 173|0x000000008ad00000, 0x000000008ae00000, 0x000000008ae00000|100%| E|CS|TAMS 0x000000008ad00000, 0x000000008ad00000| Complete 
| 174|0x000000008ae00000, 0x000000008af00000, 0x000000008af00000|100%| E|CS|TAMS 0x000000008ae00000, 0x000000008ae00000| Complete 
| 175|0x000000008af00000, 0x000000008b000000, 0x000000008b000000|100%| E|CS|TAMS 0x000000008af00000, 0x000000008af00000| Complete 
| 176|0x000000008b000000, 0x000000008b100000, 0x000000008b100000|100%| E|CS|TAMS 0x000000008b000000, 0x000000008b000000| Complete 
| 177|0x000000008b100000, 0x000000008b200000, 0x000000008b200000|100%| E|CS|TAMS 0x000000008b100000, 0x000000008b100000| Complete 
| 178|0x000000008b200000, 0x000000008b300000, 0x000000008b300000|100%| E|CS|TAMS 0x000000008b200000, 0x000000008b200000| Complete 
| 179|0x000000008b300000, 0x000000008b400000, 0x000000008b400000|100%| E|CS|TAMS 0x000000008b300000, 0x000000008b300000| Complete 
| 180|0x000000008b400000, 0x000000008b500000, 0x000000008b500000|100%| E|CS|TAMS 0x000000008b400000, 0x000000008b400000| Complete 
| 181|0x000000008b500000, 0x000000008b600000, 0x000000008b600000|100%| E|CS|TAMS 0x000000008b500000, 0x000000008b500000| Complete 
| 182|0x000000008b600000, 0x000000008b700000, 0x000000008b700000|100%| E|CS|TAMS 0x000000008b600000, 0x000000008b600000| Complete 
| 183|0x000000008b700000, 0x000000008b800000, 0x000000008b800000|100%| E|CS|TAMS 0x000000008b700000, 0x000000008b700000| Complete 
| 184|0x000000008b800000, 0x000000008b900000, 0x000000008b900000|100%| E|CS|TAMS 0x000000008b800000, 0x000000008b800000| Complete 
| 185|0x000000008b900000, 0x000000008ba00000, 0x000000008ba00000|100%| E|CS|TAMS 0x000000008b900000, 0x000000008b900000| Complete 
| 186|0x000000008ba00000, 0x000000008bb00000, 0x000000008bb00000|100%| E|CS|TAMS 0x000000008ba00000, 0x000000008ba00000| Complete 
| 187|0x000000008bb00000, 0x000000008bc00000, 0x000000008bc00000|100%| E|CS|TAMS 0x000000008bb00000, 0x000000008bb00000| Complete 
| 188|0x000000008bc00000, 0x000000008bd00000, 0x000000008bd00000|100%| E|CS|TAMS 0x000000008bc00000, 0x000000008bc00000| Complete 
| 189|0x000000008bd00000, 0x000000008be00000, 0x000000008be00000|100%| E|CS|TAMS 0x000000008bd00000, 0x000000008bd00000| Complete 
| 190|0x000000008be00000, 0x000000008bf00000, 0x000000008bf00000|100%| E|CS|TAMS 0x000000008be00000, 0x000000008be00000| Complete 
| 191|0x000000008bf00000, 0x000000008c000000, 0x000000008c000000|100%| E|CS|TAMS 0x000000008bf00000, 0x000000008bf00000| Complete 
| 192|0x000000008c000000, 0x000000008c100000, 0x000000008c100000|100%| E|CS|TAMS 0x000000008c000000, 0x000000008c000000| Complete 
| 193|0x000000008c100000, 0x000000008c200000, 0x000000008c200000|100%| E|CS|TAMS 0x000000008c100000, 0x000000008c100000| Complete 
| 194|0x000000008c200000, 0x000000008c300000, 0x000000008c300000|100%| E|CS|TAMS 0x000000008c200000, 0x000000008c200000| Complete 
| 195|0x000000008c300000, 0x000000008c400000, 0x000000008c400000|100%| E|CS|TAMS 0x000000008c300000, 0x000000008c300000| Complete 
| 196|0x000000008c400000, 0x000000008c500000, 0x000000008c500000|100%| E|CS|TAMS 0x000000008c400000, 0x000000008c400000| Complete 
| 197|0x000000008c500000, 0x000000008c600000, 0x000000008c600000|100%| E|CS|TAMS 0x000000008c500000, 0x000000008c500000| Complete 
| 198|0x000000008c600000, 0x000000008c700000, 0x000000008c700000|100%| E|CS|TAMS 0x000000008c600000, 0x000000008c600000| Complete 
| 199|0x000000008c700000, 0x000000008c800000, 0x000000008c800000|100%| E|CS|TAMS 0x000000008c700000, 0x000000008c700000| Complete 
| 200|0x000000008c800000, 0x000000008c900000, 0x000000008c900000|100%| E|CS|TAMS 0x000000008c800000, 0x000000008c800000| Complete 
| 201|0x000000008c900000, 0x000000008ca00000, 0x000000008ca00000|100%| E|CS|TAMS 0x000000008c900000, 0x000000008c900000| Complete 
| 202|0x000000008ca00000, 0x000000008cb00000, 0x000000008cb00000|100%| E|CS|TAMS 0x000000008ca00000, 0x000000008ca00000| Complete 
| 203|0x000000008cb00000, 0x000000008cc00000, 0x000000008cc00000|100%| E|CS|TAMS 0x000000008cb00000, 0x000000008cb00000| Complete 
| 204|0x000000008cc00000, 0x000000008cd00000, 0x000000008cd00000|100%| E|CS|TAMS 0x000000008cc00000, 0x000000008cc00000| Complete 
| 205|0x000000008cd00000, 0x000000008ce00000, 0x000000008ce00000|100%| E|CS|TAMS 0x000000008cd00000, 0x000000008cd00000| Complete 
| 206|0x000000008ce00000, 0x000000008cf00000, 0x000000008cf00000|100%| E|CS|TAMS 0x000000008ce00000, 0x000000008ce00000| Complete 
| 207|0x000000008cf00000, 0x000000008d000000, 0x000000008d000000|100%| E|CS|TAMS 0x000000008cf00000, 0x000000008cf00000| Complete 
| 208|0x000000008d000000, 0x000000008d100000, 0x000000008d100000|100%| E|CS|TAMS 0x000000008d000000, 0x000000008d000000| Complete 
| 209|0x000000008d100000, 0x000000008d200000, 0x000000008d200000|100%| E|CS|TAMS 0x000000008d100000, 0x000000008d100000| Complete 
| 210|0x000000008d200000, 0x000000008d300000, 0x000000008d300000|100%| E|CS|TAMS 0x000000008d200000, 0x000000008d200000| Complete 
| 211|0x000000008d300000, 0x000000008d400000, 0x000000008d400000|100%| S|CS|TAMS 0x000000008d300000, 0x000000008d300000| Complete 
| 212|0x000000008d400000, 0x000000008d500000, 0x000000008d500000|100%| S|CS|TAMS 0x000000008d400000, 0x000000008d400000| Complete 
| 213|0x000000008d500000, 0x000000008d600000, 0x000000008d600000|100%| S|CS|TAMS 0x000000008d500000, 0x000000008d500000| Complete 
| 214|0x000000008d600000, 0x000000008d700000, 0x000000008d700000|100%| S|CS|TAMS 0x000000008d600000, 0x000000008d600000| Complete 
| 215|0x000000008d700000, 0x000000008d800000, 0x000000008d800000|100%| E|CS|TAMS 0x000000008d700000, 0x000000008d700000| Complete 
| 216|0x000000008d800000, 0x000000008d900000, 0x000000008d900000|100%| E|CS|TAMS 0x000000008d800000, 0x000000008d800000| Complete 
| 217|0x000000008d900000, 0x000000008da00000, 0x000000008da00000|100%| E|CS|TAMS 0x000000008d900000, 0x000000008d900000| Complete 
| 218|0x000000008da00000, 0x000000008db00000, 0x000000008db00000|100%| E|CS|TAMS 0x000000008da00000, 0x000000008da00000| Complete 
| 219|0x000000008db00000, 0x000000008dc00000, 0x000000008dc00000|100%| E|CS|TAMS 0x000000008db00000, 0x000000008db00000| Complete 
| 220|0x000000008dc00000, 0x000000008dd00000, 0x000000008dd00000|100%| E|CS|TAMS 0x000000008dc00000, 0x000000008dc00000| Complete 
| 221|0x000000008dd00000, 0x000000008de00000, 0x000000008de00000|100%| E|CS|TAMS 0x000000008dd00000, 0x000000008dd00000| Complete 
| 222|0x000000008de00000, 0x000000008df00000, 0x000000008df00000|100%| E|CS|TAMS 0x000000008de00000, 0x000000008de00000| Complete 
| 223|0x000000008df00000, 0x000000008e000000, 0x000000008e000000|100%| E|CS|TAMS 0x000000008df00000, 0x000000008df00000| Complete 
| 224|0x000000008e000000, 0x000000008e100000, 0x000000008e100000|100%| E|CS|TAMS 0x000000008e000000, 0x000000008e000000| Complete 
| 225|0x000000008e100000, 0x000000008e200000, 0x000000008e200000|100%| E|CS|TAMS 0x000000008e100000, 0x000000008e100000| Complete 
| 226|0x000000008e200000, 0x000000008e300000, 0x000000008e300000|100%| E|CS|TAMS 0x000000008e200000, 0x000000008e200000| Complete 
| 227|0x000000008e300000, 0x000000008e400000, 0x000000008e400000|100%| E|CS|TAMS 0x000000008e300000, 0x000000008e300000| Complete 
| 228|0x000000008e400000, 0x000000008e500000, 0x000000008e500000|100%| E|CS|TAMS 0x000000008e400000, 0x000000008e400000| Complete 
| 229|0x000000008e500000, 0x000000008e600000, 0x000000008e600000|100%| E|CS|TAMS 0x000000008e500000, 0x000000008e500000| Complete 
| 230|0x000000008e600000, 0x000000008e700000, 0x000000008e700000|100%| E|CS|TAMS 0x000000008e600000, 0x000000008e600000| Complete 
| 231|0x000000008e700000, 0x000000008e800000, 0x000000008e800000|100%| E|CS|TAMS 0x000000008e700000, 0x000000008e700000| Complete 
| 232|0x000000008e800000, 0x000000008e900000, 0x000000008e900000|100%| E|CS|TAMS 0x000000008e800000, 0x000000008e800000| Complete 
| 233|0x000000008e900000, 0x000000008ea00000, 0x000000008ea00000|100%| E|CS|TAMS 0x000000008e900000, 0x000000008e900000| Complete 
| 234|0x000000008ea00000, 0x000000008eb00000, 0x000000008eb00000|100%| E|CS|TAMS 0x000000008ea00000, 0x000000008ea00000| Complete 
| 235|0x000000008eb00000, 0x000000008ec00000, 0x000000008ec00000|100%| E|CS|TAMS 0x000000008eb00000, 0x000000008eb00000| Complete 
| 236|0x000000008ec00000, 0x000000008ed00000, 0x000000008ed00000|100%| E|CS|TAMS 0x000000008ec00000, 0x000000008ec00000| Complete 
| 237|0x000000008ed00000, 0x000000008ee00000, 0x000000008ee00000|100%| E|CS|TAMS 0x000000008ed00000, 0x000000008ed00000| Complete 
| 238|0x000000008ee00000, 0x000000008ef00000, 0x000000008ef00000|100%| E|CS|TAMS 0x000000008ee00000, 0x000000008ee00000| Complete 
| 239|0x000000008ef00000, 0x000000008f000000, 0x000000008f000000|100%| E|CS|TAMS 0x000000008ef00000, 0x000000008ef00000| Complete 
| 240|0x000000008f000000, 0x000000008f100000, 0x000000008f100000|100%| E|CS|TAMS 0x000000008f000000, 0x000000008f000000| Complete 
| 241|0x000000008f100000, 0x000000008f200000, 0x000000008f200000|100%| E|CS|TAMS 0x000000008f100000, 0x000000008f100000| Complete 
| 242|0x000000008f200000, 0x000000008f300000, 0x000000008f300000|100%| E|CS|TAMS 0x000000008f200000, 0x000000008f200000| Complete 
| 243|0x000000008f300000, 0x000000008f400000, 0x000000008f400000|100%| E|CS|TAMS 0x000000008f300000, 0x000000008f300000| Complete 
| 244|0x000000008f400000, 0x000000008f500000, 0x000000008f500000|100%| E|CS|TAMS 0x000000008f400000, 0x000000008f400000| Complete 
| 245|0x000000008f500000, 0x000000008f600000, 0x000000008f600000|100%| E|CS|TAMS 0x000000008f500000, 0x000000008f500000| Complete 

Card table byte_map: [0x000001464dde0000,0x000001464e1e0000] _byte_map_base: 0x000001464d9e0000

Marking Bits (Prev, Next): (CMBitMap*) 0x0000014636c46ba0, (CMBitMap*) 0x0000014636c46be0
 Prev Bits: [0x000001464e5e0000, 0x00000146505e0000)
 Next Bits: [0x00000146505e0000, 0x00000146525e0000)

Polling page: 0x0000014634c00000

Metaspace:

Usage:
  Non-class:     14.68 MB used.
      Class:      2.52 MB used.
       Both:     17.20 MB used.

Virtual space:
  Non-class space:       64.00 MB reserved,      14.81 MB ( 23%) committed,  1 nodes.
      Class space:        1.00 GB reserved,       2.69 MB ( <1%) committed,  1 nodes.
             Both:        1.06 GB reserved,      17.50 MB (  2%) committed. 

Chunk freelists:
   Non-Class:  784.00 KB
       Class:  13.33 MB
        Both:  14.09 MB

MaxMetaspaceSize: unlimited
CompressedClassSpaceSize: 1.00 GB
Initial GC threshold: 21.00 MB
Current GC threshold: 21.00 MB
CDS: on
MetaspaceReclaimPolicy: balanced
 - commit_granule_bytes: 65536.
 - commit_granule_words: 8192.
 - virtual_space_node_default_size: 8388608.
 - enlarge_chunks_in_place: 1.
 - new_chunks_are_fully_committed: 0.
 - uncommit_free_chunks: 1.
 - use_allocation_guard: 0.
 - handle_deallocations: 1.


Internal statistics:

num_allocs_failed_limit: 0.
num_arena_births: 244.
num_arena_deaths: 0.
num_vsnodes_births: 2.
num_vsnodes_deaths: 0.
num_space_committed: 280.
num_space_uncommitted: 0.
num_chunks_returned_to_freelist: 0.
num_chunks_taken_from_freelist: 841.
num_chunk_merges: 0.
num_chunk_splits: 551.
num_chunks_enlarged: 393.
num_inconsistent_stats: 0.

CodeHeap 'non-profiled nmethods': size=120000Kb used=1184Kb max_used=1184Kb free=118815Kb
 bounds [0x0000014645f60000, 0x00000146461d0000, 0x000001464d490000]
CodeHeap 'profiled nmethods': size=120000Kb used=4867Kb max_used=4867Kb free=115133Kb
 bounds [0x000001463e490000, 0x000001463e960000, 0x00000146459c0000]
CodeHeap 'non-nmethods': size=5760Kb used=1227Kb max_used=1277Kb free=4532Kb
 bounds [0x00000146459c0000, 0x0000014645c30000, 0x0000014645f60000]
 total_blobs=2886 nmethods=2354 adapters=444
 compilation: enabled
              stopped_count=0, restarted_count=0
 full_count=0

Compilation events (20 events):
Event: 1.461 Thread 0x00000146553e0090 2335       3       java.lang.invoke.DirectMethodHandle$Constructor::<init> (44 bytes)
Event: 1.461 Thread 0x00000146553e0090 nmethod 2335 0x000001463e941890 code [0x000001463e941a40, 0x000001463e941c68]
Event: 1.465 Thread 0x00000146553e0090 2336       3       sun.security.provider.MD5::FF (33 bytes)
Event: 1.465 Thread 0x00000146553e0090 nmethod 2336 0x000001463e941d10 code [0x000001463e941ea0, 0x000001463e941fb8]
Event: 1.465 Thread 0x00000146553e0090 2337       3       sun.security.provider.MD5::GG (33 bytes)
Event: 1.465 Thread 0x00000146553e0090 nmethod 2337 0x000001463e942090 code [0x000001463e942220, 0x000001463e942338]
Event: 1.465 Thread 0x00000146553e0090 2338       3       sun.security.provider.MD5::HH (29 bytes)
Event: 1.465 Thread 0x00000146553e0090 nmethod 2338 0x000001463e942410 code [0x000001463e9425a0, 0x000001463e9426b8]
Event: 1.465 Thread 0x00000146553e0090 2339       3       sun.security.provider.MD5::II (31 bytes)
Event: 1.465 Thread 0x00000146553e0090 nmethod 2339 0x000001463e942790 code [0x000001463e942920, 0x000001463e942a38]
Event: 1.465 Thread 0x00000146553e0090 2340       3       jdk.internal.reflect.MethodAccessorImpl::<init> (5 bytes)
Event: 1.465 Thread 0x00000146553e0090 nmethod 2340 0x000001463e942b10 code [0x000001463e942cc0, 0x000001463e942e78]
Event: 1.466 Thread 0x00000146553e0090 2341       3       java.util.concurrent.locks.ReentrantLock$NonfairSync::<init> (5 bytes)
Event: 1.466 Thread 0x00000146553e0090 nmethod 2341 0x000001463e942f90 code [0x000001463e943140, 0x000001463e9433b8]
Event: 1.470 Thread 0x00000146553e0090 2344       3       java.util.concurrent.locks.AbstractQueuedSynchronizer::release (19 bytes)
Event: 1.470 Thread 0x00000146553e0090 nmethod 2344 0x000001463e943510 code [0x000001463e943700, 0x000001463e943b88]
Event: 1.470 Thread 0x00000146553e0090 2346       3       java.util.concurrent.locks.ReentrantLock$Sync::tryRelease (51 bytes)
Event: 1.471 Thread 0x00000146553e0090 nmethod 2346 0x000001463e943d10 code [0x000001463e943ec0, 0x000001463e944208]
Event: 1.471 Thread 0x00000146553e0090 2345       3       java.util.concurrent.locks.AbstractQueuedSynchronizer::compareAndSetState (13 bytes)
Event: 1.471 Thread 0x00000146553e0090 nmethod 2345 0x000001463e944310 code [0x000001463e9444a0, 0x000001463e9445d8]

GC Heap History (4 events):
Event: 0.371 GC heap before
{Heap before GC invocations=0 (full 0):
 garbage-first heap   total 251904K, used 26624K [0x0000000080000000, 0x0000000100000000)
  region size 1024K, 23 young (23552K), 0 survivors (0K)
 Metaspace       used 3022K, committed 3200K, reserved 1114112K
  class space    used 380K, committed 448K, reserved 1048576K
}
Event: 0.374 GC heap after
{Heap after GC invocations=1 (full 0):
 garbage-first heap   total 251904K, used 10467K [0x0000000080000000, 0x0000000100000000)
  region size 1024K, 3 young (3072K), 3 survivors (3072K)
 Metaspace       used 3022K, committed 3200K, reserved 1114112K
  class space    used 380K, committed 448K, reserved 1048576K
}
Event: 0.596 GC heap before
{Heap before GC invocations=1 (full 0):
 garbage-first heap   total 251904K, used 39139K [0x0000000080000000, 0x0000000100000000)
  region size 1024K, 31 young (31744K), 3 survivors (3072K)
 Metaspace       used 3942K, committed 4096K, reserved 1114112K
  class space    used 478K, committed 576K, reserved 1048576K
}
Event: 0.598 GC heap after
{Heap after GC invocations=2 (full 0):
 garbage-first heap   total 251904K, used 15046K [0x0000000080000000, 0x0000000100000000)
  region size 1024K, 4 young (4096K), 4 survivors (4096K)
 Metaspace       used 3942K, committed 4096K, reserved 1114112K
  class space    used 478K, committed 576K, reserved 1048576K
}

Deoptimization events (20 events):
Event: 1.301 Thread 0x000001469b757a80 Uncommon trap: trap_request=0xffffff45 fr.pc=0x0000014646024d74 relative=0x0000000000000074
Event: 1.301 Thread 0x000001469b757a80 Uncommon trap: reason=unstable_if action=reinterpret pc=0x0000014646024d74 method=jdk.internal.misc.Unsafe.convEndian(ZI)I @ 4 c2
Event: 1.301 Thread 0x000001469b757a80 DEOPT PACKING pc=0x0000014646024d74 sp=0x0000000b61dfae20
Event: 1.301 Thread 0x000001469b757a80 DEOPT UNPACKING pc=0x0000014645a123a3 sp=0x0000000b61dfad28 mode 2
Event: 1.307 Thread 0x000001469b757a80 Uncommon trap: trap_request=0xffffff45 fr.pc=0x000001464601dab8 relative=0x0000000000000198
Event: 1.307 Thread 0x000001469b757a80 Uncommon trap: reason=unstable_if action=reinterpret pc=0x000001464601dab8 method=java.util.WeakHashMap.expungeStaleEntries()V @ 9 c2
Event: 1.308 Thread 0x000001469b757a80 DEOPT PACKING pc=0x000001464601dab8 sp=0x0000000b61dfa960
Event: 1.308 Thread 0x000001469b757a80 DEOPT UNPACKING pc=0x0000014645a123a3 sp=0x0000000b61dfa8f8 mode 2
Event: 1.362 Thread 0x000001469b757a80 DEOPT PACKING pc=0x000001463e8348c9 sp=0x0000000b61df8b40
Event: 1.362 Thread 0x000001469b757a80 DEOPT UNPACKING pc=0x0000014645a12b43 sp=0x0000000b61df8050 mode 0
Event: 1.375 Thread 0x000001469b757a80 DEOPT PACKING pc=0x000001463e8348ea sp=0x0000000b61dfbfc0
Event: 1.375 Thread 0x000001469b757a80 DEOPT UNPACKING pc=0x0000014645a12b43 sp=0x0000000b61dfb4d0 mode 0
Event: 1.386 Thread 0x000001469b757a80 DEOPT PACKING pc=0x000001463e8348c9 sp=0x0000000b61dfc690
Event: 1.386 Thread 0x000001469b757a80 DEOPT UNPACKING pc=0x0000014645a12b43 sp=0x0000000b61dfbba0 mode 0
Event: 1.391 Thread 0x000001469b757a80 DEOPT PACKING pc=0x000001463e8348ea sp=0x0000000b61dfba60
Event: 1.391 Thread 0x000001469b757a80 DEOPT UNPACKING pc=0x0000014645a12b43 sp=0x0000000b61dfaf70 mode 0
Event: 1.414 Thread 0x000001469b757a80 Uncommon trap: trap_request=0xffffff45 fr.pc=0x0000014646068420 relative=0x0000000000000160
Event: 1.414 Thread 0x000001469b757a80 Uncommon trap: reason=unstable_if action=reinterpret pc=0x0000014646068420 method=java.util.HashMap.getNode(Ljava/lang/Object;)Ljava/util/HashMap$Node; @ 131 c2
Event: 1.414 Thread 0x000001469b757a80 DEOPT PACKING pc=0x0000014646068420 sp=0x0000000b61dfb2c0
Event: 1.414 Thread 0x000001469b757a80 DEOPT UNPACKING pc=0x0000014645a123a3 sp=0x0000000b61dfb1e0 mode 2

Classes unloaded (0 events):
No events

Classes redefined (0 events):
No events

Internal exceptions (20 events):
Event: 1.117 Thread 0x000001469b757a80 Exception <a 'java/lang/NoSuchMethodError'{0x000000008cf0ca48}: 'void java.lang.invoke.DirectMethodHandle$Holder.invokeSpecial(java.lang.Object, java.lang.Object, java.lang.Object, java.lang.Object, java.lang.Object)'> (0x000000008cf0ca48) 
thrown [s\open\src\hotspot\share\interpreter\linkResolver.cpp, line 759]
Event: 1.146 Thread 0x000001469b757a80 Exception <a 'java/lang/NoSuchMethodError'{0x000000008cd96de0}: 'void java.lang.invoke.DelegatingMethodHandle$Holder.reinvoke_L(java.lang.Object, java.lang.Object, java.lang.Object, java.lang.Object, java.lang.Object, java.lang.Object, java.lang.Object, java.lang.Object, java.lang.Object, java.lang.Object, java.lang.Object)'> (0x000000008cd96de0) 
thrown [s\open\src\hotspot\share\interpreter\linkResolver.cpp, line 759]
Event: 1.146 Thread 0x000001469b757a80 Exception <a 'java/lang/NoSuchMethodError'{0x000000008cd9f8e0}: 'java.lang.Object java.lang.invoke.DirectMethodHandle$Holder.invokeSpecial(java.lang.Object, java.lang.Object, java.lang.Object, java.lang.Object, java.lang.Object, java.lang.Object, java.lang.Object, java.lang.Object, java.lang.Object, java.lang.Object, java.lang.Object)'> (0x000000008cd9f8e0) 
thrown [s\open\src\hotspot\share\interpreter\linkResolver.cpp, line 759]
Event: 1.146 Thread 0x000001469b757a80 Exception <a 'java/lang/NoSuchMethodError'{0x000000008cda43a8}: 'java.lang.Object java.lang.invoke.Invokers$Holder.invoker(java.lang.Object, java.lang.Object, java.lang.Object, java.lang.Object, java.lang.Object, java.lang.Object, java.lang.Object, java.lang.Object, java.lang.Object, java.lang.Object, java.lang.Object)'> (0x000000008cda43a8) 
thrown [s\open\src\hotspot\share\interpreter\linkResolver.cpp, line 759]
Event: 1.146 Thread 0x000001469b757a80 Exception <a 'java/lang/NoSuchMethodError'{0x000000008cdaa1a0}: 'java.lang.Object java.lang.invoke.DirectMethodHandle$Holder.invokeSpecial(java.lang.Object, java.lang.Object, java.lang.Object, java.lang.Object, java.lang.Object, java.lang.Object, java.lang.Object, java.lang.Object, java.lang.Object, java.lang.Object, java.lang.Object, java.lang.Object)'> (0x000000008cdaa1a0) 
thrown [s\open\src\hotspot\share\interpreter\linkResolver.cpp, line 759]
Event: 1.157 Thread 0x000001469b757a80 Exception <a 'java/lang/NoSuchMethodError'{0x000000008ccb5f70}: 'java.lang.Object java.lang.invoke.DirectMethodHandle$Holder.invokeSpecial(java.lang.Object, java.lang.Object, java.lang.Object, java.lang.Object, java.lang.Object, java.lang.Object, java.lang.Object, java.lang.Object, java.lang.Object)'> (0x000000008ccb5f70) 
thrown [s\open\src\hotspot\share\interpreter\linkResolver.cpp, line 759]
Event: 1.185 Thread 0x000001469b757a80 Exception <a 'java/lang/NoSuchMethodError'{0x000000008c9e2b68}: 'void java.lang.invoke.DirectMethodHandle$Holder.invokeStaticInit(java.lang.Object)'> (0x000000008c9e2b68) 
thrown [s\open\src\hotspot\share\interpreter\linkResolver.cpp, line 759]
Event: 1.192 Thread 0x000001469b757a80 Exception <a 'java/lang/NoSuchMethodError'{0x000000008c8752f0}: 'java.lang.Object java.lang.invoke.DirectMethodHandle$Holder.newInvokeSpecial(java.lang.Object, java.lang.Object, java.lang.Object, int)'> (0x000000008c8752f0) 
thrown [s\open\src\hotspot\share\interpreter\linkResolver.cpp, line 759]
Event: 1.193 Thread 0x000001469b757a80 Exception <a 'java/lang/NoSuchMethodError'{0x000000008c879c20}: 'java.lang.Object java.lang.invoke.DirectMethodHandle$Holder.invokeSpecial(java.lang.Object, java.lang.Object, java.lang.Object, java.lang.Object, int)'> (0x000000008c879c20) 
thrown [s\open\src\hotspot\share\interpreter\linkResolver.cpp, line 759]
Event: 1.193 Thread 0x000001469b757a80 Exception <a 'java/lang/NoSuchMethodError'{0x000000008c87dd38}: 'java.lang.Object java.lang.invoke.Invokers$Holder.linkToTargetMethod(java.lang.Object, java.lang.Object, int, java.lang.Object)'> (0x000000008c87dd38) 
thrown [s\open\src\hotspot\share\interpreter\linkResolver.cpp, line 759]
Event: 1.315 Thread 0x000001469b757a80 Exception <a 'java/lang/NoSuchMethodError'{0x000000008bbb2290}: 'int java.lang.invoke.DirectMethodHandle$Holder.invokeSpecialIFC(java.lang.Object, java.lang.Object, java.lang.Object, java.lang.Object)'> (0x000000008bbb2290) 
thrown [s\open\src\hotspot\share\interpreter\linkResolver.cpp, line 759]
Event: 1.316 Thread 0x000001469b757a80 Exception <a 'java/lang/NoSuchMethodError'{0x000000008bbc1268}: 'java.lang.Object java.lang.invoke.DirectMethodHandle$Holder.invokeInterface(java.lang.Object, java.lang.Object, java.lang.Object)'> (0x000000008bbc1268) 
thrown [s\open\src\hotspot\share\interpreter\linkResolver.cpp, line 759]
Event: 1.316 Thread 0x000001469b757a80 Exception <a 'java/lang/IncompatibleClassChangeError'{0x000000008bbc4e80}: Found class java.lang.Object, but interface was expected> (0x000000008bbc4e80) 
thrown [s\open\src\hotspot\share\interpreter\linkResolver.cpp, line 826]
Event: 1.327 Thread 0x000001469b757a80 Exception <a 'java/lang/NoSuchMethodError'{0x000000008ba91548}: 'int java.lang.invoke.DirectMethodHandle$Holder.invokeStatic(java.lang.Object, java.lang.Object, java.lang.Object, java.lang.Object)'> (0x000000008ba91548) 
thrown [s\open\src\hotspot\share\interpreter\linkResolver.cpp, line 759]
Event: 1.327 Thread 0x000001469b757a80 Exception <a 'java/lang/NoSuchMethodError'{0x000000008ba95170}: 'java.lang.Object java.lang.invoke.Invokers$Holder.invokeExact_MT(java.lang.Object, java.lang.Object, java.lang.Object, java.lang.Object, java.lang.Object, java.lang.Object)'> (0x000000008ba95170) 
thrown [s\open\src\hotspot\share\interpreter\linkResolver.cpp, line 759]
Event: 1.397 Thread 0x000001469b757a80 Exception <a 'java/lang/NoSuchMethodError'{0x000000008b2b7f70}: 'void java.lang.invoke.DirectMethodHandle$Holder.invokeStatic(java.lang.Object, java.lang.Object)'> (0x000000008b2b7f70) 
thrown [s\open\src\hotspot\share\interpreter\linkResolver.cpp, line 759]
Event: 1.401 Thread 0x000001469b757a80 Exception <a 'java/lang/NoSuchMethodError'{0x000000008b117d08}: 'java.lang.Object java.lang.invoke.DirectMethodHandle$Holder.invokeVirtual(java.lang.Object, java.lang.Object, java.lang.Object, java.lang.Object)'> (0x000000008b117d08) 
thrown [s\open\src\hotspot\share\interpreter\linkResolver.cpp, line 759]
Event: 1.419 Thread 0x000001469b757a80 Exception <a 'java/lang/NoSuchMethodError'{0x000000008b0b77b8}: 'java.lang.Object java.lang.invoke.DirectMethodHandle$Holder.newInvokeSpecial(java.lang.Object, java.lang.Object, java.lang.Object, java.lang.Object, java.lang.Object, java.lang.Object, java.lang.Object)'> (0x000000008b0b77b8) 
thrown [s\open\src\hotspot\share\interpreter\linkResolver.cpp, line 759]
Event: 1.420 Thread 0x000001469b757a80 Exception <a 'java/lang/NoSuchMethodError'{0x000000008b0bc488}: 'java.lang.Object java.lang.invoke.Invokers$Holder.linkToTargetMethod(java.lang.Object, java.lang.Object, java.lang.Object, java.lang.Object, java.lang.Object, java.lang.Object, java.lang.Object)'> (0x000000008b0bc488) 
thrown [s\open\src\hotspot\share\interpreter\linkResolver.cpp, line 759]
Event: 1.435 Thread 0x000001469b757a80 Exception <a 'java/lang/NoSuchMethodError'{0x000000008ae0db08}: 'java.lang.Object java.lang.invoke.DirectMethodHandle$Holder.invokeVirtual(java.lang.Object, java.lang.Object, java.lang.Object, java.lang.Object, java.lang.Object, java.lang.Object, java.lang.Object, java.lang.Object, java.lang.Object, java.lang.Object, java.lang.Object, java.lang.Object, java.lang.Object, java.lang.Object, java.lang.Object, java.lang.Object, java.lang.Object, java.lang.Object, java.lang.Object, java.lang.Object, java.lang.Ob

VM Operations (20 events):
Event: 0.688 Executing VM operation: HandshakeAllThreads
Event: 0.688 Executing VM operation: HandshakeAllThreads done
Event: 0.706 Executing VM operation: HandshakeAllThreads
Event: 0.706 Executing VM operation: HandshakeAllThreads done
Event: 0.737 Executing VM operation: HandshakeAllThreads
Event: 0.737 Executing VM operation: HandshakeAllThreads done
Event: 0.766 Executing VM operation: HandshakeAllThreads
Event: 0.766 Executing VM operation: HandshakeAllThreads done
Event: 0.816 Executing VM operation: HandshakeAllThreads
Event: 0.817 Executing VM operation: HandshakeAllThreads done
Event: 0.959 Executing VM operation: HandshakeAllThreads
Event: 0.959 Executing VM operation: HandshakeAllThreads done
Event: 0.987 Executing VM operation: HandshakeAllThreads
Event: 0.987 Executing VM operation: HandshakeAllThreads done
Event: 1.186 Executing VM operation: ICBufferFull
Event: 1.186 Executing VM operation: ICBufferFull done
Event: 1.244 Executing VM operation: HandshakeAllThreads
Event: 1.244 Executing VM operation: HandshakeAllThreads done
Event: 1.244 Executing VM operation: HandshakeAllThreads
Event: 1.244 Executing VM operation: HandshakeAllThreads done

Events (20 events):
Event: 1.312 loading class java/nio/file/attribute/PosixFilePermissions$1
Event: 1.312 loading class java/nio/file/attribute/PosixFilePermissions$1 done
Event: 1.313 loading class java/util/concurrent/Semaphore
Event: 1.313 loading class java/util/concurrent/Semaphore done
Event: 1.314 loading class java/nio/file/FileVisitOption
Event: 1.314 loading class java/nio/file/FileVisitOption done
Event: 1.317 loading class java/util/stream/ReduceOps$1
Event: 1.317 loading class java/util/stream/ReduceOps$1 done
Event: 1.317 loading class java/util/stream/ReduceOps$1ReducingSink
Event: 1.317 loading class java/util/stream/ReduceOps$1ReducingSink done
Event: 1.386 loading class javax/xml/parsers/ParserConfigurationException
Event: 1.387 loading class javax/xml/parsers/ParserConfigurationException done
Event: 1.387 loading class org/xml/sax/SAXException
Event: 1.387 loading class org/xml/sax/SAXException done
Event: 1.387 loading class javax/xml/xpath/XPathExpressionException
Event: 1.387 loading class javax/xml/xpath/XPathException
Event: 1.387 loading class javax/xml/xpath/XPathException done
Event: 1.387 loading class javax/xml/xpath/XPathExpressionException done
Event: 1.387 loading class org/xml/sax/ErrorHandler
Event: 1.387 loading class org/xml/sax/ErrorHandler done


Dynamic libraries:
0x00007ff6edff0000 - 0x00007ff6ee000000 	C:\Program Files\Java\jdk-17\bin\java.exe
0x00007ffa98190000 - 0x00007ffa983a7000 	C:\WINDOWS\SYSTEM32\ntdll.dll
0x00007ffa96a20000 - 0x00007ffa96ae4000 	C:\WINDOWS\System32\KERNEL32.DLL
0x00007ffa95720000 - 0x00007ffa95ac7000 	C:\WINDOWS\System32\KERNELBASE.dll
0x00007ffa95c60000 - 0x00007ffa95d71000 	C:\WINDOWS\System32\ucrtbase.dll
0x00007ffa8f210000 - 0x00007ffa8f229000 	C:\Program Files\Java\jdk-17\bin\jli.dll
0x00007ffa96970000 - 0x00007ffa96a20000 	C:\WINDOWS\System32\ADVAPI32.dll
0x00007ffa96680000 - 0x00007ffa96727000 	C:\WINDOWS\System32\msvcrt.dll
0x00007ffa8f1f0000 - 0x00007ffa8f20b000 	C:\Program Files\Java\jdk-17\bin\VCRUNTIME140.dll
0x00007ffa97ec0000 - 0x00007ffa97f66000 	C:\WINDOWS\System32\sechost.dll
0x00007ffa96000000 - 0x00007ffa96117000 	C:\WINDOWS\System32\RPCRT4.dll
0x00007ffa97cb0000 - 0x00007ffa97e5e000 	C:\WINDOWS\System32\USER32.dll
0x00007ffa7e650000 - 0x00007ffa7e8e3000 	C:\WINDOWS\WinSxS\amd64_microsoft.windows.common-controls_6595b64144ccf1df_6.0.22621.2506_none_270c5ae97388e100\COMCTL32.dll
0x00007ffa95ec0000 - 0x00007ffa95ee6000 	C:\WINDOWS\System32\win32u.dll
0x00007ffa95ef0000 - 0x00007ffa95f19000 	C:\WINDOWS\System32\GDI32.dll
0x00007ffa95ad0000 - 0x00007ffa95be9000 	C:\WINDOWS\System32\gdi32full.dll
0x00007ffa95680000 - 0x00007ffa9571a000 	C:\WINDOWS\System32\msvcp_win.dll
0x00007ffa8eb60000 - 0x00007ffa8eb6a000 	C:\WINDOWS\SYSTEM32\VERSION.dll
0x00007ffa96790000 - 0x00007ffa967c1000 	C:\WINDOWS\System32\IMM32.DLL
0x00007ffa8f430000 - 0x00007ffa8f43c000 	C:\Program Files\Java\jdk-17\bin\vcruntime140_1.dll
0x00007ffa65f50000 - 0x00007ffa65fde000 	C:\Program Files\Java\jdk-17\bin\msvcp140.dll
0x00007ffa54940000 - 0x00007ffa55521000 	C:\Program Files\Java\jdk-17\bin\server\jvm.dll
0x00007ffa96120000 - 0x00007ffa96128000 	C:\WINDOWS\System32\PSAPI.DLL
0x00007ffa92820000 - 0x00007ffa92829000 	C:\WINDOWS\SYSTEM32\WSOCK32.dll
0x00007ffa8e620000 - 0x00007ffa8e654000 	C:\WINDOWS\SYSTEM32\WINMM.dll
0x00007ffa970b0000 - 0x00007ffa97121000 	C:\WINDOWS\System32\WS2_32.dll
0x00007ffa944b0000 - 0x00007ffa944c8000 	C:\WINDOWS\SYSTEM32\kernel.appcore.dll
0x00007ffa8f1e0000 - 0x00007ffa8f1ea000 	C:\Program Files\Java\jdk-17\bin\jimage.dll
0x00007ffa8c490000 - 0x00007ffa8c6c3000 	C:\WINDOWS\SYSTEM32\DBGHELP.DLL
0x00007ffa962f0000 - 0x00007ffa96679000 	C:\WINDOWS\System32\combase.dll
0x00007ffa95f20000 - 0x00007ffa95ff7000 	C:\WINDOWS\System32\OLEAUT32.dll
0x00007ffa83380000 - 0x00007ffa833b2000 	C:\WINDOWS\SYSTEM32\dbgcore.DLL
0x00007ffa95e40000 - 0x00007ffa95eba000 	C:\WINDOWS\System32\bcryptPrimitives.dll
0x00007ffa685e0000 - 0x00007ffa68605000 	C:\Program Files\Java\jdk-17\bin\java.dll
0x00007ffa65e70000 - 0x00007ffa65f47000 	C:\Program Files\Java\jdk-17\bin\jsvml.dll
0x00007ffa97130000 - 0x00007ffa97989000 	C:\WINDOWS\System32\SHELL32.dll
0x00007ffa93430000 - 0x00007ffa93d24000 	C:\WINDOWS\SYSTEM32\windows.storage.dll
0x00007ffa932f0000 - 0x00007ffa9342e000 	C:\WINDOWS\SYSTEM32\wintypes.dll
0x00007ffa979a0000 - 0x00007ffa97a93000 	C:\WINDOWS\System32\SHCORE.dll
0x00007ffa96730000 - 0x00007ffa9678e000 	C:\WINDOWS\System32\shlwapi.dll
0x00007ffa95440000 - 0x00007ffa95466000 	C:\WINDOWS\SYSTEM32\profapi.dll
0x00007ffa759e0000 - 0x00007ffa759f9000 	C:\Program Files\Java\jdk-17\bin\net.dll
0x00007ffa8dcf0000 - 0x00007ffa8de27000 	C:\WINDOWS\SYSTEM32\WINHTTP.dll
0x00007ffa94990000 - 0x00007ffa949f9000 	C:\WINDOWS\system32\mswsock.dll
0x00007ffa71ee0000 - 0x00007ffa71ef6000 	C:\Program Files\Java\jdk-17\bin\nio.dll
0x00007ffa6f190000 - 0x00007ffa6f1a8000 	C:\Program Files\Java\jdk-17\bin\zip.dll
0x00007ffa8f1d0000 - 0x00007ffa8f1e0000 	C:\Program Files\Java\jdk-17\bin\verify.dll
0x00007ffa74850000 - 0x00007ffa74877000 	C:\Users\PC\.gradle\native\68d5fa5c4cc2d200863cafc0d521ce42e7d3e7ee720ec0a83991735586a16f82\windows-amd64\native-platform.dll
0x00007ffa5dae0000 - 0x00007ffa5dc24000 	C:\Users\PC\.gradle\native\e376f236ea51e6404a007f0833ffe2c6e607c4080706a723a18a27aeea778392\windows-amd64\native-platform-file-events.dll
0x00007ffa73c10000 - 0x00007ffa73c1a000 	C:\Program Files\Java\jdk-17\bin\management.dll
0x00007ffa6fff0000 - 0x00007ffa6fffb000 	C:\Program Files\Java\jdk-17\bin\management_ext.dll
0x00007ffa94be0000 - 0x00007ffa94bfb000 	C:\WINDOWS\SYSTEM32\CRYPTSP.dll
0x00007ffa94470000 - 0x00007ffa944a5000 	C:\WINDOWS\system32\rsaenh.dll
0x00007ffa94a80000 - 0x00007ffa94aac000 	C:\WINDOWS\SYSTEM32\USERENV.dll
0x00007ffa94e40000 - 0x00007ffa94e68000 	C:\WINDOWS\SYSTEM32\bcrypt.dll
0x00007ffa94c00000 - 0x00007ffa94c0c000 	C:\WINDOWS\SYSTEM32\CRYPTBASE.dll
0x00007ffa93f90000 - 0x00007ffa93fbd000 	C:\WINDOWS\SYSTEM32\IPHLPAPI.DLL
0x00007ffa96c00000 - 0x00007ffa96c09000 	C:\WINDOWS\System32\NSI.dll
0x00007ffa8e1b0000 - 0x00007ffa8e1c9000 	C:\WINDOWS\SYSTEM32\dhcpcsvc6.DLL
0x00007ffa8db40000 - 0x00007ffa8db5f000 	C:\WINDOWS\SYSTEM32\dhcpcsvc.DLL
0x00007ffa94000000 - 0x00007ffa940f9000 	C:\WINDOWS\SYSTEM32\DNSAPI.dll
0x00007ffa6edc0000 - 0x00007ffa6edce000 	C:\Program Files\Java\jdk-17\bin\sunmscapi.dll
0x00007ffa95510000 - 0x00007ffa95676000 	C:\WINDOWS\System32\CRYPT32.dll
0x00007ffa94e10000 - 0x00007ffa94e3d000 	C:\WINDOWS\SYSTEM32\ncrypt.dll
0x00007ffa94dd0000 - 0x00007ffa94e07000 	C:\WINDOWS\SYSTEM32\NTASN1.dll
0x00007ffa75130000 - 0x00007ffa75138000 	C:\WINDOWS\system32\wshunix.dll

dbghelp: loaded successfully - version: 4.0.5 - missing functions: none
symbol engine: initialized successfully - sym options: 0x614 - pdb path: .;C:\Program Files\Java\jdk-17\bin;C:\WINDOWS\SYSTEM32;C:\WINDOWS\WinSxS\amd64_microsoft.windows.common-controls_6595b64144ccf1df_6.0.22621.2506_none_270c5ae97388e100;C:\Program Files\Java\jdk-17\bin\server;C:\Users\PC\.gradle\native\68d5fa5c4cc2d200863cafc0d521ce42e7d3e7ee720ec0a83991735586a16f82\windows-amd64;C:\Users\PC\.gradle\native\e376f236ea51e6404a007f0833ffe2c6e607c4080706a723a18a27aeea778392\windows-amd64

VM Arguments:
jvm_args: --add-opens=java.base/java.util=ALL-UNNAMED --add-opens=java.base/java.lang=ALL-UNNAMED --add-opens=java.base/java.lang.invoke=ALL-UNNAMED --add-opens=java.prefs/java.util.prefs=ALL-UNNAMED --add-opens=java.base/java.nio.charset=ALL-UNNAMED --add-opens=java.base/java.net=ALL-UNNAMED --add-opens=java.base/java.util.concurrent.atomic=ALL-UNNAMED -Xmx2048m -Dfile.encoding=UTF-8 -Duser.country=US -Duser.language=en -Duser.variant 
java_command: org.gradle.launcher.daemon.bootstrap.GradleDaemon 8.0
java_class_path (initial): C:\Users\PC\.gradle\wrapper\dists\gradle-8.0-bin\ca5e32bp14vu59qr306oxotwh\gradle-8.0\lib\gradle-launcher-8.0.jar
Launcher Type: SUN_STANDARD

[Global flags]
     intx CICompilerCount                          = 4                                         {product} {ergonomic}
     uint ConcGCThreads                            = 3                                         {product} {ergonomic}
     uint G1ConcRefinementThreads                  = 10                                        {product} {ergonomic}
   size_t G1HeapRegionSize                         = 1048576                                   {product} {ergonomic}
    uintx GCDrainStackTargetSize                   = 64                                        {product} {ergonomic}
   size_t InitialHeapSize                          = 257949696                                 {product} {ergonomic}
   size_t MarkStackSize                            = 4194304                                   {product} {ergonomic}
   size_t MaxHeapSize                              = 2147483648                                {product} {command line}
   size_t MaxNewSize                               = 1287651328                                {product} {ergonomic}
   size_t MinHeapDeltaBytes                        = 1048576                                   {product} {ergonomic}
   size_t MinHeapSize                              = 8388608                                   {product} {ergonomic}
    uintx NonNMethodCodeHeapSize                   = 5839372                                {pd product} {ergonomic}
    uintx NonProfiledCodeHeapSize                  = 122909434                              {pd product} {ergonomic}
    uintx ProfiledCodeHeapSize                     = 122909434                              {pd product} {ergonomic}
    uintx ReservedCodeCacheSize                    = 251658240                              {pd product} {ergonomic}
     bool SegmentedCodeCache                       = true                                      {product} {ergonomic}
   size_t SoftMaxHeapSize                          = 2147483648                             {manageable} {ergonomic}
     bool UseCompressedClassPointers               = true                           {product lp64_product} {ergonomic}
     bool UseCompressedOops                        = true                           {product lp64_product} {ergonomic}
     bool UseG1GC                                  = true                                      {product} {ergonomic}
     bool UseLargePagesIndividualAllocation        = false                                  {pd product} {ergonomic}

Logging:
Log output configuration:
 #0: stdout all=warning uptime,level,tags
 #1: stderr all=off uptime,level,tags

Environment Variables:
JAVA_HOME=C:\Program Files\Java\jdk-17\bin
PATH=C:\Program Files\Common Files\Oracle\Java\javapath;C:\Program Files (x86)\Common Files\Oracle\Java\javapath;C:\Program Files (x86)\Common Files\Intel\Shared Libraries\redist\intel64\compiler;C:\WINDOWS\system32;C:\WINDOWS;C:\WINDOWS\System32\Wbem;C:\WINDOWS\System32\WindowsPowerShell\v1.0\;C:\WINDOWS\System32\OpenSSH\;C:\ProgramData\chocolatey\bin;C:\Program Files\Git\cmd;C:\Program Files\Java\jdk-21\bin;C:\Program Files\Java\jre-1.8\bin;C:\Users\PC\AppData\Roaming\nvm;C:\Program Files\nodejs;C:\Users\PC\AppData\Local\Programs\Python\Python312;C:\Users\PC\AppData\Local\Programs\Python\Python312\Scripts;C:\Users\PC\.cargo\bin;C:\Users\PC\AppData\Local\Microsoft\WindowsApps;C:\Users\PC\AppData\Local\Programs\Microsoft VS Code\bin;C:\Program Files\JetBrains\IntelliJ IDEA 2023.2.3\bin;;C:\Users\PC\AppData\Roaming\nvm;C:\Program Files\nodejs;
USERNAME=PC
OS=Windows_NT
PROCESSOR_IDENTIFIER=AMD64 Family 25 Model 80 Stepping 0, AuthenticAMD



---------------  S Y S T E M  ---------------

OS:
 Windows 11 , 64 bit Build 22621 (10.0.22621.2506)
OS uptime: 0 days 2:03 hours

CPU: total 12 (initial active 12) (12 cores per cpu, 2 threads per core) family 25 model 80 stepping 0 microcode 0x0, cx8, cmov, fxsr, ht, mmx, 3dnowpref, sse, sse2, sse3, ssse3, sse4a, sse4.1, sse4.2, popcnt, lzcnt, tsc, tscinvbit, avx, avx2, aes, erms, clmul, bmi1, bmi2, adx, sha, fma, vzeroupper, clflush, clflushopt

Memory: 4k page, system-wide physical 15741M (3122M free)
TotalPageFile size 17789M (AvailPageFile size 6M)
current process WorkingSet (physical memory assigned to process): 228M, peak: 228M
current process commit charge ("private bytes"): 443M, peak: 444M

vm_info: Java HotSpot(TM) 64-Bit Server VM (17.0.9+11-LTS-201) for windows-amd64 JRE (17.0.9+11-LTS-201), built on Oct 10 2023 23:16:06 by "mach5one" with MS VC++ 17.1 (VS2022)

END.
