#
# There is insufficient memory for the Java Runtime Environment to continue.
# Native memory allocation (mmap) failed to map 37748736 bytes for G1 virtual space
# Possible reasons:
#   The system is out of physical RAM or swap space
#   The process is running with CompressedOops enabled, and the Java Heap may be blocking the growth of the native heap
# Possible solutions:
#   Reduce memory load on the system
#   Increase physical memory or swap space
#   Check if swap backing store is full
#   Decrease Java heap size (-Xmx/-Xms)
#   Decrease number of Java threads
#   Decrease Java thread stack sizes (-Xss)
#   Set larger code cache with -XX:ReservedCodeCacheSize=
#   JVM is running with Unscaled Compressed Oops mode in which the Java heap is
#     placed in the first 4GB address space. The Java Heap base address is the
#     maximum limit for the native heap growth. Please use -XX:HeapBaseMinAddress
#     to set the Java Heap base and to place the Java Heap above 4GB virtual address.
# This output file may be truncated or incomplete.
#
#  Out of Memory Error (os_windows.cpp:3552), pid=7776, tid=19404
#
# JRE version: Java(TM) SE Runtime Environment (17.0.9+11) (build 17.0.9+11-LTS-201)
# Java VM: Java HotSpot(TM) 64-Bit Server VM (17.0.9+11-LTS-201, mixed mode, sharing, tiered, compressed oops, compressed class ptrs, g1 gc, windows-amd64)
# No core dump will be written. Minidumps are not enabled by default on client versions of Windows
#

---------------  S U M M A R Y ------------

Command Line: --add-opens=java.base/java.util=ALL-UNNAMED --add-opens=java.base/java.lang=ALL-UNNAMED --add-opens=java.base/java.lang.invoke=ALL-UNNAMED --add-opens=java.prefs/java.util.prefs=ALL-UNNAMED --add-opens=java.base/java.nio.charset=ALL-UNNAMED --add-opens=java.base/java.net=ALL-UNNAMED --add-opens=java.base/java.util.concurrent.atomic=ALL-UNNAMED -Xmx2048m -Dfile.encoding=UTF-8 -Duser.country=US -Duser.language=en -Duser.variant org.gradle.launcher.daemon.bootstrap.GradleDaemon 8.0

Host: AMD Ryzen 5 5600G with Radeon Graphics         , 12 cores, 15G,  Windows 11 , 64 bit Build 22621 (10.0.22621.2506)
Time: Tue Nov 14 00:56:21 2023 Hora estándar de Argentina elapsed time: 5.309956 seconds (0d 0h 0m 5s)

---------------  T H R E A D  ---------------

Current thread (0x0000021c32af3b00):  VMThread "VM Thread" [stack: 0x000000b2da100000,0x000000b2da200000] [id=19404]

Stack: [0x000000b2da100000,0x000000b2da200000]
Native frames: (J=compiled Java code, j=interpreted, Vv=VM code, C=native code)
V  [jvm.dll+0x678a4a]
V  [jvm.dll+0x7d9cfd]
V  [jvm.dll+0x7db60e]
V  [jvm.dll+0x7dbc73]
V  [jvm.dll+0x245e1f]
V  [jvm.dll+0x6758f9]
V  [jvm.dll+0x66a2a2]
V  [jvm.dll+0x303686]
V  [jvm.dll+0x30ac06]
V  [jvm.dll+0x35a48e]
V  [jvm.dll+0x35a6bf]
V  [jvm.dll+0x2da678]
V  [jvm.dll+0x2d8a85]
V  [jvm.dll+0x2d808c]
V  [jvm.dll+0x31b97b]
V  [jvm.dll+0x7e048b]
V  [jvm.dll+0x7e11c4]
V  [jvm.dll+0x7e16dd]
V  [jvm.dll+0x7e1ab4]
V  [jvm.dll+0x7e1b80]
V  [jvm.dll+0x78998a]
V  [jvm.dll+0x677875]
C  [ucrtbase.dll+0x29363]
C  [KERNEL32.DLL+0x1257d]
C  [ntdll.dll+0x5aa58]

VM_Operation (0x000000b2dbaef920): G1CollectForAllocation, mode: safepoint, requested by thread 0x0000021c7a547580


---------------  P R O C E S S  ---------------

Threads class SMR info:
_java_thread_list=0x0000021c7afff100, length=171, elements={
0x0000021c1448a440, 0x0000021c32afa720, 0x0000021c32afb5a0, 0x0000021c32b0f0c0,
0x0000021c32b0fc80, 0x0000021c32b12750, 0x0000021c32b18ba0, 0x0000021c32b229f0,
0x0000021c32b2d6e0, 0x0000021c32b2e0f0, 0x0000021c7812db60, 0x0000021c78130870,
0x0000021c783bfa50, 0x0000021c7866c9d0, 0x0000021c7aa19770, 0x0000021c7a2da1d0,
0x0000021c79f9b1c0, 0x0000021c79dc8c60, 0x0000021c782c3190, 0x0000021c7a305f20,
0x0000021c7a547580, 0x0000021c7a547070, 0x0000021c7a5484b0, 0x0000021c7a547a90,
0x0000021c7a5498f0, 0x0000021c7a547fa0, 0x0000021c7a5489c0, 0x0000021c7a5493e0,
0x0000021c7a549e00, 0x0000021c7a54a310, 0x0000021c7a54a820, 0x0000021c7c2c5940,
0x0000021c7c2c7290, 0x0000021c7c2c9b10, 0x0000021c7c2c77a0, 0x0000021c7c2c35d0,
0x0000021c7c2c7cb0, 0x0000021c7c2c3ff0, 0x0000021c7c2c86d0, 0x0000021c7c2caa40,
0x0000021c7c2c8be0, 0x0000021c7c2c90f0, 0x0000021c7c2c5e50, 0x0000021c7c2c9600,
0x0000021c7c2ca530, 0x0000021c7c2c81c0, 0x0000021c7c2c6360, 0x0000021c7c2c3ae0,
0x0000021c7c2c4f20, 0x0000021c7c2caf50, 0x0000021c7c2c6870, 0x0000021c7c2c5430,
0x0000021c7c6b2bc0, 0x0000021c7c6b3af0, 0x0000021c7c6b4f30, 0x0000021c7c6b1780,
0x0000021c7c6b81d0, 0x0000021c7c6b86e0, 0x0000021c7c6b5950, 0x0000021c7c6b6370,
0x0000021c7c6b5e60, 0x0000021c7c6b35e0, 0x0000021c7c6b6880, 0x0000021c7c6b6d90,
0x0000021c7c6b7cc0, 0x0000021c7c6b72a0, 0x0000021c7c6b26b0, 0x0000021c7c6b77b0,
0x0000021c7c6b4000, 0x0000021c7c6b21a0, 0x0000021c7c6b5440, 0x0000021c7c6b9100,
0x0000021c7c6b4510, 0x0000021c7c6b8bf0, 0x0000021c7c6b4a20, 0x0000021c7c6b1c90,
0x0000021c7c6b30d0, 0x0000021c7e5bda30, 0x0000021c7e5bdf40, 0x0000021c7e5c1c00,
0x0000021c7e5bb1b0, 0x0000021c7e5be450, 0x0000021c7e5ba790, 0x0000021c7e5c11e0,
0x0000021c7e5c0cd0, 0x0000021c7e5c16f0, 0x0000021c7e5c2110, 0x0000021c7e5baca0,
0x0000021c7e5bd520, 0x0000021c7e5bf890, 0x0000021c7e5bb6c0, 0x0000021c7e5bbbd0,
0x0000021c7e5bc0e0, 0x0000021c7e5c07c0, 0x0000021c7e5bfda0, 0x0000021c7e5bc5f0,
0x0000021c7e5c02b0, 0x0000021c7e5bcb00, 0x0000021c7e5bd010, 0x0000021c7e5bf380,
0x0000021c7e5be960, 0x0000021c7e5bee70, 0x0000021c7b83f7c0, 0x0000021c7b83a6c0,
0x0000021c7b83de70, 0x0000021c7b83d450, 0x0000021c7b83bb00, 0x0000021c7b83c010,
0x0000021c7b83c520, 0x0000021c7b83f2b0, 0x0000021c7b8401e0, 0x0000021c7b839ca0,
0x0000021c7b83eda0, 0x0000021c7b83cf40, 0x0000021c7b83d960, 0x0000021c7b83e380,
0x0000021c7b83e890, 0x0000021c7b8406f0, 0x0000021c7b83fcd0, 0x0000021c7b83ca30,
0x0000021c7b840c00, 0x0000021c7b83abd0, 0x0000021c7b841110, 0x0000021c7b841620,
0x0000021c7b83a1b0, 0x0000021c7b83b0e0, 0x0000021c7b83b5f0, 0x0000021c7dde09c0,
0x0000021c7dde2310, 0x0000021c7dddfa90, 0x0000021c7dddffa0, 0x0000021c7ddddc30,
0x0000021c7dde04b0, 0x0000021c7dddf070, 0x0000021c7ddde140, 0x0000021c7dde3c60,
0x0000021c7dde0ed0, 0x0000021c7dddeb60, 0x0000021c7dde2820, 0x0000021c7dde3750,
0x0000021c7ddde650, 0x0000021c7dddf580, 0x0000021c7dde1e00, 0x0000021c7dde13e0,
0x0000021c7dddc7f0, 0x0000021c7dde3240, 0x0000021c7dde18f0, 0x0000021c7dde2d30,
0x0000021c7dde4170, 0x0000021c7dddcd00, 0x0000021c7dddd210, 0x0000021c7dddd720,
0x0000021c7e298d70, 0x0000021c7e29a1b0, 0x0000021c7e299ca0, 0x0000021c7e29abd0,
0x0000021c7e298350, 0x0000021c7e297930, 0x0000021c7e299790, 0x0000021c7e29b0e0,
0x0000021c7e297e40, 0x0000021c7e29a6c0, 0x0000021c7e29b5f0, 0x0000021c7e299280,
0x0000021c7e29bb00, 0x0000021c7e298860, 0x0000021c7e29c010, 0x0000021c7e29cf40,
0x0000021c7e29c520, 0x0000021c7e29ca30, 0x0000021c7e29d960
}

Java Threads: ( => current thread )
  0x0000021c1448a440 JavaThread "main" [_thread_blocked, id=4608, stack(0x000000b2d9b00000,0x000000b2d9c00000)]
  0x0000021c32afa720 JavaThread "Reference Handler" daemon [_thread_blocked, id=3528, stack(0x000000b2da200000,0x000000b2da300000)]
  0x0000021c32afb5a0 JavaThread "Finalizer" daemon [_thread_blocked, id=15564, stack(0x000000b2da300000,0x000000b2da400000)]
  0x0000021c32b0f0c0 JavaThread "Signal Dispatcher" daemon [_thread_blocked, id=2752, stack(0x000000b2da400000,0x000000b2da500000)]
  0x0000021c32b0fc80 JavaThread "Attach Listener" daemon [_thread_blocked, id=6768, stack(0x000000b2da500000,0x000000b2da600000)]
  0x0000021c32b12750 JavaThread "Service Thread" daemon [_thread_blocked, id=15756, stack(0x000000b2da600000,0x000000b2da700000)]
  0x0000021c32b18ba0 JavaThread "Monitor Deflation Thread" daemon [_thread_blocked, id=852, stack(0x000000b2da700000,0x000000b2da800000)]
  0x0000021c32b229f0 JavaThread "C2 CompilerThread0" daemon [_thread_blocked, id=2812, stack(0x000000b2da800000,0x000000b2da900000)]
  0x0000021c32b2d6e0 JavaThread "C1 CompilerThread0" daemon [_thread_blocked, id=13172, stack(0x000000b2da900000,0x000000b2daa00000)]
  0x0000021c32b2e0f0 JavaThread "Sweeper thread" daemon [_thread_blocked, id=3056, stack(0x000000b2daa00000,0x000000b2dab00000)]
  0x0000021c7812db60 JavaThread "Common-Cleaner" daemon [_thread_blocked, id=16188, stack(0x000000b2dab00000,0x000000b2dac00000)]
  0x0000021c78130870 JavaThread "Notification Thread" daemon [_thread_blocked, id=13008, stack(0x000000b2dac00000,0x000000b2dad00000)]
  0x0000021c783bfa50 JavaThread "C2 CompilerThread1" daemon [_thread_blocked, id=18244, stack(0x000000b2dae00000,0x000000b2daf00000)]
  0x0000021c7866c9d0 JavaThread "C2 CompilerThread2" daemon [_thread_blocked, id=18856, stack(0x000000b2daf00000,0x000000b2db000000)]
  0x0000021c7aa19770 JavaThread "Daemon health stats" [_thread_blocked, id=16020, stack(0x000000b2db400000,0x000000b2db500000)]
  0x0000021c7a2da1d0 JavaThread "Incoming local TCP Connector on port 54707" [_thread_in_native, id=19012, stack(0x000000b2db500000,0x000000b2db600000)]
  0x0000021c79f9b1c0 JavaThread "Daemon periodic checks" [_thread_blocked, id=10808, stack(0x000000b2db600000,0x000000b2db700000)]
  0x0000021c79dc8c60 JavaThread "Daemon" [_thread_blocked, id=4324, stack(0x000000b2db700000,0x000000b2db800000)]
  0x0000021c782c3190 JavaThread "Handler for socket connection from /127.0.0.1:54707 to /127.0.0.1:54708" [_thread_in_native, id=12204, stack(0x000000b2db800000,0x000000b2db900000)]
  0x0000021c7a305f20 JavaThread "Cancel handler" [_thread_blocked, id=19192, stack(0x000000b2db900000,0x000000b2dba00000)]
  0x0000021c7a547580 JavaThread "Daemon worker" [_thread_blocked, id=11556, stack(0x000000b2dba00000,0x000000b2dbb00000)]
  0x0000021c7a547070 JavaThread "Asynchronous log dispatcher for DefaultDaemonConnection: socket connection from /127.0.0.1:54707 to /127.0.0.1:54708" [_thread_blocked, id=6044, stack(0x000000b2dbb00000,0x000000b2dbc00000)]
  0x0000021c7a5484b0 JavaThread "Stdin handler" [_thread_blocked, id=3908, stack(0x000000b2dbc00000,0x000000b2dbd00000)]
  0x0000021c7a547a90 JavaThread "Daemon client event forwarder" [_thread_blocked, id=18572, stack(0x000000b2dbd00000,0x000000b2dbe00000)]
  0x0000021c7a5498f0 JavaThread "Cache worker for journal cache (C:\Users\PC\.gradle\caches\journal-1)" [_thread_blocked, id=15640, stack(0x000000b2dbe00000,0x000000b2dbf00000)]
  0x0000021c7a547fa0 JavaThread "File lock request listener" [_thread_in_native, id=14612, stack(0x000000b2dbf00000,0x000000b2dc000000)]
  0x0000021c7a5489c0 JavaThread "Cache worker for file hash cache (C:\Users\PC\.gradle\caches\8.0\fileHashes)" [_thread_blocked, id=19276, stack(0x000000b2dc000000,0x000000b2dc100000)]
  0x0000021c7a5493e0 JavaThread "File watcher server" daemon [_thread_in_native, id=17376, stack(0x000000b2dc100000,0x000000b2dc200000)]
  0x0000021c7a549e00 JavaThread "File watcher consumer" daemon [_thread_blocked, id=13336, stack(0x000000b2dc200000,0x000000b2dc300000)]
  0x0000021c7a54a310 JavaThread "jar transforms" [_thread_blocked, id=18044, stack(0x000000b2dc300000,0x000000b2dc400000)]
  0x0000021c7a54a820 JavaThread "jar transforms Thread 2" [_thread_blocked, id=16432, stack(0x000000b2dc400000,0x000000b2dc500000)]
  0x0000021c7c2c5940 JavaThread "jar transforms Thread 3" [_thread_blocked, id=2828, stack(0x000000b2dc500000,0x000000b2dc600000)]
  0x0000021c7c2c7290 JavaThread "jar transforms Thread 4" [_thread_blocked, id=15924, stack(0x000000b2dc600000,0x000000b2dc700000)]
  0x0000021c7c2c9b10 JavaThread "jar transforms Thread 5" [_thread_blocked, id=18972, stack(0x000000b2dc700000,0x000000b2dc800000)]
  0x0000021c7c2c77a0 JavaThread "jar transforms Thread 6" [_thread_blocked, id=7928, stack(0x000000b2dc800000,0x000000b2dc900000)]
  0x0000021c7c2c35d0 JavaThread "jar transforms Thread 7" [_thread_blocked, id=16072, stack(0x000000b2dc900000,0x000000b2dca00000)]
  0x0000021c7c2c7cb0 JavaThread "jar transforms Thread 8" [_thread_blocked, id=12212, stack(0x000000b2dca00000,0x000000b2dcb00000)]
  0x0000021c7c2c3ff0 JavaThread "jar transforms Thread 9" [_thread_blocked, id=8572, stack(0x000000b2dcb00000,0x000000b2dcc00000)]
  0x0000021c7c2c86d0 JavaThread "jar transforms Thread 10" [_thread_blocked, id=14984, stack(0x000000b2dcc00000,0x000000b2dcd00000)]
  0x0000021c7c2caa40 JavaThread "jar transforms Thread 11" [_thread_blocked, id=13044, stack(0x000000b2dcd00000,0x000000b2dce00000)]
  0x0000021c7c2c8be0 JavaThread "jar transforms Thread 12" [_thread_blocked, id=18872, stack(0x000000b2dce00000,0x000000b2dcf00000)]
  0x0000021c7c2c90f0 JavaThread "Cache worker for checksums cache (D:\Programs\Android\CypherMessage\.gradle\8.0\checksums)" [_thread_blocked, id=3960, stack(0x000000b2dd600000,0x000000b2dd700000)]
  0x0000021c7c2c5e50 JavaThread "Cache worker for cache directory md-rule (C:\Users\PC\.gradle\caches\8.0\md-rule)" [_thread_blocked, id=19116, stack(0x000000b2dd700000,0x000000b2dd800000)]
  0x0000021c7c2c9600 JavaThread "Cache worker for file content cache (C:\Users\PC\.gradle\caches\8.0\fileContent)" [_thread_blocked, id=5832, stack(0x000000b2dd800000,0x000000b2dd900000)]
  0x0000021c7c2ca530 JavaThread "Cache worker for file hash cache (D:\Programs\Android\CypherMessage\.gradle\8.0\fileHashes)" [_thread_blocked, id=13340, stack(0x000000b2dd900000,0x000000b2dda00000)]
  0x0000021c7c2c81c0 JavaThread "Cache worker for cache directory md-supplier (C:\Users\PC\.gradle\caches\8.0\md-supplier)" [_thread_blocked, id=2964, stack(0x000000b2dda00000,0x000000b2ddb00000)]
  0x0000021c7c2c6360 JavaThread "Cache worker for execution history cache (C:\Users\PC\.gradle\caches\8.0\executionHistory)" [_thread_blocked, id=2664, stack(0x000000b2ddb00000,0x000000b2ddc00000)]
  0x0000021c7c2c3ae0 JavaThread "Cache worker for kotlin-dsl (C:\Users\PC\.gradle\caches\8.0\kotlin-dsl)" [_thread_blocked, id=10264, stack(0x000000b2ddd00000,0x000000b2dde00000)]
  0x0000021c7c2c4f20 JavaThread "Cache worker for dependencies-accessors (D:\Programs\Android\CypherMessage\.gradle\8.0\dependencies-accessors)" [_thread_blocked, id=17672, stack(0x000000b2dde00000,0x000000b2ddf00000)]
  0x0000021c7c2caf50 JavaThread "Cache worker for Build Output Cleanup Cache (D:\Programs\Android\CypherMessage\.gradle\buildOutputCleanup)" [_thread_blocked, id=8772, stack(0x000000b2ddf00000,0x000000b2de000000)]
  0x0000021c7c2c6870 JavaThread "Unconstrained build operations" [_thread_blocked, id=6404, stack(0x000000b2de000000,0x000000b2de100000)]
  0x0000021c7c2c5430 JavaThread "Unconstrained build operations Thread 2" [_thread_blocked, id=11580, stack(0x000000b2de100000,0x000000b2de200000)]
  0x0000021c7c6b2bc0 JavaThread "Unconstrained build operations Thread 3" [_thread_blocked, id=15424, stack(0x000000b2de200000,0x000000b2de300000)]
  0x0000021c7c6b3af0 JavaThread "Unconstrained build operations Thread 4" [_thread_blocked, id=17892, stack(0x000000b2de300000,0x000000b2de400000)]
  0x0000021c7c6b4f30 JavaThread "Unconstrained build operations Thread 5" [_thread_blocked, id=4224, stack(0x000000b2de400000,0x000000b2de500000)]
  0x0000021c7c6b1780 JavaThread "Unconstrained build operations Thread 6" [_thread_blocked, id=9892, stack(0x000000b2de500000,0x000000b2de600000)]
  0x0000021c7c6b81d0 JavaThread "Unconstrained build operations Thread 7" [_thread_blocked, id=18996, stack(0x000000b2de600000,0x000000b2de700000)]
  0x0000021c7c6b86e0 JavaThread "Unconstrained build operations Thread 8" [_thread_blocked, id=11056, stack(0x000000b2de700000,0x000000b2de800000)]
  0x0000021c7c6b5950 JavaThread "Unconstrained build operations Thread 9" [_thread_blocked, id=12420, stack(0x000000b2de800000,0x000000b2de900000)]
  0x0000021c7c6b6370 JavaThread "Unconstrained build operations Thread 10" [_thread_blocked, id=17844, stack(0x000000b2de900000,0x000000b2dea00000)]
  0x0000021c7c6b5e60 JavaThread "Unconstrained build operations Thread 11" [_thread_blocked, id=820, stack(0x000000b2dea00000,0x000000b2deb00000)]
  0x0000021c7c6b35e0 JavaThread "Unconstrained build operations Thread 12" [_thread_blocked, id=14572, stack(0x000000b2deb00000,0x000000b2dec00000)]
  0x0000021c7c6b6880 JavaThread "Unconstrained build operations Thread 13" [_thread_blocked, id=16484, stack(0x000000b2dec00000,0x000000b2ded00000)]
  0x0000021c7c6b6d90 JavaThread "Unconstrained build operations Thread 14" [_thread_blocked, id=15296, stack(0x000000b2ded00000,0x000000b2dee00000)]
  0x0000021c7c6b7cc0 JavaThread "Unconstrained build operations Thread 15" [_thread_blocked, id=4920, stack(0x000000b2dee00000,0x000000b2def00000)]
  0x0000021c7c6b72a0 JavaThread "Unconstrained build operations Thread 16" [_thread_blocked, id=7232, stack(0x000000b2def00000,0x000000b2df000000)]
  0x0000021c7c6b26b0 JavaThread "Unconstrained build operations Thread 17" [_thread_blocked, id=6780, stack(0x000000b2df000000,0x000000b2df100000)]
  0x0000021c7c6b77b0 JavaThread "Unconstrained build operations Thread 18" [_thread_blocked, id=19308, stack(0x000000b2df100000,0x000000b2df200000)]
  0x0000021c7c6b4000 JavaThread "Unconstrained build operations Thread 19" [_thread_blocked, id=16452, stack(0x000000b2df200000,0x000000b2df300000)]
  0x0000021c7c6b21a0 JavaThread "Unconstrained build operations Thread 20" [_thread_blocked, id=17476, stack(0x000000b2df300000,0x000000b2df400000)]
  0x0000021c7c6b5440 JavaThread "Unconstrained build operations Thread 21" [_thread_blocked, id=10816, stack(0x000000b2df400000,0x000000b2df500000)]
  0x0000021c7c6b9100 JavaThread "Unconstrained build operations Thread 22" [_thread_blocked, id=1296, stack(0x000000b2df500000,0x000000b2df600000)]
  0x0000021c7c6b4510 JavaThread "Unconstrained build operations Thread 23" [_thread_blocked, id=15864, stack(0x000000b2df600000,0x000000b2df700000)]
  0x0000021c7c6b8bf0 JavaThread "Unconstrained build operations Thread 24" [_thread_blocked, id=5664, stack(0x000000b2df700000,0x000000b2df800000)]
  0x0000021c7c6b4a20 JavaThread "Unconstrained build operations Thread 25" [_thread_blocked, id=10256, stack(0x000000b2df800000,0x000000b2df900000)]
  0x0000021c7c6b1c90 JavaThread "Unconstrained build operations Thread 26" [_thread_blocked, id=15940, stack(0x000000b2df900000,0x000000b2dfa00000)]
  0x0000021c7c6b30d0 JavaThread "Unconstrained build operations Thread 27" [_thread_blocked, id=1520, stack(0x000000b2dfa00000,0x000000b2dfb00000)]
  0x0000021c7e5bda30 JavaThread "Unconstrained build operations Thread 28" [_thread_blocked, id=10320, stack(0x000000b2dfb00000,0x000000b2dfc00000)]
  0x0000021c7e5bdf40 JavaThread "Unconstrained build operations Thread 29" [_thread_blocked, id=18060, stack(0x000000b2dfc00000,0x000000b2dfd00000)]
  0x0000021c7e5c1c00 JavaThread "Unconstrained build operations Thread 30" [_thread_blocked, id=10788, stack(0x000000b2dfd00000,0x000000b2dfe00000)]
  0x0000021c7e5bb1b0 JavaThread "Unconstrained build operations Thread 31" [_thread_blocked, id=17348, stack(0x000000b2dfe00000,0x000000b2dff00000)]
  0x0000021c7e5be450 JavaThread "Unconstrained build operations Thread 32" [_thread_blocked, id=4896, stack(0x000000b2dff00000,0x000000b2e0000000)]
  0x0000021c7e5ba790 JavaThread "Unconstrained build operations Thread 33" [_thread_blocked, id=14636, stack(0x000000b2e0000000,0x000000b2e0100000)]
  0x0000021c7e5c11e0 JavaThread "Unconstrained build operations Thread 34" [_thread_blocked, id=300, stack(0x000000b2e0100000,0x000000b2e0200000)]
  0x0000021c7e5c0cd0 JavaThread "Unconstrained build operations Thread 35" [_thread_blocked, id=9928, stack(0x000000b2e0200000,0x000000b2e0300000)]
  0x0000021c7e5c16f0 JavaThread "Unconstrained build operations Thread 36" [_thread_blocked, id=4548, stack(0x000000b2e0300000,0x000000b2e0400000)]
  0x0000021c7e5c2110 JavaThread "Unconstrained build operations Thread 37" [_thread_blocked, id=11064, stack(0x000000b2e0400000,0x000000b2e0500000)]
  0x0000021c7e5baca0 JavaThread "Unconstrained build operations Thread 38" [_thread_blocked, id=6672, stack(0x000000b2e0500000,0x000000b2e0600000)]
  0x0000021c7e5bd520 JavaThread "Unconstrained build operations Thread 39" [_thread_blocked, id=3752, stack(0x000000b2e0600000,0x000000b2e0700000)]
  0x0000021c7e5bf890 JavaThread "Unconstrained build operations Thread 40" [_thread_blocked, id=10048, stack(0x000000b2e0700000,0x000000b2e0800000)]
  0x0000021c7e5bb6c0 JavaThread "Unconstrained build operations Thread 41" [_thread_blocked, id=15672, stack(0x000000b2e0800000,0x000000b2e0900000)]
  0x0000021c7e5bbbd0 JavaThread "Unconstrained build operations Thread 42" [_thread_blocked, id=18076, stack(0x000000b2e0900000,0x000000b2e0a00000)]
  0x0000021c7e5bc0e0 JavaThread "Unconstrained build operations Thread 43" [_thread_blocked, id=18392, stack(0x000000b2e0a00000,0x000000b2e0b00000)]
  0x0000021c7e5c07c0 JavaThread "Unconstrained build operations Thread 44" [_thread_blocked, id=17052, stack(0x000000b2e0b00000,0x000000b2e0c00000)]
  0x0000021c7e5bfda0 JavaThread "Unconstrained build operations Thread 45" [_thread_blocked, id=15884, stack(0x000000b2e0c00000,0x000000b2e0d00000)]
  0x0000021c7e5bc5f0 JavaThread "Unconstrained build operations Thread 46" [_thread_blocked, id=12040, stack(0x000000b2e0d00000,0x000000b2e0e00000)]
  0x0000021c7e5c02b0 JavaThread "Unconstrained build operations Thread 47" [_thread_blocked, id=16036, stack(0x000000b2e0e00000,0x000000b2e0f00000)]
  0x0000021c7e5bcb00 JavaThread "Unconstrained build operations Thread 48" [_thread_blocked, id=18620, stack(0x000000b2e0f00000,0x000000b2e1000000)]
  0x0000021c7e5bd010 JavaThread "Unconstrained build operations Thread 49" [_thread_blocked, id=8592, stack(0x000000b2e1000000,0x000000b2e1100000)]
  0x0000021c7e5bf380 JavaThread "Unconstrained build operations Thread 50" [_thread_blocked, id=5852, stack(0x000000b2e1100000,0x000000b2e1200000)]
  0x0000021c7e5be960 JavaThread "Unconstrained build operations Thread 51" [_thread_blocked, id=14520, stack(0x000000b2e1200000,0x000000b2e1300000)]
  0x0000021c7e5bee70 JavaThread "Unconstrained build operations Thread 52" [_thread_blocked, id=16608, stack(0x000000b2e1300000,0x000000b2e1400000)]
  0x0000021c7b83f7c0 JavaThread "Unconstrained build operations Thread 53" [_thread_blocked, id=11544, stack(0x000000b2e1400000,0x000000b2e1500000)]
  0x0000021c7b83a6c0 JavaThread "Unconstrained build operations Thread 54" [_thread_blocked, id=13088, stack(0x000000b2e1500000,0x000000b2e1600000)]
  0x0000021c7b83de70 JavaThread "Unconstrained build operations Thread 55" [_thread_blocked, id=3060, stack(0x000000b2e1600000,0x000000b2e1700000)]
  0x0000021c7b83d450 JavaThread "Unconstrained build operations Thread 56" [_thread_blocked, id=8080, stack(0x000000b2e1700000,0x000000b2e1800000)]
  0x0000021c7b83bb00 JavaThread "Unconstrained build operations Thread 57" [_thread_blocked, id=8208, stack(0x000000b2e1800000,0x000000b2e1900000)]
  0x0000021c7b83c010 JavaThread "Unconstrained build operations Thread 58" [_thread_blocked, id=17464, stack(0x000000b2e1900000,0x000000b2e1a00000)]
  0x0000021c7b83c520 JavaThread "Unconstrained build operations Thread 59" [_thread_blocked, id=13368, stack(0x000000b2e1a00000,0x000000b2e1b00000)]
  0x0000021c7b83f2b0 JavaThread "Unconstrained build operations Thread 60" [_thread_blocked, id=14812, stack(0x000000b2e1b00000,0x000000b2e1c00000)]
  0x0000021c7b8401e0 JavaThread "Unconstrained build operations Thread 61" [_thread_blocked, id=19148, stack(0x000000b2e1c00000,0x000000b2e1d00000)]
  0x0000021c7b839ca0 JavaThread "Unconstrained build operations Thread 62" [_thread_blocked, id=8096, stack(0x000000b2e1d00000,0x000000b2e1e00000)]
  0x0000021c7b83eda0 JavaThread "Unconstrained build operations Thread 63" [_thread_blocked, id=9328, stack(0x000000b2e1e00000,0x000000b2e1f00000)]
  0x0000021c7b83cf40 JavaThread "Unconstrained build operations Thread 64" [_thread_blocked, id=16276, stack(0x000000b2e1f00000,0x000000b2e2000000)]
  0x0000021c7b83d960 JavaThread "Unconstrained build operations Thread 65" [_thread_blocked, id=3564, stack(0x000000b2e2000000,0x000000b2e2100000)]
  0x0000021c7b83e380 JavaThread "Unconstrained build operations Thread 66" [_thread_blocked, id=15872, stack(0x000000b2e2100000,0x000000b2e2200000)]
  0x0000021c7b83e890 JavaThread "Unconstrained build operations Thread 67" [_thread_blocked, id=1752, stack(0x000000b2e2200000,0x000000b2e2300000)]
  0x0000021c7b8406f0 JavaThread "Unconstrained build operations Thread 68" [_thread_blocked, id=1164, stack(0x000000b2e2300000,0x000000b2e2400000)]
  0x0000021c7b83fcd0 JavaThread "Unconstrained build operations Thread 69" [_thread_blocked, id=16664, stack(0x000000b2e2400000,0x000000b2e2500000)]
  0x0000021c7b83ca30 JavaThread "Unconstrained build operations Thread 70" [_thread_blocked, id=6388, stack(0x000000b2e2500000,0x000000b2e2600000)]
  0x0000021c7b840c00 JavaThread "Unconstrained build operations Thread 71" [_thread_blocked, id=16340, stack(0x000000b2e2600000,0x000000b2e2700000)]
  0x0000021c7b83abd0 JavaThread "Unconstrained build operations Thread 72" [_thread_blocked, id=18608, stack(0x000000b2e2700000,0x000000b2e2800000)]
  0x0000021c7b841110 JavaThread "Unconstrained build operations Thread 73" [_thread_blocked, id=7180, stack(0x000000b2e2800000,0x000000b2e2900000)]
  0x0000021c7b841620 JavaThread "Unconstrained build operations Thread 74" [_thread_blocked, id=3708, stack(0x000000b2e2900000,0x000000b2e2a00000)]
  0x0000021c7b83a1b0 JavaThread "Unconstrained build operations Thread 75" [_thread_blocked, id=11912, stack(0x000000b2e2a00000,0x000000b2e2b00000)]
  0x0000021c7b83b0e0 JavaThread "Unconstrained build operations Thread 76" [_thread_blocked, id=10916, stack(0x000000b2e2b00000,0x000000b2e2c00000)]
  0x0000021c7b83b5f0 JavaThread "Unconstrained build operations Thread 77" [_thread_blocked, id=12488, stack(0x000000b2e2c00000,0x000000b2e2d00000)]
  0x0000021c7dde09c0 JavaThread "Unconstrained build operations Thread 78" [_thread_blocked, id=13956, stack(0x000000b2e2d00000,0x000000b2e2e00000)]
  0x0000021c7dde2310 JavaThread "Unconstrained build operations Thread 79" [_thread_blocked, id=16952, stack(0x000000b2e2e00000,0x000000b2e2f00000)]
  0x0000021c7dddfa90 JavaThread "Unconstrained build operations Thread 80" [_thread_blocked, id=3260, stack(0x000000b2e2f00000,0x000000b2e3000000)]
  0x0000021c7dddffa0 JavaThread "Unconstrained build operations Thread 81" [_thread_blocked, id=16044, stack(0x000000b2e3000000,0x000000b2e3100000)]
  0x0000021c7ddddc30 JavaThread "Unconstrained build operations Thread 82" [_thread_blocked, id=15280, stack(0x000000b2e3100000,0x000000b2e3200000)]
  0x0000021c7dde04b0 JavaThread "Unconstrained build operations Thread 83" [_thread_blocked, id=13184, stack(0x000000b2e3200000,0x000000b2e3300000)]
  0x0000021c7dddf070 JavaThread "Unconstrained build operations Thread 84" [_thread_blocked, id=13748, stack(0x000000b2e3300000,0x000000b2e3400000)]
  0x0000021c7ddde140 JavaThread "Unconstrained build operations Thread 85" [_thread_blocked, id=14956, stack(0x000000b2e3400000,0x000000b2e3500000)]
  0x0000021c7dde3c60 JavaThread "Unconstrained build operations Thread 86" [_thread_blocked, id=9088, stack(0x000000b2e3500000,0x000000b2e3600000)]
  0x0000021c7dde0ed0 JavaThread "Unconstrained build operations Thread 87" [_thread_blocked, id=12448, stack(0x000000b2e3600000,0x000000b2e3700000)]
  0x0000021c7dddeb60 JavaThread "Unconstrained build operations Thread 88" [_thread_blocked, id=8524, stack(0x000000b2e3700000,0x000000b2e3800000)]
  0x0000021c7dde2820 JavaThread "Unconstrained build operations Thread 89" [_thread_blocked, id=10272, stack(0x000000b2e3800000,0x000000b2e3900000)]
  0x0000021c7dde3750 JavaThread "Unconstrained build operations Thread 90" [_thread_blocked, id=18804, stack(0x000000b2e3900000,0x000000b2e3a00000)]
  0x0000021c7ddde650 JavaThread "Unconstrained build operations Thread 91" [_thread_blocked, id=9320, stack(0x000000b2e3a00000,0x000000b2e3b00000)]
  0x0000021c7dddf580 JavaThread "Unconstrained build operations Thread 92" [_thread_blocked, id=19152, stack(0x000000b2e3b00000,0x000000b2e3c00000)]
  0x0000021c7dde1e00 JavaThread "Unconstrained build operations Thread 93" [_thread_blocked, id=3040, stack(0x000000b2e3c00000,0x000000b2e3d00000)]
  0x0000021c7dde13e0 JavaThread "Unconstrained build operations Thread 94" [_thread_blocked, id=16656, stack(0x000000b2e3d00000,0x000000b2e3e00000)]
  0x0000021c7dddc7f0 JavaThread "Unconstrained build operations Thread 95" [_thread_blocked, id=15460, stack(0x000000b2e3e00000,0x000000b2e3f00000)]
  0x0000021c7dde3240 JavaThread "Unconstrained build operations Thread 96" [_thread_blocked, id=14940, stack(0x000000b2e3f00000,0x000000b2e4000000)]
  0x0000021c7dde18f0 JavaThread "Unconstrained build operations Thread 97" [_thread_blocked, id=18252, stack(0x000000b2e4000000,0x000000b2e4100000)]
  0x0000021c7dde2d30 JavaThread "Unconstrained build operations Thread 98" [_thread_blocked, id=16556, stack(0x000000b2e4100000,0x000000b2e4200000)]
  0x0000021c7dde4170 JavaThread "Unconstrained build operations Thread 99" [_thread_blocked, id=11336, stack(0x000000b2e4200000,0x000000b2e4300000)]
  0x0000021c7dddcd00 JavaThread "Unconstrained build operations Thread 100" [_thread_blocked, id=10440, stack(0x000000b2e4300000,0x000000b2e4400000)]
  0x0000021c7dddd210 JavaThread "Unconstrained build operations Thread 101" [_thread_blocked, id=18196, stack(0x000000b2e4400000,0x000000b2e4500000)]
  0x0000021c7dddd720 JavaThread "Unconstrained build operations Thread 102" [_thread_blocked, id=15340, stack(0x000000b2e4500000,0x000000b2e4600000)]
  0x0000021c7e298d70 JavaThread "Unconstrained build operations Thread 103" [_thread_blocked, id=1168, stack(0x000000b2e4600000,0x000000b2e4700000)]
  0x0000021c7e29a1b0 JavaThread "Unconstrained build operations Thread 104" [_thread_blocked, id=16860, stack(0x000000b2e4700000,0x000000b2e4800000)]
  0x0000021c7e299ca0 JavaThread "Unconstrained build operations Thread 105" [_thread_blocked, id=6752, stack(0x000000b2e4800000,0x000000b2e4900000)]
  0x0000021c7e29abd0 JavaThread "Unconstrained build operations Thread 106" [_thread_blocked, id=2692, stack(0x000000b2e4900000,0x000000b2e4a00000)]
  0x0000021c7e298350 JavaThread "Unconstrained build operations Thread 107" [_thread_blocked, id=17744, stack(0x000000b2e4a00000,0x000000b2e4b00000)]
  0x0000021c7e297930 JavaThread "Unconstrained build operations Thread 108" [_thread_blocked, id=7972, stack(0x000000b2e4b00000,0x000000b2e4c00000)]
  0x0000021c7e299790 JavaThread "Unconstrained build operations Thread 109" [_thread_blocked, id=15224, stack(0x000000b2e4c00000,0x000000b2e4d00000)]
  0x0000021c7e29b0e0 JavaThread "Unconstrained build operations Thread 110" [_thread_blocked, id=12364, stack(0x000000b2e4d00000,0x000000b2e4e00000)]
  0x0000021c7e297e40 JavaThread "Unconstrained build operations Thread 111" [_thread_blocked, id=18112, stack(0x000000b2e4e00000,0x000000b2e4f00000)]
  0x0000021c7e29a6c0 JavaThread "Unconstrained build operations Thread 112" [_thread_blocked, id=15032, stack(0x000000b2e4f00000,0x000000b2e5000000)]
  0x0000021c7e29b5f0 JavaThread "Unconstrained build operations Thread 113" [_thread_blocked, id=6420, stack(0x000000b2e5000000,0x000000b2e5100000)]
  0x0000021c7e299280 JavaThread "Unconstrained build operations Thread 114" [_thread_blocked, id=17292, stack(0x000000b2e5100000,0x000000b2e5200000)]
  0x0000021c7e29bb00 JavaThread "Unconstrained build operations Thread 115" [_thread_blocked, id=12220, stack(0x000000b2e5200000,0x000000b2e5300000)]
  0x0000021c7e298860 JavaThread "Unconstrained build operations Thread 116" [_thread_blocked, id=13700, stack(0x000000b2e5300000,0x000000b2e5400000)]
  0x0000021c7e29c010 JavaThread "Unconstrained build operations Thread 117" [_thread_blocked, id=14152, stack(0x000000b2e5400000,0x000000b2e5500000)]
  0x0000021c7e29cf40 JavaThread "Unconstrained build operations Thread 118" [_thread_blocked, id=6028, stack(0x000000b2e5500000,0x000000b2e5600000)]
  0x0000021c7e29c520 JavaThread "Unconstrained build operations Thread 119" [_thread_blocked, id=7060, stack(0x000000b2e5600000,0x000000b2e5700000)]
  0x0000021c7e29ca30 JavaThread "Unconstrained build operations Thread 120" [_thread_blocked, id=4644, stack(0x000000b2e5700000,0x000000b2e5800000)]
  0x0000021c7e29d960 JavaThread "Memory manager" [_thread_blocked, id=17544, stack(0x000000b2e5800000,0x000000b2e5900000)]

Other Threads:
=>0x0000021c32af3b00 VMThread "VM Thread" [stack: 0x000000b2da100000,0x000000b2da200000] [id=19404]
  0x0000021c7812b830 WatcherThread [stack: 0x000000b2dad00000,0x000000b2dae00000] [id=7388]
  0x0000021c144e7b80 GCTaskThread "GC Thread#0" [stack: 0x000000b2d9c00000,0x000000b2d9d00000] [id=9952]
  0x0000021c7827fc90 GCTaskThread "GC Thread#1" [stack: 0x000000b2db000000,0x000000b2db100000] [id=18576]
  0x0000021c7827f9d0 GCTaskThread "GC Thread#2" [stack: 0x000000b2db100000,0x000000b2db200000] [id=7308]
  0x0000021c7827e3d0 GCTaskThread "GC Thread#3" [stack: 0x000000b2db200000,0x000000b2db300000] [id=1912]
  0x0000021c7827e110 GCTaskThread "GC Thread#4" [stack: 0x000000b2db300000,0x000000b2db400000] [id=11372]
  0x0000021c7827f190 GCTaskThread "GC Thread#5" [stack: 0x000000b2dcf00000,0x000000b2dd000000] [id=18316]
  0x0000021c7bfcf6e0 GCTaskThread "GC Thread#6" [stack: 0x000000b2dd000000,0x000000b2dd100000] [id=1144]
  0x0000021c7bfcd8a0 GCTaskThread "GC Thread#7" [stack: 0x000000b2dd100000,0x000000b2dd200000] [id=12324]
  0x0000021c7bfcd320 GCTaskThread "GC Thread#8" [stack: 0x000000b2dd200000,0x000000b2dd300000] [id=15724]
  0x0000021c7bfceea0 GCTaskThread "GC Thread#9" [stack: 0x000000b2dd300000,0x000000b2dd400000] [id=9416]
  0x0000021c144f8ad0 ConcurrentGCThread "G1 Main Marker" [stack: 0x000000b2d9d00000,0x000000b2d9e00000] [id=19244]
  0x0000021c144f9c80 ConcurrentGCThread "G1 Conc#0" [stack: 0x000000b2d9e00000,0x000000b2d9f00000] [id=17188]
  0x0000021c7bfd0ce0 ConcurrentGCThread "G1 Conc#1" [stack: 0x000000b2dd400000,0x000000b2dd500000] [id=2472]
  0x0000021c7bfcff20 ConcurrentGCThread "G1 Conc#2" [stack: 0x000000b2dd500000,0x000000b2dd600000] [id=14720]
  0x0000021c329a0550 ConcurrentGCThread "G1 Refine#0" [stack: 0x000000b2d9f00000,0x000000b2da000000] [id=17232]
  0x0000021c7a304250 ConcurrentGCThread "G1 Refine#1" [stack: 0x000000b2ddc00000,0x000000b2ddd00000] [id=16864]
  0x0000021c329a0d90 ConcurrentGCThread "G1 Service" [stack: 0x000000b2da000000,0x000000b2da100000] [id=14796]

Threads with active compile tasks:
C2 CompilerThread2     5325 8180       4       sun.net.www.protocol.jar.Handler::parseURL (173 bytes)

VM state: at safepoint (normal execution)

VM Mutex/Monitor currently owned by a thread:  ([mutex/lock_event])
[0x0000021c14487df0] Threads_lock - owner thread: 0x0000021c32af3b00
[0x0000021c14486da0] Heap_lock - owner thread: 0x0000021c7a547580

Heap address: 0x0000000080000000, size: 2048 MB, Compressed Oops mode: 32-bit

CDS archive(s) mapped at: [0x0000021c33000000-0x0000021c33bd0000-0x0000021c33bd0000), size 12386304, SharedBaseAddress: 0x0000021c33000000, ArchiveRelocationMode: 1.
Compressed class space mapped at: 0x0000021c34000000-0x0000021c74000000, reserved size: 1073741824
Narrow klass base: 0x0000021c33000000, Narrow klass shift: 0, Narrow klass range: 0x100000000

GC Precious Log:
 CPUs: 12 total, 12 available
 Memory: 15741M
 Large Page Support: Disabled
 NUMA Support: Disabled
 Compressed Oops: Enabled (32-bit)
 Heap Region Size: 1M
 Heap Min Capacity: 8M
 Heap Initial Capacity: 246M
 Heap Max Capacity: 2G
 Pre-touch: Disabled
 Parallel Workers: 10
 Concurrent Workers: 3
 Concurrent Refinement Workers: 10
 Periodic GC: Disabled

Heap:
 garbage-first heap   total 184320K, used 110052K [0x0000000080000000, 0x0000000100000000)
  region size 1024K, 4 young (4096K), 4 survivors (4096K)
 Metaspace       used 71974K, committed 72768K, reserved 1114112K
  class space    used 9670K, committed 10048K, reserved 1048576K

Heap Regions: E=young(eden), S=young(survivor), O=old, HS=humongous(starts), HC=humongous(continues), CS=collection set, F=free, OA=open archive, CA=closed archive, TAMS=top-at-mark-start (previous, next)
|   0|0x0000000080000000, 0x0000000080100000, 0x0000000080100000|100%|HS|  |TAMS 0x0000000080100000, 0x0000000080100000| Complete 
|   1|0x0000000080100000, 0x0000000080200000, 0x0000000080200000|100%|HC|  |TAMS 0x0000000080200000, 0x0000000080200000| Complete 
|   2|0x0000000080200000, 0x0000000080300000, 0x0000000080300000|100%|HC|  |TAMS 0x0000000080300000, 0x0000000080300000| Complete 
|   3|0x0000000080300000, 0x0000000080400000, 0x0000000080400000|100%|HC|  |TAMS 0x0000000080400000, 0x0000000080400000| Complete 
|   4|0x0000000080400000, 0x0000000080500000, 0x0000000080500000|100%| O|  |TAMS 0x0000000080500000, 0x0000000080500000| Untracked 
|   5|0x0000000080500000, 0x0000000080600000, 0x0000000080600000|100%| O|  |TAMS 0x0000000080600000, 0x0000000080600000| Untracked 
|   6|0x0000000080600000, 0x0000000080700000, 0x0000000080700000|100%| O|  |TAMS 0x0000000080700000, 0x0000000080700000| Untracked 
|   7|0x0000000080700000, 0x0000000080800000, 0x0000000080800000|100%| O|  |TAMS 0x0000000080800000, 0x0000000080800000| Untracked 
|   8|0x0000000080800000, 0x0000000080900000, 0x0000000080900000|100%| O|  |TAMS 0x0000000080900000, 0x0000000080900000| Untracked 
|   9|0x0000000080900000, 0x0000000080a00000, 0x0000000080a00000|100%| O|  |TAMS 0x0000000080a00000, 0x0000000080a00000| Untracked 
|  10|0x0000000080a00000, 0x0000000080b00000, 0x0000000080b00000|100%| O|  |TAMS 0x0000000080b00000, 0x0000000080b00000| Untracked 
|  11|0x0000000080b00000, 0x0000000080c00000, 0x0000000080c00000|100%| O|  |TAMS 0x0000000080c00000, 0x0000000080c00000| Untracked 
|  12|0x0000000080c00000, 0x0000000080d00000, 0x0000000080d00000|100%|HS|  |TAMS 0x0000000080d00000, 0x0000000080d00000| Complete 
|  13|0x0000000080d00000, 0x0000000080e00000, 0x0000000080e00000|100%|HC|  |TAMS 0x0000000080e00000, 0x0000000080e00000| Complete 
|  14|0x0000000080e00000, 0x0000000080f00000, 0x0000000080f00000|100%|HS|  |TAMS 0x0000000080f00000, 0x0000000080f00000| Complete 
|  15|0x0000000080f00000, 0x0000000081000000, 0x0000000081000000|100%|HC|  |TAMS 0x0000000081000000, 0x0000000081000000| Complete 
|  16|0x0000000081000000, 0x0000000081100000, 0x0000000081100000|100%|HC|  |TAMS 0x0000000081100000, 0x0000000081100000| Complete 
|  17|0x0000000081100000, 0x0000000081200000, 0x0000000081200000|100%|HS|  |TAMS 0x0000000081200000, 0x0000000081200000| Complete 
|  18|0x0000000081200000, 0x0000000081300000, 0x0000000081300000|100%|HC|  |TAMS 0x0000000081300000, 0x0000000081300000| Complete 
|  19|0x0000000081300000, 0x0000000081400000, 0x0000000081400000|100%|HC|  |TAMS 0x0000000081400000, 0x0000000081400000| Complete 
|  20|0x0000000081400000, 0x0000000081500000, 0x0000000081500000|100%|HS|  |TAMS 0x0000000081500000, 0x0000000081500000| Complete 
|  21|0x0000000081500000, 0x0000000081600000, 0x0000000081600000|100%|HC|  |TAMS 0x0000000081600000, 0x0000000081600000| Complete 
|  22|0x0000000081600000, 0x0000000081700000, 0x0000000081700000|100%|HC|  |TAMS 0x0000000081700000, 0x0000000081700000| Complete 
|  23|0x0000000081700000, 0x0000000081800000, 0x0000000081800000|100%|HC|  |TAMS 0x0000000081800000, 0x0000000081800000| Complete 
|  24|0x0000000081800000, 0x0000000081900000, 0x0000000081900000|100%|HC|  |TAMS 0x0000000081900000, 0x0000000081900000| Complete 
|  25|0x0000000081900000, 0x0000000081a00000, 0x0000000081a00000|100%|HC|  |TAMS 0x0000000081a00000, 0x0000000081a00000| Complete 
|  26|0x0000000081a00000, 0x0000000081b00000, 0x0000000081b00000|100%|HC|  |TAMS 0x0000000081b00000, 0x0000000081b00000| Complete 
|  27|0x0000000081b00000, 0x0000000081c00000, 0x0000000081c00000|100%|HC|  |TAMS 0x0000000081c00000, 0x0000000081c00000| Complete 
|  28|0x0000000081c00000, 0x0000000081d00000, 0x0000000081d00000|100%|HC|  |TAMS 0x0000000081d00000, 0x0000000081d00000| Complete 
|  29|0x0000000081d00000, 0x0000000081e00000, 0x0000000081e00000|100%|HC|  |TAMS 0x0000000081e00000, 0x0000000081e00000| Complete 
|  30|0x0000000081e00000, 0x0000000081f00000, 0x0000000081f00000|100%|HC|  |TAMS 0x0000000081f00000, 0x0000000081f00000| Complete 
|  31|0x0000000081f00000, 0x0000000082000000, 0x0000000082000000|100%|HC|  |TAMS 0x0000000082000000, 0x0000000082000000| Complete 
|  32|0x0000000082000000, 0x0000000082100000, 0x0000000082100000|100%|HS|  |TAMS 0x0000000082100000, 0x0000000082100000| Complete 
|  33|0x0000000082100000, 0x0000000082200000, 0x0000000082200000|100%|HC|  |TAMS 0x0000000082200000, 0x0000000082200000| Complete 
|  34|0x0000000082200000, 0x0000000082300000, 0x0000000082300000|100%| O|  |TAMS 0x0000000082300000, 0x0000000082300000| Untracked 
|  35|0x0000000082300000, 0x0000000082400000, 0x0000000082400000|100%| O|  |TAMS 0x0000000082400000, 0x0000000082400000| Untracked 
|  36|0x0000000082400000, 0x0000000082500000, 0x0000000082500000|100%| O|  |TAMS 0x0000000082500000, 0x0000000082500000| Untracked 
|  37|0x0000000082500000, 0x0000000082600000, 0x0000000082600000|100%| O|  |TAMS 0x0000000082600000, 0x0000000082600000| Untracked 
|  38|0x0000000082600000, 0x0000000082700000, 0x0000000082700000|100%| O|  |TAMS 0x0000000082700000, 0x0000000082700000| Untracked 
|  39|0x0000000082700000, 0x0000000082800000, 0x0000000082800000|100%| O|  |TAMS 0x0000000082800000, 0x0000000082800000| Untracked 
|  40|0x0000000082800000, 0x0000000082900000, 0x0000000082900000|100%| O|  |TAMS 0x0000000082900000, 0x0000000082900000| Untracked 
|  41|0x0000000082900000, 0x0000000082a00000, 0x0000000082a00000|100%| O|  |TAMS 0x0000000082a00000, 0x0000000082a00000| Untracked 
|  42|0x0000000082a00000, 0x0000000082b00000, 0x0000000082b00000|100%| O|  |TAMS 0x0000000082b00000, 0x0000000082b00000| Untracked 
|  43|0x0000000082b00000, 0x0000000082c00000, 0x0000000082c00000|100%| O|  |TAMS 0x0000000082c00000, 0x0000000082c00000| Untracked 
|  44|0x0000000082c00000, 0x0000000082d00000, 0x0000000082d00000|100%| O|  |TAMS 0x0000000082d00000, 0x0000000082d00000| Untracked 
|  45|0x0000000082d00000, 0x0000000082e00000, 0x0000000082e00000|100%| O|  |TAMS 0x0000000082e00000, 0x0000000082e00000| Untracked 
|  46|0x0000000082e00000, 0x0000000082f00000, 0x0000000082f00000|100%| O|  |TAMS 0x0000000082f00000, 0x0000000082f00000| Untracked 
|  47|0x0000000082f00000, 0x0000000083000000, 0x0000000083000000|100%| O|  |TAMS 0x0000000083000000, 0x0000000083000000| Untracked 
|  48|0x0000000083000000, 0x0000000083100000, 0x0000000083100000|100%| O|  |TAMS 0x0000000083100000, 0x0000000083100000| Untracked 
|  49|0x0000000083100000, 0x0000000083200000, 0x0000000083200000|100%| O|  |TAMS 0x0000000083200000, 0x0000000083200000| Untracked 
|  50|0x0000000083200000, 0x0000000083300000, 0x0000000083300000|100%| O|  |TAMS 0x0000000083300000, 0x0000000083300000| Untracked 
|  51|0x0000000083300000, 0x0000000083400000, 0x0000000083400000|100%| O|  |TAMS 0x0000000083400000, 0x0000000083400000| Untracked 
|  52|0x0000000083400000, 0x0000000083500000, 0x0000000083500000|100%| O|  |TAMS 0x0000000083500000, 0x0000000083500000| Untracked 
|  53|0x0000000083500000, 0x0000000083600000, 0x0000000083600000|100%| O|  |TAMS 0x0000000083600000, 0x0000000083600000| Untracked 
|  54|0x0000000083600000, 0x0000000083700000, 0x0000000083700000|100%| O|  |TAMS 0x0000000083700000, 0x0000000083700000| Untracked 
|  55|0x0000000083700000, 0x0000000083700000, 0x0000000083800000|  0%| F|  |TAMS 0x0000000083700000, 0x0000000083700000| Untracked 
|  56|0x0000000083800000, 0x0000000083900000, 0x0000000083900000|100%|HS|  |TAMS 0x0000000083900000, 0x0000000083900000| Complete 
|  57|0x0000000083900000, 0x0000000083a00000, 0x0000000083a00000|100%|HC|  |TAMS 0x0000000083a00000, 0x0000000083a00000| Complete 
|  58|0x0000000083a00000, 0x0000000083b00000, 0x0000000083b00000|100%|HC|  |TAMS 0x0000000083b00000, 0x0000000083b00000| Complete 
|  59|0x0000000083b00000, 0x0000000083c00000, 0x0000000083c00000|100%|HS|  |TAMS 0x0000000083c00000, 0x0000000083c00000| Complete 
|  60|0x0000000083c00000, 0x0000000083d00000, 0x0000000083d00000|100%|HC|  |TAMS 0x0000000083d00000, 0x0000000083d00000| Complete 
|  61|0x0000000083d00000, 0x0000000083e00000, 0x0000000083e00000|100%|HC|  |TAMS 0x0000000083e00000, 0x0000000083e00000| Complete 
|  62|0x0000000083e00000, 0x0000000083f00000, 0x0000000083f00000|100%| O|  |TAMS 0x0000000083f00000, 0x0000000083f00000| Untracked 
|  63|0x0000000083f00000, 0x0000000084000000, 0x0000000084000000|100%| O|  |TAMS 0x0000000084000000, 0x0000000084000000| Untracked 
|  64|0x0000000084000000, 0x0000000084100000, 0x0000000084100000|100%| O|  |TAMS 0x0000000084100000, 0x0000000084100000| Untracked 
|  65|0x0000000084100000, 0x0000000084200000, 0x0000000084200000|100%| O|  |TAMS 0x0000000084200000, 0x0000000084200000| Untracked 
|  66|0x0000000084200000, 0x0000000084300000, 0x0000000084300000|100%| O|  |TAMS 0x0000000084300000, 0x0000000084300000| Untracked 
|  67|0x0000000084300000, 0x0000000084400000, 0x0000000084400000|100%| O|  |TAMS 0x0000000084400000, 0x0000000084400000| Untracked 
|  68|0x0000000084400000, 0x0000000084500000, 0x0000000084500000|100%| O|  |TAMS 0x0000000084500000, 0x0000000084500000| Untracked 
|  69|0x0000000084500000, 0x0000000084600000, 0x0000000084600000|100%|HS|  |TAMS 0x0000000084600000, 0x0000000084600000| Complete 
|  70|0x0000000084600000, 0x0000000084700000, 0x0000000084700000|100%|HS|  |TAMS 0x0000000084700000, 0x0000000084700000| Complete 
|  71|0x0000000084700000, 0x0000000084800000, 0x0000000084800000|100%|HS|  |TAMS 0x0000000084800000, 0x0000000084800000| Complete 
|  72|0x0000000084800000, 0x0000000084900000, 0x0000000084900000|100%|HS|  |TAMS 0x0000000084900000, 0x0000000084900000| Complete 
|  73|0x0000000084900000, 0x0000000084a00000, 0x0000000084a00000|100%|HC|  |TAMS 0x0000000084a00000, 0x0000000084a00000| Complete 
|  74|0x0000000084a00000, 0x0000000084b00000, 0x0000000084b00000|100%| O|  |TAMS 0x0000000084b00000, 0x0000000084b00000| Untracked 
|  75|0x0000000084b00000, 0x0000000084c00000, 0x0000000084c00000|100%| O|  |TAMS 0x0000000084c00000, 0x0000000084c00000| Untracked 
|  76|0x0000000084c00000, 0x0000000084d00000, 0x0000000084d00000|100%| O|  |TAMS 0x0000000084d00000, 0x0000000084d00000| Untracked 
|  77|0x0000000084d00000, 0x0000000084e00000, 0x0000000084e00000|100%| O|  |TAMS 0x0000000084e00000, 0x0000000084e00000| Untracked 
|  78|0x0000000084e00000, 0x0000000084f00000, 0x0000000084f00000|100%|HS|  |TAMS 0x0000000084f00000, 0x0000000084f00000| Complete 
|  79|0x0000000084f00000, 0x0000000085000000, 0x0000000085000000|100%|HC|  |TAMS 0x0000000085000000, 0x0000000085000000| Complete 
|  80|0x0000000085000000, 0x0000000085100000, 0x0000000085100000|100%|HC|  |TAMS 0x0000000085100000, 0x0000000085100000| Complete 
|  81|0x0000000085100000, 0x0000000085200000, 0x0000000085200000|100%|HC|  |TAMS 0x0000000085200000, 0x0000000085200000| Complete 
|  82|0x0000000085200000, 0x0000000085300000, 0x0000000085300000|100%| O|  |TAMS 0x0000000085300000, 0x0000000085300000| Untracked 
|  83|0x0000000085300000, 0x0000000085400000, 0x0000000085400000|100%| O|  |TAMS 0x0000000085400000, 0x0000000085400000| Untracked 
|  84|0x0000000085400000, 0x0000000085500000, 0x0000000085500000|100%| O|  |TAMS 0x0000000085500000, 0x0000000085500000| Untracked 
|  85|0x0000000085500000, 0x0000000085600000, 0x0000000085600000|100%| O|  |TAMS 0x0000000085600000, 0x0000000085600000| Untracked 
|  86|0x0000000085600000, 0x0000000085700000, 0x0000000085700000|100%| O|  |TAMS 0x0000000085700000, 0x0000000085700000| Untracked 
|  87|0x0000000085700000, 0x0000000085800000, 0x0000000085800000|100%| O|  |TAMS 0x0000000085800000, 0x0000000085800000| Untracked 
|  88|0x0000000085800000, 0x0000000085900000, 0x0000000085900000|100%| O|  |TAMS 0x0000000085900000, 0x0000000085900000| Untracked 
|  89|0x0000000085900000, 0x0000000085a00000, 0x0000000085a00000|100%| O|  |TAMS 0x0000000085a00000, 0x0000000085a00000| Untracked 
|  90|0x0000000085a00000, 0x0000000085b00000, 0x0000000085b00000|100%| O|  |TAMS 0x0000000085b00000, 0x0000000085b00000| Untracked 
|  91|0x0000000085b00000, 0x0000000085c00000, 0x0000000085c00000|100%| O|  |TAMS 0x0000000085b4e000, 0x0000000085c00000| Untracked 
|  92|0x0000000085c00000, 0x0000000085d00000, 0x0000000085d00000|100%| O|  |TAMS 0x0000000085c00000, 0x0000000085d00000| Untracked 
|  93|0x0000000085d00000, 0x0000000085e00000, 0x0000000085e00000|100%| O|  |TAMS 0x0000000085d00000, 0x0000000085e00000| Untracked 
|  94|0x0000000085e00000, 0x0000000085f00000, 0x0000000085f00000|100%| O|  |TAMS 0x0000000085e00000, 0x0000000085f00000| Untracked 
|  95|0x0000000085f00000, 0x0000000086000000, 0x0000000086000000|100%| O|  |TAMS 0x0000000085f00000, 0x0000000086000000| Untracked 
|  96|0x0000000086000000, 0x0000000086100000, 0x0000000086100000|100%| O|  |TAMS 0x0000000086000000, 0x0000000086100000| Untracked 
|  97|0x0000000086100000, 0x0000000086200000, 0x0000000086200000|100%| O|  |TAMS 0x0000000086100000, 0x0000000086200000| Untracked 
|  98|0x0000000086200000, 0x0000000086300000, 0x0000000086300000|100%| O|  |TAMS 0x0000000086200000, 0x0000000086300000| Untracked 
|  99|0x0000000086300000, 0x0000000086400000, 0x0000000086400000|100%| O|  |TAMS 0x0000000086300000, 0x0000000086400000| Untracked 
| 100|0x0000000086400000, 0x0000000086500000, 0x0000000086500000|100%| O|  |TAMS 0x0000000086400000, 0x0000000086500000| Untracked 
| 101|0x0000000086500000, 0x0000000086600000, 0x0000000086600000|100%| O|  |TAMS 0x0000000086500000, 0x0000000086600000| Untracked 
| 102|0x0000000086600000, 0x0000000086700000, 0x0000000086700000|100%| O|  |TAMS 0x0000000086600000, 0x0000000086700000| Untracked 
| 103|0x0000000086700000, 0x0000000086800000, 0x0000000086800000|100%| O|  |TAMS 0x0000000086700000, 0x0000000086800000| Untracked 
| 104|0x0000000086800000, 0x0000000086900000, 0x0000000086900000|100%| O|  |TAMS 0x0000000086800000, 0x0000000086900000| Untracked 
| 105|0x0000000086900000, 0x000000008690b400, 0x0000000086a00000|  4%| O|  |TAMS 0x0000000086900000, 0x000000008690b400| Untracked 
| 106|0x0000000086a00000, 0x0000000086a00000, 0x0000000086b00000|  0%| F|  |TAMS 0x0000000086a00000, 0x0000000086a00000| Untracked 
| 107|0x0000000086b00000, 0x0000000086b00000, 0x0000000086c00000|  0%| F|  |TAMS 0x0000000086b00000, 0x0000000086b00000| Untracked 
| 108|0x0000000086c00000, 0x0000000086c00000, 0x0000000086d00000|  0%| F|  |TAMS 0x0000000086c00000, 0x0000000086c00000| Untracked 
| 109|0x0000000086d00000, 0x0000000086d00000, 0x0000000086e00000|  0%| F|  |TAMS 0x0000000086d00000, 0x0000000086d00000| Untracked 
| 110|0x0000000086e00000, 0x0000000086e00000, 0x0000000086f00000|  0%| F|  |TAMS 0x0000000086e00000, 0x0000000086e00000| Untracked 
| 111|0x0000000086f00000, 0x0000000086f00000, 0x0000000087000000|  0%| F|  |TAMS 0x0000000086f00000, 0x0000000086f00000| Untracked 
| 112|0x0000000087000000, 0x0000000087000000, 0x0000000087100000|  0%| F|  |TAMS 0x0000000087000000, 0x0000000087000000| Untracked 
| 113|0x0000000087100000, 0x0000000087100000, 0x0000000087200000|  0%| F|  |TAMS 0x0000000087100000, 0x0000000087100000| Untracked 
| 114|0x0000000087200000, 0x0000000087200000, 0x0000000087300000|  0%| F|  |TAMS 0x0000000087200000, 0x0000000087200000| Untracked 
| 115|0x0000000087300000, 0x0000000087300000, 0x0000000087400000|  0%| F|  |TAMS 0x0000000087300000, 0x0000000087300000| Untracked 
| 116|0x0000000087400000, 0x0000000087400000, 0x0000000087500000|  0%| F|  |TAMS 0x0000000087400000, 0x0000000087400000| Untracked 
| 117|0x0000000087500000, 0x0000000087500000, 0x0000000087600000|  0%| F|  |TAMS 0x0000000087500000, 0x0000000087500000| Untracked 
| 118|0x0000000087600000, 0x0000000087600000, 0x0000000087700000|  0%| F|  |TAMS 0x0000000087600000, 0x0000000087600000| Untracked 
| 119|0x0000000087700000, 0x0000000087700000, 0x0000000087800000|  0%| F|  |TAMS 0x0000000087700000, 0x0000000087700000| Untracked 
| 120|0x0000000087800000, 0x0000000087800000, 0x0000000087900000|  0%| F|  |TAMS 0x0000000087800000, 0x0000000087800000| Untracked 
| 121|0x0000000087900000, 0x0000000087900000, 0x0000000087a00000|  0%| F|  |TAMS 0x0000000087900000, 0x0000000087900000| Untracked 
| 122|0x0000000087a00000, 0x0000000087a00000, 0x0000000087b00000|  0%| F|  |TAMS 0x0000000087a00000, 0x0000000087a00000| Untracked 
| 123|0x0000000087b00000, 0x0000000087b00000, 0x0000000087c00000|  0%| F|  |TAMS 0x0000000087b00000, 0x0000000087b00000| Untracked 
| 124|0x0000000087c00000, 0x0000000087c00000, 0x0000000087d00000|  0%| F|  |TAMS 0x0000000087c00000, 0x0000000087c00000| Untracked 
| 125|0x0000000087d00000, 0x0000000087d00000, 0x0000000087e00000|  0%| F|  |TAMS 0x0000000087d00000, 0x0000000087d00000| Untracked 
| 126|0x0000000087e00000, 0x0000000087e00000, 0x0000000087f00000|  0%| F|  |TAMS 0x0000000087e00000, 0x0000000087e00000| Untracked 
| 127|0x0000000087f00000, 0x0000000087f00000, 0x0000000088000000|  0%| F|  |TAMS 0x0000000087f00000, 0x0000000087f00000| Untracked 
| 128|0x0000000088000000, 0x0000000088000000, 0x0000000088100000|  0%| F|  |TAMS 0x0000000088000000, 0x0000000088000000| Untracked 
| 129|0x0000000088100000, 0x0000000088100000, 0x0000000088200000|  0%| F|  |TAMS 0x0000000088100000, 0x0000000088100000| Untracked 
| 130|0x0000000088200000, 0x0000000088200000, 0x0000000088300000|  0%| F|  |TAMS 0x0000000088200000, 0x0000000088200000| Untracked 
| 131|0x0000000088300000, 0x0000000088300000, 0x0000000088400000|  0%| F|  |TAMS 0x0000000088300000, 0x0000000088300000| Untracked 
| 132|0x0000000088400000, 0x0000000088400000, 0x0000000088500000|  0%| F|  |TAMS 0x0000000088400000, 0x0000000088400000| Untracked 
| 133|0x0000000088500000, 0x0000000088500000, 0x0000000088600000|  0%| F|  |TAMS 0x0000000088500000, 0x0000000088500000| Untracked 
| 134|0x0000000088600000, 0x000000008866ddd0, 0x0000000088700000| 42%| S|CS|TAMS 0x0000000088600000, 0x0000000088600000| Complete 
| 135|0x0000000088700000, 0x0000000088800000, 0x0000000088800000|100%| S|CS|TAMS 0x0000000088700000, 0x0000000088700000| Complete 
| 136|0x0000000088800000, 0x0000000088900000, 0x0000000088900000|100%| S|CS|TAMS 0x0000000088800000, 0x0000000088800000| Complete 
| 137|0x0000000088900000, 0x0000000088a00000, 0x0000000088a00000|100%| S|CS|TAMS 0x0000000088900000, 0x0000000088900000| Complete 
| 138|0x0000000088a00000, 0x0000000088a00000, 0x0000000088b00000|  0%| F|  |TAMS 0x0000000088a00000, 0x0000000088a00000| Untracked 
| 139|0x0000000088b00000, 0x0000000088b00000, 0x0000000088c00000|  0%| F|  |TAMS 0x0000000088b00000, 0x0000000088b00000| Untracked 
| 140|0x0000000088c00000, 0x0000000088c00000, 0x0000000088d00000|  0%| F|  |TAMS 0x0000000088c00000, 0x0000000088c00000| Untracked 
| 141|0x0000000088d00000, 0x0000000088d00000, 0x0000000088e00000|  0%| F|  |TAMS 0x0000000088d00000, 0x0000000088d00000| Untracked 
| 142|0x0000000088e00000, 0x0000000088e00000, 0x0000000088f00000|  0%| F|  |TAMS 0x0000000088e00000, 0x0000000088e00000| Untracked 
| 143|0x0000000088f00000, 0x0000000088f00000, 0x0000000089000000|  0%| F|  |TAMS 0x0000000088f00000, 0x0000000088f00000| Untracked 
| 144|0x0000000089000000, 0x0000000089000000, 0x0000000089100000|  0%| F|  |TAMS 0x0000000089000000, 0x0000000089000000| Untracked 
| 145|0x0000000089100000, 0x0000000089100000, 0x0000000089200000|  0%| F|  |TAMS 0x0000000089100000, 0x0000000089100000| Untracked 
| 146|0x0000000089200000, 0x0000000089200000, 0x0000000089300000|  0%| F|  |TAMS 0x0000000089200000, 0x0000000089200000| Untracked 
| 147|0x0000000089300000, 0x0000000089300000, 0x0000000089400000|  0%| F|  |TAMS 0x0000000089300000, 0x0000000089300000| Untracked 
| 148|0x0000000089400000, 0x0000000089400000, 0x0000000089500000|  0%| F|  |TAMS 0x0000000089400000, 0x0000000089400000| Untracked 
| 149|0x0000000089500000, 0x0000000089500000, 0x0000000089600000|  0%| F|  |TAMS 0x0000000089500000, 0x0000000089500000| Untracked 
| 150|0x0000000089600000, 0x0000000089600000, 0x0000000089700000|  0%| F|  |TAMS 0x0000000089600000, 0x0000000089600000| Untracked 
| 151|0x0000000089700000, 0x0000000089700000, 0x0000000089800000|  0%| F|  |TAMS 0x0000000089700000, 0x0000000089700000| Untracked 
| 152|0x0000000089800000, 0x0000000089800000, 0x0000000089900000|  0%| F|  |TAMS 0x0000000089800000, 0x0000000089800000| Untracked 
| 153|0x0000000089900000, 0x0000000089900000, 0x0000000089a00000|  0%| F|  |TAMS 0x0000000089900000, 0x0000000089900000| Untracked 
| 154|0x0000000089a00000, 0x0000000089a00000, 0x0000000089b00000|  0%| F|  |TAMS 0x0000000089a00000, 0x0000000089a00000| Untracked 
| 155|0x0000000089b00000, 0x0000000089b00000, 0x0000000089c00000|  0%| F|  |TAMS 0x0000000089b00000, 0x0000000089b00000| Untracked 
| 156|0x0000000089c00000, 0x0000000089c00000, 0x0000000089d00000|  0%| F|  |TAMS 0x0000000089c00000, 0x0000000089c00000| Untracked 
| 157|0x0000000089d00000, 0x0000000089d00000, 0x0000000089e00000|  0%| F|  |TAMS 0x0000000089d00000, 0x0000000089d00000| Untracked 
| 158|0x0000000089e00000, 0x0000000089e00000, 0x0000000089f00000|  0%| F|  |TAMS 0x0000000089e00000, 0x0000000089e00000| Untracked 
| 159|0x0000000089f00000, 0x0000000089f00000, 0x000000008a000000|  0%| F|  |TAMS 0x0000000089f00000, 0x0000000089f00000| Untracked 
| 160|0x000000008a000000, 0x000000008a000000, 0x000000008a100000|  0%| F|  |TAMS 0x000000008a000000, 0x000000008a000000| Untracked 
| 161|0x000000008a100000, 0x000000008a100000, 0x000000008a200000|  0%| F|  |TAMS 0x000000008a100000, 0x000000008a100000| Untracked 
| 162|0x000000008a200000, 0x000000008a200000, 0x000000008a300000|  0%| F|  |TAMS 0x000000008a200000, 0x000000008a200000| Untracked 
| 163|0x000000008a300000, 0x000000008a300000, 0x000000008a400000|  0%| F|  |TAMS 0x000000008a300000, 0x000000008a300000| Untracked 
| 164|0x000000008a400000, 0x000000008a400000, 0x000000008a500000|  0%| F|  |TAMS 0x000000008a400000, 0x000000008a400000| Untracked 
| 165|0x000000008a500000, 0x000000008a500000, 0x000000008a600000|  0%| F|  |TAMS 0x000000008a500000, 0x000000008a500000| Untracked 
| 166|0x000000008a600000, 0x000000008a600000, 0x000000008a700000|  0%| F|  |TAMS 0x000000008a600000, 0x000000008a600000| Untracked 
| 167|0x000000008a700000, 0x000000008a700000, 0x000000008a800000|  0%| F|  |TAMS 0x000000008a700000, 0x000000008a700000| Untracked 
| 168|0x000000008a800000, 0x000000008a800000, 0x000000008a900000|  0%| F|  |TAMS 0x000000008a800000, 0x000000008a800000| Untracked 
| 169|0x000000008a900000, 0x000000008a900000, 0x000000008aa00000|  0%| F|  |TAMS 0x000000008a900000, 0x000000008a900000| Untracked 
| 170|0x000000008aa00000, 0x000000008aa00000, 0x000000008ab00000|  0%| F|  |TAMS 0x000000008aa00000, 0x000000008aa00000| Untracked 
| 171|0x000000008ab00000, 0x000000008ab00000, 0x000000008ac00000|  0%| F|  |TAMS 0x000000008ab00000, 0x000000008ab00000| Untracked 
| 172|0x000000008ac00000, 0x000000008ac00000, 0x000000008ad00000|  0%| F|  |TAMS 0x000000008ac00000, 0x000000008ac00000| Untracked 
| 173|0x000000008ad00000, 0x000000008ad00000, 0x000000008ae00000|  0%| F|  |TAMS 0x000000008ad00000, 0x000000008ad00000| Untracked 
| 174|0x000000008ae00000, 0x000000008ae00000, 0x000000008af00000|  0%| F|  |TAMS 0x000000008ae00000, 0x000000008ae00000| Untracked 
| 175|0x000000008af00000, 0x000000008af00000, 0x000000008b000000|  0%| F|  |TAMS 0x000000008af00000, 0x000000008af00000| Untracked 
| 176|0x000000008b000000, 0x000000008b000000, 0x000000008b100000|  0%| F|  |TAMS 0x000000008b000000, 0x000000008b000000| Untracked 
| 177|0x000000008b100000, 0x000000008b100000, 0x000000008b200000|  0%| F|  |TAMS 0x000000008b100000, 0x000000008b100000| Untracked 
| 178|0x000000008b200000, 0x000000008b200000, 0x000000008b300000|  0%| F|  |TAMS 0x000000008b200000, 0x000000008b200000| Untracked 
| 245|0x000000008f500000, 0x000000008f500000, 0x000000008f600000|  0%| F|  |TAMS 0x000000008f500000, 0x000000008f500000| Untracked 

Card table byte_map: [0x0000021c2b690000,0x0000021c2ba90000] _byte_map_base: 0x0000021c2b290000

Marking Bits (Prev, Next): (CMBitMap*) 0x0000021c144e81e0, (CMBitMap*) 0x0000021c144e81a0
 Prev Bits: [0x0000021c2de90000, 0x0000021c2fe90000)
 Next Bits: [0x0000021c2be90000, 0x0000021c2de90000)

Polling page: 0x0000021c13c60000

Metaspace:

Usage:
  Non-class:     60.84 MB used.
      Class:      9.44 MB used.
       Both:     70.29 MB used.

Virtual space:
  Non-class space:       64.00 MB reserved,      61.25 MB ( 96%) committed,  1 nodes.
      Class space:        1.00 GB reserved,       9.81 MB ( <1%) committed,  1 nodes.
             Both:        1.06 GB reserved,      71.06 MB (  7%) committed. 

Chunk freelists:
   Non-Class:  2.73 MB
       Class:  6.16 MB
        Both:  8.89 MB

MaxMetaspaceSize: unlimited
CompressedClassSpaceSize: 1.00 GB
Initial GC threshold: 21.00 MB
Current GC threshold: 105.12 MB
CDS: on
MetaspaceReclaimPolicy: balanced
 - commit_granule_bytes: 65536.
 - commit_granule_words: 8192.
 - virtual_space_node_default_size: 8388608.
 - enlarge_chunks_in_place: 1.
 - new_chunks_are_fully_committed: 0.
 - uncommit_free_chunks: 1.
 - use_allocation_guard: 0.
 - handle_deallocations: 1.


Internal statistics:

num_allocs_failed_limit: 6.
num_arena_births: 922.
num_arena_deaths: 0.
num_vsnodes_births: 2.
num_vsnodes_deaths: 0.
num_space_committed: 1137.
num_space_uncommitted: 0.
num_chunks_returned_to_freelist: 6.
num_chunks_taken_from_freelist: 3762.
num_chunk_merges: 6.
num_chunk_splits: 2558.
num_chunks_enlarged: 1770.
num_inconsistent_stats: 0.

CodeHeap 'non-profiled nmethods': size=120000Kb used=4355Kb max_used=4355Kb free=115644Kb
 bounds [0x0000021c23800000, 0x0000021c23c50000, 0x0000021c2ad30000]
CodeHeap 'profiled nmethods': size=120000Kb used=14431Kb max_used=14431Kb free=105568Kb
 bounds [0x0000021c1bd30000, 0x0000021c1cb50000, 0x0000021c23260000]
CodeHeap 'non-nmethods': size=5760Kb used=2389Kb max_used=2443Kb free=3370Kb
 bounds [0x0000021c23260000, 0x0000021c234d0000, 0x0000021c23800000]
 total_blobs=8355 nmethods=7434 adapters=831
 compilation: enabled
              stopped_count=0, restarted_count=0
 full_count=0

Compilation events (20 events):
Event: 5.259 Thread 0x0000021c32b2d6e0 nmethod 8172 0x0000021c1cb43610 code [0x0000021c1cb438c0, 0x0000021c1cb44b28]
Event: 5.259 Thread 0x0000021c32b2d6e0 8173       3       java.lang.reflect.Field::getFieldAccessor (35 bytes)
Event: 5.259 Thread 0x0000021c783bfa50 nmethod 8167 0x0000021c23c3ed90 code [0x0000021c23c3ef20, 0x0000021c23c3f098]
Event: 5.259 Thread 0x0000021c32b2d6e0 nmethod 8173 0x0000021c1cb45010 code [0x0000021c1cb451c0, 0x0000021c1cb453a8]
Event: 5.259 Thread 0x0000021c32b2d6e0 8171       1       java.lang.reflect.Field::getRoot (5 bytes)
Event: 5.259 Thread 0x0000021c32b2d6e0 nmethod 8171 0x0000021c23c3f190 code [0x0000021c23c3f320, 0x0000021c23c3f3f8]
Event: 5.261 Thread 0x0000021c7866c9d0 nmethod 8168 0x0000021c23c3f490 code [0x0000021c23c3f600, 0x0000021c23c3fb38]
Event: 5.275 Thread 0x0000021c783bfa50 8174       4       jdk.internal.org.objectweb.asm.MethodWriter::visitLabel (328 bytes)
Event: 5.279 Thread 0x0000021c32b2d6e0 8175   !   3       org.jetbrains.kotlin.com.intellij.util.containers.ConcurrentIntObjectHashMap::setTabAt (32 bytes)
Event: 5.280 Thread 0x0000021c32b2d6e0 nmethod 8175 0x0000021c1cb45490 code [0x0000021c1cb456a0, 0x0000021c1cb45f18]
Event: 5.280 Thread 0x0000021c32b2d6e0 8178       3       java.lang.invoke.LambdaForm$DMH/0x0000021c3496b000::invokeSpecial (20 bytes)
Event: 5.280 Thread 0x0000021c32b2d6e0 nmethod 8178 0x0000021c1cb46190 code [0x0000021c1cb46360, 0x0000021c1cb46758]
Event: 5.280 Thread 0x0000021c32b2d6e0 8179       3       sun.misc.Unsafe::putObjectVolatile (11 bytes)
Event: 5.280 Thread 0x0000021c32b2d6e0 nmethod 8179 0x0000021c1cb46890 code [0x0000021c1cb46a20, 0x0000021c1cb46b78]
Event: 5.280 Thread 0x0000021c32b2d6e0 8176       3       java.lang.invoke.LambdaForm$MH/0x0000021c34971c00::invokeExact_MT (27 bytes)
Event: 5.280 Thread 0x0000021c32b2d6e0 nmethod 8176 0x0000021c1cb46c10 code [0x0000021c1cb46e20, 0x0000021c1cb47578]
Event: 5.280 Thread 0x0000021c32b2d6e0 8177       3       java.lang.invoke.LambdaForm$MH/0x0000021c34980400::invoke (39 bytes)
Event: 5.280 Thread 0x0000021c32b2d6e0 nmethod 8177 0x0000021c1cb47790 code [0x0000021c1cb47940, 0x0000021c1cb47db8]
Event: 5.284 Thread 0x0000021c783bfa50 nmethod 8174 0x0000021c23c3fb90 code [0x0000021c23c3fd40, 0x0000021c23c40a78]
Event: 5.299 Thread 0x0000021c7866c9d0 8180       4       sun.net.www.protocol.jar.Handler::parseURL (173 bytes)

GC Heap History (20 events):
Event: 2.652 GC heap after
{Heap after GC invocations=7 (full 0):
 garbage-first heap   total 171008K, used 57449K [0x0000000080000000, 0x0000000100000000)
  region size 1024K, 2 young (2048K), 2 survivors (2048K)
 Metaspace       used 35588K, committed 35968K, reserved 1114112K
  class space    used 4960K, committed 5120K, reserved 1048576K
}
Event: 3.180 GC heap before
{Heap before GC invocations=8 (full 0):
 garbage-first heap   total 171008K, used 135273K [0x0000000080000000, 0x0000000100000000)
  region size 1024K, 72 young (73728K), 2 survivors (2048K)
 Metaspace       used 41662K, committed 42240K, reserved 1114112K
  class space    used 5811K, committed 6080K, reserved 1048576K
}
Event: 3.184 GC heap after
{Heap after GC invocations=9 (full 0):
 garbage-first heap   total 171008K, used 70982K [0x0000000080000000, 0x0000000100000000)
  region size 1024K, 9 young (9216K), 9 survivors (9216K)
 Metaspace       used 41662K, committed 42240K, reserved 1114112K
  class space    used 5811K, committed 6080K, reserved 1048576K
}
Event: 3.615 GC heap before
{Heap before GC invocations=9 (full 0):
 garbage-first heap   total 171008K, used 132422K [0x0000000080000000, 0x0000000100000000)
  region size 1024K, 69 young (70656K), 9 survivors (9216K)
 Metaspace       used 45499K, committed 46144K, reserved 1114112K
  class space    used 6349K, committed 6656K, reserved 1048576K
}
Event: 3.619 GC heap after
{Heap after GC invocations=10 (full 0):
 garbage-first heap   total 171008K, used 75754K [0x0000000080000000, 0x0000000100000000)
  region size 1024K, 6 young (6144K), 6 survivors (6144K)
 Metaspace       used 45499K, committed 46144K, reserved 1114112K
  class space    used 6349K, committed 6656K, reserved 1048576K
}
Event: 3.706 GC heap before
{Heap before GC invocations=10 (full 0):
 garbage-first heap   total 171008K, used 95210K [0x0000000080000000, 0x0000000100000000)
  region size 1024K, 22 young (22528K), 6 survivors (6144K)
 Metaspace       used 46022K, committed 46656K, reserved 1114112K
  class space    used 6413K, committed 6720K, reserved 1048576K
}
Event: 3.708 GC heap after
{Heap after GC invocations=11 (full 0):
 garbage-first heap   total 171008K, used 85082K [0x0000000080000000, 0x0000000100000000)
  region size 1024K, 6 young (6144K), 6 survivors (6144K)
 Metaspace       used 46022K, committed 46656K, reserved 1114112K
  class space    used 6413K, committed 6720K, reserved 1048576K
}
Event: 4.003 GC heap before
{Heap before GC invocations=12 (full 0):
 garbage-first heap   total 171008K, used 133210K [0x0000000080000000, 0x0000000100000000)
  region size 1024K, 49 young (50176K), 6 survivors (6144K)
 Metaspace       used 51816K, committed 52416K, reserved 1114112K
  class space    used 7085K, committed 7360K, reserved 1048576K
}
Event: 4.005 GC heap after
{Heap after GC invocations=13 (full 0):
 garbage-first heap   total 171008K, used 94242K [0x0000000080000000, 0x0000000100000000)
  region size 1024K, 5 young (5120K), 5 survivors (5120K)
 Metaspace       used 51816K, committed 52416K, reserved 1114112K
  class space    used 7085K, committed 7360K, reserved 1048576K
}
Event: 4.253 GC heap before
{Heap before GC invocations=13 (full 0):
 garbage-first heap   total 171008K, used 118818K [0x0000000080000000, 0x0000000100000000)
  region size 1024K, 30 young (30720K), 5 survivors (5120K)
 Metaspace       used 56394K, committed 57152K, reserved 1114112K
  class space    used 7686K, committed 8064K, reserved 1048576K
}
Event: 4.256 GC heap after
{Heap after GC invocations=14 (full 0):
 garbage-first heap   total 171008K, used 96083K [0x0000000080000000, 0x0000000100000000)
  region size 1024K, 3 young (3072K), 3 survivors (3072K)
 Metaspace       used 56394K, committed 57152K, reserved 1114112K
  class space    used 7686K, committed 8064K, reserved 1048576K
}
Event: 4.475 GC heap before
{Heap before GC invocations=15 (full 0):
 garbage-first heap   total 184320K, used 142163K [0x0000000080000000, 0x0000000100000000)
  region size 1024K, 42 young (43008K), 3 survivors (3072K)
 Metaspace       used 58937K, committed 59712K, reserved 1114112K
  class space    used 8018K, committed 8384K, reserved 1048576K
}
Event: 4.478 GC heap after
{Heap after GC invocations=16 (full 0):
 garbage-first heap   total 184320K, used 99295K [0x0000000080000000, 0x0000000100000000)
  region size 1024K, 6 young (6144K), 6 survivors (6144K)
 Metaspace       used 58937K, committed 59712K, reserved 1114112K
  class space    used 8018K, committed 8384K, reserved 1048576K
}
Event: 4.808 GC heap before
{Heap before GC invocations=16 (full 0):
 garbage-first heap   total 184320K, used 143327K [0x0000000080000000, 0x0000000100000000)
  region size 1024K, 49 young (50176K), 6 survivors (6144K)
 Metaspace       used 63529K, committed 64256K, reserved 1114112K
  class space    used 8610K, committed 8960K, reserved 1048576K
}
Event: 4.811 GC heap after
{Heap after GC invocations=17 (full 0):
 garbage-first heap   total 184320K, used 102458K [0x0000000080000000, 0x0000000100000000)
  region size 1024K, 4 young (4096K), 4 survivors (4096K)
 Metaspace       used 63529K, committed 64256K, reserved 1114112K
  class space    used 8610K, committed 8960K, reserved 1048576K
}
Event: 5.049 GC heap before
{Heap before GC invocations=18 (full 0):
 garbage-first heap   total 184320K, used 146490K [0x0000000080000000, 0x0000000100000000)
  region size 1024K, 47 young (48128K), 4 survivors (4096K)
 Metaspace       used 67486K, committed 68160K, reserved 1114112K
  class space    used 9113K, committed 9472K, reserved 1048576K
}
Event: 5.052 GC heap after
{Heap after GC invocations=19 (full 0):
 garbage-first heap   total 184320K, used 107425K [0x0000000080000000, 0x0000000100000000)
  region size 1024K, 6 young (6144K), 6 survivors (6144K)
 Metaspace       used 67486K, committed 68160K, reserved 1114112K
  class space    used 9113K, committed 9472K, reserved 1048576K
}
Event: 5.060 GC heap before
{Heap before GC invocations=19 (full 0):
 garbage-first heap   total 184320K, used 109473K [0x0000000080000000, 0x0000000100000000)
  region size 1024K, 9 young (9216K), 6 survivors (6144K)
 Metaspace       used 67494K, committed 68224K, reserved 1114112K
  class space    used 9113K, committed 9472K, reserved 1048576K
}
Event: 5.063 GC heap after
{Heap after GC invocations=20 (full 0):
 garbage-first heap   total 184320K, used 108318K [0x0000000080000000, 0x0000000100000000)
  region size 1024K, 2 young (2048K), 2 survivors (2048K)
 Metaspace       used 67494K, committed 68224K, reserved 1114112K
  class space    used 9113K, committed 9472K, reserved 1048576K
}
Event: 5.307 GC heap before
{Heap before GC invocations=20 (full 0):
 garbage-first heap   total 184320K, used 148254K [0x0000000080000000, 0x0000000100000000)
  region size 1024K, 42 young (43008K), 2 survivors (2048K)
 Metaspace       used 71974K, committed 72768K, reserved 1114112K
  class space    used 9670K, committed 10048K, reserved 1048576K
}

Deoptimization events (20 events):
Event: 5.010 Thread 0x0000021c7c2c3ae0 Uncommon trap: trap_request=0xffffff45 fr.pc=0x0000021c2385bd44 relative=0x0000000000000204
Event: 5.010 Thread 0x0000021c7c2c3ae0 Uncommon trap: reason=unstable_if action=reinterpret pc=0x0000021c2385bd44 method=com.esotericsoftware.kryo.io.Input.readVarInt(Z)I @ 42 c2
Event: 5.010 Thread 0x0000021c7c2c3ae0 DEOPT PACKING pc=0x0000021c2385bd44 sp=0x000000b2dddfe210
Event: 5.010 Thread 0x0000021c7c2c3ae0 DEOPT UNPACKING pc=0x0000021c232b23a3 sp=0x000000b2dddfe100 mode 2
Event: 5.106 Thread 0x0000021c7a547580 Uncommon trap: trap_request=0xffffffde fr.pc=0x0000021c2391b488 relative=0x0000000000000c08
Event: 5.106 Thread 0x0000021c7a547580 Uncommon trap: reason=class_check action=maybe_recompile pc=0x0000021c2391b488 method=org.gradle.internal.snapshot.ChildMap$Entry.handleAncestorDescendantOrExactMatch(Lorg/gradle/internal/snapshot/VfsRelativePath;Lorg/gradle/internal/snapshot/CaseSensitiv
Event: 5.106 Thread 0x0000021c7a547580 DEOPT PACKING pc=0x0000021c2391b488 sp=0x000000b2dbaf58c0
Event: 5.106 Thread 0x0000021c7a547580 DEOPT UNPACKING pc=0x0000021c232b23a3 sp=0x000000b2dbaf58a0 mode 2
Event: 5.106 Thread 0x0000021c7a547580 Uncommon trap: trap_request=0xffffffde fr.pc=0x0000021c2391b488 relative=0x0000000000000c08
Event: 5.106 Thread 0x0000021c7a547580 Uncommon trap: reason=class_check action=maybe_recompile pc=0x0000021c2391b488 method=org.gradle.internal.snapshot.ChildMap$Entry.handleAncestorDescendantOrExactMatch(Lorg/gradle/internal/snapshot/VfsRelativePath;Lorg/gradle/internal/snapshot/CaseSensitiv
Event: 5.106 Thread 0x0000021c7a547580 DEOPT PACKING pc=0x0000021c2391b488 sp=0x000000b2dbaf5480
Event: 5.106 Thread 0x0000021c7a547580 DEOPT UNPACKING pc=0x0000021c232b23a3 sp=0x000000b2dbaf5460 mode 2
Event: 5.106 Thread 0x0000021c7a547580 Uncommon trap: trap_request=0xffffffde fr.pc=0x0000021c2391b488 relative=0x0000000000000c08
Event: 5.106 Thread 0x0000021c7a547580 Uncommon trap: reason=class_check action=maybe_recompile pc=0x0000021c2391b488 method=org.gradle.internal.snapshot.ChildMap$Entry.handleAncestorDescendantOrExactMatch(Lorg/gradle/internal/snapshot/VfsRelativePath;Lorg/gradle/internal/snapshot/CaseSensitiv
Event: 5.106 Thread 0x0000021c7a547580 DEOPT PACKING pc=0x0000021c2391b488 sp=0x000000b2dbaf5040
Event: 5.106 Thread 0x0000021c7a547580 DEOPT UNPACKING pc=0x0000021c232b23a3 sp=0x000000b2dbaf5020 mode 2
Event: 5.106 Thread 0x0000021c7a547580 Uncommon trap: trap_request=0xffffffde fr.pc=0x0000021c2391b488 relative=0x0000000000000c08
Event: 5.106 Thread 0x0000021c7a547580 Uncommon trap: reason=class_check action=maybe_recompile pc=0x0000021c2391b488 method=org.gradle.internal.snapshot.ChildMap$Entry.handleAncestorDescendantOrExactMatch(Lorg/gradle/internal/snapshot/VfsRelativePath;Lorg/gradle/internal/snapshot/CaseSensitiv
Event: 5.106 Thread 0x0000021c7a547580 DEOPT PACKING pc=0x0000021c2391b488 sp=0x000000b2dbaf4c00
Event: 5.106 Thread 0x0000021c7a547580 DEOPT UNPACKING pc=0x0000021c232b23a3 sp=0x000000b2dbaf4be0 mode 2

Classes unloaded (0 events):
No events

Classes redefined (0 events):
No events

Internal exceptions (20 events):
Event: 4.756 Thread 0x0000021c7a547580 Exception <a 'java/lang/ClassNotFoundException'{0x0000000088f515c0}: org/jetbrains/kotlin/gradle/targets/js/npm/NpmDependencyExtensionKt$defaultNpmDependencyDelegate$1Customizer> (0x0000000088f515c0) 
thrown [s\open\src\hotspot\share\classfile\systemDictionary.cpp, line 256]
Event: 4.757 Thread 0x0000021c7a547580 Exception <a 'java/lang/ClassNotFoundException'{0x0000000088f86b88}: org/jetbrains/kotlin/gradle/targets/js/npm/DefaultDevNpmDependencyExtensionBeanInfo> (0x0000000088f86b88) 
thrown [s\open\src\hotspot\share\classfile\systemDictionary.cpp, line 256]
Event: 4.757 Thread 0x0000021c7a547580 Exception <a 'java/lang/ClassNotFoundException'{0x0000000088f92210}: org/jetbrains/kotlin/gradle/targets/js/npm/DefaultDevNpmDependencyExtensionCustomizer> (0x0000000088f92210) 
thrown [s\open\src\hotspot\share\classfile\systemDictionary.cpp, line 256]
Event: 4.758 Thread 0x0000021c7a547580 Exception <a 'java/lang/ClassNotFoundException'{0x0000000088fcc7c0}: org/jetbrains/kotlin/gradle/targets/js/npm/DefaultPeerNpmDependencyExtensionBeanInfo> (0x0000000088fcc7c0) 
thrown [s\open\src\hotspot\share\classfile\systemDictionary.cpp, line 256]
Event: 4.759 Thread 0x0000021c7a547580 Exception <a 'java/lang/ClassNotFoundException'{0x0000000088fd7e78}: org/jetbrains/kotlin/gradle/targets/js/npm/DefaultPeerNpmDependencyExtensionCustomizer> (0x0000000088fd7e78) 
thrown [s\open\src\hotspot\share\classfile\systemDictionary.cpp, line 256]
Event: 4.760 Thread 0x0000021c7a547580 Exception <a 'java/lang/ClassNotFoundException'{0x0000000088e198d0}: org/jetbrains/kotlin/gradle/targets/js/npm/DefaultPeerNpmDependencyExtension$delegate$1BeanInfo> (0x0000000088e198d0) 
thrown [s\open\src\hotspot\share\classfile\systemDictionary.cpp, line 256]
Event: 4.760 Thread 0x0000021c7a547580 Exception <a 'java/lang/ClassNotFoundException'{0x0000000088e25150}: org/jetbrains/kotlin/gradle/targets/js/npm/DefaultPeerNpmDependencyExtension$delegate$1Customizer> (0x0000000088e25150) 
thrown [s\open\src\hotspot\share\classfile\systemDictionary.cpp, line 256]
Event: 5.109 Thread 0x0000021c7a547580 Exception <a 'java/lang/NoSuchMethodError'{0x000000008a5b68d8}: 'void java.lang.invoke.DirectMethodHandle$Holder.invokeVirtual(java.lang.Object, java.lang.Object)'> (0x000000008a5b68d8) 
thrown [s\open\src\hotspot\share\interpreter\linkResolver.cpp, line 759]
Event: 5.159 Thread 0x0000021c7a547580 Exception <a 'java/lang/NoSuchMethodError'{0x0000000089e01ec0}: 'int java.lang.invoke.DelegatingMethodHandle$Holder.reinvoke_L(java.lang.Object, java.lang.Object, java.lang.Object, long, int, int)'> (0x0000000089e01ec0) 
thrown [s\open\src\hotspot\share\interpreter\linkResolver.cpp, line 759]
Event: 5.159 Thread 0x0000021c7a547580 Exception <a 'java/lang/NoSuchMethodError'{0x0000000089e11c68}: 'int java.lang.invoke.DelegatingMethodHandle$Holder.reinvoke_L(java.lang.Object, java.lang.Object, java.lang.Object, long, long, long)'> (0x0000000089e11c68) 
thrown [s\open\src\hotspot\share\interpreter\linkResolver.cpp, line 759]
Event: 5.160 Thread 0x0000021c7a547580 Exception <a 'java/lang/NoSuchMethodError'{0x0000000089e21d18}: 'int java.lang.invoke.DelegatingMethodHandle$Holder.reinvoke_L(java.lang.Object, java.lang.Object, java.lang.Object, long, java.lang.Object, java.lang.Object)'> (0x0000000089e21d18) 
thrown [s\open\src\hotspot\share\interpreter\linkResolver.cpp, line 759]
Event: 5.160 Thread 0x0000021c7a547580 Exception <a 'java/lang/NoSuchMethodError'{0x0000000089e31c10}: 'void java.lang.invoke.DelegatingMethodHandle$Holder.reinvoke_L(java.lang.Object, java.lang.Object, java.lang.Object, long, java.lang.Object)'> (0x0000000089e31c10) 
thrown [s\open\src\hotspot\share\interpreter\linkResolver.cpp, line 759]
Event: 5.160 Thread 0x0000021c7a547580 Exception <a 'java/lang/NoSuchMethodError'{0x0000000089e3a500}: 'java.lang.Object java.lang.invoke.DirectMethodHandle$Holder.invokeSpecial(java.lang.Object, java.lang.Object, java.lang.Object, java.lang.Object, long)'> (0x0000000089e3a500) 
thrown [s\open\src\hotspot\share\interpreter\linkResolver.cpp, line 759]
Event: 5.161 Thread 0x0000021c7a547580 Exception <a 'java/lang/NoSuchMethodError'{0x0000000089e5f320}: 'long java.lang.invoke.Invokers$Holder.invoke_MT(java.lang.Object, java.lang.Object, java.lang.Object, java.lang.Object)'> (0x0000000089e5f320) 
thrown [s\open\src\hotspot\share\interpreter\linkResolver.cpp, line 759]
Event: 5.162 Thread 0x0000021c7a547580 Exception <a 'java/lang/NoSuchMethodError'{0x0000000089e683e8}: 'int java.lang.invoke.Invokers$Holder.invoke_MT(java.lang.Object, java.lang.Object, java.lang.Object, java.lang.Object)'> (0x0000000089e683e8) 
thrown [s\open\src\hotspot\share\interpreter\linkResolver.cpp, line 759]
Event: 5.162 Thread 0x0000021c7a547580 Exception <a 'java/lang/NoSuchMethodError'{0x0000000089e79708}: 'int java.lang.invoke.DelegatingMethodHandle$Holder.reinvoke_L(java.lang.Object, java.lang.Object, java.lang.Object, long, int)'> (0x0000000089e79708) 
thrown [s\open\src\hotspot\share\interpreter\linkResolver.cpp, line 759]
Event: 5.163 Thread 0x0000021c7a547580 Exception <a 'java/lang/NoSuchMethodError'{0x0000000089e8cf58}: 'java.lang.Object java.lang.invoke.Invokers$Holder.invokeExact_MT(java.lang.Object, java.lang.Object, long, java.lang.Object)'> (0x0000000089e8cf58) 
thrown [s\open\src\hotspot\share\interpreter\linkResolver.cpp, line 759]
Event: 5.226 Thread 0x0000021c7a547580 Exception <a 'java/lang/NoSuchMethodError'{0x0000000089697bd0}: 'java.lang.Object java.lang.invoke.DirectMethodHandle$Holder.invokeStaticInit(java.lang.Object, int)'> (0x0000000089697bd0) 
thrown [s\open\src\hotspot\share\interpreter\linkResolver.cpp, line 759]
Event: 5.244 Thread 0x0000021c7a547580 Exception <a 'java/lang/NoSuchMethodError'{0x00000000893781e8}: 'long java.lang.invoke.DirectMethodHandle$Holder.invokeStatic(java.lang.Object)'> (0x00000000893781e8) 
thrown [s\open\src\hotspot\share\interpreter\linkResolver.cpp, line 759]
Event: 5.244 Thread 0x0000021c7a547580 Exception <a 'java/lang/NoSuchMethodError'{0x000000008937cfe8}: 'long java.lang.invoke.DirectMethodHandle$Holder.invokeStaticInit(java.lang.Object)'> (0x000000008937cfe8) 
thrown [s\open\src\hotspot\share\interpreter\linkResolver.cpp, line 759]

VM Operations (20 events):
Event: 4.811 Executing VM operation: G1CollectForAllocation done
Event: 4.826 Executing VM operation: G1Concurrent
Event: 4.827 Executing VM operation: G1Concurrent done
Event: 4.833 Executing VM operation: G1Concurrent
Event: 4.833 Executing VM operation: G1Concurrent done
Event: 5.049 Executing VM operation: G1CollectForAllocation
Event: 5.052 Executing VM operation: G1CollectForAllocation done
Event: 5.060 Executing VM operation: G1CollectForAllocation
Event: 5.063 Executing VM operation: G1CollectForAllocation done
Event: 5.108 Executing VM operation: HandshakeAllThreads
Event: 5.108 Executing VM operation: HandshakeAllThreads done
Event: 5.128 Executing VM operation: HandshakeAllThreads
Event: 5.128 Executing VM operation: HandshakeAllThreads done
Event: 5.247 Executing VM operation: HandshakeAllThreads
Event: 5.247 Executing VM operation: HandshakeAllThreads done
Event: 5.293 Executing VM operation: HandshakeAllThreads
Event: 5.293 Executing VM operation: HandshakeAllThreads done
Event: 5.294 Executing VM operation: HandshakeAllThreads
Event: 5.294 Executing VM operation: HandshakeAllThreads done
Event: 5.307 Executing VM operation: G1CollectForAllocation

Events (20 events):
Event: 4.605 loading class com/sun/jmx/mbeanserver/StandardMBeanSupport done
Event: 4.605 loading class com/sun/jmx/mbeanserver/StandardMBeanIntrospector
Event: 4.606 loading class com/sun/jmx/mbeanserver/StandardMBeanIntrospector done
Event: 4.710 Thread 0x0000021c32b2e0f0 flushing nmethod 0x0000021c239d1410
Event: 4.710 Thread 0x0000021c32b2e0f0 flushing nmethod 0x0000021c23a18010
Event: 4.713 Thread 0x0000021c32b2e0f0 flushing nmethod 0x0000021c1c27f890
Event: 4.966 loading class java/util/ArrayList$SubList$1
Event: 4.966 loading class java/util/ArrayList$SubList$1 done
Event: 5.194 loading class java/util/regex/Pattern$Behind
Event: 5.194 loading class java/util/regex/Pattern$Behind done
Event: 5.194 loading class javax/swing/text/html/HTMLEditorKit$ParserCallback
Event: 5.194 loading class javax/swing/text/html/HTMLEditorKit$ParserCallback done
Event: 5.209 loading class java/lang/AbstractMethodError
Event: 5.209 loading class java/lang/AbstractMethodError done
Event: 5.244 loading class java/util/concurrent/atomic/AtomicLongFieldUpdater
Event: 5.244 loading class java/util/concurrent/atomic/AtomicLongFieldUpdater done
Event: 5.244 loading class java/util/concurrent/atomic/AtomicLongFieldUpdater$CASUpdater
Event: 5.244 loading class java/util/concurrent/atomic/AtomicLongFieldUpdater$CASUpdater done
Event: 5.244 loading class java/util/concurrent/atomic/AtomicLongFieldUpdater$CASUpdater$1
Event: 5.244 loading class java/util/concurrent/atomic/AtomicLongFieldUpdater$CASUpdater$1 done


Dynamic libraries:
0x00007ff6edff0000 - 0x00007ff6ee000000 	C:\Program Files\Java\jdk-17\bin\java.exe
0x00007ffa98190000 - 0x00007ffa983a7000 	C:\WINDOWS\SYSTEM32\ntdll.dll
0x00007ffa96a20000 - 0x00007ffa96ae4000 	C:\WINDOWS\System32\KERNEL32.DLL
0x00007ffa95720000 - 0x00007ffa95ac7000 	C:\WINDOWS\System32\KERNELBASE.dll
0x00007ffa95c60000 - 0x00007ffa95d71000 	C:\WINDOWS\System32\ucrtbase.dll
0x00007ffa71ee0000 - 0x00007ffa71efb000 	C:\Program Files\Java\jdk-17\bin\VCRUNTIME140.dll
0x00007ffa759e0000 - 0x00007ffa759f9000 	C:\Program Files\Java\jdk-17\bin\jli.dll
0x00007ffa96970000 - 0x00007ffa96a20000 	C:\WINDOWS\System32\ADVAPI32.dll
0x00007ffa96680000 - 0x00007ffa96727000 	C:\WINDOWS\System32\msvcrt.dll
0x00007ffa97ec0000 - 0x00007ffa97f66000 	C:\WINDOWS\System32\sechost.dll
0x00007ffa96000000 - 0x00007ffa96117000 	C:\WINDOWS\System32\RPCRT4.dll
0x00007ffa97cb0000 - 0x00007ffa97e5e000 	C:\WINDOWS\System32\USER32.dll
0x00007ffa95ec0000 - 0x00007ffa95ee6000 	C:\WINDOWS\System32\win32u.dll
0x00007ffa7e650000 - 0x00007ffa7e8e3000 	C:\WINDOWS\WinSxS\amd64_microsoft.windows.common-controls_6595b64144ccf1df_6.0.22621.2506_none_270c5ae97388e100\COMCTL32.dll
0x00007ffa95ef0000 - 0x00007ffa95f19000 	C:\WINDOWS\System32\GDI32.dll
0x00007ffa95ad0000 - 0x00007ffa95be9000 	C:\WINDOWS\System32\gdi32full.dll
0x00007ffa95680000 - 0x00007ffa9571a000 	C:\WINDOWS\System32\msvcp_win.dll
0x00007ffa8eb60000 - 0x00007ffa8eb6a000 	C:\WINDOWS\SYSTEM32\VERSION.dll
0x00007ffa96790000 - 0x00007ffa967c1000 	C:\WINDOWS\System32\IMM32.DLL
0x00007ffa68600000 - 0x00007ffa6860c000 	C:\Program Files\Java\jdk-17\bin\vcruntime140_1.dll
0x00007ffa65bd0000 - 0x00007ffa65c5e000 	C:\Program Files\Java\jdk-17\bin\msvcp140.dll
0x00007ffa37540000 - 0x00007ffa38121000 	C:\Program Files\Java\jdk-17\bin\server\jvm.dll
0x00007ffa96120000 - 0x00007ffa96128000 	C:\WINDOWS\System32\PSAPI.DLL
0x00007ffa92820000 - 0x00007ffa92829000 	C:\WINDOWS\SYSTEM32\WSOCK32.dll
0x00007ffa8e620000 - 0x00007ffa8e654000 	C:\WINDOWS\SYSTEM32\WINMM.dll
0x00007ffa970b0000 - 0x00007ffa97121000 	C:\WINDOWS\System32\WS2_32.dll
0x00007ffa944b0000 - 0x00007ffa944c8000 	C:\WINDOWS\SYSTEM32\kernel.appcore.dll
0x00007ffa685f0000 - 0x00007ffa685fa000 	C:\Program Files\Java\jdk-17\bin\jimage.dll
0x00007ffa8c490000 - 0x00007ffa8c6c3000 	C:\WINDOWS\SYSTEM32\DBGHELP.DLL
0x00007ffa962f0000 - 0x00007ffa96679000 	C:\WINDOWS\System32\combase.dll
0x00007ffa95f20000 - 0x00007ffa95ff7000 	C:\WINDOWS\System32\OLEAUT32.dll
0x00007ffa83380000 - 0x00007ffa833b2000 	C:\WINDOWS\SYSTEM32\dbgcore.DLL
0x00007ffa95e40000 - 0x00007ffa95eba000 	C:\WINDOWS\System32\bcryptPrimitives.dll
0x00007ffa66e10000 - 0x00007ffa66e35000 	C:\Program Files\Java\jdk-17\bin\java.dll
0x00007ffa5d5b0000 - 0x00007ffa5d687000 	C:\Program Files\Java\jdk-17\bin\jsvml.dll
0x00007ffa97130000 - 0x00007ffa97989000 	C:\WINDOWS\System32\SHELL32.dll
0x00007ffa93430000 - 0x00007ffa93d24000 	C:\WINDOWS\SYSTEM32\windows.storage.dll
0x00007ffa932f0000 - 0x00007ffa9342e000 	C:\WINDOWS\SYSTEM32\wintypes.dll
0x00007ffa979a0000 - 0x00007ffa97a93000 	C:\WINDOWS\System32\SHCORE.dll
0x00007ffa96730000 - 0x00007ffa9678e000 	C:\WINDOWS\System32\shlwapi.dll
0x00007ffa95440000 - 0x00007ffa95466000 	C:\WINDOWS\SYSTEM32\profapi.dll
0x00007ffa685d0000 - 0x00007ffa685e9000 	C:\Program Files\Java\jdk-17\bin\net.dll
0x00007ffa8dcf0000 - 0x00007ffa8de27000 	C:\WINDOWS\SYSTEM32\WINHTTP.dll
0x00007ffa94990000 - 0x00007ffa949f9000 	C:\WINDOWS\system32\mswsock.dll
0x00007ffa66df0000 - 0x00007ffa66e06000 	C:\Program Files\Java\jdk-17\bin\nio.dll
0x00007ffa65fc0000 - 0x00007ffa65fd8000 	C:\Program Files\Java\jdk-17\bin\zip.dll
0x00007ffa66de0000 - 0x00007ffa66df0000 	C:\Program Files\Java\jdk-17\bin\verify.dll
0x00007ffa74850000 - 0x00007ffa74877000 	C:\Users\PC\.gradle\native\68d5fa5c4cc2d200863cafc0d521ce42e7d3e7ee720ec0a83991735586a16f82\windows-amd64\native-platform.dll
0x00007ffa5dae0000 - 0x00007ffa5dc24000 	C:\Users\PC\.gradle\native\e376f236ea51e6404a007f0833ffe2c6e607c4080706a723a18a27aeea778392\windows-amd64\native-platform-file-events.dll
0x00007ffa66bf0000 - 0x00007ffa66bfa000 	C:\Program Files\Java\jdk-17\bin\management.dll
0x00007ffa65fb0000 - 0x00007ffa65fbb000 	C:\Program Files\Java\jdk-17\bin\management_ext.dll
0x00007ffa94be0000 - 0x00007ffa94bfb000 	C:\WINDOWS\SYSTEM32\CRYPTSP.dll
0x00007ffa94470000 - 0x00007ffa944a5000 	C:\WINDOWS\system32\rsaenh.dll
0x00007ffa94a80000 - 0x00007ffa94aac000 	C:\WINDOWS\SYSTEM32\USERENV.dll
0x00007ffa94e40000 - 0x00007ffa94e68000 	C:\WINDOWS\SYSTEM32\bcrypt.dll
0x00007ffa94c00000 - 0x00007ffa94c0c000 	C:\WINDOWS\SYSTEM32\CRYPTBASE.dll
0x00007ffa93f90000 - 0x00007ffa93fbd000 	C:\WINDOWS\SYSTEM32\IPHLPAPI.DLL
0x00007ffa96c00000 - 0x00007ffa96c09000 	C:\WINDOWS\System32\NSI.dll
0x00007ffa8e1b0000 - 0x00007ffa8e1c9000 	C:\WINDOWS\SYSTEM32\dhcpcsvc6.DLL
0x00007ffa8db40000 - 0x00007ffa8db5f000 	C:\WINDOWS\SYSTEM32\dhcpcsvc.DLL
0x00007ffa94000000 - 0x00007ffa940f9000 	C:\WINDOWS\SYSTEM32\DNSAPI.dll
0x00007ffa65fa0000 - 0x00007ffa65fae000 	C:\Program Files\Java\jdk-17\bin\sunmscapi.dll
0x00007ffa95510000 - 0x00007ffa95676000 	C:\WINDOWS\System32\CRYPT32.dll
0x00007ffa94e10000 - 0x00007ffa94e3d000 	C:\WINDOWS\SYSTEM32\ncrypt.dll
0x00007ffa94dd0000 - 0x00007ffa94e07000 	C:\WINDOWS\SYSTEM32\NTASN1.dll
0x00007ffa75130000 - 0x00007ffa75138000 	C:\WINDOWS\system32\wshunix.dll

dbghelp: loaded successfully - version: 4.0.5 - missing functions: none
symbol engine: initialized successfully - sym options: 0x614 - pdb path: .;C:\Program Files\Java\jdk-17\bin;C:\WINDOWS\SYSTEM32;C:\WINDOWS\WinSxS\amd64_microsoft.windows.common-controls_6595b64144ccf1df_6.0.22621.2506_none_270c5ae97388e100;C:\Program Files\Java\jdk-17\bin\server;C:\Users\PC\.gradle\native\68d5fa5c4cc2d200863cafc0d521ce42e7d3e7ee720ec0a83991735586a16f82\windows-amd64;C:\Users\PC\.gradle\native\e376f236ea51e6404a007f0833ffe2c6e607c4080706a723a18a27aeea778392\windows-amd64

VM Arguments:
jvm_args: --add-opens=java.base/java.util=ALL-UNNAMED --add-opens=java.base/java.lang=ALL-UNNAMED --add-opens=java.base/java.lang.invoke=ALL-UNNAMED --add-opens=java.prefs/java.util.prefs=ALL-UNNAMED --add-opens=java.base/java.nio.charset=ALL-UNNAMED --add-opens=java.base/java.net=ALL-UNNAMED --add-opens=java.base/java.util.concurrent.atomic=ALL-UNNAMED -Xmx2048m -Dfile.encoding=UTF-8 -Duser.country=US -Duser.language=en -Duser.variant 
java_command: org.gradle.launcher.daemon.bootstrap.GradleDaemon 8.0
java_class_path (initial): C:\Users\PC\.gradle\wrapper\dists\gradle-8.0-bin\ca5e32bp14vu59qr306oxotwh\gradle-8.0\lib\gradle-launcher-8.0.jar
Launcher Type: SUN_STANDARD

[Global flags]
     intx CICompilerCount                          = 4                                         {product} {ergonomic}
     uint ConcGCThreads                            = 3                                         {product} {ergonomic}
     uint G1ConcRefinementThreads                  = 10                                        {product} {ergonomic}
   size_t G1HeapRegionSize                         = 1048576                                   {product} {ergonomic}
    uintx GCDrainStackTargetSize                   = 64                                        {product} {ergonomic}
   size_t InitialHeapSize                          = 257949696                                 {product} {ergonomic}
   size_t MarkStackSize                            = 4194304                                   {product} {ergonomic}
   size_t MaxHeapSize                              = 2147483648                                {product} {command line}
   size_t MaxNewSize                               = 1287651328                                {product} {ergonomic}
   size_t MinHeapDeltaBytes                        = 1048576                                   {product} {ergonomic}
   size_t MinHeapSize                              = 8388608                                   {product} {ergonomic}
    uintx NonNMethodCodeHeapSize                   = 5839372                                {pd product} {ergonomic}
    uintx NonProfiledCodeHeapSize                  = 122909434                              {pd product} {ergonomic}
    uintx ProfiledCodeHeapSize                     = 122909434                              {pd product} {ergonomic}
    uintx ReservedCodeCacheSize                    = 251658240                              {pd product} {ergonomic}
     bool SegmentedCodeCache                       = true                                      {product} {ergonomic}
   size_t SoftMaxHeapSize                          = 2147483648                             {manageable} {ergonomic}
     bool UseCompressedClassPointers               = true                           {product lp64_product} {ergonomic}
     bool UseCompressedOops                        = true                           {product lp64_product} {ergonomic}
     bool UseG1GC                                  = true                                      {product} {ergonomic}
     bool UseLargePagesIndividualAllocation        = false                                  {pd product} {ergonomic}

Logging:
Log output configuration:
 #0: stdout all=warning uptime,level,tags
 #1: stderr all=off uptime,level,tags

Environment Variables:
JAVA_HOME=C:\Program Files\Java\jdk-17\bin
PATH=C:\Program Files\Common Files\Oracle\Java\javapath;C:\Program Files (x86)\Common Files\Oracle\Java\javapath;C:\Program Files (x86)\Common Files\Intel\Shared Libraries\redist\intel64\compiler;C:\WINDOWS\system32;C:\WINDOWS;C:\WINDOWS\System32\Wbem;C:\WINDOWS\System32\WindowsPowerShell\v1.0\;C:\WINDOWS\System32\OpenSSH\;C:\ProgramData\chocolatey\bin;C:\Program Files\Git\cmd;C:\Program Files\Java\jdk-21\bin;C:\Program Files\Java\jre-1.8\bin;C:\Users\PC\AppData\Roaming\nvm;C:\Program Files\nodejs;C:\Users\PC\AppData\Local\Programs\Python\Python312;C:\Users\PC\AppData\Local\Programs\Python\Python312\Scripts;C:\Users\PC\.cargo\bin;C:\Users\PC\AppData\Local\Microsoft\WindowsApps;C:\Users\PC\AppData\Local\Programs\Microsoft VS Code\bin;C:\Program Files\JetBrains\IntelliJ IDEA 2023.2.3\bin;;C:\Users\PC\AppData\Roaming\nvm;C:\Program Files\nodejs;
USERNAME=PC
OS=Windows_NT
PROCESSOR_IDENTIFIER=AMD64 Family 25 Model 80 Stepping 0, AuthenticAMD



---------------  S Y S T E M  ---------------

OS:
 Windows 11 , 64 bit Build 22621 (10.0.22621.2506)
OS uptime: 0 days 1:58 hours

CPU: total 12 (initial active 12) (12 cores per cpu, 2 threads per core) family 25 model 80 stepping 0 microcode 0x0, cx8, cmov, fxsr, ht, mmx, 3dnowpref, sse, sse2, sse3, ssse3, sse4a, sse4.1, sse4.2, popcnt, lzcnt, tsc, tscinvbit, avx, avx2, aes, erms, clmul, bmi1, bmi2, adx, sha, fma, vzeroupper, clflush, clflushopt

Memory: 4k page, system-wide physical 15741M (2743M free)
TotalPageFile size 17789M (AvailPageFile size 32M)
current process WorkingSet (physical memory assigned to process): 395M, peak: 417M
current process commit charge ("private bytes"): 446M, peak: 482M

vm_info: Java HotSpot(TM) 64-Bit Server VM (17.0.9+11-LTS-201) for windows-amd64 JRE (17.0.9+11-LTS-201), built on Oct 10 2023 23:16:06 by "mach5one" with MS VC++ 17.1 (VS2022)

END.
