#
# There is insufficient memory for the Java Runtime Environment to continue.
# Native memory allocation (mmap) failed to map 37748736 bytes for G1 virtual space
# Possible reasons:
#   The system is out of physical RAM or swap space
#   The process is running with CompressedOops enabled, and the Java Heap may be blocking the growth of the native heap
# Possible solutions:
#   Reduce memory load on the system
#   Increase physical memory or swap space
#   Check if swap backing store is full
#   Decrease Java heap size (-Xmx/-Xms)
#   Decrease number of Java threads
#   Decrease Java thread stack sizes (-Xss)
#   Set larger code cache with -XX:ReservedCodeCacheSize=
#   JVM is running with Unscaled Compressed Oops mode in which the Java heap is
#     placed in the first 4GB address space. The Java Heap base address is the
#     maximum limit for the native heap growth. Please use -XX:HeapBaseMinAddress
#     to set the Java Heap base and to place the Java Heap above 4GB virtual address.
# This output file may be truncated or incomplete.
#
#  Out of Memory Error (os_windows.cpp:3552), pid=12972, tid=18976
#
# JRE version: Java(TM) SE Runtime Environment (17.0.9+11) (build 17.0.9+11-LTS-201)
# Java VM: Java HotSpot(TM) 64-Bit Server VM (17.0.9+11-LTS-201, mixed mode, sharing, tiered, compressed oops, compressed class ptrs, g1 gc, windows-amd64)
# No core dump will be written. Minidumps are not enabled by default on client versions of Windows
#

---------------  S U M M A R Y ------------

Command Line: --add-opens=java.base/java.util=ALL-UNNAMED --add-opens=java.base/java.lang=ALL-UNNAMED --add-opens=java.base/java.lang.invoke=ALL-UNNAMED --add-opens=java.prefs/java.util.prefs=ALL-UNNAMED --add-opens=java.base/java.nio.charset=ALL-UNNAMED --add-opens=java.base/java.net=ALL-UNNAMED --add-opens=java.base/java.util.concurrent.atomic=ALL-UNNAMED -Xmx2048m -Dfile.encoding=UTF-8 -Duser.country=US -Duser.language=en -Duser.variant org.gradle.launcher.daemon.bootstrap.GradleDaemon 8.0

Host: AMD Ryzen 5 5600G with Radeon Graphics         , 12 cores, 15G,  Windows 11 , 64 bit Build 22621 (10.0.22621.2506)
Time: Tue Nov 14 00:59:57 2023 Hora estándar de Argentina elapsed time: 5.652548 seconds (0d 0h 0m 5s)

---------------  T H R E A D  ---------------

Current thread (0x0000027ec79019f0):  VMThread "VM Thread" [stack: 0x000000aa6f500000,0x000000aa6f600000] [id=18976]

Stack: [0x000000aa6f500000,0x000000aa6f600000]
Native frames: (J=compiled Java code, j=interpreted, Vv=VM code, C=native code)
V  [jvm.dll+0x678a4a]
V  [jvm.dll+0x7d9cfd]
V  [jvm.dll+0x7db60e]
V  [jvm.dll+0x7dbc73]
V  [jvm.dll+0x245e1f]
V  [jvm.dll+0x6758f9]
V  [jvm.dll+0x66a2a2]
V  [jvm.dll+0x303686]
V  [jvm.dll+0x30ac06]
V  [jvm.dll+0x35a48e]
V  [jvm.dll+0x35a6bf]
V  [jvm.dll+0x2da678]
V  [jvm.dll+0x2d8a85]
V  [jvm.dll+0x2d808c]
V  [jvm.dll+0x31bca1]
V  [jvm.dll+0x7e048b]
V  [jvm.dll+0x7e11c4]
V  [jvm.dll+0x7e16dd]
V  [jvm.dll+0x7e1ab4]
V  [jvm.dll+0x7e1b80]
V  [jvm.dll+0x78998a]
V  [jvm.dll+0x677875]
C  [ucrtbase.dll+0x29363]
C  [KERNEL32.DLL+0x1257d]
C  [ntdll.dll+0x5aa58]

VM_Operation (0x000000aa70ef4eb8): G1TryInitiateConcMark, mode: safepoint, requested by thread 0x0000027f0ef15390


---------------  P R O C E S S  ---------------

Threads class SMR info:
_java_thread_list=0x0000027f0ddd1f70, length=171, elements={
0x0000027ea92b05b0, 0x0000027ec790ca20, 0x0000027ec790d8a0, 0x0000027ec791df90,
0x0000027ec791eb50, 0x0000027ec7921620, 0x0000027ec7921fe0, 0x0000027ec792a880,
0x0000027ec792b7a0, 0x0000027ec792e1b0, 0x0000027ec7b96b10, 0x0000027ec7bb9420,
0x0000027ec7cc85a0, 0x0000027f0ed28110, 0x0000027f0df71f50, 0x0000027f0eed4360,
0x0000027f0e24f0d0, 0x0000027f0eeb76e0, 0x0000027f0ef13c00, 0x0000027f0ef15390,
0x0000027f0df683e0, 0x0000027f0df66a90, 0x0000027f0df688f0, 0x0000027f0df66fa0,
0x0000027f0df68e00, 0x0000027f0df67ed0, 0x0000027f0df69310, 0x0000027f0df66580,
0x0000027f0df679c0, 0x0000027f0df69820, 0x0000027f0df674b0, 0x0000027f11269b40,
0x0000027f11268c10, 0x0000027f112677d0, 0x0000027f1126d2f0, 0x0000027f1126d800,
0x0000027f1126dd10, 0x0000027f112668a0, 0x0000027f112672c0, 0x0000027f1126a050,
0x0000027f112681f0, 0x0000027f11269120, 0x0000027f1126beb0, 0x0000027f1126cde0,
0x0000027f1126e220, 0x0000027f1126a560, 0x0000027f11266db0, 0x0000027f11269630,
0x0000027f1126aa70, 0x0000027f11267ce0, 0x0000027f1126af80, 0x0000027f11268700,
0x0000027f1126b490, 0x0000027f1126b9a0, 0x0000027f0efd4600, 0x0000027f0efd4b10,
0x0000027f0efd7db0, 0x0000027f0efd9700, 0x0000027f0efd91f0, 0x0000027f0efd6460,
0x0000027f0efd3be0, 0x0000027f0efd9c10, 0x0000027f0efda120, 0x0000027f0efda630,
0x0000027f0efd6970, 0x0000027f0efd6e80, 0x0000027f0efd40f0, 0x0000027f0efd7390,
0x0000027f0efd8ce0, 0x0000027f0efdab40, 0x0000027f0efd82c0, 0x0000027f0efd36d0,
0x0000027f0efd78a0, 0x0000027f0efdb050, 0x0000027f0efd5020, 0x0000027f0efd5530,
0x0000027f0efd87d0, 0x0000027f0efd5a40, 0x0000027f0efd5f50, 0x0000027f12f57260,
0x0000027f12f50d20, 0x0000027f12f544d0, 0x0000027f12f53ab0, 0x0000027f12f51230,
0x0000027f12f51740, 0x0000027f12f549e0, 0x0000027f12f4fdf0, 0x0000027f12f56d50,
0x0000027f12f50300, 0x0000027f12f51c50, 0x0000027f12f56840, 0x0000027f12f55400,
0x0000027f12f53090, 0x0000027f12f52160, 0x0000027f12f52670, 0x0000027f12f56330,
0x0000027f12f52b80, 0x0000027f12f57770, 0x0000027f12f53fc0, 0x0000027f12f535a0,
0x0000027f12f55910, 0x0000027f12f50810, 0x0000027f12f54ef0, 0x0000027f12f55e20,
0x0000027f10ba5300, 0x0000027f10ba2570, 0x0000027f10ba5d20, 0x0000027f10ba5810,
0x0000027f10ba6230, 0x0000027f10ba3ec0, 0x0000027f10ba48e0, 0x0000027f10ba6740,
0x0000027f10ba6c50, 0x0000027f10ba2a80, 0x0000027f10ba43d0, 0x0000027f10ba7160,
0x0000027f10ba7670, 0x0000027f10ba4df0, 0x0000027f10ba7b80, 0x0000027f10ba8090,
0x0000027f10ba85a0, 0x0000027f10ba8ab0, 0x0000027f10ba8fc0, 0x0000027f10ba94d0,
0x0000027f10ba2060, 0x0000027f10ba99e0, 0x0000027f10ba2f90, 0x0000027f10ba34a0,
0x0000027f10ba39b0, 0x0000027f11681d50, 0x0000027f11687360, 0x0000027f11684ae0,
0x0000027f11684ff0, 0x0000027f11685500, 0x0000027f116891c0, 0x0000027f11688cb0,
0x0000027f116896d0, 0x0000027f11686430, 0x0000027f11682770, 0x0000027f11688290,
0x0000027f116840c0, 0x0000027f11682260, 0x0000027f116887a0, 0x0000027f11686e50,
0x0000027f11682c80, 0x0000027f116845d0, 0x0000027f11685a10, 0x0000027f11686940,
0x0000027f11685f20, 0x0000027f116836a0, 0x0000027f11683bb0, 0x0000027f11687870,
0x0000027f11683190, 0x0000027f1312a680, 0x0000027f1312b5b0, 0x0000027f1312ab90,
0x0000027f131273e0, 0x0000027f1312a170, 0x0000027f131269c0, 0x0000027f1312d410,
0x0000027f13129240, 0x0000027f13129750, 0x0000027f131264b0, 0x0000027f1312b0a0,
0x0000027f1312cf00, 0x0000027f1312d920, 0x0000027f13128d30, 0x0000027f1312c9f0,
0x0000027f13128820, 0x0000027f1312de30, 0x0000027f10a6b890
}

Java Threads: ( => current thread )
  0x0000027ea92b05b0 JavaThread "main" [_thread_blocked, id=10772, stack(0x000000aa6ef00000,0x000000aa6f000000)]
  0x0000027ec790ca20 JavaThread "Reference Handler" daemon [_thread_blocked, id=3684, stack(0x000000aa6f600000,0x000000aa6f700000)]
  0x0000027ec790d8a0 JavaThread "Finalizer" daemon [_thread_blocked, id=8560, stack(0x000000aa6f700000,0x000000aa6f800000)]
  0x0000027ec791df90 JavaThread "Signal Dispatcher" daemon [_thread_blocked, id=13404, stack(0x000000aa6f800000,0x000000aa6f900000)]
  0x0000027ec791eb50 JavaThread "Attach Listener" daemon [_thread_blocked, id=13792, stack(0x000000aa6f900000,0x000000aa6fa00000)]
  0x0000027ec7921620 JavaThread "Service Thread" daemon [_thread_blocked, id=12520, stack(0x000000aa6fa00000,0x000000aa6fb00000)]
  0x0000027ec7921fe0 JavaThread "Monitor Deflation Thread" daemon [_thread_blocked, id=16532, stack(0x000000aa6fb00000,0x000000aa6fc00000)]
  0x0000027ec792a880 JavaThread "C2 CompilerThread0" daemon [_thread_blocked, id=18272, stack(0x000000aa6fc00000,0x000000aa6fd00000)]
  0x0000027ec792b7a0 JavaThread "C1 CompilerThread0" daemon [_thread_blocked, id=15964, stack(0x000000aa6fd00000,0x000000aa6fe00000)]
  0x0000027ec792e1b0 JavaThread "Sweeper thread" daemon [_thread_blocked, id=6156, stack(0x000000aa6fe00000,0x000000aa6ff00000)]
  0x0000027ec7b96b10 JavaThread "Common-Cleaner" daemon [_thread_blocked, id=17636, stack(0x000000aa6ff00000,0x000000aa70000000)]
  0x0000027ec7bb9420 JavaThread "Notification Thread" daemon [_thread_blocked, id=16456, stack(0x000000aa70000000,0x000000aa70100000)]
  0x0000027ec7cc85a0 JavaThread "C2 CompilerThread1" daemon [_thread_blocked, id=15888, stack(0x000000aa70200000,0x000000aa70300000)]
  0x0000027f0ed28110 JavaThread "Daemon health stats" [_thread_blocked, id=14624, stack(0x000000aa70800000,0x000000aa70900000)]
  0x0000027f0df71f50 JavaThread "Incoming local TCP Connector on port 54764" [_thread_in_native, id=7036, stack(0x000000aa70900000,0x000000aa70a00000)]
  0x0000027f0eed4360 JavaThread "Daemon periodic checks" [_thread_blocked, id=3296, stack(0x000000aa70a00000,0x000000aa70b00000)]
  0x0000027f0e24f0d0 JavaThread "Daemon" [_thread_blocked, id=14600, stack(0x000000aa70b00000,0x000000aa70c00000)]
  0x0000027f0eeb76e0 JavaThread "Handler for socket connection from /127.0.0.1:54764 to /127.0.0.1:54765" [_thread_in_native, id=13240, stack(0x000000aa70c00000,0x000000aa70d00000)]
  0x0000027f0ef13c00 JavaThread "Cancel handler" [_thread_blocked, id=3876, stack(0x000000aa70d00000,0x000000aa70e00000)]
  0x0000027f0ef15390 JavaThread "Daemon worker" [_thread_blocked, id=18528, stack(0x000000aa70e00000,0x000000aa70f00000)]
  0x0000027f0df683e0 JavaThread "Asynchronous log dispatcher for DefaultDaemonConnection: socket connection from /127.0.0.1:54764 to /127.0.0.1:54765" [_thread_blocked, id=14716, stack(0x000000aa70f00000,0x000000aa71000000)]
  0x0000027f0df66a90 JavaThread "Stdin handler" [_thread_blocked, id=6940, stack(0x000000aa71000000,0x000000aa71100000)]
  0x0000027f0df688f0 JavaThread "Daemon client event forwarder" [_thread_blocked, id=12020, stack(0x000000aa71100000,0x000000aa71200000)]
  0x0000027f0df66fa0 JavaThread "Cache worker for journal cache (C:\Users\PC\.gradle\caches\journal-1)" [_thread_blocked, id=8704, stack(0x000000aa71200000,0x000000aa71300000)]
  0x0000027f0df68e00 JavaThread "File lock request listener" [_thread_in_native, id=14964, stack(0x000000aa71300000,0x000000aa71400000)]
  0x0000027f0df67ed0 JavaThread "Cache worker for file hash cache (C:\Users\PC\.gradle\caches\8.0\fileHashes)" [_thread_blocked, id=16668, stack(0x000000aa71400000,0x000000aa71500000)]
  0x0000027f0df69310 JavaThread "File watcher server" daemon [_thread_in_native, id=13224, stack(0x000000aa71500000,0x000000aa71600000)]
  0x0000027f0df66580 JavaThread "File watcher consumer" daemon [_thread_blocked, id=2908, stack(0x000000aa71600000,0x000000aa71700000)]
  0x0000027f0df679c0 JavaThread "jar transforms" [_thread_blocked, id=11152, stack(0x000000aa71700000,0x000000aa71800000)]
  0x0000027f0df69820 JavaThread "jar transforms Thread 2" [_thread_blocked, id=816, stack(0x000000aa71800000,0x000000aa71900000)]
  0x0000027f0df674b0 JavaThread "jar transforms Thread 3" [_thread_blocked, id=13764, stack(0x000000aa71900000,0x000000aa71a00000)]
  0x0000027f11269b40 JavaThread "jar transforms Thread 4" [_thread_blocked, id=9152, stack(0x000000aa71a00000,0x000000aa71b00000)]
  0x0000027f11268c10 JavaThread "jar transforms Thread 5" [_thread_blocked, id=13424, stack(0x000000aa71b00000,0x000000aa71c00000)]
  0x0000027f112677d0 JavaThread "jar transforms Thread 6" [_thread_blocked, id=14972, stack(0x000000aa71c00000,0x000000aa71d00000)]
  0x0000027f1126d2f0 JavaThread "jar transforms Thread 7" [_thread_blocked, id=340, stack(0x000000aa71d00000,0x000000aa71e00000)]
  0x0000027f1126d800 JavaThread "jar transforms Thread 8" [_thread_blocked, id=5348, stack(0x000000aa71e00000,0x000000aa71f00000)]
  0x0000027f1126dd10 JavaThread "jar transforms Thread 9" [_thread_blocked, id=14200, stack(0x000000aa71f00000,0x000000aa72000000)]
  0x0000027f112668a0 JavaThread "jar transforms Thread 10" [_thread_blocked, id=14012, stack(0x000000aa72000000,0x000000aa72100000)]
  0x0000027f112672c0 JavaThread "jar transforms Thread 11" [_thread_blocked, id=16348, stack(0x000000aa72100000,0x000000aa72200000)]
  0x0000027f1126a050 JavaThread "jar transforms Thread 12" [_thread_blocked, id=13308, stack(0x000000aa72200000,0x000000aa72300000)]
  0x0000027f112681f0 JavaThread "Cache worker for checksums cache (D:\Programs\Android\CypherMessage\.gradle\8.0\checksums)" [_thread_blocked, id=16016, stack(0x000000aa72a00000,0x000000aa72b00000)]
  0x0000027f11269120 JavaThread "Cache worker for cache directory md-rule (C:\Users\PC\.gradle\caches\8.0\md-rule)" [_thread_blocked, id=9480, stack(0x000000aa72b00000,0x000000aa72c00000)]
  0x0000027f1126beb0 JavaThread "Cache worker for file content cache (C:\Users\PC\.gradle\caches\8.0\fileContent)" [_thread_blocked, id=9408, stack(0x000000aa72c00000,0x000000aa72d00000)]
  0x0000027f1126cde0 JavaThread "Cache worker for file hash cache (D:\Programs\Android\CypherMessage\.gradle\8.0\fileHashes)" [_thread_blocked, id=17424, stack(0x000000aa72d00000,0x000000aa72e00000)]
  0x0000027f1126e220 JavaThread "Cache worker for cache directory md-supplier (C:\Users\PC\.gradle\caches\8.0\md-supplier)" [_thread_blocked, id=15488, stack(0x000000aa72e00000,0x000000aa72f00000)]
  0x0000027f1126a560 JavaThread "Cache worker for execution history cache (C:\Users\PC\.gradle\caches\8.0\executionHistory)" [_thread_blocked, id=18064, stack(0x000000aa72f00000,0x000000aa73000000)]
  0x0000027f11266db0 JavaThread "Cache worker for kotlin-dsl (C:\Users\PC\.gradle\caches\8.0\kotlin-dsl)" [_thread_blocked, id=14700, stack(0x000000aa73100000,0x000000aa73200000)]
  0x0000027f11269630 JavaThread "Cache worker for dependencies-accessors (D:\Programs\Android\CypherMessage\.gradle\8.0\dependencies-accessors)" [_thread_blocked, id=2484, stack(0x000000aa73200000,0x000000aa73300000)]
  0x0000027f1126aa70 JavaThread "Cache worker for Build Output Cleanup Cache (D:\Programs\Android\CypherMessage\.gradle\buildOutputCleanup)" [_thread_blocked, id=13108, stack(0x000000aa73300000,0x000000aa73400000)]
  0x0000027f11267ce0 JavaThread "Unconstrained build operations" [_thread_blocked, id=18568, stack(0x000000aa73400000,0x000000aa73500000)]
  0x0000027f1126af80 JavaThread "Unconstrained build operations Thread 2" [_thread_blocked, id=14196, stack(0x000000aa73500000,0x000000aa73600000)]
  0x0000027f11268700 JavaThread "Unconstrained build operations Thread 3" [_thread_blocked, id=7696, stack(0x000000aa73600000,0x000000aa73700000)]
  0x0000027f1126b490 JavaThread "Unconstrained build operations Thread 4" [_thread_blocked, id=11460, stack(0x000000aa73700000,0x000000aa73800000)]
  0x0000027f1126b9a0 JavaThread "Unconstrained build operations Thread 5" [_thread_blocked, id=2724, stack(0x000000aa73800000,0x000000aa73900000)]
  0x0000027f0efd4600 JavaThread "Unconstrained build operations Thread 6" [_thread_blocked, id=14392, stack(0x000000aa73900000,0x000000aa73a00000)]
  0x0000027f0efd4b10 JavaThread "Unconstrained build operations Thread 7" [_thread_blocked, id=9584, stack(0x000000aa73a00000,0x000000aa73b00000)]
  0x0000027f0efd7db0 JavaThread "Unconstrained build operations Thread 8" [_thread_blocked, id=15552, stack(0x000000aa73b00000,0x000000aa73c00000)]
  0x0000027f0efd9700 JavaThread "Unconstrained build operations Thread 9" [_thread_blocked, id=15124, stack(0x000000aa73c00000,0x000000aa73d00000)]
  0x0000027f0efd91f0 JavaThread "Unconstrained build operations Thread 10" [_thread_blocked, id=13876, stack(0x000000aa73d00000,0x000000aa73e00000)]
  0x0000027f0efd6460 JavaThread "Unconstrained build operations Thread 11" [_thread_blocked, id=4288, stack(0x000000aa73e00000,0x000000aa73f00000)]
  0x0000027f0efd3be0 JavaThread "Unconstrained build operations Thread 12" [_thread_blocked, id=15100, stack(0x000000aa73f00000,0x000000aa74000000)]
  0x0000027f0efd9c10 JavaThread "Unconstrained build operations Thread 13" [_thread_blocked, id=16356, stack(0x000000aa74000000,0x000000aa74100000)]
  0x0000027f0efda120 JavaThread "Unconstrained build operations Thread 14" [_thread_blocked, id=13292, stack(0x000000aa74100000,0x000000aa74200000)]
  0x0000027f0efda630 JavaThread "Unconstrained build operations Thread 15" [_thread_blocked, id=1924, stack(0x000000aa74200000,0x000000aa74300000)]
  0x0000027f0efd6970 JavaThread "Unconstrained build operations Thread 16" [_thread_blocked, id=19120, stack(0x000000aa74300000,0x000000aa74400000)]
  0x0000027f0efd6e80 JavaThread "Unconstrained build operations Thread 17" [_thread_blocked, id=4568, stack(0x000000aa74400000,0x000000aa74500000)]
  0x0000027f0efd40f0 JavaThread "Unconstrained build operations Thread 18" [_thread_blocked, id=15052, stack(0x000000aa74500000,0x000000aa74600000)]
  0x0000027f0efd7390 JavaThread "Unconstrained build operations Thread 19" [_thread_blocked, id=12092, stack(0x000000aa74600000,0x000000aa74700000)]
  0x0000027f0efd8ce0 JavaThread "Unconstrained build operations Thread 20" [_thread_blocked, id=6244, stack(0x000000aa74700000,0x000000aa74800000)]
  0x0000027f0efdab40 JavaThread "Unconstrained build operations Thread 21" [_thread_blocked, id=13140, stack(0x000000aa74800000,0x000000aa74900000)]
  0x0000027f0efd82c0 JavaThread "Unconstrained build operations Thread 22" [_thread_blocked, id=4368, stack(0x000000aa74900000,0x000000aa74a00000)]
  0x0000027f0efd36d0 JavaThread "Unconstrained build operations Thread 23" [_thread_blocked, id=17024, stack(0x000000aa74a00000,0x000000aa74b00000)]
  0x0000027f0efd78a0 JavaThread "Unconstrained build operations Thread 24" [_thread_blocked, id=17800, stack(0x000000aa74b00000,0x000000aa74c00000)]
  0x0000027f0efdb050 JavaThread "Unconstrained build operations Thread 25" [_thread_blocked, id=11068, stack(0x000000aa74c00000,0x000000aa74d00000)]
  0x0000027f0efd5020 JavaThread "Unconstrained build operations Thread 26" [_thread_blocked, id=16688, stack(0x000000aa74d00000,0x000000aa74e00000)]
  0x0000027f0efd5530 JavaThread "Unconstrained build operations Thread 27" [_thread_blocked, id=7568, stack(0x000000aa74e00000,0x000000aa74f00000)]
  0x0000027f0efd87d0 JavaThread "Unconstrained build operations Thread 28" [_thread_blocked, id=4824, stack(0x000000aa74f00000,0x000000aa75000000)]
  0x0000027f0efd5a40 JavaThread "Unconstrained build operations Thread 29" [_thread_blocked, id=14928, stack(0x000000aa75000000,0x000000aa75100000)]
  0x0000027f0efd5f50 JavaThread "Unconstrained build operations Thread 30" [_thread_blocked, id=19296, stack(0x000000aa75100000,0x000000aa75200000)]
  0x0000027f12f57260 JavaThread "Unconstrained build operations Thread 31" [_thread_blocked, id=18548, stack(0x000000aa75200000,0x000000aa75300000)]
  0x0000027f12f50d20 JavaThread "Unconstrained build operations Thread 32" [_thread_blocked, id=15056, stack(0x000000aa75300000,0x000000aa75400000)]
  0x0000027f12f544d0 JavaThread "Unconstrained build operations Thread 33" [_thread_blocked, id=15508, stack(0x000000aa75400000,0x000000aa75500000)]
  0x0000027f12f53ab0 JavaThread "Unconstrained build operations Thread 34" [_thread_blocked, id=9212, stack(0x000000aa75500000,0x000000aa75600000)]
  0x0000027f12f51230 JavaThread "Unconstrained build operations Thread 35" [_thread_blocked, id=13408, stack(0x000000aa75600000,0x000000aa75700000)]
  0x0000027f12f51740 JavaThread "Unconstrained build operations Thread 36" [_thread_blocked, id=16548, stack(0x000000aa75700000,0x000000aa75800000)]
  0x0000027f12f549e0 JavaThread "Unconstrained build operations Thread 37" [_thread_blocked, id=2704, stack(0x000000aa75800000,0x000000aa75900000)]
  0x0000027f12f4fdf0 JavaThread "Unconstrained build operations Thread 38" [_thread_blocked, id=1276, stack(0x000000aa75900000,0x000000aa75a00000)]
  0x0000027f12f56d50 JavaThread "Unconstrained build operations Thread 39" [_thread_blocked, id=10776, stack(0x000000aa75a00000,0x000000aa75b00000)]
  0x0000027f12f50300 JavaThread "Unconstrained build operations Thread 40" [_thread_blocked, id=15244, stack(0x000000aa75b00000,0x000000aa75c00000)]
  0x0000027f12f51c50 JavaThread "Unconstrained build operations Thread 41" [_thread_blocked, id=6616, stack(0x000000aa75c00000,0x000000aa75d00000)]
  0x0000027f12f56840 JavaThread "Unconstrained build operations Thread 42" [_thread_blocked, id=19092, stack(0x000000aa75d00000,0x000000aa75e00000)]
  0x0000027f12f55400 JavaThread "Unconstrained build operations Thread 43" [_thread_blocked, id=11576, stack(0x000000aa75e00000,0x000000aa75f00000)]
  0x0000027f12f53090 JavaThread "Unconstrained build operations Thread 44" [_thread_blocked, id=15648, stack(0x000000aa75f00000,0x000000aa76000000)]
  0x0000027f12f52160 JavaThread "Unconstrained build operations Thread 45" [_thread_blocked, id=16136, stack(0x000000aa76000000,0x000000aa76100000)]
  0x0000027f12f52670 JavaThread "Unconstrained build operations Thread 46" [_thread_blocked, id=6664, stack(0x000000aa76100000,0x000000aa76200000)]
  0x0000027f12f56330 JavaThread "Unconstrained build operations Thread 47" [_thread_blocked, id=17564, stack(0x000000aa76200000,0x000000aa76300000)]
  0x0000027f12f52b80 JavaThread "Unconstrained build operations Thread 48" [_thread_blocked, id=18012, stack(0x000000aa76300000,0x000000aa76400000)]
  0x0000027f12f57770 JavaThread "Unconstrained build operations Thread 49" [_thread_blocked, id=6596, stack(0x000000aa76400000,0x000000aa76500000)]
  0x0000027f12f53fc0 JavaThread "Unconstrained build operations Thread 50" [_thread_blocked, id=9260, stack(0x000000aa76500000,0x000000aa76600000)]
  0x0000027f12f535a0 JavaThread "Unconstrained build operations Thread 51" [_thread_blocked, id=8352, stack(0x000000aa76600000,0x000000aa76700000)]
  0x0000027f12f55910 JavaThread "Unconstrained build operations Thread 52" [_thread_blocked, id=12844, stack(0x000000aa76700000,0x000000aa76800000)]
  0x0000027f12f50810 JavaThread "Unconstrained build operations Thread 53" [_thread_blocked, id=10640, stack(0x000000aa76800000,0x000000aa76900000)]
  0x0000027f12f54ef0 JavaThread "Unconstrained build operations Thread 54" [_thread_blocked, id=17296, stack(0x000000aa76900000,0x000000aa76a00000)]
  0x0000027f12f55e20 JavaThread "Unconstrained build operations Thread 55" [_thread_blocked, id=17480, stack(0x000000aa76a00000,0x000000aa76b00000)]
  0x0000027f10ba5300 JavaThread "Unconstrained build operations Thread 56" [_thread_blocked, id=15108, stack(0x000000aa76b00000,0x000000aa76c00000)]
  0x0000027f10ba2570 JavaThread "Unconstrained build operations Thread 57" [_thread_blocked, id=10736, stack(0x000000aa76c00000,0x000000aa76d00000)]
  0x0000027f10ba5d20 JavaThread "Unconstrained build operations Thread 58" [_thread_blocked, id=7620, stack(0x000000aa76d00000,0x000000aa76e00000)]
  0x0000027f10ba5810 JavaThread "Unconstrained build operations Thread 59" [_thread_blocked, id=16140, stack(0x000000aa76e00000,0x000000aa76f00000)]
  0x0000027f10ba6230 JavaThread "Unconstrained build operations Thread 60" [_thread_blocked, id=18476, stack(0x000000aa76f00000,0x000000aa77000000)]
  0x0000027f10ba3ec0 JavaThread "Unconstrained build operations Thread 61" [_thread_blocked, id=1640, stack(0x000000aa77000000,0x000000aa77100000)]
  0x0000027f10ba48e0 JavaThread "Unconstrained build operations Thread 62" [_thread_blocked, id=5132, stack(0x000000aa77100000,0x000000aa77200000)]
  0x0000027f10ba6740 JavaThread "Unconstrained build operations Thread 63" [_thread_blocked, id=14416, stack(0x000000aa77200000,0x000000aa77300000)]
  0x0000027f10ba6c50 JavaThread "Unconstrained build operations Thread 64" [_thread_blocked, id=4260, stack(0x000000aa77300000,0x000000aa77400000)]
  0x0000027f10ba2a80 JavaThread "Unconstrained build operations Thread 65" [_thread_blocked, id=4500, stack(0x000000aa77400000,0x000000aa77500000)]
  0x0000027f10ba43d0 JavaThread "Unconstrained build operations Thread 66" [_thread_blocked, id=9012, stack(0x000000aa77500000,0x000000aa77600000)]
  0x0000027f10ba7160 JavaThread "Unconstrained build operations Thread 67" [_thread_blocked, id=10312, stack(0x000000aa77600000,0x000000aa77700000)]
  0x0000027f10ba7670 JavaThread "Unconstrained build operations Thread 68" [_thread_blocked, id=12596, stack(0x000000aa77700000,0x000000aa77800000)]
  0x0000027f10ba4df0 JavaThread "Unconstrained build operations Thread 69" [_thread_blocked, id=1460, stack(0x000000aa77800000,0x000000aa77900000)]
  0x0000027f10ba7b80 JavaThread "Unconstrained build operations Thread 70" [_thread_blocked, id=15104, stack(0x000000aa77900000,0x000000aa77a00000)]
  0x0000027f10ba8090 JavaThread "Unconstrained build operations Thread 71" [_thread_blocked, id=16428, stack(0x000000aa77a00000,0x000000aa77b00000)]
  0x0000027f10ba85a0 JavaThread "Unconstrained build operations Thread 72" [_thread_blocked, id=18948, stack(0x000000aa77b00000,0x000000aa77c00000)]
  0x0000027f10ba8ab0 JavaThread "Unconstrained build operations Thread 73" [_thread_blocked, id=16632, stack(0x000000aa77c00000,0x000000aa77d00000)]
  0x0000027f10ba8fc0 JavaThread "Unconstrained build operations Thread 74" [_thread_blocked, id=17820, stack(0x000000aa77d00000,0x000000aa77e00000)]
  0x0000027f10ba94d0 JavaThread "Unconstrained build operations Thread 75" [_thread_blocked, id=2376, stack(0x000000aa77e00000,0x000000aa77f00000)]
  0x0000027f10ba2060 JavaThread "Unconstrained build operations Thread 76" [_thread_blocked, id=17212, stack(0x000000aa77f00000,0x000000aa78000000)]
  0x0000027f10ba99e0 JavaThread "Unconstrained build operations Thread 77" [_thread_blocked, id=14408, stack(0x000000aa78000000,0x000000aa78100000)]
  0x0000027f10ba2f90 JavaThread "Unconstrained build operations Thread 78" [_thread_blocked, id=9252, stack(0x000000aa78100000,0x000000aa78200000)]
  0x0000027f10ba34a0 JavaThread "Unconstrained build operations Thread 79" [_thread_blocked, id=12472, stack(0x000000aa78200000,0x000000aa78300000)]
  0x0000027f10ba39b0 JavaThread "Unconstrained build operations Thread 80" [_thread_blocked, id=7220, stack(0x000000aa78300000,0x000000aa78400000)]
  0x0000027f11681d50 JavaThread "Unconstrained build operations Thread 81" [_thread_blocked, id=12608, stack(0x000000aa78400000,0x000000aa78500000)]
  0x0000027f11687360 JavaThread "Unconstrained build operations Thread 82" [_thread_blocked, id=19284, stack(0x000000aa78500000,0x000000aa78600000)]
  0x0000027f11684ae0 JavaThread "Unconstrained build operations Thread 83" [_thread_blocked, id=15388, stack(0x000000aa78600000,0x000000aa78700000)]
  0x0000027f11684ff0 JavaThread "Unconstrained build operations Thread 84" [_thread_blocked, id=11380, stack(0x000000aa78700000,0x000000aa78800000)]
  0x0000027f11685500 JavaThread "Unconstrained build operations Thread 85" [_thread_blocked, id=17444, stack(0x000000aa78800000,0x000000aa78900000)]
  0x0000027f116891c0 JavaThread "Unconstrained build operations Thread 86" [_thread_blocked, id=18844, stack(0x000000aa78900000,0x000000aa78a00000)]
  0x0000027f11688cb0 JavaThread "Unconstrained build operations Thread 87" [_thread_blocked, id=14396, stack(0x000000aa78a00000,0x000000aa78b00000)]
  0x0000027f116896d0 JavaThread "Unconstrained build operations Thread 88" [_thread_blocked, id=3080, stack(0x000000aa78b00000,0x000000aa78c00000)]
  0x0000027f11686430 JavaThread "Unconstrained build operations Thread 89" [_thread_blocked, id=1564, stack(0x000000aa78c00000,0x000000aa78d00000)]
  0x0000027f11682770 JavaThread "Unconstrained build operations Thread 90" [_thread_blocked, id=13960, stack(0x000000aa78d00000,0x000000aa78e00000)]
  0x0000027f11688290 JavaThread "Unconstrained build operations Thread 91" [_thread_blocked, id=19200, stack(0x000000aa78e00000,0x000000aa78f00000)]
  0x0000027f116840c0 JavaThread "Unconstrained build operations Thread 92" [_thread_blocked, id=12008, stack(0x000000aa78f00000,0x000000aa79000000)]
  0x0000027f11682260 JavaThread "Unconstrained build operations Thread 93" [_thread_blocked, id=11352, stack(0x000000aa79000000,0x000000aa79100000)]
  0x0000027f116887a0 JavaThread "Unconstrained build operations Thread 94" [_thread_blocked, id=10160, stack(0x000000aa79100000,0x000000aa79200000)]
  0x0000027f11686e50 JavaThread "Unconstrained build operations Thread 95" [_thread_blocked, id=17200, stack(0x000000aa79200000,0x000000aa79300000)]
  0x0000027f11682c80 JavaThread "Unconstrained build operations Thread 96" [_thread_blocked, id=15812, stack(0x000000aa79300000,0x000000aa79400000)]
  0x0000027f116845d0 JavaThread "Unconstrained build operations Thread 97" [_thread_blocked, id=19396, stack(0x000000aa79400000,0x000000aa79500000)]
  0x0000027f11685a10 JavaThread "Unconstrained build operations Thread 98" [_thread_blocked, id=11600, stack(0x000000aa79500000,0x000000aa79600000)]
  0x0000027f11686940 JavaThread "Unconstrained build operations Thread 99" [_thread_blocked, id=11248, stack(0x000000aa79600000,0x000000aa79700000)]
  0x0000027f11685f20 JavaThread "Unconstrained build operations Thread 100" [_thread_blocked, id=9592, stack(0x000000aa79700000,0x000000aa79800000)]
  0x0000027f116836a0 JavaThread "Unconstrained build operations Thread 101" [_thread_blocked, id=14464, stack(0x000000aa79800000,0x000000aa79900000)]
  0x0000027f11683bb0 JavaThread "Unconstrained build operations Thread 102" [_thread_blocked, id=16472, stack(0x000000aa79900000,0x000000aa79a00000)]
  0x0000027f11687870 JavaThread "Unconstrained build operations Thread 103" [_thread_blocked, id=9512, stack(0x000000aa79a00000,0x000000aa79b00000)]
  0x0000027f11683190 JavaThread "Unconstrained build operations Thread 104" [_thread_blocked, id=10644, stack(0x000000aa79b00000,0x000000aa79c00000)]
  0x0000027f1312a680 JavaThread "Unconstrained build operations Thread 105" [_thread_blocked, id=8056, stack(0x000000aa79c00000,0x000000aa79d00000)]
  0x0000027f1312b5b0 JavaThread "Unconstrained build operations Thread 106" [_thread_blocked, id=19224, stack(0x000000aa79d00000,0x000000aa79e00000)]
  0x0000027f1312ab90 JavaThread "Unconstrained build operations Thread 107" [_thread_blocked, id=7256, stack(0x000000aa79e00000,0x000000aa79f00000)]
  0x0000027f131273e0 JavaThread "Unconstrained build operations Thread 108" [_thread_blocked, id=716, stack(0x000000aa79f00000,0x000000aa7a000000)]
  0x0000027f1312a170 JavaThread "Unconstrained build operations Thread 109" [_thread_blocked, id=11076, stack(0x000000aa7a000000,0x000000aa7a100000)]
  0x0000027f131269c0 JavaThread "Unconstrained build operations Thread 110" [_thread_blocked, id=13872, stack(0x000000aa7a100000,0x000000aa7a200000)]
  0x0000027f1312d410 JavaThread "Unconstrained build operations Thread 111" [_thread_blocked, id=17768, stack(0x000000aa7a200000,0x000000aa7a300000)]
  0x0000027f13129240 JavaThread "Unconstrained build operations Thread 112" [_thread_blocked, id=2796, stack(0x000000aa7a300000,0x000000aa7a400000)]
  0x0000027f13129750 JavaThread "Unconstrained build operations Thread 113" [_thread_blocked, id=16236, stack(0x000000aa7a400000,0x000000aa7a500000)]
  0x0000027f131264b0 JavaThread "Unconstrained build operations Thread 114" [_thread_blocked, id=7688, stack(0x000000aa7a500000,0x000000aa7a600000)]
  0x0000027f1312b0a0 JavaThread "Unconstrained build operations Thread 115" [_thread_blocked, id=11884, stack(0x000000aa7a600000,0x000000aa7a700000)]
  0x0000027f1312cf00 JavaThread "Unconstrained build operations Thread 116" [_thread_blocked, id=16336, stack(0x000000aa7a700000,0x000000aa7a800000)]
  0x0000027f1312d920 JavaThread "Unconstrained build operations Thread 117" [_thread_blocked, id=15112, stack(0x000000aa7a800000,0x000000aa7a900000)]
  0x0000027f13128d30 JavaThread "Unconstrained build operations Thread 118" [_thread_blocked, id=18492, stack(0x000000aa7a900000,0x000000aa7aa00000)]
  0x0000027f1312c9f0 JavaThread "Unconstrained build operations Thread 119" [_thread_blocked, id=2028, stack(0x000000aa7aa00000,0x000000aa7ab00000)]
  0x0000027f13128820 JavaThread "Unconstrained build operations Thread 120" [_thread_blocked, id=12272, stack(0x000000aa7ab00000,0x000000aa7ac00000)]
  0x0000027f1312de30 JavaThread "Memory manager" [_thread_blocked, id=15624, stack(0x000000aa7ac00000,0x000000aa7ad00000)]
  0x0000027f10a6b890 JavaThread "C2 CompilerThread2" daemon [_thread_blocked, id=2248, stack(0x000000aa70300000,0x000000aa70400000)]

Other Threads:
=>0x0000027ec79019f0 VMThread "VM Thread" [stack: 0x000000aa6f500000,0x000000aa6f600000] [id=18976]
  0x0000027ec7bc3930 WatcherThread [stack: 0x000000aa70100000,0x000000aa70200000] [id=15684]
  0x0000027ea9307b20 GCTaskThread "GC Thread#0" [stack: 0x000000aa6f000000,0x000000aa6f100000] [id=8960]
  0x0000027f0d189f80 GCTaskThread "GC Thread#1" [stack: 0x000000aa70400000,0x000000aa70500000] [id=7104]
  0x0000027f0e0fb910 GCTaskThread "GC Thread#2" [stack: 0x000000aa70500000,0x000000aa70600000] [id=19124]
  0x0000027f0e0fbbd0 GCTaskThread "GC Thread#3" [stack: 0x000000aa70600000,0x000000aa70700000] [id=11560]
  0x0000027f0dcacd70 GCTaskThread "GC Thread#4" [stack: 0x000000aa70700000,0x000000aa70800000] [id=18532]
  0x0000027f0ea41660 GCTaskThread "GC Thread#5" [stack: 0x000000aa72300000,0x000000aa72400000] [id=12476]
  0x0000027f0ea41be0 GCTaskThread "GC Thread#6" [stack: 0x000000aa72400000,0x000000aa72500000] [id=4936]
  0x0000027f0ea41ea0 GCTaskThread "GC Thread#7" [stack: 0x000000aa72500000,0x000000aa72600000] [id=11272]
  0x0000027f0ea410e0 GCTaskThread "GC Thread#8" [stack: 0x000000aa72600000,0x000000aa72700000] [id=12428]
  0x0000027f0ea42160 GCTaskThread "GC Thread#9" [stack: 0x000000aa72700000,0x000000aa72800000] [id=16988]
  0x0000027ea9318a70 ConcurrentGCThread "G1 Main Marker" [stack: 0x000000aa6f100000,0x000000aa6f200000] [id=16760]
  0x0000027ea9319c20 ConcurrentGCThread "G1 Conc#0" [stack: 0x000000aa6f200000,0x000000aa6f300000] [id=6584]
  0x0000027f0ea42420 ConcurrentGCThread "G1 Conc#1" [stack: 0x000000aa72800000,0x000000aa72900000] [id=4152]
  0x0000027f0ea426e0 ConcurrentGCThread "G1 Conc#2" [stack: 0x000000aa72900000,0x000000aa72a00000] [id=13860]
  0x0000027ea937e130 ConcurrentGCThread "G1 Refine#0" [stack: 0x000000aa6f300000,0x000000aa6f400000] [id=18388]
  0x0000027f0f276990 ConcurrentGCThread "G1 Refine#1" [stack: 0x000000aa73000000,0x000000aa73100000] [id=17928]
  0x0000027ea937eb60 ConcurrentGCThread "G1 Service" [stack: 0x000000aa6f400000,0x000000aa6f500000] [id=7348]

Threads with active compile tasks:
C2 CompilerThread1     5668 8181       4       sun.net.www.protocol.jar.Handler::parseURL (173 bytes)

VM state: at safepoint (normal execution)

VM Mutex/Monitor currently owned by a thread:  ([mutex/lock_event])
[0x0000027ea92ad9f0] Threads_lock - owner thread: 0x0000027ec79019f0
[0x0000027ea92adcc0] Heap_lock - owner thread: 0x0000027f0ef15390

Heap address: 0x0000000080000000, size: 2048 MB, Compressed Oops mode: 32-bit

CDS archive(s) mapped at: [0x0000027ec8000000-0x0000027ec8bd0000-0x0000027ec8bd0000), size 12386304, SharedBaseAddress: 0x0000027ec8000000, ArchiveRelocationMode: 1.
Compressed class space mapped at: 0x0000027ec9000000-0x0000027f09000000, reserved size: 1073741824
Narrow klass base: 0x0000027ec8000000, Narrow klass shift: 0, Narrow klass range: 0x100000000

GC Precious Log:
 CPUs: 12 total, 12 available
 Memory: 15741M
 Large Page Support: Disabled
 NUMA Support: Disabled
 Compressed Oops: Enabled (32-bit)
 Heap Region Size: 1M
 Heap Min Capacity: 8M
 Heap Initial Capacity: 246M
 Heap Max Capacity: 2G
 Pre-touch: Disabled
 Parallel Workers: 10
 Concurrent Workers: 3
 Concurrent Refinement Workers: 10
 Periodic GC: Disabled

Heap:
 garbage-first heap   total 183296K, used 108504K [0x0000000080000000, 0x0000000100000000)
  region size 1024K, 2 young (2048K), 2 survivors (2048K)
 Metaspace       used 71836K, committed 72576K, reserved 1114112K
  class space    used 9658K, committed 10048K, reserved 1048576K

Heap Regions: E=young(eden), S=young(survivor), O=old, HS=humongous(starts), HC=humongous(continues), CS=collection set, F=free, OA=open archive, CA=closed archive, TAMS=top-at-mark-start (previous, next)
|   0|0x0000000080000000, 0x0000000080100000, 0x0000000080100000|100%|HS|  |TAMS 0x0000000080100000, 0x0000000080100000| Complete 
|   1|0x0000000080100000, 0x0000000080200000, 0x0000000080200000|100%|HC|  |TAMS 0x0000000080200000, 0x0000000080200000| Complete 
|   2|0x0000000080200000, 0x0000000080300000, 0x0000000080300000|100%|HC|  |TAMS 0x0000000080300000, 0x0000000080300000| Complete 
|   3|0x0000000080300000, 0x0000000080400000, 0x0000000080400000|100%|HC|  |TAMS 0x0000000080400000, 0x0000000080400000| Complete 
|   4|0x0000000080400000, 0x0000000080500000, 0x0000000080500000|100%| O|  |TAMS 0x0000000080500000, 0x0000000080500000| Untracked 
|   5|0x0000000080500000, 0x0000000080600000, 0x0000000080600000|100%| O|  |TAMS 0x0000000080600000, 0x0000000080600000| Untracked 
|   6|0x0000000080600000, 0x0000000080700000, 0x0000000080700000|100%| O|  |TAMS 0x0000000080700000, 0x0000000080700000| Untracked 
|   7|0x0000000080700000, 0x0000000080800000, 0x0000000080800000|100%| O|  |TAMS 0x0000000080800000, 0x0000000080800000| Untracked 
|   8|0x0000000080800000, 0x0000000080900000, 0x0000000080900000|100%| O|  |TAMS 0x0000000080900000, 0x0000000080900000| Untracked 
|   9|0x0000000080900000, 0x0000000080a00000, 0x0000000080a00000|100%| O|  |TAMS 0x0000000080a00000, 0x0000000080a00000| Untracked 
|  10|0x0000000080a00000, 0x0000000080b00000, 0x0000000080b00000|100%| O|  |TAMS 0x0000000080b00000, 0x0000000080b00000| Untracked 
|  11|0x0000000080b00000, 0x0000000080c00000, 0x0000000080c00000|100%| O|  |TAMS 0x0000000080c00000, 0x0000000080c00000| Untracked 
|  12|0x0000000080c00000, 0x0000000080d00000, 0x0000000080d00000|100%|HS|  |TAMS 0x0000000080d00000, 0x0000000080d00000| Complete 
|  13|0x0000000080d00000, 0x0000000080e00000, 0x0000000080e00000|100%|HC|  |TAMS 0x0000000080e00000, 0x0000000080e00000| Complete 
|  14|0x0000000080e00000, 0x0000000080f00000, 0x0000000080f00000|100%|HS|  |TAMS 0x0000000080f00000, 0x0000000080f00000| Complete 
|  15|0x0000000080f00000, 0x0000000081000000, 0x0000000081000000|100%|HC|  |TAMS 0x0000000081000000, 0x0000000081000000| Complete 
|  16|0x0000000081000000, 0x0000000081100000, 0x0000000081100000|100%|HC|  |TAMS 0x0000000081100000, 0x0000000081100000| Complete 
|  17|0x0000000081100000, 0x0000000081200000, 0x0000000081200000|100%|HS|  |TAMS 0x0000000081200000, 0x0000000081200000| Complete 
|  18|0x0000000081200000, 0x0000000081300000, 0x0000000081300000|100%|HC|  |TAMS 0x0000000081300000, 0x0000000081300000| Complete 
|  19|0x0000000081300000, 0x0000000081400000, 0x0000000081400000|100%|HC|  |TAMS 0x0000000081400000, 0x0000000081400000| Complete 
|  20|0x0000000081400000, 0x0000000081500000, 0x0000000081500000|100%|HS|  |TAMS 0x0000000081500000, 0x0000000081500000| Complete 
|  21|0x0000000081500000, 0x0000000081600000, 0x0000000081600000|100%|HC|  |TAMS 0x0000000081600000, 0x0000000081600000| Complete 
|  22|0x0000000081600000, 0x0000000081700000, 0x0000000081700000|100%|HC|  |TAMS 0x0000000081700000, 0x0000000081700000| Complete 
|  23|0x0000000081700000, 0x0000000081800000, 0x0000000081800000|100%|HC|  |TAMS 0x0000000081800000, 0x0000000081800000| Complete 
|  24|0x0000000081800000, 0x0000000081900000, 0x0000000081900000|100%|HC|  |TAMS 0x0000000081900000, 0x0000000081900000| Complete 
|  25|0x0000000081900000, 0x0000000081a00000, 0x0000000081a00000|100%|HC|  |TAMS 0x0000000081a00000, 0x0000000081a00000| Complete 
|  26|0x0000000081a00000, 0x0000000081b00000, 0x0000000081b00000|100%|HC|  |TAMS 0x0000000081b00000, 0x0000000081b00000| Complete 
|  27|0x0000000081b00000, 0x0000000081c00000, 0x0000000081c00000|100%|HC|  |TAMS 0x0000000081c00000, 0x0000000081c00000| Complete 
|  28|0x0000000081c00000, 0x0000000081d00000, 0x0000000081d00000|100%|HC|  |TAMS 0x0000000081d00000, 0x0000000081d00000| Complete 
|  29|0x0000000081d00000, 0x0000000081e00000, 0x0000000081e00000|100%|HC|  |TAMS 0x0000000081e00000, 0x0000000081e00000| Complete 
|  30|0x0000000081e00000, 0x0000000081f00000, 0x0000000081f00000|100%|HC|  |TAMS 0x0000000081f00000, 0x0000000081f00000| Complete 
|  31|0x0000000081f00000, 0x0000000082000000, 0x0000000082000000|100%|HC|  |TAMS 0x0000000082000000, 0x0000000082000000| Complete 
|  32|0x0000000082000000, 0x0000000082100000, 0x0000000082100000|100%|HS|  |TAMS 0x0000000082100000, 0x0000000082100000| Complete 
|  33|0x0000000082100000, 0x0000000082200000, 0x0000000082200000|100%|HC|  |TAMS 0x0000000082200000, 0x0000000082200000| Complete 
|  34|0x0000000082200000, 0x0000000082300000, 0x0000000082300000|100%| O|  |TAMS 0x0000000082300000, 0x0000000082300000| Untracked 
|  35|0x0000000082300000, 0x0000000082400000, 0x0000000082400000|100%| O|  |TAMS 0x0000000082400000, 0x0000000082400000| Untracked 
|  36|0x0000000082400000, 0x0000000082500000, 0x0000000082500000|100%| O|  |TAMS 0x0000000082500000, 0x0000000082500000| Untracked 
|  37|0x0000000082500000, 0x0000000082600000, 0x0000000082600000|100%| O|  |TAMS 0x0000000082600000, 0x0000000082600000| Untracked 
|  38|0x0000000082600000, 0x0000000082700000, 0x0000000082700000|100%| O|  |TAMS 0x0000000082700000, 0x0000000082700000| Untracked 
|  39|0x0000000082700000, 0x0000000082800000, 0x0000000082800000|100%| O|  |TAMS 0x0000000082800000, 0x0000000082800000| Untracked 
|  40|0x0000000082800000, 0x0000000082900000, 0x0000000082900000|100%| O|  |TAMS 0x0000000082900000, 0x0000000082900000| Untracked 
|  41|0x0000000082900000, 0x0000000082a00000, 0x0000000082a00000|100%| O|  |TAMS 0x0000000082a00000, 0x0000000082a00000| Untracked 
|  42|0x0000000082a00000, 0x0000000082b00000, 0x0000000082b00000|100%| O|  |TAMS 0x0000000082b00000, 0x0000000082b00000| Untracked 
|  43|0x0000000082b00000, 0x0000000082c00000, 0x0000000082c00000|100%| O|  |TAMS 0x0000000082c00000, 0x0000000082c00000| Untracked 
|  44|0x0000000082c00000, 0x0000000082d00000, 0x0000000082d00000|100%| O|  |TAMS 0x0000000082d00000, 0x0000000082d00000| Untracked 
|  45|0x0000000082d00000, 0x0000000082e00000, 0x0000000082e00000|100%| O|  |TAMS 0x0000000082e00000, 0x0000000082e00000| Untracked 
|  46|0x0000000082e00000, 0x0000000082f00000, 0x0000000082f00000|100%| O|  |TAMS 0x0000000082f00000, 0x0000000082f00000| Untracked 
|  47|0x0000000082f00000, 0x0000000083000000, 0x0000000083000000|100%| O|  |TAMS 0x0000000083000000, 0x0000000083000000| Untracked 
|  48|0x0000000083000000, 0x0000000083100000, 0x0000000083100000|100%| O|  |TAMS 0x0000000083100000, 0x0000000083100000| Untracked 
|  49|0x0000000083100000, 0x0000000083200000, 0x0000000083200000|100%| O|  |TAMS 0x0000000083200000, 0x0000000083200000| Untracked 
|  50|0x0000000083200000, 0x0000000083300000, 0x0000000083300000|100%| O|  |TAMS 0x0000000083300000, 0x0000000083300000| Untracked 
|  51|0x0000000083300000, 0x0000000083400000, 0x0000000083400000|100%| O|  |TAMS 0x0000000083400000, 0x0000000083400000| Untracked 
|  52|0x0000000083400000, 0x0000000083500000, 0x0000000083500000|100%| O|  |TAMS 0x0000000083500000, 0x0000000083500000| Untracked 
|  53|0x0000000083500000, 0x0000000083600000, 0x0000000083600000|100%| O|  |TAMS 0x0000000083600000, 0x0000000083600000| Untracked 
|  54|0x0000000083600000, 0x0000000083700000, 0x0000000083700000|100%| O|  |TAMS 0x0000000083700000, 0x0000000083700000| Untracked 
|  55|0x0000000083700000, 0x0000000083800000, 0x0000000083800000|100%| O|  |TAMS 0x0000000083800000, 0x0000000083800000| Untracked 
|  56|0x0000000083800000, 0x0000000083900000, 0x0000000083900000|100%|HS|  |TAMS 0x0000000083900000, 0x0000000083900000| Complete 
|  57|0x0000000083900000, 0x0000000083a00000, 0x0000000083a00000|100%|HC|  |TAMS 0x0000000083a00000, 0x0000000083a00000| Complete 
|  58|0x0000000083a00000, 0x0000000083b00000, 0x0000000083b00000|100%|HC|  |TAMS 0x0000000083b00000, 0x0000000083b00000| Complete 
|  59|0x0000000083b00000, 0x0000000083c00000, 0x0000000083c00000|100%|HS|  |TAMS 0x0000000083c00000, 0x0000000083c00000| Complete 
|  60|0x0000000083c00000, 0x0000000083d00000, 0x0000000083d00000|100%|HC|  |TAMS 0x0000000083d00000, 0x0000000083d00000| Complete 
|  61|0x0000000083d00000, 0x0000000083e00000, 0x0000000083e00000|100%|HC|  |TAMS 0x0000000083e00000, 0x0000000083e00000| Complete 
|  62|0x0000000083e00000, 0x0000000083f00000, 0x0000000083f00000|100%| O|  |TAMS 0x0000000083f00000, 0x0000000083f00000| Untracked 
|  63|0x0000000083f00000, 0x0000000084000000, 0x0000000084000000|100%| O|  |TAMS 0x0000000084000000, 0x0000000084000000| Untracked 
|  64|0x0000000084000000, 0x0000000084100000, 0x0000000084100000|100%| O|  |TAMS 0x0000000084100000, 0x0000000084100000| Untracked 
|  65|0x0000000084100000, 0x0000000084200000, 0x0000000084200000|100%| O|  |TAMS 0x0000000084200000, 0x0000000084200000| Untracked 
|  66|0x0000000084200000, 0x0000000084300000, 0x0000000084300000|100%| O|  |TAMS 0x0000000084300000, 0x0000000084300000| Untracked 
|  67|0x0000000084300000, 0x0000000084400000, 0x0000000084400000|100%| O|  |TAMS 0x0000000084400000, 0x0000000084400000| Untracked 
|  68|0x0000000084400000, 0x0000000084500000, 0x0000000084500000|100%| O|  |TAMS 0x0000000084500000, 0x0000000084500000| Untracked 
|  69|0x0000000084500000, 0x0000000084600000, 0x0000000084600000|100%|HS|  |TAMS 0x0000000084600000, 0x0000000084600000| Complete 
|  70|0x0000000084600000, 0x0000000084700000, 0x0000000084700000|100%|HS|  |TAMS 0x0000000084700000, 0x0000000084700000| Complete 
|  71|0x0000000084700000, 0x0000000084800000, 0x0000000084800000|100%|HS|  |TAMS 0x0000000084800000, 0x0000000084800000| Complete 
|  72|0x0000000084800000, 0x0000000084900000, 0x0000000084900000|100%|HS|  |TAMS 0x0000000084900000, 0x0000000084900000| Complete 
|  73|0x0000000084900000, 0x0000000084a00000, 0x0000000084a00000|100%|HC|  |TAMS 0x0000000084a00000, 0x0000000084a00000| Complete 
|  74|0x0000000084a00000, 0x0000000084b00000, 0x0000000084b00000|100%| O|  |TAMS 0x0000000084b00000, 0x0000000084b00000| Untracked 
|  75|0x0000000084b00000, 0x0000000084c00000, 0x0000000084c00000|100%| O|  |TAMS 0x0000000084c00000, 0x0000000084c00000| Untracked 
|  76|0x0000000084c00000, 0x0000000084d00000, 0x0000000084d00000|100%| O|  |TAMS 0x0000000084d00000, 0x0000000084d00000| Untracked 
|  77|0x0000000084d00000, 0x0000000084e00000, 0x0000000084e00000|100%| O|  |TAMS 0x0000000084e00000, 0x0000000084e00000| Untracked 
|  78|0x0000000084e00000, 0x0000000084e00000, 0x0000000084f00000|  0%| F|  |TAMS 0x0000000084e00000, 0x0000000084e00000| Untracked 
|  79|0x0000000084f00000, 0x0000000085000000, 0x0000000085000000|100%|HS|  |TAMS 0x0000000085000000, 0x0000000085000000| Complete 
|  80|0x0000000085000000, 0x0000000085100000, 0x0000000085100000|100%|HC|  |TAMS 0x0000000085100000, 0x0000000085100000| Complete 
|  81|0x0000000085100000, 0x0000000085200000, 0x0000000085200000|100%|HC|  |TAMS 0x0000000085200000, 0x0000000085200000| Complete 
|  82|0x0000000085200000, 0x0000000085300000, 0x0000000085300000|100%|HC|  |TAMS 0x0000000085300000, 0x0000000085300000| Complete 
|  83|0x0000000085300000, 0x0000000085400000, 0x0000000085400000|100%| O|  |TAMS 0x0000000085400000, 0x0000000085400000| Untracked 
|  84|0x0000000085400000, 0x0000000085500000, 0x0000000085500000|100%| O|  |TAMS 0x0000000085500000, 0x0000000085500000| Untracked 
|  85|0x0000000085500000, 0x0000000085600000, 0x0000000085600000|100%| O|  |TAMS 0x0000000085600000, 0x0000000085600000| Untracked 
|  86|0x0000000085600000, 0x0000000085700000, 0x0000000085700000|100%| O|  |TAMS 0x0000000085700000, 0x0000000085700000| Untracked 
|  87|0x0000000085700000, 0x0000000085800000, 0x0000000085800000|100%| O|  |TAMS 0x0000000085800000, 0x0000000085800000| Untracked 
|  88|0x0000000085800000, 0x0000000085900000, 0x0000000085900000|100%| O|  |TAMS 0x0000000085800000, 0x0000000085900000| Untracked 
|  89|0x0000000085900000, 0x0000000085a00000, 0x0000000085a00000|100%| O|  |TAMS 0x0000000085900000, 0x0000000085a00000| Untracked 
|  90|0x0000000085a00000, 0x0000000085b00000, 0x0000000085b00000|100%| O|  |TAMS 0x0000000085a00000, 0x0000000085b00000| Untracked 
|  91|0x0000000085b00000, 0x0000000085c00000, 0x0000000085c00000|100%| O|  |TAMS 0x0000000085b00000, 0x0000000085c00000| Untracked 
|  92|0x0000000085c00000, 0x0000000085d00000, 0x0000000085d00000|100%| O|  |TAMS 0x0000000085c00000, 0x0000000085d00000| Untracked 
|  93|0x0000000085d00000, 0x0000000085e00000, 0x0000000085e00000|100%| O|  |TAMS 0x0000000085d00000, 0x0000000085e00000| Untracked 
|  94|0x0000000085e00000, 0x0000000085f00000, 0x0000000085f00000|100%| O|  |TAMS 0x0000000085f00000, 0x0000000085f00000| Untracked 
|  95|0x0000000085f00000, 0x0000000086000000, 0x0000000086000000|100%| O|  |TAMS 0x0000000086000000, 0x0000000086000000| Untracked 
|  96|0x0000000086000000, 0x0000000086100000, 0x0000000086100000|100%| O|  |TAMS 0x0000000086100000, 0x0000000086100000| Untracked 
|  97|0x0000000086100000, 0x0000000086200000, 0x0000000086200000|100%| O|  |TAMS 0x000000008619a800, 0x0000000086200000| Untracked 
|  98|0x0000000086200000, 0x0000000086300000, 0x0000000086300000|100%| O|  |TAMS 0x0000000086200000, 0x0000000086300000| Untracked 
|  99|0x0000000086300000, 0x0000000086400000, 0x0000000086400000|100%| O|  |TAMS 0x0000000086300000, 0x0000000086400000| Untracked 
| 100|0x0000000086400000, 0x0000000086500000, 0x0000000086500000|100%| O|  |TAMS 0x0000000086400000, 0x0000000086500000| Untracked 
| 101|0x0000000086500000, 0x0000000086600000, 0x0000000086600000|100%| O|  |TAMS 0x0000000086500000, 0x0000000086600000| Untracked 
| 102|0x0000000086600000, 0x0000000086700000, 0x0000000086700000|100%| O|  |TAMS 0x0000000086600000, 0x0000000086700000| Untracked 
| 103|0x0000000086700000, 0x0000000086800000, 0x0000000086800000|100%| O|  |TAMS 0x0000000086700000, 0x0000000086800000| Untracked 
| 104|0x0000000086800000, 0x0000000086900000, 0x0000000086900000|100%| O|  |TAMS 0x0000000086800000, 0x0000000086900000| Untracked 
| 105|0x0000000086900000, 0x00000000869b3800, 0x0000000086a00000| 70%| O|  |TAMS 0x0000000086900000, 0x00000000869b3800| Untracked 
| 106|0x0000000086a00000, 0x0000000086a00000, 0x0000000086b00000|  0%| F|  |TAMS 0x0000000086a00000, 0x0000000086a00000| Untracked 
| 107|0x0000000086b00000, 0x0000000086b00000, 0x0000000086c00000|  0%| F|  |TAMS 0x0000000086b00000, 0x0000000086b00000| Untracked 
| 108|0x0000000086c00000, 0x0000000086c00000, 0x0000000086d00000|  0%| F|  |TAMS 0x0000000086c00000, 0x0000000086c00000| Untracked 
| 109|0x0000000086d00000, 0x0000000086d00000, 0x0000000086e00000|  0%| F|  |TAMS 0x0000000086d00000, 0x0000000086d00000| Untracked 
| 110|0x0000000086e00000, 0x0000000086e00000, 0x0000000086f00000|  0%| F|  |TAMS 0x0000000086e00000, 0x0000000086e00000| Untracked 
| 111|0x0000000086f00000, 0x0000000086f00000, 0x0000000087000000|  0%| F|  |TAMS 0x0000000086f00000, 0x0000000086f00000| Untracked 
| 112|0x0000000087000000, 0x0000000087000000, 0x0000000087100000|  0%| F|  |TAMS 0x0000000087000000, 0x0000000087000000| Untracked 
| 113|0x0000000087100000, 0x0000000087100000, 0x0000000087200000|  0%| F|  |TAMS 0x0000000087100000, 0x0000000087100000| Untracked 
| 114|0x0000000087200000, 0x0000000087200000, 0x0000000087300000|  0%| F|  |TAMS 0x0000000087200000, 0x0000000087200000| Untracked 
| 115|0x0000000087300000, 0x0000000087300000, 0x0000000087400000|  0%| F|  |TAMS 0x0000000087300000, 0x0000000087300000| Untracked 
| 116|0x0000000087400000, 0x0000000087400000, 0x0000000087500000|  0%| F|  |TAMS 0x0000000087400000, 0x0000000087400000| Untracked 
| 117|0x0000000087500000, 0x0000000087500000, 0x0000000087600000|  0%| F|  |TAMS 0x0000000087500000, 0x0000000087500000| Untracked 
| 118|0x0000000087600000, 0x0000000087600000, 0x0000000087700000|  0%| F|  |TAMS 0x0000000087600000, 0x0000000087600000| Untracked 
| 119|0x0000000087700000, 0x0000000087700000, 0x0000000087800000|  0%| F|  |TAMS 0x0000000087700000, 0x0000000087700000| Untracked 
| 120|0x0000000087800000, 0x0000000087800000, 0x0000000087900000|  0%| F|  |TAMS 0x0000000087800000, 0x0000000087800000| Untracked 
| 121|0x0000000087900000, 0x0000000087900000, 0x0000000087a00000|  0%| F|  |TAMS 0x0000000087900000, 0x0000000087900000| Untracked 
| 122|0x0000000087a00000, 0x0000000087a00000, 0x0000000087b00000|  0%| F|  |TAMS 0x0000000087a00000, 0x0000000087a00000| Untracked 
| 123|0x0000000087b00000, 0x0000000087b00000, 0x0000000087c00000|  0%| F|  |TAMS 0x0000000087b00000, 0x0000000087b00000| Untracked 
| 124|0x0000000087c00000, 0x0000000087c00000, 0x0000000087d00000|  0%| F|  |TAMS 0x0000000087c00000, 0x0000000087c00000| Untracked 
| 125|0x0000000087d00000, 0x0000000087d00000, 0x0000000087e00000|  0%| F|  |TAMS 0x0000000087d00000, 0x0000000087d00000| Untracked 
| 126|0x0000000087e00000, 0x0000000087e00000, 0x0000000087f00000|  0%| F|  |TAMS 0x0000000087e00000, 0x0000000087e00000| Untracked 
| 127|0x0000000087f00000, 0x0000000087f00000, 0x0000000088000000|  0%| F|  |TAMS 0x0000000087f00000, 0x0000000087f00000| Untracked 
| 128|0x0000000088000000, 0x0000000088000000, 0x0000000088100000|  0%| F|  |TAMS 0x0000000088000000, 0x0000000088000000| Untracked 
| 129|0x0000000088100000, 0x0000000088100000, 0x0000000088200000|  0%| F|  |TAMS 0x0000000088100000, 0x0000000088100000| Untracked 
| 130|0x0000000088200000, 0x0000000088200000, 0x0000000088300000|  0%| F|  |TAMS 0x0000000088200000, 0x0000000088200000| Untracked 
| 131|0x0000000088300000, 0x0000000088300000, 0x0000000088400000|  0%| F|  |TAMS 0x0000000088300000, 0x0000000088300000| Untracked 
| 132|0x0000000088400000, 0x0000000088400000, 0x0000000088500000|  0%| F|  |TAMS 0x0000000088400000, 0x0000000088400000| Untracked 
| 133|0x0000000088500000, 0x0000000088500000, 0x0000000088600000|  0%| F|  |TAMS 0x0000000088500000, 0x0000000088500000| Untracked 
| 134|0x0000000088600000, 0x0000000088600000, 0x0000000088700000|  0%| F|  |TAMS 0x0000000088600000, 0x0000000088600000| Untracked 
| 135|0x0000000088700000, 0x0000000088700000, 0x0000000088800000|  0%| F|  |TAMS 0x0000000088700000, 0x0000000088700000| Untracked 
| 136|0x0000000088800000, 0x0000000088800000, 0x0000000088900000|  0%| F|  |TAMS 0x0000000088800000, 0x0000000088800000| Untracked 
| 137|0x0000000088900000, 0x0000000088900000, 0x0000000088a00000|  0%| F|  |TAMS 0x0000000088900000, 0x0000000088900000| Untracked 
| 138|0x0000000088a00000, 0x0000000088a00000, 0x0000000088b00000|  0%| F|  |TAMS 0x0000000088a00000, 0x0000000088a00000| Untracked 
| 139|0x0000000088b00000, 0x0000000088b00000, 0x0000000088c00000|  0%| F|  |TAMS 0x0000000088b00000, 0x0000000088b00000| Untracked 
| 140|0x0000000088c00000, 0x0000000088c42b40, 0x0000000088d00000| 26%| S|CS|TAMS 0x0000000088c00000, 0x0000000088c00000| Complete 
| 141|0x0000000088d00000, 0x0000000088e00000, 0x0000000088e00000|100%| S|CS|TAMS 0x0000000088d00000, 0x0000000088d00000| Complete 
| 142|0x0000000088e00000, 0x0000000088e00000, 0x0000000088f00000|  0%| F|  |TAMS 0x0000000088e00000, 0x0000000088e00000| Untracked 
| 143|0x0000000088f00000, 0x0000000088f00000, 0x0000000089000000|  0%| F|  |TAMS 0x0000000088f00000, 0x0000000088f00000| Untracked 
| 144|0x0000000089000000, 0x0000000089000000, 0x0000000089100000|  0%| F|  |TAMS 0x0000000089000000, 0x0000000089000000| Untracked 
| 145|0x0000000089100000, 0x0000000089100000, 0x0000000089200000|  0%| F|  |TAMS 0x0000000089100000, 0x0000000089100000| Untracked 
| 146|0x0000000089200000, 0x0000000089200000, 0x0000000089300000|  0%| F|  |TAMS 0x0000000089200000, 0x0000000089200000| Untracked 
| 147|0x0000000089300000, 0x0000000089300000, 0x0000000089400000|  0%| F|  |TAMS 0x0000000089300000, 0x0000000089300000| Untracked 
| 148|0x0000000089400000, 0x0000000089400000, 0x0000000089500000|  0%| F|  |TAMS 0x0000000089400000, 0x0000000089400000| Untracked 
| 149|0x0000000089500000, 0x0000000089500000, 0x0000000089600000|  0%| F|  |TAMS 0x0000000089500000, 0x0000000089500000| Untracked 
| 150|0x0000000089600000, 0x0000000089600000, 0x0000000089700000|  0%| F|  |TAMS 0x0000000089600000, 0x0000000089600000| Untracked 
| 151|0x0000000089700000, 0x0000000089700000, 0x0000000089800000|  0%| F|  |TAMS 0x0000000089700000, 0x0000000089700000| Untracked 
| 152|0x0000000089800000, 0x0000000089800000, 0x0000000089900000|  0%| F|  |TAMS 0x0000000089800000, 0x0000000089800000| Untracked 
| 153|0x0000000089900000, 0x0000000089900000, 0x0000000089a00000|  0%| F|  |TAMS 0x0000000089900000, 0x0000000089900000| Untracked 
| 154|0x0000000089a00000, 0x0000000089a00000, 0x0000000089b00000|  0%| F|  |TAMS 0x0000000089a00000, 0x0000000089a00000| Untracked 
| 155|0x0000000089b00000, 0x0000000089b00000, 0x0000000089c00000|  0%| F|  |TAMS 0x0000000089b00000, 0x0000000089b00000| Untracked 
| 156|0x0000000089c00000, 0x0000000089c00000, 0x0000000089d00000|  0%| F|  |TAMS 0x0000000089c00000, 0x0000000089c00000| Untracked 
| 157|0x0000000089d00000, 0x0000000089d00000, 0x0000000089e00000|  0%| F|  |TAMS 0x0000000089d00000, 0x0000000089d00000| Untracked 
| 158|0x0000000089e00000, 0x0000000089e00000, 0x0000000089f00000|  0%| F|  |TAMS 0x0000000089e00000, 0x0000000089e00000| Untracked 
| 159|0x0000000089f00000, 0x0000000089f00000, 0x000000008a000000|  0%| F|  |TAMS 0x0000000089f00000, 0x0000000089f00000| Untracked 
| 160|0x000000008a000000, 0x000000008a000000, 0x000000008a100000|  0%| F|  |TAMS 0x000000008a000000, 0x000000008a000000| Untracked 
| 161|0x000000008a100000, 0x000000008a100000, 0x000000008a200000|  0%| F|  |TAMS 0x000000008a100000, 0x000000008a100000| Untracked 
| 162|0x000000008a200000, 0x000000008a200000, 0x000000008a300000|  0%| F|  |TAMS 0x000000008a200000, 0x000000008a200000| Untracked 
| 163|0x000000008a300000, 0x000000008a300000, 0x000000008a400000|  0%| F|  |TAMS 0x000000008a300000, 0x000000008a300000| Untracked 
| 164|0x000000008a400000, 0x000000008a400000, 0x000000008a500000|  0%| F|  |TAMS 0x000000008a400000, 0x000000008a400000| Untracked 
| 165|0x000000008a500000, 0x000000008a500000, 0x000000008a600000|  0%| F|  |TAMS 0x000000008a500000, 0x000000008a500000| Untracked 
| 166|0x000000008a600000, 0x000000008a600000, 0x000000008a700000|  0%| F|  |TAMS 0x000000008a600000, 0x000000008a600000| Untracked 
| 167|0x000000008a700000, 0x000000008a700000, 0x000000008a800000|  0%| F|  |TAMS 0x000000008a700000, 0x000000008a700000| Untracked 
| 168|0x000000008a800000, 0x000000008a800000, 0x000000008a900000|  0%| F|  |TAMS 0x000000008a800000, 0x000000008a800000| Untracked 
| 169|0x000000008a900000, 0x000000008a900000, 0x000000008aa00000|  0%| F|  |TAMS 0x000000008a900000, 0x000000008a900000| Untracked 
| 170|0x000000008aa00000, 0x000000008aa00000, 0x000000008ab00000|  0%| F|  |TAMS 0x000000008aa00000, 0x000000008aa00000| Untracked 
| 171|0x000000008ab00000, 0x000000008ab00000, 0x000000008ac00000|  0%| F|  |TAMS 0x000000008ab00000, 0x000000008ab00000| Untracked 
| 172|0x000000008ac00000, 0x000000008ac00000, 0x000000008ad00000|  0%| F|  |TAMS 0x000000008ac00000, 0x000000008ac00000| Untracked 
| 173|0x000000008ad00000, 0x000000008ad00000, 0x000000008ae00000|  0%| F|  |TAMS 0x000000008ad00000, 0x000000008ad00000| Untracked 
| 174|0x000000008ae00000, 0x000000008ae00000, 0x000000008af00000|  0%| F|  |TAMS 0x000000008ae00000, 0x000000008ae00000| Untracked 
| 175|0x000000008af00000, 0x000000008af00000, 0x000000008b000000|  0%| F|  |TAMS 0x000000008af00000, 0x000000008af00000| Untracked 
| 176|0x000000008b000000, 0x000000008b000000, 0x000000008b100000|  0%| F|  |TAMS 0x000000008b000000, 0x000000008b000000| Untracked 
| 177|0x000000008b100000, 0x000000008b100000, 0x000000008b200000|  0%| F|  |TAMS 0x000000008b100000, 0x000000008b100000| Untracked 
| 245|0x000000008f500000, 0x000000008f500000, 0x000000008f600000|  0%| F|  |TAMS 0x000000008f500000, 0x000000008f500000| Untracked 

Card table byte_map: [0x0000027ec04a0000,0x0000027ec08a0000] _byte_map_base: 0x0000027ec00a0000

Marking Bits (Prev, Next): (CMBitMap*) 0x0000027ea9308180, (CMBitMap*) 0x0000027ea9308140
 Prev Bits: [0x0000027ec2ca0000, 0x0000027ec4ca0000)
 Next Bits: [0x0000027ec0ca0000, 0x0000027ec2ca0000)

Polling page: 0x0000027ea8a80000

Metaspace:

Usage:
  Non-class:     60.72 MB used.
      Class:      9.43 MB used.
       Both:     70.15 MB used.

Virtual space:
  Non-class space:       64.00 MB reserved,      61.06 MB ( 95%) committed,  1 nodes.
      Class space:        1.00 GB reserved,       9.81 MB ( <1%) committed,  1 nodes.
             Both:        1.06 GB reserved,      70.88 MB (  7%) committed. 

Chunk freelists:
   Non-Class:  2.56 MB
       Class:  6.14 MB
        Both:  8.70 MB

MaxMetaspaceSize: unlimited
CompressedClassSpaceSize: 1.00 GB
Initial GC threshold: 21.00 MB
Current GC threshold: 105.75 MB
CDS: on
MetaspaceReclaimPolicy: balanced
 - commit_granule_bytes: 65536.
 - commit_granule_words: 8192.
 - virtual_space_node_default_size: 8388608.
 - enlarge_chunks_in_place: 1.
 - new_chunks_are_fully_committed: 0.
 - uncommit_free_chunks: 1.
 - use_allocation_guard: 0.
 - handle_deallocations: 1.


Internal statistics:

num_allocs_failed_limit: 6.
num_arena_births: 922.
num_arena_deaths: 0.
num_vsnodes_births: 2.
num_vsnodes_deaths: 0.
num_space_committed: 1134.
num_space_uncommitted: 0.
num_chunks_returned_to_freelist: 6.
num_chunks_taken_from_freelist: 3762.
num_chunk_merges: 6.
num_chunk_splits: 2560.
num_chunks_enlarged: 1765.
num_inconsistent_stats: 0.

CodeHeap 'non-profiled nmethods': size=120000Kb used=4443Kb max_used=4443Kb free=115556Kb
 bounds [0x0000027eb8620000, 0x0000027eb8a80000, 0x0000027ebfb50000]
CodeHeap 'profiled nmethods': size=120000Kb used=14148Kb max_used=14148Kb free=105851Kb
 bounds [0x0000027eb0b50000, 0x0000027eb1930000, 0x0000027eb8080000]
CodeHeap 'non-nmethods': size=5760Kb used=2385Kb max_used=2414Kb free=3374Kb
 bounds [0x0000027eb8080000, 0x0000027eb82f0000, 0x0000027eb8620000]
 total_blobs=8297 nmethods=7382 adapters=826
 compilation: enabled
              stopped_count=0, restarted_count=0
 full_count=0

Compilation events (20 events):
Event: 5.587 Thread 0x0000027ec7cc85a0 nmethod 8175 0x0000027eb8a75490 code [0x0000027eb8a75600, 0x0000027eb8a75738]
Event: 5.603 Thread 0x0000027ec792b7a0 8176   !   3       org.jetbrains.kotlin.com.intellij.util.containers.ConcurrentIntObjectHashMap::setTabAt (32 bytes)
Event: 5.603 Thread 0x0000027ec792b7a0 nmethod 8176 0x0000027eb191d990 code [0x0000027eb191dba0, 0x0000027eb191e418]
Event: 5.603 Thread 0x0000027ec792b7a0 8179       3       sun.misc.Unsafe::putObjectVolatile (11 bytes)
Event: 5.603 Thread 0x0000027ec792b7a0 nmethod 8179 0x0000027eb191e690 code [0x0000027eb191e820, 0x0000027eb191e978]
Event: 5.603 Thread 0x0000027ec792b7a0 8177       3       java.lang.invoke.LambdaForm$MH/0x0000027ec997c000::invokeExact_MT (27 bytes)
Event: 5.604 Thread 0x0000027ec792b7a0 nmethod 8177 0x0000027eb191ea10 code [0x0000027eb191ec20, 0x0000027eb191f378]
Event: 5.604 Thread 0x0000027ec792b7a0 8178       3       java.lang.invoke.LambdaForm$DMH/0x0000027ec9967000::invokeSpecial (20 bytes)
Event: 5.604 Thread 0x0000027ec792b7a0 nmethod 8178 0x0000027eb191f590 code [0x0000027eb191f760, 0x0000027eb191fb58]
Event: 5.604 Thread 0x0000027ec792b7a0 8180       3       java.lang.invoke.LambdaForm$MH/0x0000027ec997c800::invoke (39 bytes)
Event: 5.604 Thread 0x0000027ec792b7a0 nmethod 8180 0x0000027eb191fc90 code [0x0000027eb191fe40, 0x0000027eb19202b8]
Event: 5.623 Thread 0x0000027ec7cc85a0 8181       4       sun.net.www.protocol.jar.Handler::parseURL (173 bytes)
Event: 5.635 Thread 0x0000027ec792b7a0 8182       3       java.lang.reflect.ProxyGenerator::addProxyMethod (33 bytes)
Event: 5.635 Thread 0x0000027f10a6b890 8184       4       jdk.internal.org.objectweb.asm.MethodWriter::visitLabel (328 bytes)
Event: 5.635 Thread 0x0000027ec792b7a0 nmethod 8182 0x0000027eb1920410 code [0x0000027eb1920600, 0x0000027eb1920b58]
Event: 5.635 Thread 0x0000027ec792b7a0 8183       3       java.lang.reflect.ProxyGenerator$$Lambda$16/0x0000027ec904d9c0::apply (8 bytes)
Event: 5.635 Thread 0x0000027ec792b7a0 nmethod 8183 0x0000027eb1920d10 code [0x0000027eb1920ec0, 0x0000027eb19211c8]
Event: 5.645 Thread 0x0000027f10a6b890 nmethod 8184 0x0000027eb8a75790 code [0x0000027eb8a75940, 0x0000027eb8a76678]
Event: 5.646 Thread 0x0000027ec792b7a0 8185       1       java.util.Calendar::getZone (5 bytes)
Event: 5.646 Thread 0x0000027ec792b7a0 nmethod 8185 0x0000027eb8a76a90 code [0x0000027eb8a76c20, 0x0000027eb8a76cf8]

GC Heap History (20 events):
Event: 2.876 GC heap after
{Heap after GC invocations=7 (full 0):
 garbage-first heap   total 171008K, used 65322K [0x0000000080000000, 0x0000000100000000)
  region size 1024K, 4 young (4096K), 4 survivors (4096K)
 Metaspace       used 35707K, committed 36096K, reserved 1114112K
  class space    used 4994K, committed 5184K, reserved 1048576K
}
Event: 3.373 GC heap before
{Heap before GC invocations=8 (full 0):
 garbage-first heap   total 171008K, used 130858K [0x0000000080000000, 0x0000000100000000)
  region size 1024K, 68 young (69632K), 4 survivors (4096K)
 Metaspace       used 41643K, committed 42240K, reserved 1114112K
  class space    used 5834K, committed 6144K, reserved 1048576K
}
Event: 3.376 GC heap after
{Heap after GC invocations=9 (full 0):
 garbage-first heap   total 171008K, used 70593K [0x0000000080000000, 0x0000000100000000)
  region size 1024K, 9 young (9216K), 9 survivors (9216K)
 Metaspace       used 41643K, committed 42240K, reserved 1114112K
  class space    used 5834K, committed 6144K, reserved 1048576K
}
Event: 3.820 GC heap before
{Heap before GC invocations=9 (full 0):
 garbage-first heap   total 171008K, used 133057K [0x0000000080000000, 0x0000000100000000)
  region size 1024K, 70 young (71680K), 9 survivors (9216K)
 Metaspace       used 45065K, committed 45696K, reserved 1114112K
  class space    used 6295K, committed 6592K, reserved 1048576K
}
Event: 3.824 GC heap after
{Heap after GC invocations=10 (full 0):
 garbage-first heap   total 171008K, used 75505K [0x0000000080000000, 0x0000000100000000)
  region size 1024K, 6 young (6144K), 6 survivors (6144K)
 Metaspace       used 45065K, committed 45696K, reserved 1114112K
  class space    used 6295K, committed 6592K, reserved 1048576K
}
Event: 3.886 GC heap before
{Heap before GC invocations=10 (full 0):
 garbage-first heap   total 171008K, used 89841K [0x0000000080000000, 0x0000000100000000)
  region size 1024K, 17 young (17408K), 6 survivors (6144K)
 Metaspace       used 45533K, committed 46144K, reserved 1114112K
  class space    used 6359K, committed 6656K, reserved 1048576K
}
Event: 3.888 GC heap after
{Heap after GC invocations=11 (full 0):
 garbage-first heap   total 171008K, used 85028K [0x0000000080000000, 0x0000000100000000)
  region size 1024K, 5 young (5120K), 5 survivors (5120K)
 Metaspace       used 45533K, committed 46144K, reserved 1114112K
  class space    used 6359K, committed 6656K, reserved 1048576K
}
Event: 4.236 GC heap before
{Heap before GC invocations=12 (full 0):
 garbage-first heap   total 171008K, used 138276K [0x0000000080000000, 0x0000000100000000)
  region size 1024K, 53 young (54272K), 5 survivors (5120K)
 Metaspace       used 51959K, committed 52608K, reserved 1114112K
  class space    used 7108K, committed 7424K, reserved 1048576K
}
Event: 4.238 GC heap after
{Heap after GC invocations=13 (full 0):
 garbage-first heap   total 171008K, used 93282K [0x0000000080000000, 0x0000000100000000)
  region size 1024K, 7 young (7168K), 7 survivors (7168K)
 Metaspace       used 51959K, committed 52608K, reserved 1114112K
  class space    used 7108K, committed 7424K, reserved 1048576K
}
Event: 4.442 GC heap before
{Heap before GC invocations=13 (full 0):
 garbage-first heap   total 171008K, used 112738K [0x0000000080000000, 0x0000000100000000)
  region size 1024K, 27 young (27648K), 7 survivors (7168K)
 Metaspace       used 55932K, committed 56640K, reserved 1114112K
  class space    used 7631K, committed 7936K, reserved 1048576K
}
Event: 4.444 GC heap after
{Heap after GC invocations=14 (full 0):
 garbage-first heap   total 171008K, used 96185K [0x0000000080000000, 0x0000000100000000)
  region size 1024K, 6 young (6144K), 6 survivors (6144K)
 Metaspace       used 55932K, committed 56640K, reserved 1114112K
  class space    used 7631K, committed 7936K, reserved 1048576K
}
Event: 4.741 GC heap before
{Heap before GC invocations=15 (full 0):
 garbage-first heap   total 183296K, used 146361K [0x0000000080000000, 0x0000000100000000)
  region size 1024K, 49 young (50176K), 6 survivors (6144K)
 Metaspace       used 58992K, committed 59648K, reserved 1114112K
  class space    used 8024K, committed 8320K, reserved 1048576K
}
Event: 4.745 GC heap after
{Heap after GC invocations=16 (full 0):
 garbage-first heap   total 183296K, used 99707K [0x0000000080000000, 0x0000000100000000)
  region size 1024K, 6 young (6144K), 6 survivors (6144K)
 Metaspace       used 58992K, committed 59648K, reserved 1114112K
  class space    used 8024K, committed 8320K, reserved 1048576K
}
Event: 5.146 GC heap before
{Heap before GC invocations=16 (full 0):
 garbage-first heap   total 183296K, used 146811K [0x0000000080000000, 0x0000000100000000)
  region size 1024K, 52 young (53248K), 6 survivors (6144K)
 Metaspace       used 63942K, committed 64704K, reserved 1114112K
  class space    used 8687K, committed 9088K, reserved 1048576K
}
Event: 5.149 GC heap after
{Heap after GC invocations=17 (full 0):
 garbage-first heap   total 183296K, used 102989K [0x0000000080000000, 0x0000000100000000)
  region size 1024K, 4 young (4096K), 4 survivors (4096K)
 Metaspace       used 63942K, committed 64704K, reserved 1114112K
  class space    used 8687K, committed 9088K, reserved 1048576K
}
Event: 5.396 GC heap before
{Heap before GC invocations=18 (full 0):
 garbage-first heap   total 183296K, used 149069K [0x0000000080000000, 0x0000000100000000)
  region size 1024K, 49 young (50176K), 4 survivors (4096K)
 Metaspace       used 67011K, committed 67840K, reserved 1114112K
  class space    used 9060K, committed 9472K, reserved 1048576K
}
Event: 5.399 GC heap after
{Heap after GC invocations=19 (full 0):
 garbage-first heap   total 183296K, used 107861K [0x0000000080000000, 0x0000000100000000)
  region size 1024K, 7 young (7168K), 7 survivors (7168K)
 Metaspace       used 67011K, committed 67840K, reserved 1114112K
  class space    used 9060K, committed 9472K, reserved 1048576K
}
Event: 5.405 GC heap before
{Heap before GC invocations=19 (full 0):
 garbage-first heap   total 183296K, used 107861K [0x0000000080000000, 0x0000000100000000)
  region size 1024K, 8 young (8192K), 7 survivors (7168K)
 Metaspace       used 67016K, committed 67840K, reserved 1114112K
  class space    used 9060K, committed 9472K, reserved 1048576K
}
Event: 5.407 GC heap after
{Heap after GC invocations=20 (full 0):
 garbage-first heap   total 183296K, used 108238K [0x0000000080000000, 0x0000000100000000)
  region size 1024K, 1 young (1024K), 1 survivors (1024K)
 Metaspace       used 67016K, committed 67840K, reserved 1114112K
  class space    used 9060K, committed 9472K, reserved 1048576K
}
Event: 5.650 GC heap before
{Heap before GC invocations=20 (full 0):
 garbage-first heap   total 183296K, used 143054K [0x0000000080000000, 0x0000000100000000)
  region size 1024K, 37 young (37888K), 1 survivors (1024K)
 Metaspace       used 71836K, committed 72576K, reserved 1114112K
  class space    used 9658K, committed 10048K, reserved 1048576K
}

Deoptimization events (20 events):
Event: 5.435 Thread 0x0000027f0ef15390 Uncommon trap: trap_request=0xffffffde fr.pc=0x0000027eb86c154c relative=0x0000000000000c4c
Event: 5.435 Thread 0x0000027f0ef15390 Uncommon trap: reason=class_check action=maybe_recompile pc=0x0000027eb86c154c method=org.gradle.internal.snapshot.ChildMap$Entry.handleAncestorDescendantOrExactMatch(Lorg/gradle/internal/snapshot/VfsRelativePath;Lorg/gradle/internal/snapshot/CaseSensitiv
Event: 5.435 Thread 0x0000027f0ef15390 DEOPT PACKING pc=0x0000027eb86c154c sp=0x000000aa70ef5690
Event: 5.435 Thread 0x0000027f0ef15390 DEOPT UNPACKING pc=0x0000027eb80d23a3 sp=0x000000aa70ef5670 mode 2
Event: 5.435 Thread 0x0000027f0ef15390 Uncommon trap: trap_request=0xffffffde fr.pc=0x0000027eb86c154c relative=0x0000000000000c4c
Event: 5.435 Thread 0x0000027f0ef15390 Uncommon trap: reason=class_check action=maybe_recompile pc=0x0000027eb86c154c method=org.gradle.internal.snapshot.ChildMap$Entry.handleAncestorDescendantOrExactMatch(Lorg/gradle/internal/snapshot/VfsRelativePath;Lorg/gradle/internal/snapshot/CaseSensitiv
Event: 5.435 Thread 0x0000027f0ef15390 DEOPT PACKING pc=0x0000027eb86c154c sp=0x000000aa70ef5250
Event: 5.435 Thread 0x0000027f0ef15390 DEOPT UNPACKING pc=0x0000027eb80d23a3 sp=0x000000aa70ef5230 mode 2
Event: 5.435 Thread 0x0000027f0ef15390 Uncommon trap: trap_request=0xffffffde fr.pc=0x0000027eb86c154c relative=0x0000000000000c4c
Event: 5.435 Thread 0x0000027f0ef15390 Uncommon trap: reason=class_check action=maybe_recompile pc=0x0000027eb86c154c method=org.gradle.internal.snapshot.ChildMap$Entry.handleAncestorDescendantOrExactMatch(Lorg/gradle/internal/snapshot/VfsRelativePath;Lorg/gradle/internal/snapshot/CaseSensitiv
Event: 5.435 Thread 0x0000027f0ef15390 DEOPT PACKING pc=0x0000027eb86c154c sp=0x000000aa70ef4e10
Event: 5.435 Thread 0x0000027f0ef15390 DEOPT UNPACKING pc=0x0000027eb80d23a3 sp=0x000000aa70ef4df0 mode 2
Event: 5.636 Thread 0x0000027f0ef15390 Uncommon trap: trap_request=0xffffffde fr.pc=0x0000027eb8733ed0 relative=0x00000000000003f0
Event: 5.636 Thread 0x0000027f0ef15390 Uncommon trap: reason=class_check action=maybe_recompile pc=0x0000027eb8733ed0 method=java.util.Collections$SetFromMap.remove(Ljava/lang/Object;)Z @ 5 c2
Event: 5.636 Thread 0x0000027f0ef15390 DEOPT PACKING pc=0x0000027eb8733ed0 sp=0x000000aa70ef5460
Event: 5.636 Thread 0x0000027f0ef15390 DEOPT UNPACKING pc=0x0000027eb80d23a3 sp=0x000000aa70ef5448 mode 2
Event: 5.637 Thread 0x0000027f0ef15390 Uncommon trap: trap_request=0xffffffde fr.pc=0x0000027eb8733ed0 relative=0x00000000000003f0
Event: 5.637 Thread 0x0000027f0ef15390 Uncommon trap: reason=class_check action=maybe_recompile pc=0x0000027eb8733ed0 method=java.util.Collections$SetFromMap.remove(Ljava/lang/Object;)Z @ 5 c2
Event: 5.637 Thread 0x0000027f0ef15390 DEOPT PACKING pc=0x0000027eb8733ed0 sp=0x000000aa70ef50a0
Event: 5.637 Thread 0x0000027f0ef15390 DEOPT UNPACKING pc=0x0000027eb80d23a3 sp=0x000000aa70ef5088 mode 2

Classes unloaded (0 events):
No events

Classes redefined (0 events):
No events

Internal exceptions (20 events):
Event: 5.028 Thread 0x0000027f0ef15390 Exception <a 'java/lang/ClassNotFoundException'{0x000000008925bb40}: org/jetbrains/kotlin/gradle/targets/js/npm/NpmDependencyExtensionKt$defaultNpmDependencyDelegate$1Customizer> (0x000000008925bb40) 
thrown [s\open\src\hotspot\share\classfile\systemDictionary.cpp, line 256]
Event: 5.029 Thread 0x0000027f0ef15390 Exception <a 'java/lang/ClassNotFoundException'{0x0000000089291100}: org/jetbrains/kotlin/gradle/targets/js/npm/DefaultDevNpmDependencyExtensionBeanInfo> (0x0000000089291100) 
thrown [s\open\src\hotspot\share\classfile\systemDictionary.cpp, line 256]
Event: 5.030 Thread 0x0000027f0ef15390 Exception <a 'java/lang/ClassNotFoundException'{0x000000008929c788}: org/jetbrains/kotlin/gradle/targets/js/npm/DefaultDevNpmDependencyExtensionCustomizer> (0x000000008929c788) 
thrown [s\open\src\hotspot\share\classfile\systemDictionary.cpp, line 256]
Event: 5.031 Thread 0x0000027f0ef15390 Exception <a 'java/lang/ClassNotFoundException'{0x00000000892d6d58}: org/jetbrains/kotlin/gradle/targets/js/npm/DefaultPeerNpmDependencyExtensionBeanInfo> (0x00000000892d6d58) 
thrown [s\open\src\hotspot\share\classfile\systemDictionary.cpp, line 256]
Event: 5.031 Thread 0x0000027f0ef15390 Exception <a 'java/lang/ClassNotFoundException'{0x00000000892e2410}: org/jetbrains/kotlin/gradle/targets/js/npm/DefaultPeerNpmDependencyExtensionCustomizer> (0x00000000892e2410) 
thrown [s\open\src\hotspot\share\classfile\systemDictionary.cpp, line 256]
Event: 5.033 Thread 0x0000027f0ef15390 Exception <a 'java/lang/ClassNotFoundException'{0x0000000089123ea8}: org/jetbrains/kotlin/gradle/targets/js/npm/DefaultPeerNpmDependencyExtension$delegate$1BeanInfo> (0x0000000089123ea8) 
thrown [s\open\src\hotspot\share\classfile\systemDictionary.cpp, line 256]
Event: 5.033 Thread 0x0000027f0ef15390 Exception <a 'java/lang/ClassNotFoundException'{0x000000008912f728}: org/jetbrains/kotlin/gradle/targets/js/npm/DefaultPeerNpmDependencyExtension$delegate$1Customizer> (0x000000008912f728) 
thrown [s\open\src\hotspot\share\classfile\systemDictionary.cpp, line 256]
Event: 5.438 Thread 0x0000027f0ef15390 Exception <a 'java/lang/NoSuchMethodError'{0x000000008aca2298}: 'void java.lang.invoke.DirectMethodHandle$Holder.invokeVirtual(java.lang.Object, java.lang.Object)'> (0x000000008aca2298) 
thrown [s\open\src\hotspot\share\interpreter\linkResolver.cpp, line 759]
Event: 5.488 Thread 0x0000027f0ef15390 Exception <a 'java/lang/NoSuchMethodError'{0x000000008a6e7b50}: 'int java.lang.invoke.DelegatingMethodHandle$Holder.reinvoke_L(java.lang.Object, java.lang.Object, java.lang.Object, long, int, int)'> (0x000000008a6e7b50) 
thrown [s\open\src\hotspot\share\interpreter\linkResolver.cpp, line 759]
Event: 5.489 Thread 0x0000027f0ef15390 Exception <a 'java/lang/NoSuchMethodError'{0x000000008a6f7988}: 'int java.lang.invoke.DelegatingMethodHandle$Holder.reinvoke_L(java.lang.Object, java.lang.Object, java.lang.Object, long, long, long)'> (0x000000008a6f7988) 
thrown [s\open\src\hotspot\share\interpreter\linkResolver.cpp, line 759]
Event: 5.489 Thread 0x0000027f0ef15390 Exception <a 'java/lang/NoSuchMethodError'{0x000000008a5081c0}: 'int java.lang.invoke.DelegatingMethodHandle$Holder.reinvoke_L(java.lang.Object, java.lang.Object, java.lang.Object, long, java.lang.Object, java.lang.Object)'> (0x000000008a5081c0) 
thrown [s\open\src\hotspot\share\interpreter\linkResolver.cpp, line 759]
Event: 5.490 Thread 0x0000027f0ef15390 Exception <a 'java/lang/NoSuchMethodError'{0x000000008a518148}: 'void java.lang.invoke.DelegatingMethodHandle$Holder.reinvoke_L(java.lang.Object, java.lang.Object, java.lang.Object, long, java.lang.Object)'> (0x000000008a518148) 
thrown [s\open\src\hotspot\share\interpreter\linkResolver.cpp, line 759]
Event: 5.490 Thread 0x0000027f0ef15390 Exception <a 'java/lang/NoSuchMethodError'{0x000000008a520a38}: 'java.lang.Object java.lang.invoke.DirectMethodHandle$Holder.invokeSpecial(java.lang.Object, java.lang.Object, java.lang.Object, java.lang.Object, long)'> (0x000000008a520a38) 
thrown [s\open\src\hotspot\share\interpreter\linkResolver.cpp, line 759]
Event: 5.491 Thread 0x0000027f0ef15390 Exception <a 'java/lang/NoSuchMethodError'{0x000000008a5458e8}: 'long java.lang.invoke.Invokers$Holder.invoke_MT(java.lang.Object, java.lang.Object, java.lang.Object, java.lang.Object)'> (0x000000008a5458e8) 
thrown [s\open\src\hotspot\share\interpreter\linkResolver.cpp, line 759]
Event: 5.491 Thread 0x0000027f0ef15390 Exception <a 'java/lang/NoSuchMethodError'{0x000000008a54e9b0}: 'int java.lang.invoke.Invokers$Holder.invoke_MT(java.lang.Object, java.lang.Object, java.lang.Object, java.lang.Object)'> (0x000000008a54e9b0) 
thrown [s\open\src\hotspot\share\interpreter\linkResolver.cpp, line 759]
Event: 5.492 Thread 0x0000027f0ef15390 Exception <a 'java/lang/NoSuchMethodError'{0x000000008a55f988}: 'int java.lang.invoke.DelegatingMethodHandle$Holder.reinvoke_L(java.lang.Object, java.lang.Object, java.lang.Object, long, int)'> (0x000000008a55f988) 
thrown [s\open\src\hotspot\share\interpreter\linkResolver.cpp, line 759]
Event: 5.493 Thread 0x0000027f0ef15390 Exception <a 'java/lang/NoSuchMethodError'{0x000000008a572f10}: 'java.lang.Object java.lang.invoke.Invokers$Holder.invokeExact_MT(java.lang.Object, java.lang.Object, long, java.lang.Object)'> (0x000000008a572f10) 
thrown [s\open\src\hotspot\share\interpreter\linkResolver.cpp, line 759]
Event: 5.549 Thread 0x0000027f0ef15390 Exception <a 'java/lang/NoSuchMethodError'{0x0000000089d7e8c8}: 'java.lang.Object java.lang.invoke.DirectMethodHandle$Holder.invokeStaticInit(java.lang.Object, int)'> (0x0000000089d7e8c8) 
thrown [s\open\src\hotspot\share\interpreter\linkResolver.cpp, line 759]
Event: 5.567 Thread 0x0000027f0ef15390 Exception <a 'java/lang/NoSuchMethodError'{0x0000000089a5d8a0}: 'long java.lang.invoke.DirectMethodHandle$Holder.invokeStatic(java.lang.Object)'> (0x0000000089a5d8a0) 
thrown [s\open\src\hotspot\share\interpreter\linkResolver.cpp, line 759]
Event: 5.567 Thread 0x0000027f0ef15390 Exception <a 'java/lang/NoSuchMethodError'{0x0000000089a62488}: 'long java.lang.invoke.DirectMethodHandle$Holder.invokeStaticInit(java.lang.Object)'> (0x0000000089a62488) 
thrown [s\open\src\hotspot\share\interpreter\linkResolver.cpp, line 759]

VM Operations (20 events):
Event: 5.149 Executing VM operation: G1CollectForAllocation done
Event: 5.166 Executing VM operation: G1Concurrent
Event: 5.168 Executing VM operation: G1Concurrent done
Event: 5.174 Executing VM operation: G1Concurrent
Event: 5.175 Executing VM operation: G1Concurrent done
Event: 5.395 Executing VM operation: G1CollectForAllocation
Event: 5.399 Executing VM operation: G1CollectForAllocation done
Event: 5.405 Executing VM operation: G1CollectForAllocation
Event: 5.407 Executing VM operation: G1CollectForAllocation done
Event: 5.437 Executing VM operation: HandshakeAllThreads
Event: 5.437 Executing VM operation: HandshakeAllThreads done
Event: 5.456 Executing VM operation: HandshakeAllThreads
Event: 5.456 Executing VM operation: HandshakeAllThreads done
Event: 5.570 Executing VM operation: HandshakeAllThreads
Event: 5.571 Executing VM operation: HandshakeAllThreads done
Event: 5.616 Executing VM operation: HandshakeAllThreads
Event: 5.616 Executing VM operation: HandshakeAllThreads done
Event: 5.617 Executing VM operation: HandshakeAllThreads
Event: 5.617 Executing VM operation: HandshakeAllThreads done
Event: 5.650 Executing VM operation: G1TryInitiateConcMark

Events (20 events):
Event: 4.868 loading class com/sun/jmx/mbeanserver/StandardMBeanIntrospector done
Event: 4.978 Thread 0x0000027ec792e1b0 flushing nmethod 0x0000027eb0d46210
Event: 4.979 Thread 0x0000027ec792e1b0 flushing nmethod 0x0000027eb0edaf10
Event: 4.979 Thread 0x0000027ec792e1b0 flushing nmethod 0x0000027eb1004b90
Event: 5.177 Thread 0x0000027f0d218a50 Thread exited: 0x0000027f0d218a50
Event: 5.280 loading class java/util/ArrayList$SubList$1
Event: 5.280 loading class java/util/ArrayList$SubList$1 done
Event: 5.417 Thread 0x0000027f10a6b890 Thread added: 0x0000027f10a6b890
Event: 5.520 loading class java/util/regex/Pattern$Behind
Event: 5.520 loading class java/util/regex/Pattern$Behind done
Event: 5.520 loading class javax/swing/text/html/HTMLEditorKit$ParserCallback
Event: 5.520 loading class javax/swing/text/html/HTMLEditorKit$ParserCallback done
Event: 5.533 loading class java/lang/AbstractMethodError
Event: 5.533 loading class java/lang/AbstractMethodError done
Event: 5.567 loading class java/util/concurrent/atomic/AtomicLongFieldUpdater
Event: 5.568 loading class java/util/concurrent/atomic/AtomicLongFieldUpdater done
Event: 5.568 loading class java/util/concurrent/atomic/AtomicLongFieldUpdater$CASUpdater
Event: 5.568 loading class java/util/concurrent/atomic/AtomicLongFieldUpdater$CASUpdater done
Event: 5.568 loading class java/util/concurrent/atomic/AtomicLongFieldUpdater$CASUpdater$1
Event: 5.568 loading class java/util/concurrent/atomic/AtomicLongFieldUpdater$CASUpdater$1 done


Dynamic libraries:
0x00007ff6edff0000 - 0x00007ff6ee000000 	C:\Program Files\Java\jdk-17\bin\java.exe
0x00007ffa98190000 - 0x00007ffa983a7000 	C:\WINDOWS\SYSTEM32\ntdll.dll
0x00007ffa96a20000 - 0x00007ffa96ae4000 	C:\WINDOWS\System32\KERNEL32.DLL
0x00007ffa95720000 - 0x00007ffa95ac7000 	C:\WINDOWS\System32\KERNELBASE.dll
0x00007ffa95c60000 - 0x00007ffa95d71000 	C:\WINDOWS\System32\ucrtbase.dll
0x00007ffa8f210000 - 0x00007ffa8f22b000 	C:\Program Files\Java\jdk-17\bin\VCRUNTIME140.dll
0x00007ffa8f1f0000 - 0x00007ffa8f209000 	C:\Program Files\Java\jdk-17\bin\jli.dll
0x00007ffa96970000 - 0x00007ffa96a20000 	C:\WINDOWS\System32\ADVAPI32.dll
0x00007ffa96680000 - 0x00007ffa96727000 	C:\WINDOWS\System32\msvcrt.dll
0x00007ffa97ec0000 - 0x00007ffa97f66000 	C:\WINDOWS\System32\sechost.dll
0x00007ffa96000000 - 0x00007ffa96117000 	C:\WINDOWS\System32\RPCRT4.dll
0x00007ffa97cb0000 - 0x00007ffa97e5e000 	C:\WINDOWS\System32\USER32.dll
0x00007ffa95ec0000 - 0x00007ffa95ee6000 	C:\WINDOWS\System32\win32u.dll
0x00007ffa7e650000 - 0x00007ffa7e8e3000 	C:\WINDOWS\WinSxS\amd64_microsoft.windows.common-controls_6595b64144ccf1df_6.0.22621.2506_none_270c5ae97388e100\COMCTL32.dll
0x00007ffa95ef0000 - 0x00007ffa95f19000 	C:\WINDOWS\System32\GDI32.dll
0x00007ffa95ad0000 - 0x00007ffa95be9000 	C:\WINDOWS\System32\gdi32full.dll
0x00007ffa95680000 - 0x00007ffa9571a000 	C:\WINDOWS\System32\msvcp_win.dll
0x00007ffa8eb60000 - 0x00007ffa8eb6a000 	C:\WINDOWS\SYSTEM32\VERSION.dll
0x00007ffa96790000 - 0x00007ffa967c1000 	C:\WINDOWS\System32\IMM32.DLL
0x00007ffa8f430000 - 0x00007ffa8f43c000 	C:\Program Files\Java\jdk-17\bin\vcruntime140_1.dll
0x00007ffa65f50000 - 0x00007ffa65fde000 	C:\Program Files\Java\jdk-17\bin\msvcp140.dll
0x00007ffa54940000 - 0x00007ffa55521000 	C:\Program Files\Java\jdk-17\bin\server\jvm.dll
0x00007ffa96120000 - 0x00007ffa96128000 	C:\WINDOWS\System32\PSAPI.DLL
0x00007ffa92820000 - 0x00007ffa92829000 	C:\WINDOWS\SYSTEM32\WSOCK32.dll
0x00007ffa8e620000 - 0x00007ffa8e654000 	C:\WINDOWS\SYSTEM32\WINMM.dll
0x00007ffa970b0000 - 0x00007ffa97121000 	C:\WINDOWS\System32\WS2_32.dll
0x00007ffa944b0000 - 0x00007ffa944c8000 	C:\WINDOWS\SYSTEM32\kernel.appcore.dll
0x00007ffa8f1e0000 - 0x00007ffa8f1ea000 	C:\Program Files\Java\jdk-17\bin\jimage.dll
0x00007ffa8c490000 - 0x00007ffa8c6c3000 	C:\WINDOWS\SYSTEM32\DBGHELP.DLL
0x00007ffa962f0000 - 0x00007ffa96679000 	C:\WINDOWS\System32\combase.dll
0x00007ffa95f20000 - 0x00007ffa95ff7000 	C:\WINDOWS\System32\OLEAUT32.dll
0x00007ffa83380000 - 0x00007ffa833b2000 	C:\WINDOWS\SYSTEM32\dbgcore.DLL
0x00007ffa95e40000 - 0x00007ffa95eba000 	C:\WINDOWS\System32\bcryptPrimitives.dll
0x00007ffa685e0000 - 0x00007ffa68605000 	C:\Program Files\Java\jdk-17\bin\java.dll
0x00007ffa65e70000 - 0x00007ffa65f47000 	C:\Program Files\Java\jdk-17\bin\jsvml.dll
0x00007ffa97130000 - 0x00007ffa97989000 	C:\WINDOWS\System32\SHELL32.dll
0x00007ffa93430000 - 0x00007ffa93d24000 	C:\WINDOWS\SYSTEM32\windows.storage.dll
0x00007ffa932f0000 - 0x00007ffa9342e000 	C:\WINDOWS\SYSTEM32\wintypes.dll
0x00007ffa979a0000 - 0x00007ffa97a93000 	C:\WINDOWS\System32\SHCORE.dll
0x00007ffa96730000 - 0x00007ffa9678e000 	C:\WINDOWS\System32\shlwapi.dll
0x00007ffa95440000 - 0x00007ffa95466000 	C:\WINDOWS\SYSTEM32\profapi.dll
0x00007ffa759e0000 - 0x00007ffa759f9000 	C:\Program Files\Java\jdk-17\bin\net.dll
0x00007ffa8dcf0000 - 0x00007ffa8de27000 	C:\WINDOWS\SYSTEM32\WINHTTP.dll
0x00007ffa94990000 - 0x00007ffa949f9000 	C:\WINDOWS\system32\mswsock.dll
0x00007ffa71ee0000 - 0x00007ffa71ef6000 	C:\Program Files\Java\jdk-17\bin\nio.dll
0x00007ffa6f190000 - 0x00007ffa6f1a8000 	C:\Program Files\Java\jdk-17\bin\zip.dll
0x00007ffa8f1d0000 - 0x00007ffa8f1e0000 	C:\Program Files\Java\jdk-17\bin\verify.dll
0x00007ffa74850000 - 0x00007ffa74877000 	C:\Users\PC\.gradle\native\68d5fa5c4cc2d200863cafc0d521ce42e7d3e7ee720ec0a83991735586a16f82\windows-amd64\native-platform.dll
0x00007ffa5dae0000 - 0x00007ffa5dc24000 	C:\Users\PC\.gradle\native\e376f236ea51e6404a007f0833ffe2c6e607c4080706a723a18a27aeea778392\windows-amd64\native-platform-file-events.dll
0x00007ffa73c10000 - 0x00007ffa73c1a000 	C:\Program Files\Java\jdk-17\bin\management.dll
0x00007ffa6fff0000 - 0x00007ffa6fffb000 	C:\Program Files\Java\jdk-17\bin\management_ext.dll
0x00007ffa94be0000 - 0x00007ffa94bfb000 	C:\WINDOWS\SYSTEM32\CRYPTSP.dll
0x00007ffa94470000 - 0x00007ffa944a5000 	C:\WINDOWS\system32\rsaenh.dll
0x00007ffa94a80000 - 0x00007ffa94aac000 	C:\WINDOWS\SYSTEM32\USERENV.dll
0x00007ffa94e40000 - 0x00007ffa94e68000 	C:\WINDOWS\SYSTEM32\bcrypt.dll
0x00007ffa94c00000 - 0x00007ffa94c0c000 	C:\WINDOWS\SYSTEM32\CRYPTBASE.dll
0x00007ffa93f90000 - 0x00007ffa93fbd000 	C:\WINDOWS\SYSTEM32\IPHLPAPI.DLL
0x00007ffa96c00000 - 0x00007ffa96c09000 	C:\WINDOWS\System32\NSI.dll
0x00007ffa8e1b0000 - 0x00007ffa8e1c9000 	C:\WINDOWS\SYSTEM32\dhcpcsvc6.DLL
0x00007ffa8db40000 - 0x00007ffa8db5f000 	C:\WINDOWS\SYSTEM32\dhcpcsvc.DLL
0x00007ffa94000000 - 0x00007ffa940f9000 	C:\WINDOWS\SYSTEM32\DNSAPI.dll
0x00007ffa6edc0000 - 0x00007ffa6edce000 	C:\Program Files\Java\jdk-17\bin\sunmscapi.dll
0x00007ffa95510000 - 0x00007ffa95676000 	C:\WINDOWS\System32\CRYPT32.dll
0x00007ffa94e10000 - 0x00007ffa94e3d000 	C:\WINDOWS\SYSTEM32\ncrypt.dll
0x00007ffa94dd0000 - 0x00007ffa94e07000 	C:\WINDOWS\SYSTEM32\NTASN1.dll
0x00007ffa75130000 - 0x00007ffa75138000 	C:\WINDOWS\system32\wshunix.dll

dbghelp: loaded successfully - version: 4.0.5 - missing functions: none
symbol engine: initialized successfully - sym options: 0x614 - pdb path: .;C:\Program Files\Java\jdk-17\bin;C:\WINDOWS\SYSTEM32;C:\WINDOWS\WinSxS\amd64_microsoft.windows.common-controls_6595b64144ccf1df_6.0.22621.2506_none_270c5ae97388e100;C:\Program Files\Java\jdk-17\bin\server;C:\Users\PC\.gradle\native\68d5fa5c4cc2d200863cafc0d521ce42e7d3e7ee720ec0a83991735586a16f82\windows-amd64;C:\Users\PC\.gradle\native\e376f236ea51e6404a007f0833ffe2c6e607c4080706a723a18a27aeea778392\windows-amd64

VM Arguments:
jvm_args: --add-opens=java.base/java.util=ALL-UNNAMED --add-opens=java.base/java.lang=ALL-UNNAMED --add-opens=java.base/java.lang.invoke=ALL-UNNAMED --add-opens=java.prefs/java.util.prefs=ALL-UNNAMED --add-opens=java.base/java.nio.charset=ALL-UNNAMED --add-opens=java.base/java.net=ALL-UNNAMED --add-opens=java.base/java.util.concurrent.atomic=ALL-UNNAMED -Xmx2048m -Dfile.encoding=UTF-8 -Duser.country=US -Duser.language=en -Duser.variant 
java_command: org.gradle.launcher.daemon.bootstrap.GradleDaemon 8.0
java_class_path (initial): C:\Users\PC\.gradle\wrapper\dists\gradle-8.0-bin\ca5e32bp14vu59qr306oxotwh\gradle-8.0\lib\gradle-launcher-8.0.jar
Launcher Type: SUN_STANDARD

[Global flags]
     intx CICompilerCount                          = 4                                         {product} {ergonomic}
     uint ConcGCThreads                            = 3                                         {product} {ergonomic}
     uint G1ConcRefinementThreads                  = 10                                        {product} {ergonomic}
   size_t G1HeapRegionSize                         = 1048576                                   {product} {ergonomic}
    uintx GCDrainStackTargetSize                   = 64                                        {product} {ergonomic}
   size_t InitialHeapSize                          = 257949696                                 {product} {ergonomic}
   size_t MarkStackSize                            = 4194304                                   {product} {ergonomic}
   size_t MaxHeapSize                              = 2147483648                                {product} {command line}
   size_t MaxNewSize                               = 1287651328                                {product} {ergonomic}
   size_t MinHeapDeltaBytes                        = 1048576                                   {product} {ergonomic}
   size_t MinHeapSize                              = 8388608                                   {product} {ergonomic}
    uintx NonNMethodCodeHeapSize                   = 5839372                                {pd product} {ergonomic}
    uintx NonProfiledCodeHeapSize                  = 122909434                              {pd product} {ergonomic}
    uintx ProfiledCodeHeapSize                     = 122909434                              {pd product} {ergonomic}
    uintx ReservedCodeCacheSize                    = 251658240                              {pd product} {ergonomic}
     bool SegmentedCodeCache                       = true                                      {product} {ergonomic}
   size_t SoftMaxHeapSize                          = 2147483648                             {manageable} {ergonomic}
     bool UseCompressedClassPointers               = true                           {product lp64_product} {ergonomic}
     bool UseCompressedOops                        = true                           {product lp64_product} {ergonomic}
     bool UseG1GC                                  = true                                      {product} {ergonomic}
     bool UseLargePagesIndividualAllocation        = false                                  {pd product} {ergonomic}

Logging:
Log output configuration:
 #0: stdout all=warning uptime,level,tags
 #1: stderr all=off uptime,level,tags

Environment Variables:
JAVA_HOME=C:\Program Files\Java\jdk-17\bin
PATH=C:\Program Files\Common Files\Oracle\Java\javapath;C:\Program Files (x86)\Common Files\Oracle\Java\javapath;C:\Program Files (x86)\Common Files\Intel\Shared Libraries\redist\intel64\compiler;C:\WINDOWS\system32;C:\WINDOWS;C:\WINDOWS\System32\Wbem;C:\WINDOWS\System32\WindowsPowerShell\v1.0\;C:\WINDOWS\System32\OpenSSH\;C:\ProgramData\chocolatey\bin;C:\Program Files\Git\cmd;C:\Program Files\Java\jdk-21\bin;C:\Program Files\Java\jre-1.8\bin;C:\Users\PC\AppData\Roaming\nvm;C:\Program Files\nodejs;C:\Users\PC\AppData\Local\Programs\Python\Python312;C:\Users\PC\AppData\Local\Programs\Python\Python312\Scripts;C:\Users\PC\.cargo\bin;C:\Users\PC\AppData\Local\Microsoft\WindowsApps;C:\Users\PC\AppData\Local\Programs\Microsoft VS Code\bin;C:\Program Files\JetBrains\IntelliJ IDEA 2023.2.3\bin;;C:\Users\PC\AppData\Roaming\nvm;C:\Program Files\nodejs;
USERNAME=PC
OS=Windows_NT
PROCESSOR_IDENTIFIER=AMD64 Family 25 Model 80 Stepping 0, AuthenticAMD



---------------  S Y S T E M  ---------------

OS:
 Windows 11 , 64 bit Build 22621 (10.0.22621.2506)
OS uptime: 0 days 2:02 hours

CPU: total 12 (initial active 12) (12 cores per cpu, 2 threads per core) family 25 model 80 stepping 0 microcode 0x0, cx8, cmov, fxsr, ht, mmx, 3dnowpref, sse, sse2, sse3, ssse3, sse4a, sse4.1, sse4.2, popcnt, lzcnt, tsc, tscinvbit, avx, avx2, aes, erms, clmul, bmi1, bmi2, adx, sha, fma, vzeroupper, clflush, clflushopt

Memory: 4k page, system-wide physical 15741M (2926M free)
TotalPageFile size 17789M (AvailPageFile size 32M)
current process WorkingSet (physical memory assigned to process): 396M, peak: 413M
current process commit charge ("private bytes"): 450M, peak: 486M

vm_info: Java HotSpot(TM) 64-Bit Server VM (17.0.9+11-LTS-201) for windows-amd64 JRE (17.0.9+11-LTS-201), built on Oct 10 2023 23:16:06 by "mach5one" with MS VC++ 17.1 (VS2022)

END.
