#
# There is insufficient memory for the Java Runtime Environment to continue.
# Native memory allocation (mmap) failed to map 58720256 bytes for G1 virtual space
# Possible reasons:
#   The system is out of physical RAM or swap space
#   The process is running with CompressedOops enabled, and the Java Heap may be blocking the growth of the native heap
# Possible solutions:
#   Reduce memory load on the system
#   Increase physical memory or swap space
#   Check if swap backing store is full
#   Decrease Java heap size (-Xmx/-Xms)
#   Decrease number of Java threads
#   Decrease Java thread stack sizes (-Xss)
#   Set larger code cache with -XX:ReservedCodeCacheSize=
#   JVM is running with Unscaled Compressed Oops mode in which the Java heap is
#     placed in the first 4GB address space. The Java Heap base address is the
#     maximum limit for the native heap growth. Please use -XX:HeapBaseMinAddress
#     to set the Java Heap base and to place the Java Heap above 4GB virtual address.
# This output file may be truncated or incomplete.
#
#  Out of Memory Error (os_windows.cpp:3552), pid=16252, tid=13140
#
# JRE version: Java(TM) SE Runtime Environment (17.0.9+11) (build 17.0.9+11-LTS-201)
# Java VM: Java HotSpot(TM) 64-Bit Server VM (17.0.9+11-LTS-201, mixed mode, sharing, tiered, compressed oops, compressed class ptrs, g1 gc, windows-amd64)
# No core dump will be written. Minidumps are not enabled by default on client versions of Windows
#

---------------  S U M M A R Y ------------

Command Line: --add-opens=java.base/java.util=ALL-UNNAMED --add-opens=java.base/java.lang=ALL-UNNAMED --add-opens=java.base/java.lang.invoke=ALL-UNNAMED --add-opens=java.prefs/java.util.prefs=ALL-UNNAMED --add-opens=java.base/java.nio.charset=ALL-UNNAMED --add-opens=java.base/java.net=ALL-UNNAMED --add-opens=java.base/java.util.concurrent.atomic=ALL-UNNAMED -Xmx2048m -Dfile.encoding=UTF-8 -Duser.country=US -Duser.language=en -Duser.variant org.gradle.launcher.daemon.bootstrap.GradleDaemon 8.0

Host: AMD Ryzen 5 5600G with Radeon Graphics         , 12 cores, 15G,  Windows 11 , 64 bit Build 22621 (10.0.22621.2506)
Time: Tue Nov 14 00:55:38 2023 Hora estándar de Argentina elapsed time: 6.556055 seconds (0d 0h 0m 6s)

---------------  T H R E A D  ---------------

Current thread (0x000002bef5f04200):  VMThread "VM Thread" [stack: 0x000000c284900000,0x000000c284a00000] [id=13140]

Stack: [0x000000c284900000,0x000000c284a00000]
Native frames: (J=compiled Java code, j=interpreted, Vv=VM code, C=native code)
V  [jvm.dll+0x678a4a]
V  [jvm.dll+0x7d9cfd]
V  [jvm.dll+0x7db60e]
V  [jvm.dll+0x7dbc73]
V  [jvm.dll+0x245e1f]
V  [jvm.dll+0x6758f9]
V  [jvm.dll+0x66a2a2]
V  [jvm.dll+0x303686]
V  [jvm.dll+0x30ac06]
V  [jvm.dll+0x35a48e]
V  [jvm.dll+0x35a6bf]
V  [jvm.dll+0x2da678]
V  [jvm.dll+0x2d8a85]
V  [jvm.dll+0x2d808c]
V  [jvm.dll+0x31b97b]
V  [jvm.dll+0x7e048b]
V  [jvm.dll+0x7e11c4]
V  [jvm.dll+0x7e16dd]
V  [jvm.dll+0x7e1ab4]
V  [jvm.dll+0x7e1b80]
V  [jvm.dll+0x78998a]
V  [jvm.dll+0x677875]
C  [ucrtbase.dll+0x29363]
C  [KERNEL32.DLL+0x1257d]
C  [ntdll.dll+0x5aa58]

VM_Operation (0x000000c2862f3a60): G1CollectForAllocation, mode: safepoint, requested by thread 0x000002befc043860


---------------  P R O C E S S  ---------------

Threads class SMR info:
_java_thread_list=0x000002bec18be470, length=171, elements={
0x000002bed78a9810, 0x000002bef5f0d230, 0x000002bef5f0e0b0, 0x000002bef5f1c710,
0x000002bef5f1d2d0, 0x000002bef5f1fda0, 0x000002bef5f20760, 0x000002bef5f34f40,
0x000002bef5f35c50, 0x000002bef5f38660, 0x000002befa275c90, 0x000002befa278180,
0x000002befa39cdc0, 0x000002befa39d680, 0x000002befbcb3a60, 0x000002befbcfeac0,
0x000002befc0d0790, 0x000002befb5cf920, 0x000002befc079090, 0x000002befb8017d0,
0x000002befc043860, 0x000002befc044280, 0x000002befc044790, 0x000002befc044ca0,
0x000002befc043d70, 0x000002befc0451b0, 0x000002befc041f10, 0x000002befc0456c0,
0x000002befc042420, 0x000002befc042930, 0x000002befc043350, 0x000002befc9b0cd0,
0x000002befc9b02b0, 0x000002befc9b16f0, 0x000002befc9b3550, 0x000002befc9b1c00,
0x000002befc9b2620, 0x000002befc9b3a60, 0x000002befc9ad520, 0x000002befc9b2110,
0x000002befc9b07c0, 0x000002befc9ae960, 0x000002befc9ae450, 0x000002befc9b2b30,
0x000002befc9b11e0, 0x000002befc9b3040, 0x000002befc9af380, 0x000002befc9b4480,
0x000002befc9ad010, 0x000002befc9ada30, 0x000002befc9adf40, 0x000002befc9b4990,
0x000002befc9aee70, 0x000002befc9afda0, 0x000002bec1d2d7e0, 0x000002bec1d2dcf0,
0x000002bec1d2e200, 0x000002bec1d2af60, 0x000002bec1d2c3a0, 0x000002bec1d30570,
0x000002bec1d2a030, 0x000002bec1d319b0, 0x000002bec1d2c8b0, 0x000002bec1d2a540,
0x000002bec1d30060, 0x000002bec1d2cdc0, 0x000002bec1d2d2d0, 0x000002bec1d2e710,
0x000002bec1d2fb50, 0x000002bec1d2ec20, 0x000002bec1d314a0, 0x000002bec1d2aa50,
0x000002bec1d2f130, 0x000002bec1d2b470, 0x000002bec1d2f640, 0x000002bec1d30a80,
0x000002bec1d2b980, 0x000002bec1d2be90, 0x000002bec1d30f90, 0x000002befd8768a0,
0x000002befd87b490, 0x000002befd878700, 0x000002befd8781f0, 0x000002befd874530,
0x000002befd874020, 0x000002befd874a40, 0x000002befd875460, 0x000002befd8777d0,
0x000002befd876390, 0x000002befd878c10, 0x000002befd87b9a0, 0x000002befd874f50,
0x000002befd876db0, 0x000002befd8772c0, 0x000002befd877ce0, 0x000002befd879120,
0x000002befd87a050, 0x000002befd875970, 0x000002befd879630, 0x000002befd875e80,
0x000002befd879b40, 0x000002befd87a560, 0x000002befd87aa70, 0x000002befd87af80,
0x000002bec1df8fc0, 0x000002bec1dfa400, 0x000002bec1df8090, 0x000002bec1dfa910,
0x000002bec1dfeff0, 0x000002bec1dff500, 0x000002bec1dfae20, 0x000002bec1dfb330,
0x000002bec1df9ef0, 0x000002bec1dfdbb0, 0x000002bec1dfbd50, 0x000002bec1df8ab0,
0x000002bec1df99e0, 0x000002bec1dfc260, 0x000002bec1dfd6a0, 0x000002bec1df94d0,
0x000002bec1dfeae0, 0x000002bec1dfb840, 0x000002bec1df85a0, 0x000002bec1dfc770,
0x000002bec1dfcc80, 0x000002bec1dfe0c0, 0x000002bec1dffa10, 0x000002bec1dfd190,
0x000002bec1dfe5d0, 0x000002befeb35040, 0x000002befeb30960, 0x000002befeb31380,
0x000002befeb30450, 0x000002befeb31890, 0x000002befeb2fa30, 0x000002befeb34110,
0x000002befeb2eb00, 0x000002befeb33c00, 0x000002befeb32cd0, 0x000002befeb34620,
0x000002befeb35550, 0x000002befeb34b30, 0x000002befeb336f0, 0x000002befeb35a60,
0x000002befeb35f70, 0x000002befeb327c0, 0x000002befeb331e0, 0x000002befeb2f010,
0x000002befeb36480, 0x000002befeb322b0, 0x000002befeb30e70, 0x000002befeb2f520,
0x000002befeb2ff40, 0x000002befdeb98b0, 0x000002befdeba2d0, 0x000002befdebb200,
0x000002befdebd570, 0x000002befdeb9dc0, 0x000002befdebacf0, 0x000002befdeba7e0,
0x000002befdebf3d0, 0x000002befdebb710, 0x000002befdeb7f60, 0x000002befdebbc20,
0x000002befdeb93a0, 0x000002befdebc130, 0x000002befdebc640, 0x000002befdebdf90,
0x000002befdebda80, 0x000002befdebcb50, 0x000002befdebe9b0
}

Java Threads: ( => current thread )
  0x000002bed78a9810 JavaThread "main" [_thread_blocked, id=9652, stack(0x000000c284300000,0x000000c284400000)]
  0x000002bef5f0d230 JavaThread "Reference Handler" daemon [_thread_blocked, id=11076, stack(0x000000c284a00000,0x000000c284b00000)]
  0x000002bef5f0e0b0 JavaThread "Finalizer" daemon [_thread_blocked, id=13872, stack(0x000000c284b00000,0x000000c284c00000)]
  0x000002bef5f1c710 JavaThread "Signal Dispatcher" daemon [_thread_blocked, id=16920, stack(0x000000c284c00000,0x000000c284d00000)]
  0x000002bef5f1d2d0 JavaThread "Attach Listener" daemon [_thread_blocked, id=17768, stack(0x000000c284d00000,0x000000c284e00000)]
  0x000002bef5f1fda0 JavaThread "Service Thread" daemon [_thread_blocked, id=2796, stack(0x000000c284e00000,0x000000c284f00000)]
  0x000002bef5f20760 JavaThread "Monitor Deflation Thread" daemon [_thread_blocked, id=16236, stack(0x000000c284f00000,0x000000c285000000)]
  0x000002bef5f34f40 JavaThread "C2 CompilerThread0" daemon [_thread_blocked, id=7688, stack(0x000000c285000000,0x000000c285100000)]
  0x000002bef5f35c50 JavaThread "C1 CompilerThread0" daemon [_thread_blocked, id=11884, stack(0x000000c285100000,0x000000c285200000)]
  0x000002bef5f38660 JavaThread "Sweeper thread" daemon [_thread_blocked, id=16336, stack(0x000000c285200000,0x000000c285300000)]
  0x000002befa275c90 JavaThread "Common-Cleaner" daemon [_thread_blocked, id=15112, stack(0x000000c285300000,0x000000c285400000)]
  0x000002befa278180 JavaThread "Notification Thread" daemon [_thread_blocked, id=18492, stack(0x000000c285400000,0x000000c285500000)]
  0x000002befa39cdc0 JavaThread "C2 CompilerThread1" daemon [_thread_blocked, id=12272, stack(0x000000c285600000,0x000000c285700000)]
  0x000002befa39d680 JavaThread "C2 CompilerThread2" daemon [_thread_blocked, id=4424, stack(0x000000c285700000,0x000000c285800000)]
  0x000002befbcb3a60 JavaThread "Daemon health stats" [_thread_blocked, id=16580, stack(0x000000c285c00000,0x000000c285d00000)]
  0x000002befbcfeac0 JavaThread "Incoming local TCP Connector on port 54703" [_thread_in_native, id=2248, stack(0x000000c285d00000,0x000000c285e00000)]
  0x000002befc0d0790 JavaThread "Daemon periodic checks" [_thread_blocked, id=5856, stack(0x000000c285e00000,0x000000c285f00000)]
  0x000002befb5cf920 JavaThread "Daemon" [_thread_blocked, id=11892, stack(0x000000c285f00000,0x000000c286000000)]
  0x000002befc079090 JavaThread "Handler for socket connection from /127.0.0.1:54703 to /127.0.0.1:54704" [_thread_in_native, id=8932, stack(0x000000c286000000,0x000000c286100000)]
  0x000002befb8017d0 JavaThread "Cancel handler" [_thread_blocked, id=18596, stack(0x000000c286100000,0x000000c286200000)]
  0x000002befc043860 JavaThread "Daemon worker" [_thread_blocked, id=18296, stack(0x000000c286200000,0x000000c286300000)]
  0x000002befc044280 JavaThread "Asynchronous log dispatcher for DefaultDaemonConnection: socket connection from /127.0.0.1:54703 to /127.0.0.1:54704" [_thread_blocked, id=15948, stack(0x000000c286300000,0x000000c286400000)]
  0x000002befc044790 JavaThread "Stdin handler" [_thread_blocked, id=7948, stack(0x000000c286400000,0x000000c286500000)]
  0x000002befc044ca0 JavaThread "Daemon client event forwarder" [_thread_blocked, id=8868, stack(0x000000c286500000,0x000000c286600000)]
  0x000002befc043d70 JavaThread "Cache worker for journal cache (C:\Users\PC\.gradle\caches\journal-1)" [_thread_blocked, id=16996, stack(0x000000c286600000,0x000000c286700000)]
  0x000002befc0451b0 JavaThread "File lock request listener" [_thread_in_native, id=14356, stack(0x000000c286700000,0x000000c286800000)]
  0x000002befc041f10 JavaThread "Cache worker for file hash cache (C:\Users\PC\.gradle\caches\8.0\fileHashes)" [_thread_blocked, id=6580, stack(0x000000c286800000,0x000000c286900000)]
  0x000002befc0456c0 JavaThread "File watcher server" daemon [_thread_in_native, id=1472, stack(0x000000c286900000,0x000000c286a00000)]
  0x000002befc042420 JavaThread "File watcher consumer" daemon [_thread_blocked, id=17596, stack(0x000000c286a00000,0x000000c286b00000)]
  0x000002befc042930 JavaThread "jar transforms" [_thread_blocked, id=17676, stack(0x000000c286b00000,0x000000c286c00000)]
  0x000002befc043350 JavaThread "jar transforms Thread 2" [_thread_blocked, id=8984, stack(0x000000c286c00000,0x000000c286d00000)]
  0x000002befc9b0cd0 JavaThread "jar transforms Thread 3" [_thread_blocked, id=11788, stack(0x000000c286d00000,0x000000c286e00000)]
  0x000002befc9b02b0 JavaThread "jar transforms Thread 4" [_thread_blocked, id=15420, stack(0x000000c286e00000,0x000000c286f00000)]
  0x000002befc9b16f0 JavaThread "jar transforms Thread 5" [_thread_blocked, id=17504, stack(0x000000c286f00000,0x000000c287000000)]
  0x000002befc9b3550 JavaThread "jar transforms Thread 6" [_thread_blocked, id=7176, stack(0x000000c287000000,0x000000c287100000)]
  0x000002befc9b1c00 JavaThread "jar transforms Thread 7" [_thread_blocked, id=3012, stack(0x000000c287100000,0x000000c287200000)]
  0x000002befc9b2620 JavaThread "jar transforms Thread 8" [_thread_blocked, id=13528, stack(0x000000c287200000,0x000000c287300000)]
  0x000002befc9b3a60 JavaThread "jar transforms Thread 9" [_thread_blocked, id=19176, stack(0x000000c287300000,0x000000c287400000)]
  0x000002befc9ad520 JavaThread "jar transforms Thread 10" [_thread_blocked, id=13256, stack(0x000000c287400000,0x000000c287500000)]
  0x000002befc9b2110 JavaThread "jar transforms Thread 11" [_thread_blocked, id=15992, stack(0x000000c287500000,0x000000c287600000)]
  0x000002befc9b07c0 JavaThread "jar transforms Thread 12" [_thread_blocked, id=7496, stack(0x000000c287600000,0x000000c287700000)]
  0x000002befc9ae960 JavaThread "Cache worker for checksums cache (D:\Programs\Android\CypherMessage\.gradle\8.0\checksums)" [_thread_blocked, id=9708, stack(0x000000c287e00000,0x000000c287f00000)]
  0x000002befc9ae450 JavaThread "Cache worker for cache directory md-rule (C:\Users\PC\.gradle\caches\8.0\md-rule)" [_thread_blocked, id=17288, stack(0x000000c287f00000,0x000000c288000000)]
  0x000002befc9b2b30 JavaThread "Cache worker for file content cache (C:\Users\PC\.gradle\caches\8.0\fileContent)" [_thread_blocked, id=16224, stack(0x000000c288000000,0x000000c288100000)]
  0x000002befc9b11e0 JavaThread "Cache worker for file hash cache (D:\Programs\Android\CypherMessage\.gradle\8.0\fileHashes)" [_thread_blocked, id=18984, stack(0x000000c288100000,0x000000c288200000)]
  0x000002befc9b3040 JavaThread "Cache worker for cache directory md-supplier (C:\Users\PC\.gradle\caches\8.0\md-supplier)" [_thread_blocked, id=8188, stack(0x000000c288200000,0x000000c288300000)]
  0x000002befc9af380 JavaThread "Cache worker for execution history cache (C:\Users\PC\.gradle\caches\8.0\executionHistory)" [_thread_blocked, id=11008, stack(0x000000c288300000,0x000000c288400000)]
  0x000002befc9b4480 JavaThread "Cache worker for kotlin-dsl (C:\Users\PC\.gradle\caches\8.0\kotlin-dsl)" [_thread_blocked, id=10444, stack(0x000000c288500000,0x000000c288600000)]
  0x000002befc9ad010 JavaThread "Cache worker for dependencies-accessors (D:\Programs\Android\CypherMessage\.gradle\8.0\dependencies-accessors)" [_thread_blocked, id=16516, stack(0x000000c288600000,0x000000c288700000)]
  0x000002befc9ada30 JavaThread "Cache worker for Build Output Cleanup Cache (D:\Programs\Android\CypherMessage\.gradle\buildOutputCleanup)" [_thread_blocked, id=17764, stack(0x000000c288700000,0x000000c288800000)]
  0x000002befc9adf40 JavaThread "Unconstrained build operations" [_thread_blocked, id=17728, stack(0x000000c288800000,0x000000c288900000)]
  0x000002befc9b4990 JavaThread "Unconstrained build operations Thread 2" [_thread_blocked, id=6036, stack(0x000000c288900000,0x000000c288a00000)]
  0x000002befc9aee70 JavaThread "Unconstrained build operations Thread 3" [_thread_blocked, id=12516, stack(0x000000c288a00000,0x000000c288b00000)]
  0x000002befc9afda0 JavaThread "Unconstrained build operations Thread 4" [_thread_blocked, id=13784, stack(0x000000c288b00000,0x000000c288c00000)]
  0x000002bec1d2d7e0 JavaThread "Unconstrained build operations Thread 5" [_thread_blocked, id=18204, stack(0x000000c288c00000,0x000000c288d00000)]
  0x000002bec1d2dcf0 JavaThread "Unconstrained build operations Thread 6" [_thread_blocked, id=18508, stack(0x000000c288d00000,0x000000c288e00000)]
  0x000002bec1d2e200 JavaThread "Unconstrained build operations Thread 7" [_thread_blocked, id=4556, stack(0x000000c288e00000,0x000000c288f00000)]
  0x000002bec1d2af60 JavaThread "Unconstrained build operations Thread 8" [_thread_blocked, id=16744, stack(0x000000c288f00000,0x000000c289000000)]
  0x000002bec1d2c3a0 JavaThread "Unconstrained build operations Thread 9" [_thread_blocked, id=19236, stack(0x000000c289000000,0x000000c289100000)]
  0x000002bec1d30570 JavaThread "Unconstrained build operations Thread 10" [_thread_blocked, id=15712, stack(0x000000c289100000,0x000000c289200000)]
  0x000002bec1d2a030 JavaThread "Unconstrained build operations Thread 11" [_thread_blocked, id=14664, stack(0x000000c289200000,0x000000c289300000)]
  0x000002bec1d319b0 JavaThread "Unconstrained build operations Thread 12" [_thread_blocked, id=3372, stack(0x000000c289300000,0x000000c289400000)]
  0x000002bec1d2c8b0 JavaThread "Unconstrained build operations Thread 13" [_thread_blocked, id=17152, stack(0x000000c289400000,0x000000c289500000)]
  0x000002bec1d2a540 JavaThread "Unconstrained build operations Thread 14" [_thread_blocked, id=14732, stack(0x000000c289500000,0x000000c289600000)]
  0x000002bec1d30060 JavaThread "Unconstrained build operations Thread 15" [_thread_blocked, id=1944, stack(0x000000c289600000,0x000000c289700000)]
  0x000002bec1d2cdc0 JavaThread "Unconstrained build operations Thread 16" [_thread_blocked, id=5400, stack(0x000000c289700000,0x000000c289800000)]
  0x000002bec1d2d2d0 JavaThread "Unconstrained build operations Thread 17" [_thread_blocked, id=13400, stack(0x000000c289800000,0x000000c289900000)]
  0x000002bec1d2e710 JavaThread "Unconstrained build operations Thread 18" [_thread_blocked, id=14332, stack(0x000000c289900000,0x000000c289a00000)]
  0x000002bec1d2fb50 JavaThread "Unconstrained build operations Thread 19" [_thread_blocked, id=9812, stack(0x000000c289a00000,0x000000c289b00000)]
  0x000002bec1d2ec20 JavaThread "Unconstrained build operations Thread 20" [_thread_blocked, id=8544, stack(0x000000c289b00000,0x000000c289c00000)]
  0x000002bec1d314a0 JavaThread "Unconstrained build operations Thread 21" [_thread_blocked, id=16812, stack(0x000000c289c00000,0x000000c289d00000)]
  0x000002bec1d2aa50 JavaThread "Unconstrained build operations Thread 22" [_thread_blocked, id=2296, stack(0x000000c289d00000,0x000000c289e00000)]
  0x000002bec1d2f130 JavaThread "Unconstrained build operations Thread 23" [_thread_blocked, id=2076, stack(0x000000c289e00000,0x000000c289f00000)]
  0x000002bec1d2b470 JavaThread "Unconstrained build operations Thread 24" [_thread_blocked, id=11540, stack(0x000000c289f00000,0x000000c28a000000)]
  0x000002bec1d2f640 JavaThread "Unconstrained build operations Thread 25" [_thread_blocked, id=8768, stack(0x000000c28a000000,0x000000c28a100000)]
  0x000002bec1d30a80 JavaThread "Unconstrained build operations Thread 26" [_thread_blocked, id=7856, stack(0x000000c28a100000,0x000000c28a200000)]
  0x000002bec1d2b980 JavaThread "Unconstrained build operations Thread 27" [_thread_blocked, id=16552, stack(0x000000c28a200000,0x000000c28a300000)]
  0x000002bec1d2be90 JavaThread "Unconstrained build operations Thread 28" [_thread_blocked, id=14108, stack(0x000000c28a300000,0x000000c28a400000)]
  0x000002bec1d30f90 JavaThread "Unconstrained build operations Thread 29" [_thread_blocked, id=19376, stack(0x000000c28a400000,0x000000c28a500000)]
  0x000002befd8768a0 JavaThread "Unconstrained build operations Thread 30" [_thread_blocked, id=7596, stack(0x000000c28a500000,0x000000c28a600000)]
  0x000002befd87b490 JavaThread "Unconstrained build operations Thread 31" [_thread_blocked, id=3916, stack(0x000000c28a600000,0x000000c28a700000)]
  0x000002befd878700 JavaThread "Unconstrained build operations Thread 32" [_thread_blocked, id=16460, stack(0x000000c28a700000,0x000000c28a800000)]
  0x000002befd8781f0 JavaThread "Unconstrained build operations Thread 33" [_thread_blocked, id=11212, stack(0x000000c28a800000,0x000000c28a900000)]
  0x000002befd874530 JavaThread "Unconstrained build operations Thread 34" [_thread_blocked, id=15900, stack(0x000000c28a900000,0x000000c28aa00000)]
  0x000002befd874020 JavaThread "Unconstrained build operations Thread 35" [_thread_blocked, id=18180, stack(0x000000c28aa00000,0x000000c28ab00000)]
  0x000002befd874a40 JavaThread "Unconstrained build operations Thread 36" [_thread_blocked, id=12724, stack(0x000000c28ab00000,0x000000c28ac00000)]
  0x000002befd875460 JavaThread "Unconstrained build operations Thread 37" [_thread_blocked, id=4272, stack(0x000000c28ac00000,0x000000c28ad00000)]
  0x000002befd8777d0 JavaThread "Unconstrained build operations Thread 38" [_thread_blocked, id=12368, stack(0x000000c28ad00000,0x000000c28ae00000)]
  0x000002befd876390 JavaThread "Unconstrained build operations Thread 39" [_thread_blocked, id=7628, stack(0x000000c28ae00000,0x000000c28af00000)]
  0x000002befd878c10 JavaThread "Unconstrained build operations Thread 40" [_thread_blocked, id=19168, stack(0x000000c28af00000,0x000000c28b000000)]
  0x000002befd87b9a0 JavaThread "Unconstrained build operations Thread 41" [_thread_blocked, id=11852, stack(0x000000c28b000000,0x000000c28b100000)]
  0x000002befd874f50 JavaThread "Unconstrained build operations Thread 42" [_thread_blocked, id=18156, stack(0x000000c28b100000,0x000000c28b200000)]
  0x000002befd876db0 JavaThread "Unconstrained build operations Thread 43" [_thread_blocked, id=11944, stack(0x000000c28b200000,0x000000c28b300000)]
  0x000002befd8772c0 JavaThread "Unconstrained build operations Thread 44" [_thread_blocked, id=4392, stack(0x000000c28b300000,0x000000c28b400000)]
  0x000002befd877ce0 JavaThread "Unconstrained build operations Thread 45" [_thread_blocked, id=1776, stack(0x000000c28b400000,0x000000c28b500000)]
  0x000002befd879120 JavaThread "Unconstrained build operations Thread 46" [_thread_blocked, id=14944, stack(0x000000c28b500000,0x000000c28b600000)]
  0x000002befd87a050 JavaThread "Unconstrained build operations Thread 47" [_thread_blocked, id=13656, stack(0x000000c28b600000,0x000000c28b700000)]
  0x000002befd875970 JavaThread "Unconstrained build operations Thread 48" [_thread_blocked, id=9864, stack(0x000000c28b700000,0x000000c28b800000)]
  0x000002befd879630 JavaThread "Unconstrained build operations Thread 49" [_thread_blocked, id=13412, stack(0x000000c28b800000,0x000000c28b900000)]
  0x000002befd875e80 JavaThread "Unconstrained build operations Thread 50" [_thread_blocked, id=14908, stack(0x000000c28b900000,0x000000c28ba00000)]
  0x000002befd879b40 JavaThread "Unconstrained build operations Thread 51" [_thread_blocked, id=15136, stack(0x000000c28ba00000,0x000000c28bb00000)]
  0x000002befd87a560 JavaThread "Unconstrained build operations Thread 52" [_thread_blocked, id=9664, stack(0x000000c28bb00000,0x000000c28bc00000)]
  0x000002befd87aa70 JavaThread "Unconstrained build operations Thread 53" [_thread_blocked, id=11996, stack(0x000000c28bc00000,0x000000c28bd00000)]
  0x000002befd87af80 JavaThread "Unconstrained build operations Thread 54" [_thread_blocked, id=15444, stack(0x000000c28bd00000,0x000000c28be00000)]
  0x000002bec1df8fc0 JavaThread "Unconstrained build operations Thread 55" [_thread_blocked, id=7832, stack(0x000000c28be00000,0x000000c28bf00000)]
  0x000002bec1dfa400 JavaThread "Unconstrained build operations Thread 56" [_thread_blocked, id=14696, stack(0x000000c28bf00000,0x000000c28c000000)]
  0x000002bec1df8090 JavaThread "Unconstrained build operations Thread 57" [_thread_blocked, id=16728, stack(0x000000c28c000000,0x000000c28c100000)]
  0x000002bec1dfa910 JavaThread "Unconstrained build operations Thread 58" [_thread_blocked, id=2252, stack(0x000000c28c100000,0x000000c28c200000)]
  0x000002bec1dfeff0 JavaThread "Unconstrained build operations Thread 59" [_thread_blocked, id=12632, stack(0x000000c28c200000,0x000000c28c300000)]
  0x000002bec1dff500 JavaThread "Unconstrained build operations Thread 60" [_thread_blocked, id=16868, stack(0x000000c28c300000,0x000000c28c400000)]
  0x000002bec1dfae20 JavaThread "Unconstrained build operations Thread 61" [_thread_blocked, id=9872, stack(0x000000c28c400000,0x000000c28c500000)]
  0x000002bec1dfb330 JavaThread "Unconstrained build operations Thread 62" [_thread_blocked, id=7504, stack(0x000000c28c500000,0x000000c28c600000)]
  0x000002bec1df9ef0 JavaThread "Unconstrained build operations Thread 63" [_thread_blocked, id=8356, stack(0x000000c28c600000,0x000000c28c700000)]
  0x000002bec1dfdbb0 JavaThread "Unconstrained build operations Thread 64" [_thread_blocked, id=18312, stack(0x000000c28c700000,0x000000c28c800000)]
  0x000002bec1dfbd50 JavaThread "Unconstrained build operations Thread 65" [_thread_blocked, id=13164, stack(0x000000c28c800000,0x000000c28c900000)]
  0x000002bec1df8ab0 JavaThread "Unconstrained build operations Thread 66" [_thread_blocked, id=13384, stack(0x000000c28c900000,0x000000c28ca00000)]
  0x000002bec1df99e0 JavaThread "Unconstrained build operations Thread 67" [_thread_blocked, id=14352, stack(0x000000c28ca00000,0x000000c28cb00000)]
  0x000002bec1dfc260 JavaThread "Unconstrained build operations Thread 68" [_thread_blocked, id=2996, stack(0x000000c28cb00000,0x000000c28cc00000)]
  0x000002bec1dfd6a0 JavaThread "Unconstrained build operations Thread 69" [_thread_blocked, id=6056, stack(0x000000c28cc00000,0x000000c28cd00000)]
  0x000002bec1df94d0 JavaThread "Unconstrained build operations Thread 70" [_thread_blocked, id=9528, stack(0x000000c28cd00000,0x000000c28ce00000)]
  0x000002bec1dfeae0 JavaThread "Unconstrained build operations Thread 71" [_thread_blocked, id=9608, stack(0x000000c28ce00000,0x000000c28cf00000)]
  0x000002bec1dfb840 JavaThread "Unconstrained build operations Thread 72" [_thread_blocked, id=18712, stack(0x000000c28cf00000,0x000000c28d000000)]
  0x000002bec1df85a0 JavaThread "Unconstrained build operations Thread 73" [_thread_blocked, id=5092, stack(0x000000c28d000000,0x000000c28d100000)]
  0x000002bec1dfc770 JavaThread "Unconstrained build operations Thread 74" [_thread_blocked, id=11304, stack(0x000000c28d100000,0x000000c28d200000)]
  0x000002bec1dfcc80 JavaThread "Unconstrained build operations Thread 75" [_thread_blocked, id=18824, stack(0x000000c28d200000,0x000000c28d300000)]
  0x000002bec1dfe0c0 JavaThread "Unconstrained build operations Thread 76" [_thread_blocked, id=7376, stack(0x000000c28d300000,0x000000c28d400000)]
  0x000002bec1dffa10 JavaThread "Unconstrained build operations Thread 77" [_thread_blocked, id=5208, stack(0x000000c28d400000,0x000000c28d500000)]
  0x000002bec1dfd190 JavaThread "Unconstrained build operations Thread 78" [_thread_blocked, id=8100, stack(0x000000c28d500000,0x000000c28d600000)]
  0x000002bec1dfe5d0 JavaThread "Unconstrained build operations Thread 79" [_thread_blocked, id=14824, stack(0x000000c28d600000,0x000000c28d700000)]
  0x000002befeb35040 JavaThread "Unconstrained build operations Thread 80" [_thread_blocked, id=1892, stack(0x000000c28d700000,0x000000c28d800000)]
  0x000002befeb30960 JavaThread "Unconstrained build operations Thread 81" [_thread_blocked, id=18428, stack(0x000000c28d800000,0x000000c28d900000)]
  0x000002befeb31380 JavaThread "Unconstrained build operations Thread 82" [_thread_blocked, id=15240, stack(0x000000c28d900000,0x000000c28da00000)]
  0x000002befeb30450 JavaThread "Unconstrained build operations Thread 83" [_thread_blocked, id=17492, stack(0x000000c28da00000,0x000000c28db00000)]
  0x000002befeb31890 JavaThread "Unconstrained build operations Thread 84" [_thread_blocked, id=9588, stack(0x000000c28db00000,0x000000c28dc00000)]
  0x000002befeb2fa30 JavaThread "Unconstrained build operations Thread 85" [_thread_blocked, id=11792, stack(0x000000c28dc00000,0x000000c28dd00000)]
  0x000002befeb34110 JavaThread "Unconstrained build operations Thread 86" [_thread_blocked, id=15268, stack(0x000000c28dd00000,0x000000c28de00000)]
  0x000002befeb2eb00 JavaThread "Unconstrained build operations Thread 87" [_thread_blocked, id=3424, stack(0x000000c28de00000,0x000000c28df00000)]
  0x000002befeb33c00 JavaThread "Unconstrained build operations Thread 88" [_thread_blocked, id=16884, stack(0x000000c28df00000,0x000000c28e000000)]
  0x000002befeb32cd0 JavaThread "Unconstrained build operations Thread 89" [_thread_blocked, id=17976, stack(0x000000c28e000000,0x000000c28e100000)]
  0x000002befeb34620 JavaThread "Unconstrained build operations Thread 90" [_thread_blocked, id=2464, stack(0x000000c28e100000,0x000000c28e200000)]
  0x000002befeb35550 JavaThread "Unconstrained build operations Thread 91" [_thread_blocked, id=18496, stack(0x000000c28e200000,0x000000c28e300000)]
  0x000002befeb34b30 JavaThread "Unconstrained build operations Thread 92" [_thread_blocked, id=1996, stack(0x000000c28e300000,0x000000c28e400000)]
  0x000002befeb336f0 JavaThread "Unconstrained build operations Thread 93" [_thread_blocked, id=14836, stack(0x000000c28e400000,0x000000c28e500000)]
  0x000002befeb35a60 JavaThread "Unconstrained build operations Thread 94" [_thread_blocked, id=16844, stack(0x000000c28e500000,0x000000c28e600000)]
  0x000002befeb35f70 JavaThread "Unconstrained build operations Thread 95" [_thread_blocked, id=6616, stack(0x000000c28e600000,0x000000c28e700000)]
  0x000002befeb327c0 JavaThread "Unconstrained build operations Thread 96" [_thread_blocked, id=19092, stack(0x000000c28e700000,0x000000c28e800000)]
  0x000002befeb331e0 JavaThread "Unconstrained build operations Thread 97" [_thread_blocked, id=15244, stack(0x000000c28e800000,0x000000c28e900000)]
  0x000002befeb2f010 JavaThread "Unconstrained build operations Thread 98" [_thread_blocked, id=10776, stack(0x000000c28e900000,0x000000c28ea00000)]
  0x000002befeb36480 JavaThread "Unconstrained build operations Thread 99" [_thread_blocked, id=1276, stack(0x000000c28ea00000,0x000000c28eb00000)]
  0x000002befeb322b0 JavaThread "Unconstrained build operations Thread 100" [_thread_blocked, id=15508, stack(0x000000c28eb00000,0x000000c28ec00000)]
  0x000002befeb30e70 JavaThread "Unconstrained build operations Thread 101" [_thread_blocked, id=15056, stack(0x000000c28ec00000,0x000000c28ed00000)]
  0x000002befeb2f520 JavaThread "Unconstrained build operations Thread 102" [_thread_blocked, id=2704, stack(0x000000c28ed00000,0x000000c28ee00000)]
  0x000002befeb2ff40 JavaThread "Unconstrained build operations Thread 103" [_thread_blocked, id=13408, stack(0x000000c28ee00000,0x000000c28ef00000)]
  0x000002befdeb98b0 JavaThread "Unconstrained build operations Thread 104" [_thread_blocked, id=18548, stack(0x000000c28ef00000,0x000000c28f000000)]
  0x000002befdeba2d0 JavaThread "Unconstrained build operations Thread 105" [_thread_blocked, id=14928, stack(0x000000c28f000000,0x000000c28f100000)]
  0x000002befdebb200 JavaThread "Unconstrained build operations Thread 106" [_thread_blocked, id=9212, stack(0x000000c28f100000,0x000000c28f200000)]
  0x000002befdebd570 JavaThread "Unconstrained build operations Thread 107" [_thread_blocked, id=9176, stack(0x000000c28f200000,0x000000c28f300000)]
  0x000002befdeb9dc0 JavaThread "Unconstrained build operations Thread 108" [_thread_blocked, id=18920, stack(0x000000c28f300000,0x000000c28f400000)]
  0x000002befdebacf0 JavaThread "Unconstrained build operations Thread 109" [_thread_blocked, id=11952, stack(0x000000c28f400000,0x000000c28f500000)]
  0x000002befdeba7e0 JavaThread "Unconstrained build operations Thread 110" [_thread_blocked, id=7568, stack(0x000000c28f500000,0x000000c28f600000)]
  0x000002befdebf3d0 JavaThread "Unconstrained build operations Thread 111" [_thread_blocked, id=4824, stack(0x000000c28f600000,0x000000c28f700000)]
  0x000002befdebb710 JavaThread "Unconstrained build operations Thread 112" [_thread_blocked, id=16688, stack(0x000000c28f700000,0x000000c28f800000)]
  0x000002befdeb7f60 JavaThread "Unconstrained build operations Thread 113" [_thread_blocked, id=11068, stack(0x000000c28f800000,0x000000c28f900000)]
  0x000002befdebbc20 JavaThread "Unconstrained build operations Thread 114" [_thread_blocked, id=11356, stack(0x000000c28f900000,0x000000c28fa00000)]
  0x000002befdeb93a0 JavaThread "Unconstrained build operations Thread 115" [_thread_blocked, id=17800, stack(0x000000c28fa00000,0x000000c28fb00000)]
  0x000002befdebc130 JavaThread "Unconstrained build operations Thread 116" [_thread_blocked, id=6244, stack(0x000000c28fb00000,0x000000c28fc00000)]
  0x000002befdebc640 JavaThread "Unconstrained build operations Thread 117" [_thread_blocked, id=12092, stack(0x000000c28fc00000,0x000000c28fd00000)]
  0x000002befdebdf90 JavaThread "Unconstrained build operations Thread 118" [_thread_blocked, id=15052, stack(0x000000c28fd00000,0x000000c28fe00000)]
  0x000002befdebda80 JavaThread "Unconstrained build operations Thread 119" [_thread_blocked, id=4368, stack(0x000000c28fe00000,0x000000c28ff00000)]
  0x000002befdebcb50 JavaThread "Unconstrained build operations Thread 120" [_thread_blocked, id=17024, stack(0x000000c28ff00000,0x000000c290000000)]
  0x000002befdebe9b0 JavaThread "Memory manager" [_thread_blocked, id=19120, stack(0x000000c290000000,0x000000c290100000)]

Other Threads:
=>0x000002bef5f04200 VMThread "VM Thread" [stack: 0x000000c284900000,0x000000c284a00000] [id=13140]
  0x000002bed7922050 WatcherThread [stack: 0x000000c285500000,0x000000c285600000] [id=2028]
  0x000002bed7905130 GCTaskThread "GC Thread#0" [stack: 0x000000c284400000,0x000000c284500000] [id=10644]
  0x000002befa71a430 GCTaskThread "GC Thread#1" [stack: 0x000000c285800000,0x000000c285900000] [id=6936]
  0x000002befa71a6f0 GCTaskThread "GC Thread#2" [stack: 0x000000c285900000,0x000000c285a00000] [id=15624]
  0x000002befa6f6c40 GCTaskThread "GC Thread#3" [stack: 0x000000c285a00000,0x000000c285b00000] [id=15236]
  0x000002befa6f6f00 GCTaskThread "GC Thread#4" [stack: 0x000000c285b00000,0x000000c285c00000] [id=17936]
  0x000002befe32e050 GCTaskThread "GC Thread#5" [stack: 0x000000c287700000,0x000000c287800000] [id=16256]
  0x000002befe32dd90 GCTaskThread "GC Thread#6" [stack: 0x000000c287800000,0x000000c287900000] [id=6888]
  0x000002befe32f0d0 GCTaskThread "GC Thread#7" [stack: 0x000000c287900000,0x000000c287a00000] [id=15572]
  0x000002befe32e310 GCTaskThread "GC Thread#8" [stack: 0x000000c287a00000,0x000000c287b00000] [id=4552]
  0x000002befe32d550 GCTaskThread "GC Thread#9" [stack: 0x000000c287b00000,0x000000c287c00000] [id=19060]
  0x000002bed7917090 ConcurrentGCThread "G1 Main Marker" [stack: 0x000000c284500000,0x000000c284600000] [id=8056]
  0x000002bed7919250 ConcurrentGCThread "G1 Conc#0" [stack: 0x000000c284600000,0x000000c284700000] [id=19224]
  0x000002befe32d810 ConcurrentGCThread "G1 Conc#1" [stack: 0x000000c287c00000,0x000000c287d00000] [id=19400]
  0x000002befe32e5d0 ConcurrentGCThread "G1 Conc#2" [stack: 0x000000c287d00000,0x000000c287e00000] [id=17192]
  0x000002bef5db4570 ConcurrentGCThread "G1 Refine#0" [stack: 0x000000c284700000,0x000000c284800000] [id=7256]
  0x000002befe98eb00 ConcurrentGCThread "G1 Refine#1" [stack: 0x000000c288400000,0x000000c288500000] [id=12532]
  0x000002bed797d4b0 ConcurrentGCThread "G1 Service" [stack: 0x000000c284800000,0x000000c284900000] [id=716]

Threads with active compile tasks:
C2 CompilerThread0     6575 8553       4       org.jetbrains.kotlin.com.intellij.util.containers.FactoryMap$$Lambda$1064/0x000002be81b5dcf0::fun (8 bytes)
C2 CompilerThread1     6575 8547       4       org.jetbrains.kotlin.com.intellij.openapi.vfs.impl.jar.CoreJarHandler::<init> (236 bytes)
C2 CompilerThread2     6575 8536       4       org.jetbrains.kotlin.com.intellij.openapi.vfs.impl.ZipHandlerBase::buildEntryMapForZipFile (76 bytes)

VM state: at safepoint (normal execution)

VM Mutex/Monitor currently owned by a thread:  ([mutex/lock_event])
[0x000002bed78a5210] Threads_lock - owner thread: 0x000002bef5f04200
[0x000002bed78a5ba0] Heap_lock - owner thread: 0x000002befc043860

Heap address: 0x0000000080000000, size: 2048 MB, Compressed Oops mode: 32-bit

CDS archive(s) mapped at: [0x000002be80000000-0x000002be80bd0000-0x000002be80bd0000), size 12386304, SharedBaseAddress: 0x000002be80000000, ArchiveRelocationMode: 1.
Compressed class space mapped at: 0x000002be81000000-0x000002bec1000000, reserved size: 1073741824
Narrow klass base: 0x000002be80000000, Narrow klass shift: 0, Narrow klass range: 0x100000000

GC Precious Log:
 CPUs: 12 total, 12 available
 Memory: 15741M
 Large Page Support: Disabled
 NUMA Support: Disabled
 Compressed Oops: Enabled (32-bit)
 Heap Region Size: 1M
 Heap Min Capacity: 8M
 Heap Initial Capacity: 246M
 Heap Max Capacity: 2G
 Pre-touch: Disabled
 Parallel Workers: 10
 Concurrent Workers: 3
 Concurrent Refinement Workers: 10
 Periodic GC: Disabled

Heap:
 garbage-first heap   total 194560K, used 141312K [0x0000000080000000, 0x0000000100000000)
  region size 1024K, 4 young (4096K), 4 survivors (4096K)
 Metaspace       used 81167K, committed 81920K, reserved 1179648K
  class space    used 11281K, committed 11648K, reserved 1048576K

Heap Regions: E=young(eden), S=young(survivor), O=old, HS=humongous(starts), HC=humongous(continues), CS=collection set, F=free, OA=open archive, CA=closed archive, TAMS=top-at-mark-start (previous, next)
|   0|0x0000000080000000, 0x0000000080100000, 0x0000000080100000|100%|HS|  |TAMS 0x0000000080100000, 0x0000000080000000| Complete 
|   1|0x0000000080100000, 0x0000000080200000, 0x0000000080200000|100%|HC|  |TAMS 0x0000000080200000, 0x0000000080100000| Complete 
|   2|0x0000000080200000, 0x0000000080300000, 0x0000000080300000|100%|HC|  |TAMS 0x0000000080300000, 0x0000000080200000| Complete 
|   3|0x0000000080300000, 0x0000000080400000, 0x0000000080400000|100%|HC|  |TAMS 0x0000000080400000, 0x0000000080300000| Complete 
|   4|0x0000000080400000, 0x0000000080500000, 0x0000000080500000|100%| O|  |TAMS 0x0000000080500000, 0x0000000080400000| Untracked 
|   5|0x0000000080500000, 0x0000000080600000, 0x0000000080600000|100%| O|  |TAMS 0x0000000080600000, 0x0000000080500000| Untracked 
|   6|0x0000000080600000, 0x0000000080700000, 0x0000000080700000|100%| O|  |TAMS 0x0000000080700000, 0x0000000080600000| Untracked 
|   7|0x0000000080700000, 0x0000000080800000, 0x0000000080800000|100%| O|  |TAMS 0x0000000080800000, 0x0000000080700000| Untracked 
|   8|0x0000000080800000, 0x0000000080900000, 0x0000000080900000|100%| O|  |TAMS 0x0000000080900000, 0x0000000080800000| Untracked 
|   9|0x0000000080900000, 0x0000000080a00000, 0x0000000080a00000|100%| O|  |TAMS 0x0000000080a00000, 0x0000000080900000| Untracked 
|  10|0x0000000080a00000, 0x0000000080b00000, 0x0000000080b00000|100%| O|  |TAMS 0x0000000080b00000, 0x0000000080a00000| Untracked 
|  11|0x0000000080b00000, 0x0000000080c00000, 0x0000000080c00000|100%| O|  |TAMS 0x0000000080c00000, 0x0000000080b00000| Untracked 
|  12|0x0000000080c00000, 0x0000000080d00000, 0x0000000080d00000|100%|HS|  |TAMS 0x0000000080d00000, 0x0000000080c00000| Complete 
|  13|0x0000000080d00000, 0x0000000080e00000, 0x0000000080e00000|100%|HC|  |TAMS 0x0000000080e00000, 0x0000000080d00000| Complete 
|  14|0x0000000080e00000, 0x0000000080f00000, 0x0000000080f00000|100%|HS|  |TAMS 0x0000000080f00000, 0x0000000080e00000| Complete 
|  15|0x0000000080f00000, 0x0000000081000000, 0x0000000081000000|100%|HC|  |TAMS 0x0000000081000000, 0x0000000080f00000| Complete 
|  16|0x0000000081000000, 0x0000000081100000, 0x0000000081100000|100%|HC|  |TAMS 0x0000000081100000, 0x0000000081000000| Complete 
|  17|0x0000000081100000, 0x0000000081200000, 0x0000000081200000|100%|HS|  |TAMS 0x0000000081200000, 0x0000000081100000| Complete 
|  18|0x0000000081200000, 0x0000000081300000, 0x0000000081300000|100%|HC|  |TAMS 0x0000000081300000, 0x0000000081200000| Complete 
|  19|0x0000000081300000, 0x0000000081400000, 0x0000000081400000|100%|HC|  |TAMS 0x0000000081400000, 0x0000000081300000| Complete 
|  20|0x0000000081400000, 0x0000000081500000, 0x0000000081500000|100%|HS|  |TAMS 0x0000000081500000, 0x0000000081400000| Complete 
|  21|0x0000000081500000, 0x0000000081600000, 0x0000000081600000|100%|HC|  |TAMS 0x0000000081600000, 0x0000000081500000| Complete 
|  22|0x0000000081600000, 0x0000000081700000, 0x0000000081700000|100%|HC|  |TAMS 0x0000000081700000, 0x0000000081600000| Complete 
|  23|0x0000000081700000, 0x0000000081800000, 0x0000000081800000|100%|HC|  |TAMS 0x0000000081800000, 0x0000000081700000| Complete 
|  24|0x0000000081800000, 0x0000000081900000, 0x0000000081900000|100%|HC|  |TAMS 0x0000000081900000, 0x0000000081800000| Complete 
|  25|0x0000000081900000, 0x0000000081a00000, 0x0000000081a00000|100%|HC|  |TAMS 0x0000000081a00000, 0x0000000081900000| Complete 
|  26|0x0000000081a00000, 0x0000000081b00000, 0x0000000081b00000|100%|HC|  |TAMS 0x0000000081b00000, 0x0000000081a00000| Complete 
|  27|0x0000000081b00000, 0x0000000081c00000, 0x0000000081c00000|100%|HC|  |TAMS 0x0000000081c00000, 0x0000000081b00000| Complete 
|  28|0x0000000081c00000, 0x0000000081d00000, 0x0000000081d00000|100%|HC|  |TAMS 0x0000000081d00000, 0x0000000081c00000| Complete 
|  29|0x0000000081d00000, 0x0000000081e00000, 0x0000000081e00000|100%|HC|  |TAMS 0x0000000081e00000, 0x0000000081d00000| Complete 
|  30|0x0000000081e00000, 0x0000000081f00000, 0x0000000081f00000|100%|HC|  |TAMS 0x0000000081f00000, 0x0000000081e00000| Complete 
|  31|0x0000000081f00000, 0x0000000082000000, 0x0000000082000000|100%|HC|  |TAMS 0x0000000082000000, 0x0000000081f00000| Complete 
|  32|0x0000000082000000, 0x0000000082100000, 0x0000000082100000|100%|HS|  |TAMS 0x0000000082100000, 0x0000000082000000| Complete 
|  33|0x0000000082100000, 0x0000000082200000, 0x0000000082200000|100%|HC|  |TAMS 0x0000000082200000, 0x0000000082100000| Complete 
|  34|0x0000000082200000, 0x0000000082300000, 0x0000000082300000|100%| O|  |TAMS 0x0000000082300000, 0x0000000082200000| Untracked 
|  35|0x0000000082300000, 0x0000000082400000, 0x0000000082400000|100%| O|  |TAMS 0x0000000082400000, 0x0000000082300000| Untracked 
|  36|0x0000000082400000, 0x0000000082500000, 0x0000000082500000|100%| O|  |TAMS 0x0000000082500000, 0x0000000082400000| Untracked 
|  37|0x0000000082500000, 0x0000000082600000, 0x0000000082600000|100%| O|  |TAMS 0x0000000082600000, 0x0000000082500000| Untracked 
|  38|0x0000000082600000, 0x0000000082700000, 0x0000000082700000|100%| O|  |TAMS 0x0000000082700000, 0x0000000082600000| Untracked 
|  39|0x0000000082700000, 0x0000000082800000, 0x0000000082800000|100%| O|  |TAMS 0x0000000082800000, 0x0000000082700000| Untracked 
|  40|0x0000000082800000, 0x0000000082900000, 0x0000000082900000|100%| O|  |TAMS 0x0000000082900000, 0x0000000082800000| Untracked 
|  41|0x0000000082900000, 0x0000000082a00000, 0x0000000082a00000|100%| O|  |TAMS 0x0000000082a00000, 0x0000000082900000| Untracked 
|  42|0x0000000082a00000, 0x0000000082b00000, 0x0000000082b00000|100%| O|  |TAMS 0x0000000082b00000, 0x0000000082a00000| Untracked 
|  43|0x0000000082b00000, 0x0000000082c00000, 0x0000000082c00000|100%| O|  |TAMS 0x0000000082c00000, 0x0000000082b00000| Untracked 
|  44|0x0000000082c00000, 0x0000000082d00000, 0x0000000082d00000|100%| O|  |TAMS 0x0000000082d00000, 0x0000000082c00000| Untracked 
|  45|0x0000000082d00000, 0x0000000082e00000, 0x0000000082e00000|100%| O|  |TAMS 0x0000000082e00000, 0x0000000082d00000| Untracked 
|  46|0x0000000082e00000, 0x0000000082f00000, 0x0000000082f00000|100%| O|  |TAMS 0x0000000082f00000, 0x0000000082e00000| Untracked 
|  47|0x0000000082f00000, 0x0000000083000000, 0x0000000083000000|100%| O|  |TAMS 0x0000000083000000, 0x0000000082f00000| Untracked 
|  48|0x0000000083000000, 0x0000000083100000, 0x0000000083100000|100%| O|  |TAMS 0x0000000083100000, 0x0000000083000000| Untracked 
|  49|0x0000000083100000, 0x0000000083200000, 0x0000000083200000|100%| O|  |TAMS 0x0000000083200000, 0x0000000083100000| Untracked 
|  50|0x0000000083200000, 0x0000000083300000, 0x0000000083300000|100%| O|  |TAMS 0x0000000083300000, 0x0000000083200000| Untracked 
|  51|0x0000000083300000, 0x0000000083400000, 0x0000000083400000|100%| O|  |TAMS 0x0000000083400000, 0x0000000083300000| Untracked 
|  52|0x0000000083400000, 0x0000000083500000, 0x0000000083500000|100%| O|  |TAMS 0x0000000083500000, 0x0000000083400000| Untracked 
|  53|0x0000000083500000, 0x0000000083600000, 0x0000000083600000|100%| O|  |TAMS 0x0000000083600000, 0x0000000083500000| Untracked 
|  54|0x0000000083600000, 0x0000000083700000, 0x0000000083700000|100%| O|  |TAMS 0x0000000083700000, 0x0000000083600000| Untracked 
|  55|0x0000000083700000, 0x0000000083800000, 0x0000000083800000|100%| O|  |TAMS 0x0000000083800000, 0x0000000083700000| Untracked 
|  56|0x0000000083800000, 0x0000000083900000, 0x0000000083900000|100%|HS|  |TAMS 0x0000000083900000, 0x0000000083800000| Complete 
|  57|0x0000000083900000, 0x0000000083a00000, 0x0000000083a00000|100%|HC|  |TAMS 0x0000000083a00000, 0x0000000083900000| Complete 
|  58|0x0000000083a00000, 0x0000000083b00000, 0x0000000083b00000|100%|HC|  |TAMS 0x0000000083b00000, 0x0000000083a00000| Complete 
|  59|0x0000000083b00000, 0x0000000083c00000, 0x0000000083c00000|100%|HS|  |TAMS 0x0000000083c00000, 0x0000000083b00000| Complete 
|  60|0x0000000083c00000, 0x0000000083d00000, 0x0000000083d00000|100%|HC|  |TAMS 0x0000000083d00000, 0x0000000083c00000| Complete 
|  61|0x0000000083d00000, 0x0000000083e00000, 0x0000000083e00000|100%|HC|  |TAMS 0x0000000083e00000, 0x0000000083d00000| Complete 
|  62|0x0000000083e00000, 0x0000000083f00000, 0x0000000083f00000|100%| O|  |TAMS 0x0000000083f00000, 0x0000000083e00000| Untracked 
|  63|0x0000000083f00000, 0x0000000084000000, 0x0000000084000000|100%| O|  |TAMS 0x0000000084000000, 0x0000000083f00000| Untracked 
|  64|0x0000000084000000, 0x0000000084100000, 0x0000000084100000|100%| O|  |TAMS 0x0000000084100000, 0x0000000084000000| Untracked 
|  65|0x0000000084100000, 0x0000000084200000, 0x0000000084200000|100%| O|  |TAMS 0x0000000084200000, 0x0000000084100000| Untracked 
|  66|0x0000000084200000, 0x0000000084300000, 0x0000000084300000|100%| O|  |TAMS 0x0000000084300000, 0x0000000084200000| Untracked 
|  67|0x0000000084300000, 0x0000000084400000, 0x0000000084400000|100%| O|  |TAMS 0x0000000084400000, 0x0000000084300000| Untracked 
|  68|0x0000000084400000, 0x0000000084500000, 0x0000000084500000|100%| O|  |TAMS 0x0000000084500000, 0x0000000084400000| Untracked 
|  69|0x0000000084500000, 0x0000000084600000, 0x0000000084600000|100%|HS|  |TAMS 0x0000000084600000, 0x0000000084500000| Complete 
|  70|0x0000000084600000, 0x0000000084700000, 0x0000000084700000|100%|HS|  |TAMS 0x0000000084700000, 0x0000000084600000| Complete 
|  71|0x0000000084700000, 0x0000000084800000, 0x0000000084800000|100%|HS|  |TAMS 0x0000000084800000, 0x0000000084700000| Complete 
|  72|0x0000000084800000, 0x0000000084900000, 0x0000000084900000|100%|HS|  |TAMS 0x0000000084900000, 0x0000000084800000| Complete 
|  73|0x0000000084900000, 0x0000000084a00000, 0x0000000084a00000|100%|HC|  |TAMS 0x0000000084a00000, 0x0000000084900000| Complete 
|  74|0x0000000084a00000, 0x0000000084b00000, 0x0000000084b00000|100%| O|  |TAMS 0x0000000084b00000, 0x0000000084a00000| Untracked 
|  75|0x0000000084b00000, 0x0000000084c00000, 0x0000000084c00000|100%| O|  |TAMS 0x0000000084c00000, 0x0000000084b00000| Untracked 
|  76|0x0000000084c00000, 0x0000000084d00000, 0x0000000084d00000|100%| O|  |TAMS 0x0000000084d00000, 0x0000000084c00000| Untracked 
|  77|0x0000000084d00000, 0x0000000084e00000, 0x0000000084e00000|100%| O|  |TAMS 0x0000000084d00000, 0x0000000084d00000| Untracked 
|  78|0x0000000084e00000, 0x0000000084f00000, 0x0000000084f00000|100%| O|  |TAMS 0x0000000084f00000, 0x0000000084e00000| Untracked 
|  79|0x0000000084f00000, 0x0000000085000000, 0x0000000085000000|100%|HS|  |TAMS 0x0000000085000000, 0x0000000084f00000| Complete 
|  80|0x0000000085000000, 0x0000000085100000, 0x0000000085100000|100%|HC|  |TAMS 0x0000000085100000, 0x0000000085000000| Complete 
|  81|0x0000000085100000, 0x0000000085200000, 0x0000000085200000|100%|HC|  |TAMS 0x0000000085200000, 0x0000000085100000| Complete 
|  82|0x0000000085200000, 0x0000000085300000, 0x0000000085300000|100%|HC|  |TAMS 0x0000000085300000, 0x0000000085200000| Complete 
|  83|0x0000000085300000, 0x0000000085400000, 0x0000000085400000|100%| O|  |TAMS 0x0000000085400000, 0x0000000085300000| Untracked 
|  84|0x0000000085400000, 0x0000000085500000, 0x0000000085500000|100%| O|  |TAMS 0x0000000085500000, 0x0000000085400000| Untracked 
|  85|0x0000000085500000, 0x0000000085600000, 0x0000000085600000|100%| O|  |TAMS 0x0000000085600000, 0x0000000085500000| Untracked 
|  86|0x0000000085600000, 0x0000000085700000, 0x0000000085700000|100%| O|  |TAMS 0x0000000085700000, 0x0000000085600000| Untracked 
|  87|0x0000000085700000, 0x0000000085800000, 0x0000000085800000|100%| O|  |TAMS 0x0000000085800000, 0x0000000085700000| Untracked 
|  88|0x0000000085800000, 0x0000000085900000, 0x0000000085900000|100%| O|  |TAMS 0x0000000085800000, 0x0000000085800000| Untracked 
|  89|0x0000000085900000, 0x0000000085a00000, 0x0000000085a00000|100%| O|  |TAMS 0x0000000085a00000, 0x0000000085900000| Untracked 
|  90|0x0000000085a00000, 0x0000000085b00000, 0x0000000085b00000|100%| O|  |TAMS 0x0000000085b00000, 0x0000000085a00000| Untracked 
|  91|0x0000000085b00000, 0x0000000085c00000, 0x0000000085c00000|100%| O|  |TAMS 0x0000000085c00000, 0x0000000085b00000| Untracked 
|  92|0x0000000085c00000, 0x0000000085d00000, 0x0000000085d00000|100%| O|  |TAMS 0x0000000085d00000, 0x0000000085c00000| Untracked 
|  93|0x0000000085d00000, 0x0000000085e00000, 0x0000000085e00000|100%| O|  |TAMS 0x0000000085e00000, 0x0000000085d00000| Untracked 
|  94|0x0000000085e00000, 0x0000000085f00000, 0x0000000085f00000|100%| O|  |TAMS 0x0000000085f00000, 0x0000000085e00000| Untracked 
|  95|0x0000000085f00000, 0x0000000086000000, 0x0000000086000000|100%| O|  |TAMS 0x0000000086000000, 0x0000000085f00000| Untracked 
|  96|0x0000000086000000, 0x0000000086100000, 0x0000000086100000|100%| O|  |TAMS 0x0000000086100000, 0x0000000086000000| Untracked 
|  97|0x0000000086100000, 0x0000000086200000, 0x0000000086200000|100%| O|  |TAMS 0x0000000086200000, 0x0000000086100000| Untracked 
|  98|0x0000000086200000, 0x0000000086300000, 0x0000000086300000|100%| O|  |TAMS 0x0000000086300000, 0x0000000086200000| Untracked 
|  99|0x0000000086300000, 0x0000000086400000, 0x0000000086400000|100%| O|  |TAMS 0x0000000086400000, 0x0000000086300000| Untracked 
| 100|0x0000000086400000, 0x0000000086500000, 0x0000000086500000|100%| O|  |TAMS 0x0000000086500000, 0x0000000086400000| Untracked 
| 101|0x0000000086500000, 0x0000000086600000, 0x0000000086600000|100%| O|  |TAMS 0x0000000086600000, 0x0000000086500000| Untracked 
| 102|0x0000000086600000, 0x0000000086700000, 0x0000000086700000|100%| O|  |TAMS 0x0000000086700000, 0x0000000086600000| Untracked 
| 103|0x0000000086700000, 0x0000000086800000, 0x0000000086800000|100%| O|  |TAMS 0x0000000086800000, 0x0000000086700000| Untracked 
| 104|0x0000000086800000, 0x0000000086900000, 0x0000000086900000|100%| O|  |TAMS 0x0000000086900000, 0x0000000086800000| Untracked 
| 105|0x0000000086900000, 0x0000000086a00000, 0x0000000086a00000|100%| O|  |TAMS 0x00000000869de800, 0x0000000086900000| Untracked 
| 106|0x0000000086a00000, 0x0000000086b00000, 0x0000000086b00000|100%|HS|  |TAMS 0x0000000086b00000, 0x0000000086a00000| Complete 
| 107|0x0000000086b00000, 0x0000000086c00000, 0x0000000086c00000|100%|HC|  |TAMS 0x0000000086c00000, 0x0000000086b00000| Complete 
| 108|0x0000000086c00000, 0x0000000086d00000, 0x0000000086d00000|100%|HC|  |TAMS 0x0000000086d00000, 0x0000000086c00000| Complete 
| 109|0x0000000086d00000, 0x0000000086e00000, 0x0000000086e00000|100%|HC|  |TAMS 0x0000000086e00000, 0x0000000086d00000| Complete 
| 110|0x0000000086e00000, 0x0000000086f00000, 0x0000000086f00000|100%| O|  |TAMS 0x0000000086e00000, 0x0000000086e00000| Untracked 
| 111|0x0000000086f00000, 0x0000000087000000, 0x0000000087000000|100%| O|  |TAMS 0x0000000086f00000, 0x0000000086f00000| Untracked 
| 112|0x0000000087000000, 0x0000000087100000, 0x0000000087100000|100%| O|  |TAMS 0x0000000087000000, 0x0000000087000000| Untracked 
| 113|0x0000000087100000, 0x0000000087200000, 0x0000000087200000|100%| O|  |TAMS 0x0000000087100000, 0x0000000087100000| Untracked 
| 114|0x0000000087200000, 0x0000000087300000, 0x0000000087300000|100%| O|  |TAMS 0x0000000087200000, 0x0000000087200000| Untracked 
| 115|0x0000000087300000, 0x0000000087400000, 0x0000000087400000|100%| O|  |TAMS 0x0000000087300000, 0x0000000087300000| Untracked 
| 116|0x0000000087400000, 0x0000000087500000, 0x0000000087500000|100%| O|  |TAMS 0x0000000087400000, 0x0000000087400000| Untracked 
| 117|0x0000000087500000, 0x0000000087600000, 0x0000000087600000|100%| O|  |TAMS 0x0000000087500000, 0x0000000087500000| Untracked 
| 118|0x0000000087600000, 0x0000000087700000, 0x0000000087700000|100%| O|  |TAMS 0x0000000087600000, 0x0000000087600000| Untracked 
| 119|0x0000000087700000, 0x0000000087800000, 0x0000000087800000|100%| O|  |TAMS 0x0000000087700000, 0x0000000087700000| Untracked 
| 120|0x0000000087800000, 0x0000000087900000, 0x0000000087900000|100%| O|  |TAMS 0x0000000087800000, 0x0000000087800000| Untracked 
| 121|0x0000000087900000, 0x0000000087a00000, 0x0000000087a00000|100%| O|  |TAMS 0x0000000087900000, 0x0000000087900000| Untracked 
| 122|0x0000000087a00000, 0x0000000087b00000, 0x0000000087b00000|100%| O|  |TAMS 0x0000000087a00000, 0x0000000087a00000| Untracked 
| 123|0x0000000087b00000, 0x0000000087c00000, 0x0000000087c00000|100%| O|  |TAMS 0x0000000087b00000, 0x0000000087b00000| Untracked 
| 124|0x0000000087c00000, 0x0000000087d00000, 0x0000000087d00000|100%| O|  |TAMS 0x0000000087c00000, 0x0000000087c00000| Untracked 
| 125|0x0000000087d00000, 0x0000000087e00000, 0x0000000087e00000|100%| O|  |TAMS 0x0000000087d00000, 0x0000000087d00000| Untracked 
| 126|0x0000000087e00000, 0x0000000087f00000, 0x0000000087f00000|100%| O|  |TAMS 0x0000000087e00000, 0x0000000087e00000| Untracked 
| 127|0x0000000087f00000, 0x0000000088000000, 0x0000000088000000|100%| O|  |TAMS 0x0000000087f00000, 0x0000000087f00000| Untracked 
| 128|0x0000000088000000, 0x0000000088100000, 0x0000000088100000|100%| O|  |TAMS 0x0000000088000000, 0x0000000088000000| Untracked 
| 129|0x0000000088100000, 0x0000000088200000, 0x0000000088200000|100%| O|  |TAMS 0x0000000088100000, 0x0000000088100000| Untracked 
| 130|0x0000000088200000, 0x0000000088300000, 0x0000000088300000|100%| O|  |TAMS 0x0000000088200000, 0x0000000088200000| Untracked 
| 131|0x0000000088300000, 0x0000000088400000, 0x0000000088400000|100%| O|  |TAMS 0x0000000088300000, 0x0000000088300000| Untracked 
| 132|0x0000000088400000, 0x0000000088500000, 0x0000000088500000|100%| O|  |TAMS 0x0000000088400000, 0x0000000088400000| Untracked 
| 133|0x0000000088500000, 0x0000000088600000, 0x0000000088600000|100%| O|  |TAMS 0x0000000088500000, 0x0000000088500000| Untracked 
| 134|0x0000000088600000, 0x0000000088600000, 0x0000000088700000|  0%| F|  |TAMS 0x0000000088600000, 0x0000000088600000| Untracked 
| 135|0x0000000088700000, 0x0000000088700000, 0x0000000088800000|  0%| F|  |TAMS 0x0000000088700000, 0x0000000088700000| Untracked 
| 136|0x0000000088800000, 0x0000000088800000, 0x0000000088900000|  0%| F|  |TAMS 0x0000000088800000, 0x0000000088800000| Untracked 
| 137|0x0000000088900000, 0x0000000088900000, 0x0000000088a00000|  0%| F|  |TAMS 0x0000000088900000, 0x0000000088900000| Untracked 
| 138|0x0000000088a00000, 0x0000000088a00000, 0x0000000088b00000|  0%| F|  |TAMS 0x0000000088a00000, 0x0000000088a00000| Untracked 
| 139|0x0000000088b00000, 0x0000000088b00000, 0x0000000088c00000|  0%| F|  |TAMS 0x0000000088b00000, 0x0000000088b00000| Untracked 
| 140|0x0000000088c00000, 0x0000000088c00000, 0x0000000088d00000|  0%| F|  |TAMS 0x0000000088c00000, 0x0000000088c00000| Untracked 
| 141|0x0000000088d00000, 0x0000000088d00000, 0x0000000088e00000|  0%| F|  |TAMS 0x0000000088d00000, 0x0000000088d00000| Untracked 
| 142|0x0000000088e00000, 0x0000000088e00000, 0x0000000088f00000|  0%| F|  |TAMS 0x0000000088e00000, 0x0000000088e00000| Untracked 
| 143|0x0000000088f00000, 0x0000000088f00000, 0x0000000089000000|  0%| F|  |TAMS 0x0000000088f00000, 0x0000000088f00000| Untracked 
| 144|0x0000000089000000, 0x0000000089000000, 0x0000000089100000|  0%| F|  |TAMS 0x0000000089000000, 0x0000000089000000| Untracked 
| 145|0x0000000089100000, 0x0000000089100000, 0x0000000089200000|  0%| F|  |TAMS 0x0000000089100000, 0x0000000089100000| Untracked 
| 146|0x0000000089200000, 0x0000000089200000, 0x0000000089300000|  0%| F|  |TAMS 0x0000000089200000, 0x0000000089200000| Untracked 
| 147|0x0000000089300000, 0x0000000089300000, 0x0000000089400000|  0%| F|  |TAMS 0x0000000089300000, 0x0000000089300000| Untracked 
| 148|0x0000000089400000, 0x0000000089400000, 0x0000000089500000|  0%| F|  |TAMS 0x0000000089400000, 0x0000000089400000| Untracked 
| 149|0x0000000089500000, 0x0000000089500000, 0x0000000089600000|  0%| F|  |TAMS 0x0000000089500000, 0x0000000089500000| Untracked 
| 150|0x0000000089600000, 0x0000000089600000, 0x0000000089700000|  0%| F|  |TAMS 0x0000000089600000, 0x0000000089600000| Untracked 
| 151|0x0000000089700000, 0x0000000089700000, 0x0000000089800000|  0%| F|  |TAMS 0x0000000089700000, 0x0000000089700000| Untracked 
| 152|0x0000000089800000, 0x0000000089800000, 0x0000000089900000|  0%| F|  |TAMS 0x0000000089800000, 0x0000000089800000| Untracked 
| 153|0x0000000089900000, 0x0000000089900000, 0x0000000089a00000|  0%| F|  |TAMS 0x0000000089900000, 0x0000000089900000| Untracked 
| 154|0x0000000089a00000, 0x0000000089a00000, 0x0000000089b00000|  0%| F|  |TAMS 0x0000000089a00000, 0x0000000089a00000| Untracked 
| 155|0x0000000089b00000, 0x0000000089b00000, 0x0000000089c00000|  0%| F|  |TAMS 0x0000000089b00000, 0x0000000089b00000| Untracked 
| 156|0x0000000089c00000, 0x0000000089c00000, 0x0000000089d00000|  0%| F|  |TAMS 0x0000000089c00000, 0x0000000089c00000| Untracked 
| 157|0x0000000089d00000, 0x0000000089d00000, 0x0000000089e00000|  0%| F|  |TAMS 0x0000000089d00000, 0x0000000089d00000| Untracked 
| 158|0x0000000089e00000, 0x0000000089e00000, 0x0000000089f00000|  0%| F|  |TAMS 0x0000000089e00000, 0x0000000089e00000| Untracked 
| 159|0x0000000089f00000, 0x0000000089f00000, 0x000000008a000000|  0%| F|  |TAMS 0x0000000089f00000, 0x0000000089f00000| Untracked 
| 160|0x000000008a000000, 0x000000008a100000, 0x000000008a100000|100%| S|CS|TAMS 0x000000008a000000, 0x000000008a000000| Complete 
| 161|0x000000008a100000, 0x000000008a200000, 0x000000008a200000|100%| S|CS|TAMS 0x000000008a100000, 0x000000008a100000| Complete 
| 162|0x000000008a200000, 0x000000008a300000, 0x000000008a300000|100%| S|CS|TAMS 0x000000008a200000, 0x000000008a200000| Complete 
| 163|0x000000008a300000, 0x000000008a400000, 0x000000008a400000|100%| S|CS|TAMS 0x000000008a300000, 0x000000008a300000| Complete 
| 164|0x000000008a400000, 0x000000008a400000, 0x000000008a500000|  0%| F|  |TAMS 0x000000008a400000, 0x000000008a400000| Untracked 
| 165|0x000000008a500000, 0x000000008a500000, 0x000000008a600000|  0%| F|  |TAMS 0x000000008a500000, 0x000000008a500000| Untracked 
| 166|0x000000008a600000, 0x000000008a600000, 0x000000008a700000|  0%| F|  |TAMS 0x000000008a600000, 0x000000008a600000| Untracked 
| 167|0x000000008a700000, 0x000000008a700000, 0x000000008a800000|  0%| F|  |TAMS 0x000000008a700000, 0x000000008a700000| Untracked 
| 168|0x000000008a800000, 0x000000008a800000, 0x000000008a900000|  0%| F|  |TAMS 0x000000008a800000, 0x000000008a800000| Untracked 
| 169|0x000000008a900000, 0x000000008a900000, 0x000000008aa00000|  0%| F|  |TAMS 0x000000008a900000, 0x000000008a900000| Untracked 
| 170|0x000000008aa00000, 0x000000008aa00000, 0x000000008ab00000|  0%| F|  |TAMS 0x000000008aa00000, 0x000000008aa00000| Untracked 
| 171|0x000000008ab00000, 0x000000008ab00000, 0x000000008ac00000|  0%| F|  |TAMS 0x000000008ab00000, 0x000000008ab00000| Untracked 
| 172|0x000000008ac00000, 0x000000008ac00000, 0x000000008ad00000|  0%| F|  |TAMS 0x000000008ac00000, 0x000000008ac00000| Untracked 
| 173|0x000000008ad00000, 0x000000008ad00000, 0x000000008ae00000|  0%| F|  |TAMS 0x000000008ad00000, 0x000000008ad00000| Untracked 
| 174|0x000000008ae00000, 0x000000008ae00000, 0x000000008af00000|  0%| F|  |TAMS 0x000000008ae00000, 0x000000008ae00000| Untracked 
| 175|0x000000008af00000, 0x000000008af00000, 0x000000008b000000|  0%| F|  |TAMS 0x000000008af00000, 0x000000008af00000| Untracked 
| 176|0x000000008b000000, 0x000000008b000000, 0x000000008b100000|  0%| F|  |TAMS 0x000000008b000000, 0x000000008b000000| Untracked 
| 177|0x000000008b100000, 0x000000008b100000, 0x000000008b200000|  0%| F|  |TAMS 0x000000008b100000, 0x000000008b100000| Untracked 
| 178|0x000000008b200000, 0x000000008b200000, 0x000000008b300000|  0%| F|  |TAMS 0x000000008b200000, 0x000000008b200000| Untracked 
| 179|0x000000008b300000, 0x000000008b300000, 0x000000008b400000|  0%| F|  |TAMS 0x000000008b300000, 0x000000008b300000| Untracked 
| 180|0x000000008b400000, 0x000000008b400000, 0x000000008b500000|  0%| F|  |TAMS 0x000000008b400000, 0x000000008b400000| Untracked 
| 181|0x000000008b500000, 0x000000008b500000, 0x000000008b600000|  0%| F|  |TAMS 0x000000008b500000, 0x000000008b500000| Untracked 
| 182|0x000000008b600000, 0x000000008b600000, 0x000000008b700000|  0%| F|  |TAMS 0x000000008b600000, 0x000000008b600000| Untracked 
| 183|0x000000008b700000, 0x000000008b700000, 0x000000008b800000|  0%| F|  |TAMS 0x000000008b700000, 0x000000008b700000| Untracked 
| 184|0x000000008b800000, 0x000000008b800000, 0x000000008b900000|  0%| F|  |TAMS 0x000000008b800000, 0x000000008b800000| Untracked 
| 185|0x000000008b900000, 0x000000008b900000, 0x000000008ba00000|  0%| F|  |TAMS 0x000000008b900000, 0x000000008b900000| Untracked 
| 186|0x000000008ba00000, 0x000000008ba00000, 0x000000008bb00000|  0%| F|  |TAMS 0x000000008ba00000, 0x000000008ba00000| Untracked 
| 187|0x000000008bb00000, 0x000000008bb00000, 0x000000008bc00000|  0%| F|  |TAMS 0x000000008bb00000, 0x000000008bb00000| Untracked 
| 188|0x000000008bc00000, 0x000000008bc00000, 0x000000008bd00000|  0%| F|  |TAMS 0x000000008bc00000, 0x000000008bc00000| Untracked 
| 245|0x000000008f500000, 0x000000008f500000, 0x000000008f600000|  0%| F|  |TAMS 0x000000008f500000, 0x000000008f500000| Untracked 

Card table byte_map: [0x000002beeeaa0000,0x000002beeeea0000] _byte_map_base: 0x000002beee6a0000

Marking Bits (Prev, Next): (CMBitMap*) 0x000002bed7905750, (CMBitMap*) 0x000002bed7905790
 Prev Bits: [0x000002beef2a0000, 0x000002bef12a0000)
 Next Bits: [0x000002bef12a0000, 0x000002bef32a0000)

Polling page: 0x000002bed7080000

Metaspace:

Usage:
  Non-class:     68.25 MB used.
      Class:     11.02 MB used.
       Both:     79.27 MB used.

Virtual space:
  Non-class space:      128.00 MB reserved,      68.62 MB ( 54%) committed,  2 nodes.
      Class space:        1.00 GB reserved,      11.38 MB (  1%) committed,  1 nodes.
             Both:        1.12 GB reserved,      80.00 MB (  7%) committed. 

Chunk freelists:
   Non-Class:  10.53 MB
       Class:  4.62 MB
        Both:  15.16 MB

MaxMetaspaceSize: unlimited
CompressedClassSpaceSize: 1.00 GB
Initial GC threshold: 21.00 MB
Current GC threshold: 127.31 MB
CDS: on
MetaspaceReclaimPolicy: balanced
 - commit_granule_bytes: 65536.
 - commit_granule_words: 8192.
 - virtual_space_node_default_size: 8388608.
 - enlarge_chunks_in_place: 1.
 - new_chunks_are_fully_committed: 0.
 - uncommit_free_chunks: 1.
 - use_allocation_guard: 0.
 - handle_deallocations: 1.


Internal statistics:

num_allocs_failed_limit: 6.
num_arena_births: 918.
num_arena_deaths: 0.
num_vsnodes_births: 3.
num_vsnodes_deaths: 0.
num_space_committed: 1279.
num_space_uncommitted: 0.
num_chunks_returned_to_freelist: 6.
num_chunks_taken_from_freelist: 4041.
num_chunk_merges: 6.
num_chunk_splits: 2812.
num_chunks_enlarged: 2022.
num_inconsistent_stats: 0.

CodeHeap 'non-profiled nmethods': size=120000Kb used=4928Kb max_used=4928Kb free=115071Kb
 bounds [0x000002bee6c20000, 0x000002bee7100000, 0x000002beee150000]
CodeHeap 'profiled nmethods': size=120000Kb used=15138Kb max_used=15138Kb free=104861Kb
 bounds [0x000002bedf150000, 0x000002bee0020000, 0x000002bee6680000]
CodeHeap 'non-nmethods': size=5760Kb used=2399Kb max_used=2439Kb free=3360Kb
 bounds [0x000002bee6680000, 0x000002bee68f0000, 0x000002bee6c20000]
 total_blobs=8764 nmethods=7830 adapters=846
 compilation: enabled
              stopped_count=0, restarted_count=0
 full_count=0

Compilation events (20 events):
Event: 6.534 Thread 0x000002bef5f35c50 8564       3       org.jetbrains.kotlin.com.intellij.util.containers.hash.LinkedHashMap$Entry::access$502 (7 bytes)
Event: 6.534 Thread 0x000002bef5f35c50 nmethod 8564 0x000002bee0010c90 code [0x000002bee0010e20, 0x000002bee0010f58]
Event: 6.536 Thread 0x000002bef5f35c50 8565       1       org.jetbrains.kotlin.com.intellij.util.containers.hash.LinkedHashMap$Entry::access$500 (5 bytes)
Event: 6.536 Thread 0x000002bef5f35c50 nmethod 8565 0x000002bee70eb110 code [0x000002bee70eb2a0, 0x000002bee70eb358]
Event: 6.536 Thread 0x000002bef5f35c50 8566       1       org.jetbrains.kotlin.com.intellij.util.containers.hash.LinkedHashMap$Entry::access$400 (5 bytes)
Event: 6.536 Thread 0x000002bef5f35c50 nmethod 8566 0x000002bee70eb410 code [0x000002bee70eb5a0, 0x000002bee70eb658]
Event: 6.540 Thread 0x000002bef5f35c50 8567       3       java.util.zip.ZipFile$ZipEntryIterator::<init> (20 bytes)
Event: 6.540 Thread 0x000002bef5f35c50 nmethod 8567 0x000002bee0011010 code [0x000002bee00111a0, 0x000002bee0011378]
Event: 6.543 Thread 0x000002bef5f35c50 8568       3       org.jetbrains.kotlin.com.intellij.util.containers.hash.LinkedHashMap$Entry::access$002 (7 bytes)
Event: 6.543 Thread 0x000002bef5f35c50 nmethod 8568 0x000002bee0011410 code [0x000002bee00115a0, 0x000002bee00116d8]
Event: 6.543 Thread 0x000002bef5f35c50 8569   !   3       org.jetbrains.kotlin.com.intellij.openapi.vfs.impl.ArchiveHandler::getEntriesMap (144 bytes)
Event: 6.544 Thread 0x000002bef5f35c50 nmethod 8569 0x000002bee0011790 code [0x000002bee0011ae0, 0x000002bee0012fd8]
Event: 6.544 Thread 0x000002bef5f35c50 8570       3       java.io.File::getCanonicalPath (31 bytes)
Event: 6.544 Thread 0x000002bef5f35c50 nmethod 8570 0x000002bee0013890 code [0x000002bee0013a60, 0x000002bee0013d18]
Event: 6.544 Thread 0x000002bef5f35c50 8571       3       java.io.WinNTFileSystem::canonicalize (372 bytes)
Event: 6.545 Thread 0x000002bef5f35c50 nmethod 8571 0x000002bee0013e10 code [0x000002bee0014440, 0x000002bee0017858]
Event: 6.546 Thread 0x000002bef5f34f40 nmethod 8545 0x000002bee70eb710 code [0x000002bee70eba80, 0x000002bee70ee290]
Event: 6.547 Thread 0x000002bef5f34f40 8552       4       java.util.ArrayList::hashCode (22 bytes)
Event: 6.548 Thread 0x000002bef5f34f40 nmethod 8552 0x000002bee70efd90 code [0x000002bee70eff20, 0x000002bee70f0148]
Event: 6.548 Thread 0x000002bef5f34f40 8553       4       org.jetbrains.kotlin.com.intellij.util.containers.FactoryMap$$Lambda$1064/0x000002be81b5dcf0::fun (8 bytes)

GC Heap History (20 events):
Event: 4.968 GC heap after
{Heap after GC invocations=14 (full 0):
 garbage-first heap   total 171008K, used 97387K [0x0000000080000000, 0x0000000100000000)
  region size 1024K, 3 young (3072K), 3 survivors (3072K)
 Metaspace       used 60250K, committed 60992K, reserved 1114112K
  class space    used 8652K, committed 8960K, reserved 1048576K
}
Event: 5.218 GC heap before
{Heap before GC invocations=15 (full 0):
 garbage-first heap   total 186368K, used 144491K [0x0000000080000000, 0x0000000100000000)
  region size 1024K, 43 young (44032K), 3 survivors (3072K)
 Metaspace       used 62873K, committed 63616K, reserved 1114112K
  class space    used 9000K, committed 9344K, reserved 1048576K
}
Event: 5.220 GC heap after
{Heap after GC invocations=16 (full 0):
 garbage-first heap   total 186368K, used 100692K [0x0000000080000000, 0x0000000100000000)
  region size 1024K, 6 young (6144K), 6 survivors (6144K)
 Metaspace       used 62873K, committed 63616K, reserved 1114112K
  class space    used 9000K, committed 9344K, reserved 1048576K
}
Event: 5.242 GC heap before
{Heap before GC invocations=16 (full 0):
 garbage-first heap   total 186368K, used 103764K [0x0000000080000000, 0x0000000100000000)
  region size 1024K, 9 young (9216K), 6 survivors (6144K)
 Metaspace       used 63252K, committed 64000K, reserved 1114112K
  class space    used 9042K, committed 9408K, reserved 1048576K
}
Event: 5.244 GC heap after
{Heap after GC invocations=17 (full 0):
 garbage-first heap   total 186368K, used 100817K [0x0000000080000000, 0x0000000100000000)
  region size 1024K, 1 young (1024K), 1 survivors (1024K)
 Metaspace       used 63252K, committed 64000K, reserved 1114112K
  class space    used 9042K, committed 9408K, reserved 1048576K
}
Event: 5.610 GC heap before
{Heap before GC invocations=17 (full 0):
 garbage-first heap   total 186368K, used 146897K [0x0000000080000000, 0x0000000100000000)
  region size 1024K, 46 young (47104K), 1 survivors (1024K)
 Metaspace       used 68177K, committed 68928K, reserved 1114112K
  class space    used 9699K, committed 10048K, reserved 1048576K
}
Event: 5.612 GC heap after
{Heap after GC invocations=18 (full 0):
 garbage-first heap   total 186368K, used 102998K [0x0000000080000000, 0x0000000100000000)
  region size 1024K, 4 young (4096K), 4 survivors (4096K)
 Metaspace       used 68177K, committed 68928K, reserved 1114112K
  class space    used 9699K, committed 10048K, reserved 1048576K
}
Event: 5.860 GC heap before
{Heap before GC invocations=19 (full 0):
 garbage-first heap   total 186368K, used 148054K [0x0000000080000000, 0x0000000100000000)
  region size 1024K, 49 young (50176K), 4 survivors (4096K)
 Metaspace       used 71189K, committed 71936K, reserved 1114112K
  class space    used 10065K, committed 10432K, reserved 1048576K
}
Event: 5.864 GC heap after
{Heap after GC invocations=20 (full 0):
 garbage-first heap   total 186368K, used 107764K [0x0000000080000000, 0x0000000100000000)
  region size 1024K, 7 young (7168K), 7 survivors (7168K)
 Metaspace       used 71189K, committed 71936K, reserved 1114112K
  class space    used 10065K, committed 10432K, reserved 1048576K
}
Event: 5.871 GC heap before
{Heap before GC invocations=20 (full 0):
 garbage-first heap   total 186368K, used 109812K [0x0000000080000000, 0x0000000100000000)
  region size 1024K, 9 young (9216K), 7 survivors (7168K)
 Metaspace       used 71189K, committed 71936K, reserved 1114112K
  class space    used 10065K, committed 10432K, reserved 1048576K
}
Event: 5.874 GC heap after
{Heap after GC invocations=21 (full 0):
 garbage-first heap   total 186368K, used 108344K [0x0000000080000000, 0x0000000100000000)
  region size 1024K, 1 young (1024K), 1 survivors (1024K)
 Metaspace       used 71189K, committed 71936K, reserved 1114112K
  class space    used 10065K, committed 10432K, reserved 1048576K
}
Event: 6.153 GC heap before
{Heap before GC invocations=21 (full 0):
 garbage-first heap   total 186368K, used 155448K [0x0000000080000000, 0x0000000100000000)
  region size 1024K, 43 young (44032K), 1 survivors (1024K)
 Metaspace       used 76959K, committed 77760K, reserved 1179648K
  class space    used 10736K, committed 11136K, reserved 1048576K
}
Event: 6.154 GC heap after
{Heap after GC invocations=22 (full 0):
 garbage-first heap   total 186368K, used 113048K [0x0000000080000000, 0x0000000100000000)
  region size 1024K, 2 young (2048K), 2 survivors (2048K)
 Metaspace       used 76959K, committed 77760K, reserved 1179648K
  class space    used 10736K, committed 11136K, reserved 1048576K
}
Event: 6.374 GC heap before
{Heap before GC invocations=23 (full 0):
 garbage-first heap   total 194560K, used 161176K [0x0000000080000000, 0x0000000100000000)
  region size 1024K, 43 young (44032K), 2 survivors (2048K)
 Metaspace       used 80991K, committed 81728K, reserved 1179648K
  class space    used 11276K, committed 11648K, reserved 1048576K
}
Event: 6.377 GC heap after
{Heap after GC invocations=24 (full 0):
 garbage-first heap   total 194560K, used 124864K [0x0000000080000000, 0x0000000100000000)
  region size 1024K, 6 young (6144K), 6 survivors (6144K)
 Metaspace       used 80991K, committed 81728K, reserved 1179648K
  class space    used 11276K, committed 11648K, reserved 1048576K
}
Event: 6.388 GC heap before
{Heap before GC invocations=24 (full 0):
 garbage-first heap   total 194560K, used 126912K [0x0000000080000000, 0x0000000100000000)
  region size 1024K, 9 young (9216K), 6 survivors (6144K)
 Metaspace       used 81100K, committed 81920K, reserved 1179648K
  class space    used 11279K, committed 11648K, reserved 1048576K
}
Event: 6.390 GC heap after
{Heap after GC invocations=25 (full 0):
 garbage-first heap   total 194560K, used 125723K [0x0000000080000000, 0x0000000100000000)
  region size 1024K, 2 young (2048K), 2 survivors (2048K)
 Metaspace       used 81100K, committed 81920K, reserved 1179648K
  class space    used 11279K, committed 11648K, reserved 1048576K
}
Event: 6.487 GC heap before
{Heap before GC invocations=25 (full 0):
 garbage-first heap   total 194560K, used 161563K [0x0000000080000000, 0x0000000100000000)
  region size 1024K, 37 young (37888K), 2 survivors (2048K)
 Metaspace       used 81156K, committed 81920K, reserved 1179648K
  class space    used 11281K, committed 11648K, reserved 1048576K
}
Event: 6.493 GC heap after
{Heap after GC invocations=26 (full 0):
 garbage-first heap   total 194560K, used 132353K [0x0000000080000000, 0x0000000100000000)
  region size 1024K, 5 young (5120K), 5 survivors (5120K)
 Metaspace       used 81156K, committed 81920K, reserved 1179648K
  class space    used 11281K, committed 11648K, reserved 1048576K
}
Event: 6.549 GC heap before
{Heap before GC invocations=26 (full 0):
 garbage-first heap   total 194560K, used 157953K [0x0000000080000000, 0x0000000100000000)
  region size 1024K, 31 young (31744K), 5 survivors (5120K)
 Metaspace       used 81167K, committed 81920K, reserved 1179648K
  class space    used 11281K, committed 11648K, reserved 1048576K
}

Deoptimization events (20 events):
Event: 6.503 Thread 0x000002befc043860 DEOPT PACKING pc=0x000002bee6c57478 sp=0x000000c2862f4ff0
Event: 6.503 Thread 0x000002befc043860 DEOPT UNPACKING pc=0x000002bee66d23a3 sp=0x000000c2862f4fc0 mode 2
Event: 6.503 Thread 0x000002befc043860 Uncommon trap: trap_request=0xffffff45 fr.pc=0x000002bee6ced0e8 relative=0x0000000000000448
Event: 6.503 Thread 0x000002befc043860 Uncommon trap: reason=unstable_if action=reinterpret pc=0x000002bee6ced0e8 method=java.lang.String.substring(II)Ljava/lang/String; @ 31 c2
Event: 6.503 Thread 0x000002befc043860 DEOPT PACKING pc=0x000002bee6ced0e8 sp=0x000000c2862f4ff0
Event: 6.503 Thread 0x000002befc043860 DEOPT UNPACKING pc=0x000002bee66d23a3 sp=0x000000c2862f4f50 mode 2
Event: 6.503 Thread 0x000002befc043860 Uncommon trap: trap_request=0xffffff45 fr.pc=0x000002bee6c4488c relative=0x000000000000018c
Event: 6.503 Thread 0x000002befc043860 Uncommon trap: reason=unstable_if action=reinterpret pc=0x000002bee6c4488c method=java.lang.String.equals(Ljava/lang/Object;)Z @ 33 c2
Event: 6.503 Thread 0x000002befc043860 DEOPT PACKING pc=0x000002bee6c4488c sp=0x000000c2862f50c0
Event: 6.503 Thread 0x000002befc043860 DEOPT UNPACKING pc=0x000002bee66d23a3 sp=0x000000c2862f5060 mode 2
Event: 6.516 Thread 0x000002befc043860 DEOPT PACKING pc=0x000002bedfffa452 sp=0x000000c2862f5370
Event: 6.516 Thread 0x000002befc043860 DEOPT UNPACKING pc=0x000002bee66d2b43 sp=0x000000c2862f48c0 mode 0
Event: 6.530 Thread 0x000002befc043860 DEOPT PACKING pc=0x000002bedfffeee8 sp=0x000000c2862f51a0
Event: 6.530 Thread 0x000002befc043860 DEOPT UNPACKING pc=0x000002bee66d2b43 sp=0x000000c2862f46a8 mode 0
Event: 6.531 Thread 0x000002befc043860 DEOPT PACKING pc=0x000002bedfffa452 sp=0x000000c2862f5370
Event: 6.531 Thread 0x000002befc043860 DEOPT UNPACKING pc=0x000002bee66d2b43 sp=0x000000c2862f48c0 mode 0
Event: 6.546 Thread 0x000002befc043860 DEOPT PACKING pc=0x000002bedfffa452 sp=0x000000c2862f5370
Event: 6.546 Thread 0x000002befc043860 DEOPT UNPACKING pc=0x000002bee66d2b43 sp=0x000000c2862f48c0 mode 0
Event: 6.549 Thread 0x000002befc043860 DEOPT PACKING pc=0x000002bedfffeee8 sp=0x000000c2862f5140
Event: 6.549 Thread 0x000002befc043860 DEOPT UNPACKING pc=0x000002bee66d2b43 sp=0x000000c2862f4648 mode 0

Classes unloaded (0 events):
No events

Classes redefined (0 events):
No events

Internal exceptions (20 events):
Event: 5.409 Thread 0x000002befc043860 Exception <a 'java/lang/ClassNotFoundException'{0x000000008a3b3c40}: org/gradle/api/plugins/internal/DefaultJavaPluginConventionCustomizer> (0x000000008a3b3c40) 
thrown [s\open\src\hotspot\share\classfile\systemDictionary.cpp, line 256]
Event: 5.409 Thread 0x000002befc043860 Exception <a 'java/lang/ClassNotFoundException'{0x000000008a3f0a18}: org/gradle/api/plugins/internal/DefaultJavaPluginConvention_DecoratedCustomizer> (0x000000008a3f0a18) 
thrown [s\open\src\hotspot\share\classfile\systemDictionary.cpp, line 256]
Event: 5.507 Thread 0x000002befc043860 Exception <a 'java/lang/ClassNotFoundException'{0x00000000896a9300}: org/jetbrains/kotlin/gradle/targets/js/npm/DefaultNpmDependencyExtensionBeanInfo> (0x00000000896a9300) 
thrown [s\open\src\hotspot\share\classfile\systemDictionary.cpp, line 256]
Event: 5.507 Thread 0x000002befc043860 Exception <a 'java/lang/ClassNotFoundException'{0x00000000896b4940}: org/jetbrains/kotlin/gradle/targets/js/npm/DefaultNpmDependencyExtensionCustomizer> (0x00000000896b4940) 
thrown [s\open\src\hotspot\share\classfile\systemDictionary.cpp, line 256]
Event: 5.510 Thread 0x000002befc043860 Exception <a 'java/lang/ClassNotFoundException'{0x00000000895209d8}: org/jetbrains/kotlin/gradle/targets/js/npm/NpmDependencyExtensionKt$defaultNpmDependencyDelegate$1BeanInfo> (0x00000000895209d8) 
thrown [s\open\src\hotspot\share\classfile\systemDictionary.cpp, line 256]
Event: 5.510 Thread 0x000002befc043860 Exception <a 'java/lang/ClassNotFoundException'{0x000000008952c060}: org/jetbrains/kotlin/gradle/targets/js/npm/NpmDependencyExtensionDelegateBeanInfo> (0x000000008952c060) 
thrown [s\open\src\hotspot\share\classfile\systemDictionary.cpp, line 256]
Event: 5.510 Thread 0x000002befc043860 Exception <a 'java/lang/ClassNotFoundException'{0x00000000895376b0}: org/jetbrains/kotlin/gradle/targets/js/npm/NpmDependencyExtensionDelegateCustomizer> (0x00000000895376b0) 
thrown [s\open\src\hotspot\share\classfile\systemDictionary.cpp, line 256]
Event: 5.511 Thread 0x000002befc043860 Exception <a 'java/lang/ClassNotFoundException'{0x000000008955aa18}: org/jetbrains/kotlin/gradle/targets/js/npm/NpmDependencyExtensionKt$defaultNpmDependencyDelegate$1Customizer> (0x000000008955aa18) 
thrown [s\open\src\hotspot\share\classfile\systemDictionary.cpp, line 256]
Event: 5.512 Thread 0x000002befc043860 Exception <a 'java/lang/ClassNotFoundException'{0x000000008958ff80}: org/jetbrains/kotlin/gradle/targets/js/npm/DefaultDevNpmDependencyExtensionBeanInfo> (0x000000008958ff80) 
thrown [s\open\src\hotspot\share\classfile\systemDictionary.cpp, line 256]
Event: 5.512 Thread 0x000002befc043860 Exception <a 'java/lang/ClassNotFoundException'{0x000000008959b5d8}: org/jetbrains/kotlin/gradle/targets/js/npm/DefaultDevNpmDependencyExtensionCustomizer> (0x000000008959b5d8) 
thrown [s\open\src\hotspot\share\classfile\systemDictionary.cpp, line 256]
Event: 5.514 Thread 0x000002befc043860 Exception <a 'java/lang/ClassNotFoundException'{0x00000000895d53f0}: org/jetbrains/kotlin/gradle/targets/js/npm/DefaultPeerNpmDependencyExtensionBeanInfo> (0x00000000895d53f0) 
thrown [s\open\src\hotspot\share\classfile\systemDictionary.cpp, line 256]
Event: 5.514 Thread 0x000002befc043860 Exception <a 'java/lang/ClassNotFoundException'{0x00000000895e0a78}: org/jetbrains/kotlin/gradle/targets/js/npm/DefaultPeerNpmDependencyExtensionCustomizer> (0x00000000895e0a78) 
thrown [s\open\src\hotspot\share\classfile\systemDictionary.cpp, line 256]
Event: 5.515 Thread 0x000002befc043860 Exception <a 'java/lang/ClassNotFoundException'{0x0000000089421da8}: org/jetbrains/kotlin/gradle/targets/js/npm/DefaultPeerNpmDependencyExtension$delegate$1BeanInfo> (0x0000000089421da8) 
thrown [s\open\src\hotspot\share\classfile\systemDictionary.cpp, line 256]
Event: 5.516 Thread 0x000002befc043860 Exception <a 'java/lang/ClassNotFoundException'{0x000000008942d5f8}: org/jetbrains/kotlin/gradle/targets/js/npm/DefaultPeerNpmDependencyExtension$delegate$1Customizer> (0x000000008942d5f8) 
thrown [s\open\src\hotspot\share\classfile\systemDictionary.cpp, line 256]
Event: 5.989 Thread 0x000002befc043860 Exception <a 'java/lang/NoSuchMethodError'{0x000000008a25fb60}: 'long java.lang.invoke.DirectMethodHandle$Holder.invokeStatic(java.lang.Object)'> (0x000000008a25fb60) 
thrown [s\open\src\hotspot\share\interpreter\linkResolver.cpp, line 759]
Event: 5.989 Thread 0x000002befc043860 Exception <a 'java/lang/NoSuchMethodError'{0x000000008a264700}: 'long java.lang.invoke.DirectMethodHandle$Holder.invokeStaticInit(java.lang.Object)'> (0x000000008a264700) 
thrown [s\open\src\hotspot\share\interpreter\linkResolver.cpp, line 759]
Event: 6.325 Thread 0x000002befc043860 Exception <a 'java/lang/NoSuchMethodError'{0x000000008a7376b8}: 'java.lang.Object java.lang.invoke.Invokers$Holder.invoke_MT(java.lang.Object, java.lang.Object, java.lang.Object)'> (0x000000008a7376b8) 
thrown [s\open\src\hotspot\share\interpreter\linkResolver.cpp, line 759]
Event: 6.418 Thread 0x000002befc043860 Implicit null exception at 0x000002bee70c4ad7 to 0x000002bee70c6a84
Event: 6.418 Thread 0x000002befc043860 Implicit null exception at 0x000002bee70c2479 to 0x000002bee70c3418
Event: 6.424 Thread 0x000002befc043860 Implicit null exception at 0x000002bee70bc500 to 0x000002bee70bc585

VM Operations (20 events):
Event: 5.993 Executing VM operation: HandshakeAllThreads done
Event: 6.104 Executing VM operation: HandshakeAllThreads
Event: 6.104 Executing VM operation: HandshakeAllThreads done
Event: 6.153 Executing VM operation: G1CollectForAllocation
Event: 6.154 Executing VM operation: G1CollectForAllocation done
Event: 6.174 Executing VM operation: G1Concurrent
Event: 6.175 Executing VM operation: G1Concurrent done
Event: 6.183 Executing VM operation: G1Concurrent
Event: 6.183 Executing VM operation: G1Concurrent done
Event: 6.263 Executing VM operation: HandshakeAllThreads
Event: 6.263 Executing VM operation: HandshakeAllThreads done
Event: 6.336 Executing VM operation: HandshakeAllThreads
Event: 6.336 Executing VM operation: HandshakeAllThreads done
Event: 6.374 Executing VM operation: G1CollectForAllocation
Event: 6.377 Executing VM operation: G1CollectForAllocation done
Event: 6.388 Executing VM operation: G1CollectForAllocation
Event: 6.390 Executing VM operation: G1CollectForAllocation done
Event: 6.487 Executing VM operation: G1CollectForAllocation
Event: 6.493 Executing VM operation: G1CollectForAllocation done
Event: 6.549 Executing VM operation: G1CollectForAllocation

Events (20 events):
Event: 6.321 loading class java/io/IOError
Event: 6.321 loading class java/io/IOError done
Event: 6.324 loading class java/nio/channels/FileChannel$MapMode
Event: 6.324 loading class java/nio/channels/FileChannel$MapMode done
Event: 6.324 loading class jdk/internal/misc/ExtendedMapMode
Event: 6.324 loading class jdk/internal/misc/ExtendedMapMode done
Event: 6.325 loading class sun/nio/ch/FileChannelImpl$DefaultUnmapper
Event: 6.325 loading class sun/nio/ch/FileChannelImpl$Unmapper
Event: 6.325 loading class jdk/internal/access/foreign/UnmapperProxy
Event: 6.325 loading class jdk/internal/access/foreign/UnmapperProxy done
Event: 6.325 loading class sun/nio/ch/FileChannelImpl$Unmapper done
Event: 6.325 loading class sun/nio/ch/FileChannelImpl$DefaultUnmapper done
Event: 6.325 loading class sun/nio/ch/Util$4
Event: 6.325 loading class sun/nio/ch/Util$4 done
Event: 6.326 loading class java/io/UTFDataFormatException
Event: 6.326 loading class java/io/UTFDataFormatException done
Event: 6.335 loading class java/nio/file/attribute/DosFileAttributeView
Event: 6.335 loading class java/nio/file/attribute/DosFileAttributeView done
Event: 6.335 loading class sun/nio/fs/WindowsFileAttributeViews$Dos
Event: 6.335 loading class sun/nio/fs/WindowsFileAttributeViews$Dos done


Dynamic libraries:
0x00007ff6edff0000 - 0x00007ff6ee000000 	C:\Program Files\Java\jdk-17\bin\java.exe
0x00007ffa98190000 - 0x00007ffa983a7000 	C:\WINDOWS\SYSTEM32\ntdll.dll
0x00007ffa96a20000 - 0x00007ffa96ae4000 	C:\WINDOWS\System32\KERNEL32.DLL
0x00007ffa95720000 - 0x00007ffa95ac7000 	C:\WINDOWS\System32\KERNELBASE.dll
0x00007ffa95c60000 - 0x00007ffa95d71000 	C:\WINDOWS\System32\ucrtbase.dll
0x00007ffa759e0000 - 0x00007ffa759fb000 	C:\Program Files\Java\jdk-17\bin\VCRUNTIME140.dll
0x00007ffa71ee0000 - 0x00007ffa71ef9000 	C:\Program Files\Java\jdk-17\bin\jli.dll
0x00007ffa96970000 - 0x00007ffa96a20000 	C:\WINDOWS\System32\ADVAPI32.dll
0x00007ffa96680000 - 0x00007ffa96727000 	C:\WINDOWS\System32\msvcrt.dll
0x00007ffa97ec0000 - 0x00007ffa97f66000 	C:\WINDOWS\System32\sechost.dll
0x00007ffa96000000 - 0x00007ffa96117000 	C:\WINDOWS\System32\RPCRT4.dll
0x00007ffa97cb0000 - 0x00007ffa97e5e000 	C:\WINDOWS\System32\USER32.dll
0x00007ffa7e650000 - 0x00007ffa7e8e3000 	C:\WINDOWS\WinSxS\amd64_microsoft.windows.common-controls_6595b64144ccf1df_6.0.22621.2506_none_270c5ae97388e100\COMCTL32.dll
0x00007ffa95ec0000 - 0x00007ffa95ee6000 	C:\WINDOWS\System32\win32u.dll
0x00007ffa95ef0000 - 0x00007ffa95f19000 	C:\WINDOWS\System32\GDI32.dll
0x00007ffa95ad0000 - 0x00007ffa95be9000 	C:\WINDOWS\System32\gdi32full.dll
0x00007ffa95680000 - 0x00007ffa9571a000 	C:\WINDOWS\System32\msvcp_win.dll
0x00007ffa8eb60000 - 0x00007ffa8eb6a000 	C:\WINDOWS\SYSTEM32\VERSION.dll
0x00007ffa96790000 - 0x00007ffa967c1000 	C:\WINDOWS\System32\IMM32.DLL
0x00007ffa68600000 - 0x00007ffa6860c000 	C:\Program Files\Java\jdk-17\bin\vcruntime140_1.dll
0x00007ffa65bd0000 - 0x00007ffa65c5e000 	C:\Program Files\Java\jdk-17\bin\msvcp140.dll
0x00007ffa37540000 - 0x00007ffa38121000 	C:\Program Files\Java\jdk-17\bin\server\jvm.dll
0x00007ffa96120000 - 0x00007ffa96128000 	C:\WINDOWS\System32\PSAPI.DLL
0x00007ffa92820000 - 0x00007ffa92829000 	C:\WINDOWS\SYSTEM32\WSOCK32.dll
0x00007ffa8e620000 - 0x00007ffa8e654000 	C:\WINDOWS\SYSTEM32\WINMM.dll
0x00007ffa970b0000 - 0x00007ffa97121000 	C:\WINDOWS\System32\WS2_32.dll
0x00007ffa944b0000 - 0x00007ffa944c8000 	C:\WINDOWS\SYSTEM32\kernel.appcore.dll
0x00007ffa685f0000 - 0x00007ffa685fa000 	C:\Program Files\Java\jdk-17\bin\jimage.dll
0x00007ffa8c490000 - 0x00007ffa8c6c3000 	C:\WINDOWS\SYSTEM32\DBGHELP.DLL
0x00007ffa962f0000 - 0x00007ffa96679000 	C:\WINDOWS\System32\combase.dll
0x00007ffa95f20000 - 0x00007ffa95ff7000 	C:\WINDOWS\System32\OLEAUT32.dll
0x00007ffa83380000 - 0x00007ffa833b2000 	C:\WINDOWS\SYSTEM32\dbgcore.DLL
0x00007ffa95e40000 - 0x00007ffa95eba000 	C:\WINDOWS\System32\bcryptPrimitives.dll
0x00007ffa66e10000 - 0x00007ffa66e35000 	C:\Program Files\Java\jdk-17\bin\java.dll
0x00007ffa5d5b0000 - 0x00007ffa5d687000 	C:\Program Files\Java\jdk-17\bin\jsvml.dll
0x00007ffa97130000 - 0x00007ffa97989000 	C:\WINDOWS\System32\SHELL32.dll
0x00007ffa93430000 - 0x00007ffa93d24000 	C:\WINDOWS\SYSTEM32\windows.storage.dll
0x00007ffa932f0000 - 0x00007ffa9342e000 	C:\WINDOWS\SYSTEM32\wintypes.dll
0x00007ffa979a0000 - 0x00007ffa97a93000 	C:\WINDOWS\System32\SHCORE.dll
0x00007ffa96730000 - 0x00007ffa9678e000 	C:\WINDOWS\System32\shlwapi.dll
0x00007ffa95440000 - 0x00007ffa95466000 	C:\WINDOWS\SYSTEM32\profapi.dll
0x00007ffa685d0000 - 0x00007ffa685e9000 	C:\Program Files\Java\jdk-17\bin\net.dll
0x00007ffa8dcf0000 - 0x00007ffa8de27000 	C:\WINDOWS\SYSTEM32\WINHTTP.dll
0x00007ffa94990000 - 0x00007ffa949f9000 	C:\WINDOWS\system32\mswsock.dll
0x00007ffa66df0000 - 0x00007ffa66e06000 	C:\Program Files\Java\jdk-17\bin\nio.dll
0x00007ffa65fc0000 - 0x00007ffa65fd8000 	C:\Program Files\Java\jdk-17\bin\zip.dll
0x00007ffa66de0000 - 0x00007ffa66df0000 	C:\Program Files\Java\jdk-17\bin\verify.dll
0x00007ffa74850000 - 0x00007ffa74877000 	C:\Users\PC\.gradle\native\68d5fa5c4cc2d200863cafc0d521ce42e7d3e7ee720ec0a83991735586a16f82\windows-amd64\native-platform.dll
0x00007ffa5dae0000 - 0x00007ffa5dc24000 	C:\Users\PC\.gradle\native\e376f236ea51e6404a007f0833ffe2c6e607c4080706a723a18a27aeea778392\windows-amd64\native-platform-file-events.dll
0x00007ffa66bf0000 - 0x00007ffa66bfa000 	C:\Program Files\Java\jdk-17\bin\management.dll
0x00007ffa65fb0000 - 0x00007ffa65fbb000 	C:\Program Files\Java\jdk-17\bin\management_ext.dll
0x00007ffa94be0000 - 0x00007ffa94bfb000 	C:\WINDOWS\SYSTEM32\CRYPTSP.dll
0x00007ffa94470000 - 0x00007ffa944a5000 	C:\WINDOWS\system32\rsaenh.dll
0x00007ffa94a80000 - 0x00007ffa94aac000 	C:\WINDOWS\SYSTEM32\USERENV.dll
0x00007ffa94e40000 - 0x00007ffa94e68000 	C:\WINDOWS\SYSTEM32\bcrypt.dll
0x00007ffa94c00000 - 0x00007ffa94c0c000 	C:\WINDOWS\SYSTEM32\CRYPTBASE.dll
0x00007ffa93f90000 - 0x00007ffa93fbd000 	C:\WINDOWS\SYSTEM32\IPHLPAPI.DLL
0x00007ffa96c00000 - 0x00007ffa96c09000 	C:\WINDOWS\System32\NSI.dll
0x00007ffa8e1b0000 - 0x00007ffa8e1c9000 	C:\WINDOWS\SYSTEM32\dhcpcsvc6.DLL
0x00007ffa8db40000 - 0x00007ffa8db5f000 	C:\WINDOWS\SYSTEM32\dhcpcsvc.DLL
0x00007ffa94000000 - 0x00007ffa940f9000 	C:\WINDOWS\SYSTEM32\DNSAPI.dll
0x00007ffa65fa0000 - 0x00007ffa65fae000 	C:\Program Files\Java\jdk-17\bin\sunmscapi.dll
0x00007ffa95510000 - 0x00007ffa95676000 	C:\WINDOWS\System32\CRYPT32.dll
0x00007ffa94e10000 - 0x00007ffa94e3d000 	C:\WINDOWS\SYSTEM32\ncrypt.dll
0x00007ffa94dd0000 - 0x00007ffa94e07000 	C:\WINDOWS\SYSTEM32\NTASN1.dll
0x00007ffa75130000 - 0x00007ffa75138000 	C:\WINDOWS\system32\wshunix.dll

dbghelp: loaded successfully - version: 4.0.5 - missing functions: none
symbol engine: initialized successfully - sym options: 0x614 - pdb path: .;C:\Program Files\Java\jdk-17\bin;C:\WINDOWS\SYSTEM32;C:\WINDOWS\WinSxS\amd64_microsoft.windows.common-controls_6595b64144ccf1df_6.0.22621.2506_none_270c5ae97388e100;C:\Program Files\Java\jdk-17\bin\server;C:\Users\PC\.gradle\native\68d5fa5c4cc2d200863cafc0d521ce42e7d3e7ee720ec0a83991735586a16f82\windows-amd64;C:\Users\PC\.gradle\native\e376f236ea51e6404a007f0833ffe2c6e607c4080706a723a18a27aeea778392\windows-amd64

VM Arguments:
jvm_args: --add-opens=java.base/java.util=ALL-UNNAMED --add-opens=java.base/java.lang=ALL-UNNAMED --add-opens=java.base/java.lang.invoke=ALL-UNNAMED --add-opens=java.prefs/java.util.prefs=ALL-UNNAMED --add-opens=java.base/java.nio.charset=ALL-UNNAMED --add-opens=java.base/java.net=ALL-UNNAMED --add-opens=java.base/java.util.concurrent.atomic=ALL-UNNAMED -Xmx2048m -Dfile.encoding=UTF-8 -Duser.country=US -Duser.language=en -Duser.variant 
java_command: org.gradle.launcher.daemon.bootstrap.GradleDaemon 8.0
java_class_path (initial): C:\Users\PC\.gradle\wrapper\dists\gradle-8.0-bin\ca5e32bp14vu59qr306oxotwh\gradle-8.0\lib\gradle-launcher-8.0.jar
Launcher Type: SUN_STANDARD

[Global flags]
     intx CICompilerCount                          = 4                                         {product} {ergonomic}
     uint ConcGCThreads                            = 3                                         {product} {ergonomic}
     uint G1ConcRefinementThreads                  = 10                                        {product} {ergonomic}
   size_t G1HeapRegionSize                         = 1048576                                   {product} {ergonomic}
    uintx GCDrainStackTargetSize                   = 64                                        {product} {ergonomic}
   size_t InitialHeapSize                          = 257949696                                 {product} {ergonomic}
   size_t MarkStackSize                            = 4194304                                   {product} {ergonomic}
   size_t MaxHeapSize                              = 2147483648                                {product} {command line}
   size_t MaxNewSize                               = 1287651328                                {product} {ergonomic}
   size_t MinHeapDeltaBytes                        = 1048576                                   {product} {ergonomic}
   size_t MinHeapSize                              = 8388608                                   {product} {ergonomic}
    uintx NonNMethodCodeHeapSize                   = 5839372                                {pd product} {ergonomic}
    uintx NonProfiledCodeHeapSize                  = 122909434                              {pd product} {ergonomic}
    uintx ProfiledCodeHeapSize                     = 122909434                              {pd product} {ergonomic}
    uintx ReservedCodeCacheSize                    = 251658240                              {pd product} {ergonomic}
     bool SegmentedCodeCache                       = true                                      {product} {ergonomic}
   size_t SoftMaxHeapSize                          = 2147483648                             {manageable} {ergonomic}
     bool UseCompressedClassPointers               = true                           {product lp64_product} {ergonomic}
     bool UseCompressedOops                        = true                           {product lp64_product} {ergonomic}
     bool UseG1GC                                  = true                                      {product} {ergonomic}
     bool UseLargePagesIndividualAllocation        = false                                  {pd product} {ergonomic}

Logging:
Log output configuration:
 #0: stdout all=warning uptime,level,tags
 #1: stderr all=off uptime,level,tags

Environment Variables:
JAVA_HOME=C:\Program Files\Java\jdk-17\bin
PATH=C:\Program Files\Common Files\Oracle\Java\javapath;C:\Program Files (x86)\Common Files\Oracle\Java\javapath;C:\Program Files (x86)\Common Files\Intel\Shared Libraries\redist\intel64\compiler;C:\WINDOWS\system32;C:\WINDOWS;C:\WINDOWS\System32\Wbem;C:\WINDOWS\System32\WindowsPowerShell\v1.0\;C:\WINDOWS\System32\OpenSSH\;C:\ProgramData\chocolatey\bin;C:\Program Files\Git\cmd;C:\Program Files\Java\jdk-21\bin;C:\Program Files\Java\jre-1.8\bin;C:\Users\PC\AppData\Roaming\nvm;C:\Program Files\nodejs;C:\Users\PC\AppData\Local\Programs\Python\Python312;C:\Users\PC\AppData\Local\Programs\Python\Python312\Scripts;C:\Users\PC\.cargo\bin;C:\Users\PC\AppData\Local\Microsoft\WindowsApps;C:\Users\PC\AppData\Local\Programs\Microsoft VS Code\bin;C:\Program Files\JetBrains\IntelliJ IDEA 2023.2.3\bin;;C:\Users\PC\AppData\Roaming\nvm;C:\Program Files\nodejs;
USERNAME=PC
OS=Windows_NT
PROCESSOR_IDENTIFIER=AMD64 Family 25 Model 80 Stepping 0, AuthenticAMD



---------------  S Y S T E M  ---------------

OS:
 Windows 11 , 64 bit Build 22621 (10.0.22621.2506)
OS uptime: 0 days 1:58 hours

CPU: total 12 (initial active 12) (12 cores per cpu, 2 threads per core) family 25 model 80 stepping 0 microcode 0x0, cx8, cmov, fxsr, ht, mmx, 3dnowpref, sse, sse2, sse3, ssse3, sse4a, sse4.1, sse4.2, popcnt, lzcnt, tsc, tscinvbit, avx, avx2, aes, erms, clmul, bmi1, bmi2, adx, sha, fma, vzeroupper, clflush, clflushopt

Memory: 4k page, system-wide physical 15741M (2917M free)
TotalPageFile size 17789M (AvailPageFile size 52M)
current process WorkingSet (physical memory assigned to process): 441M, peak: 441M
current process commit charge ("private bytes"): 492M, peak: 548M

vm_info: Java HotSpot(TM) 64-Bit Server VM (17.0.9+11-LTS-201) for windows-amd64 JRE (17.0.9+11-LTS-201), built on Oct 10 2023 23:16:06 by "mach5one" with MS VC++ 17.1 (VS2022)

END.
