#
# There is insufficient memory for the Java Runtime Environment to continue.
# Native memory allocation (mmap) failed to map 35651584 bytes for G1 virtual space
# Possible reasons:
#   The system is out of physical RAM or swap space
#   The process is running with CompressedOops enabled, and the Java Heap may be blocking the growth of the native heap
# Possible solutions:
#   Reduce memory load on the system
#   Increase physical memory or swap space
#   Check if swap backing store is full
#   Decrease Java heap size (-Xmx/-Xms)
#   Decrease number of Java threads
#   Decrease Java thread stack sizes (-Xss)
#   Set larger code cache with -XX:ReservedCodeCacheSize=
#   JVM is running with Zero Based Compressed Oops mode in which the Java heap is
#     placed in the first 32GB address space. The Java Heap base address is the
#     maximum limit for the native heap growth. Please use -XX:HeapBaseMinAddress
#     to set the Java Heap base and to place the Java Heap above 32GB virtual address.
# This output file may be truncated or incomplete.
#
#  Out of Memory Error (os_windows.cpp:3552), pid=10164, tid=5428
#
# JRE version: Java(TM) SE Runtime Environment (17.0.9+11) (build 17.0.9+11-LTS-201)
# Java VM: Java HotSpot(TM) 64-Bit Server VM (17.0.9+11-LTS-201, mixed mode, sharing, tiered, compressed oops, compressed class ptrs, g1 gc, windows-amd64)
# No core dump will be written. Minidumps are not enabled by default on client versions of Windows
#

---------------  S U M M A R Y ------------

Command Line: org.jetbrains.kotlin.cli.jvm.K2JVMCompiler @D:\Programs\Android\CypherMessage\app\build\20231114_17268021062341986732.compiler.options

Host: AMD Ryzen 5 5600G with Radeon Graphics         , 12 cores, 15G,  Windows 11 , 64 bit Build 22621 (10.0.22621.2506)
Time: Tue Nov 14 02:22:05 2023 Hora estándar de Argentina elapsed time: 5.412792 seconds (0d 0h 0m 5s)

---------------  T H R E A D  ---------------

Current thread (0x00000293cb281fc0):  VMThread "VM Thread" [stack: 0x000000e447900000,0x000000e447a00000] [id=5428]

Stack: [0x000000e447900000,0x000000e447a00000]
Native frames: (J=compiled Java code, j=interpreted, Vv=VM code, C=native code)
V  [jvm.dll+0x678a4a]
V  [jvm.dll+0x7d9cfd]
V  [jvm.dll+0x7db60e]
V  [jvm.dll+0x7dbc73]
V  [jvm.dll+0x245e1f]
V  [jvm.dll+0x6758f9]
V  [jvm.dll+0x66a2a2]
V  [jvm.dll+0x303686]
V  [jvm.dll+0x30ac06]
V  [jvm.dll+0x35a48e]
V  [jvm.dll+0x35a6bf]
V  [jvm.dll+0x2da678]
V  [jvm.dll+0x2d8a85]
V  [jvm.dll+0x2d808c]
V  [jvm.dll+0x31b97b]
V  [jvm.dll+0x7e048b]
V  [jvm.dll+0x7e11c4]
V  [jvm.dll+0x7e16dd]
V  [jvm.dll+0x7e1ab4]
V  [jvm.dll+0x7e1b80]
V  [jvm.dll+0x78998a]
V  [jvm.dll+0x677875]
C  [ucrtbase.dll+0x29363]
C  [KERNEL32.DLL+0x1257d]
C  [ntdll.dll+0x5aa58]

VM_Operation (0x000000e4473fc900): G1CollectForAllocation, mode: safepoint, requested by thread 0x00000293a85eaf80


---------------  P R O C E S S  ---------------

Threads class SMR info:
_java_thread_list=0x0000029411a9eb60, length=14, elements={
0x00000293a85eaf80, 0x00000293cb286660, 0x00000293cb2872e0, 0x00000293cb29d880,
0x00000293cb29e240, 0x00000293cb29ec00, 0x00000293cb29fd60, 0x00000293cb2a0b00,
0x00000293cb2a96d0, 0x00000293cb2ac0f0, 0x00000293cb50d330, 0x00000293cb513ac0,
0x00000293cbe582f0, 0x0000029411b6e0c0
}

Java Threads: ( => current thread )
  0x00000293a85eaf80 JavaThread "main" [_thread_blocked, id=3848, stack(0x000000e447300000,0x000000e447400000)]
  0x00000293cb286660 JavaThread "Reference Handler" daemon [_thread_blocked, id=15896, stack(0x000000e447a00000,0x000000e447b00000)]
  0x00000293cb2872e0 JavaThread "Finalizer" daemon [_thread_blocked, id=15816, stack(0x000000e447b00000,0x000000e447c00000)]
  0x00000293cb29d880 JavaThread "Signal Dispatcher" daemon [_thread_blocked, id=12036, stack(0x000000e447c00000,0x000000e447d00000)]
  0x00000293cb29e240 JavaThread "Attach Listener" daemon [_thread_blocked, id=16380, stack(0x000000e447d00000,0x000000e447e00000)]
  0x00000293cb29ec00 JavaThread "Service Thread" daemon [_thread_blocked, id=12572, stack(0x000000e447e00000,0x000000e447f00000)]
  0x00000293cb29fd60 JavaThread "Monitor Deflation Thread" daemon [_thread_blocked, id=7032, stack(0x000000e447f00000,0x000000e448000000)]
  0x00000293cb2a0b00 JavaThread "C2 CompilerThread0" daemon [_thread_blocked, id=8724, stack(0x000000e448000000,0x000000e448100000)]
  0x00000293cb2a96d0 JavaThread "C1 CompilerThread0" daemon [_thread_blocked, id=10780, stack(0x000000e448100000,0x000000e448200000)]
  0x00000293cb2ac0f0 JavaThread "Sweeper thread" daemon [_thread_blocked, id=7448, stack(0x000000e448200000,0x000000e448300000)]
  0x00000293cb50d330 JavaThread "Notification Thread" daemon [_thread_blocked, id=6908, stack(0x000000e448300000,0x000000e448400000)]
  0x00000293cb513ac0 JavaThread "Common-Cleaner" daemon [_thread_blocked, id=344, stack(0x000000e448500000,0x000000e448600000)]
  0x00000293cbe582f0 JavaThread "C2 CompilerThread1" daemon [_thread_blocked, id=19436, stack(0x000000e448b00000,0x000000e448c00000)]
  0x0000029411b6e0c0 JavaThread "C2 CompilerThread2" daemon [_thread_blocked, id=10292, stack(0x000000e449200000,0x000000e449300000)]

Other Threads:
=>0x00000293cb281fc0 VMThread "VM Thread" [stack: 0x000000e447900000,0x000000e447a00000] [id=5428]
  0x00000293cb50f820 WatcherThread [stack: 0x000000e448400000,0x000000e448500000] [id=17248]
  0x00000293a8655ab0 GCTaskThread "GC Thread#0" [stack: 0x000000e447400000,0x000000e447500000] [id=17724]
  0x00000293cba083c0 GCTaskThread "GC Thread#1" [stack: 0x000000e448600000,0x000000e448700000] [id=7920]
  0x00000293cba08680 GCTaskThread "GC Thread#2" [stack: 0x000000e448700000,0x000000e448800000] [id=1672]
  0x00000293cba08940 GCTaskThread "GC Thread#3" [stack: 0x000000e448800000,0x000000e448900000] [id=15192]
  0x00000293cba08c00 GCTaskThread "GC Thread#4" [stack: 0x000000e448900000,0x000000e448a00000] [id=2272]
  0x00000293cba2ca80 GCTaskThread "GC Thread#5" [stack: 0x000000e448a00000,0x000000e448b00000] [id=14292]
  0x00000293cbdcb8b0 GCTaskThread "GC Thread#6" [stack: 0x000000e448d00000,0x000000e448e00000] [id=2788]
  0x0000029411226ab0 GCTaskThread "GC Thread#7" [stack: 0x000000e448e00000,0x000000e448f00000] [id=7600]
  0x00000293cbfba590 GCTaskThread "GC Thread#8" [stack: 0x000000e448f00000,0x000000e449000000] [id=18424]
  0x00000294110693c0 GCTaskThread "GC Thread#9" [stack: 0x000000e448c00000,0x000000e448d00000] [id=10168]
  0x00000293a8666000 ConcurrentGCThread "G1 Main Marker" [stack: 0x000000e447500000,0x000000e447600000] [id=13764]
  0x00000293a8667a20 ConcurrentGCThread "G1 Conc#0" [stack: 0x000000e447600000,0x000000e447700000] [id=1932]
  0x0000029411069c00 ConcurrentGCThread "G1 Conc#1" [stack: 0x000000e449000000,0x000000e449100000] [id=15960]
  0x0000029411069680 ConcurrentGCThread "G1 Conc#2" [stack: 0x000000e449100000,0x000000e449200000] [id=13840]
  0x00000293cb13a510 ConcurrentGCThread "G1 Refine#0" [stack: 0x000000e447700000,0x000000e447800000] [id=1680]
  0x00000294148df330 ConcurrentGCThread "G1 Refine#1" [stack: 0x000000e449300000,0x000000e449400000] [id=10432]
  0x00000294148ddea0 ConcurrentGCThread "G1 Refine#2" [stack: 0x000000e449400000,0x000000e449500000] [id=7616]
  0x00000294148de190 ConcurrentGCThread "G1 Refine#3" [stack: 0x000000e449500000,0x000000e449600000] [id=8372]
  0x00000293cb13be50 ConcurrentGCThread "G1 Service" [stack: 0x000000e447800000,0x000000e447900000] [id=2908]

Threads with active compile tasks:
C2 CompilerThread0     5423 6690       4       org.jetbrains.kotlin.ir.util.TypeTranslator::translateType (628 bytes)
C1 CompilerThread0     5423 6745       3       org.jetbrains.kotlin.backend.jvm.ir.JvmIrInlineUtilsKt::isInlineOnly (98 bytes)
C2 CompilerThread1     5423 6712       4       org.jetbrains.kotlin.ir.util.TypeTranslator::leaveScope (36 bytes)
C2 CompilerThread2     5423 6720       4       org.jetbrains.kotlin.ir.util.TypeTranslator::translateTypeAnnotations (230 bytes)

VM state: at safepoint (normal execution)

VM Mutex/Monitor currently owned by a thread:  ([mutex/lock_event])
[0x00000293a85e7570] Threads_lock - owner thread: 0x00000293cb281fc0
[0x00000293a85e78d0] Heap_lock - owner thread: 0x00000293a85eaf80

Heap address: 0x000000070a000000, size: 3936 MB, Compressed Oops mode: Zero based, Oop shift amount: 3

CDS archive(s) mapped at: [0x00000293cc000000-0x00000293ccbd0000-0x00000293ccbd0000), size 12386304, SharedBaseAddress: 0x00000293cc000000, ArchiveRelocationMode: 1.
Compressed class space mapped at: 0x00000293cd000000-0x000002940d000000, reserved size: 1073741824
Narrow klass base: 0x00000293cc000000, Narrow klass shift: 0, Narrow klass range: 0x100000000

GC Precious Log:
 CPUs: 12 total, 12 available
 Memory: 15741M
 Large Page Support: Disabled
 NUMA Support: Disabled
 Compressed Oops: Enabled (Zero based)
 Heap Region Size: 2M
 Heap Min Capacity: 8M
 Heap Initial Capacity: 246M
 Heap Max Capacity: 3936M
 Pre-touch: Disabled
 Parallel Workers: 10
 Concurrent Workers: 3
 Concurrent Refinement Workers: 10
 Periodic GC: Disabled

Heap:
 garbage-first heap   total 210944K, used 53816K [0x000000070a000000, 0x0000000800000000)
  region size 2048K, 3 young (6144K), 3 survivors (6144K)
 Metaspace       used 55321K, committed 55552K, reserved 1114112K
  class space    used 6375K, committed 6464K, reserved 1048576K

Heap Regions: E=young(eden), S=young(survivor), O=old, HS=humongous(starts), HC=humongous(continues), CS=collection set, F=free, OA=open archive, CA=closed archive, TAMS=top-at-mark-start (previous, next)
|   0|0x000000070a000000, 0x000000070a200000, 0x000000070a200000|100%|HS|  |TAMS 0x000000070a200000, 0x000000070a000000| Complete 
|   1|0x000000070a200000, 0x000000070a400000, 0x000000070a400000|100%|HC|  |TAMS 0x000000070a400000, 0x000000070a200000| Complete 
|   2|0x000000070a400000, 0x000000070a600000, 0x000000070a600000|100%| O|  |TAMS 0x000000070a600000, 0x000000070a400000| Untracked 
|   3|0x000000070a600000, 0x000000070a800000, 0x000000070a800000|100%| O|  |TAMS 0x000000070a800000, 0x000000070a600000| Untracked 
|   4|0x000000070a800000, 0x000000070aa00000, 0x000000070aa00000|100%|HS|  |TAMS 0x000000070aa00000, 0x000000070a800000| Complete 
|   5|0x000000070aa00000, 0x000000070ac00000, 0x000000070ac00000|100%| O|  |TAMS 0x000000070ac00000, 0x000000070aa00000| Untracked 
|   6|0x000000070ac00000, 0x000000070ae00000, 0x000000070ae00000|100%| O|  |TAMS 0x000000070ae00000, 0x000000070ac00000| Untracked 
|   7|0x000000070ae00000, 0x000000070b000000, 0x000000070b000000|100%| O|  |TAMS 0x000000070b000000, 0x000000070ae00000| Untracked 
|   8|0x000000070b000000, 0x000000070b200000, 0x000000070b200000|100%| O|  |TAMS 0x000000070b200000, 0x000000070b000000| Untracked 
|   9|0x000000070b200000, 0x000000070b400000, 0x000000070b400000|100%| O|  |TAMS 0x000000070b400000, 0x000000070b200000| Untracked 
|  10|0x000000070b400000, 0x000000070b600000, 0x000000070b600000|100%| O|  |TAMS 0x000000070b600000, 0x000000070b400000| Untracked 
|  11|0x000000070b600000, 0x000000070b800000, 0x000000070b800000|100%| O|  |TAMS 0x000000070b800000, 0x000000070b600000| Untracked 
|  12|0x000000070b800000, 0x000000070ba00000, 0x000000070ba00000|100%| O|  |TAMS 0x000000070b8eda00, 0x000000070b800000| Untracked 
|  13|0x000000070ba00000, 0x000000070bc00000, 0x000000070bc00000|100%| O|  |TAMS 0x000000070ba00000, 0x000000070ba00000| Untracked 
|  14|0x000000070bc00000, 0x000000070be00000, 0x000000070be00000|100%| O|  |TAMS 0x000000070bc00000, 0x000000070bc00000| Untracked 
|  15|0x000000070be00000, 0x000000070c000000, 0x000000070c000000|100%| O|  |TAMS 0x000000070be00000, 0x000000070be00000| Untracked 
|  16|0x000000070c000000, 0x000000070c200000, 0x000000070c200000|100%| O|  |TAMS 0x000000070c000000, 0x000000070c000000| Untracked 
|  17|0x000000070c200000, 0x000000070c400000, 0x000000070c400000|100%| O|  |TAMS 0x000000070c200000, 0x000000070c200000| Untracked 
|  18|0x000000070c400000, 0x000000070c600000, 0x000000070c600000|100%| O|  |TAMS 0x000000070c400000, 0x000000070c400000| Untracked 
|  19|0x000000070c600000, 0x000000070c800000, 0x000000070c800000|100%| O|  |TAMS 0x000000070c600000, 0x000000070c600000| Untracked 
|  20|0x000000070c800000, 0x000000070ca00000, 0x000000070ca00000|100%| O|  |TAMS 0x000000070c800000, 0x000000070c800000| Untracked 
|  21|0x000000070ca00000, 0x000000070cc00000, 0x000000070cc00000|100%| O|  |TAMS 0x000000070ca00000, 0x000000070ca00000| Untracked 
|  22|0x000000070cc00000, 0x000000070ce00000, 0x000000070ce00000|100%| O|  |TAMS 0x000000070cc00000, 0x000000070cc00000| Untracked 
|  23|0x000000070ce00000, 0x000000070cf8f600, 0x000000070d000000| 78%| O|  |TAMS 0x000000070ce00000, 0x000000070ce00000| Untracked 
|  24|0x000000070d000000, 0x000000070d000000, 0x000000070d200000|  0%| F|  |TAMS 0x000000070d000000, 0x000000070d000000| Untracked 
|  25|0x000000070d200000, 0x000000070d200000, 0x000000070d400000|  0%| F|  |TAMS 0x000000070d200000, 0x000000070d200000| Untracked 
|  26|0x000000070d400000, 0x000000070d400000, 0x000000070d600000|  0%| F|  |TAMS 0x000000070d400000, 0x000000070d400000| Untracked 
|  27|0x000000070d600000, 0x000000070d600000, 0x000000070d800000|  0%| F|  |TAMS 0x000000070d600000, 0x000000070d600000| Untracked 
|  28|0x000000070d800000, 0x000000070d800000, 0x000000070da00000|  0%| F|  |TAMS 0x000000070d800000, 0x000000070d800000| Untracked 
|  29|0x000000070da00000, 0x000000070da00000, 0x000000070dc00000|  0%| F|  |TAMS 0x000000070da00000, 0x000000070da00000| Untracked 
|  30|0x000000070dc00000, 0x000000070dc00000, 0x000000070de00000|  0%| F|  |TAMS 0x000000070dc00000, 0x000000070dc00000| Untracked 
|  31|0x000000070de00000, 0x000000070de00000, 0x000000070e000000|  0%| F|  |TAMS 0x000000070de00000, 0x000000070de00000| Untracked 
|  32|0x000000070e000000, 0x000000070e000000, 0x000000070e200000|  0%| F|  |TAMS 0x000000070e000000, 0x000000070e000000| Untracked 
|  33|0x000000070e200000, 0x000000070e2feae0, 0x000000070e400000| 49%| S|CS|TAMS 0x000000070e200000, 0x000000070e200000| Complete 
|  34|0x000000070e400000, 0x000000070e400000, 0x000000070e600000|  0%| F|  |TAMS 0x000000070e400000, 0x000000070e400000| Untracked 
|  35|0x000000070e600000, 0x000000070e600000, 0x000000070e800000|  0%| F|  |TAMS 0x000000070e600000, 0x000000070e600000| Untracked 
|  36|0x000000070e800000, 0x000000070e800000, 0x000000070ea00000|  0%| F|  |TAMS 0x000000070e800000, 0x000000070e800000| Untracked 
|  37|0x000000070ea00000, 0x000000070ec00000, 0x000000070ec00000|100%| S|CS|TAMS 0x000000070ea00000, 0x000000070ea00000| Complete 
|  38|0x000000070ec00000, 0x000000070ee00000, 0x000000070ee00000|100%| S|CS|TAMS 0x000000070ec00000, 0x000000070ec00000| Complete 
|  39|0x000000070ee00000, 0x000000070ee00000, 0x000000070f000000|  0%| F|  |TAMS 0x000000070ee00000, 0x000000070ee00000| Untracked 
|  40|0x000000070f000000, 0x000000070f000000, 0x000000070f200000|  0%| F|  |TAMS 0x000000070f000000, 0x000000070f000000| Untracked 
|  41|0x000000070f200000, 0x000000070f200000, 0x000000070f400000|  0%| F|  |TAMS 0x000000070f200000, 0x000000070f200000| Untracked 
|  42|0x000000070f400000, 0x000000070f400000, 0x000000070f600000|  0%| F|  |TAMS 0x000000070f400000, 0x000000070f400000| Untracked 
|  43|0x000000070f600000, 0x000000070f600000, 0x000000070f800000|  0%| F|  |TAMS 0x000000070f600000, 0x000000070f600000| Untracked 
|  44|0x000000070f800000, 0x000000070f800000, 0x000000070fa00000|  0%| F|  |TAMS 0x000000070f800000, 0x000000070f800000| Untracked 
|  45|0x000000070fa00000, 0x000000070fa00000, 0x000000070fc00000|  0%| F|  |TAMS 0x000000070fa00000, 0x000000070fa00000| Untracked 
|  46|0x000000070fc00000, 0x000000070fc00000, 0x000000070fe00000|  0%| F|  |TAMS 0x000000070fc00000, 0x000000070fc00000| Untracked 
|  47|0x000000070fe00000, 0x000000070fe00000, 0x0000000710000000|  0%| F|  |TAMS 0x000000070fe00000, 0x000000070fe00000| Untracked 
|  48|0x0000000710000000, 0x0000000710000000, 0x0000000710200000|  0%| F|  |TAMS 0x0000000710000000, 0x0000000710000000| Untracked 
|  49|0x0000000710200000, 0x0000000710200000, 0x0000000710400000|  0%| F|  |TAMS 0x0000000710200000, 0x0000000710200000| Untracked 
|  50|0x0000000710400000, 0x0000000710400000, 0x0000000710600000|  0%| F|  |TAMS 0x0000000710400000, 0x0000000710400000| Untracked 
|  51|0x0000000710600000, 0x0000000710600000, 0x0000000710800000|  0%| F|  |TAMS 0x0000000710600000, 0x0000000710600000| Untracked 
|  52|0x0000000710800000, 0x0000000710800000, 0x0000000710a00000|  0%| F|  |TAMS 0x0000000710800000, 0x0000000710800000| Untracked 
|  53|0x0000000710a00000, 0x0000000710a00000, 0x0000000710c00000|  0%| F|  |TAMS 0x0000000710a00000, 0x0000000710a00000| Untracked 
|  54|0x0000000710c00000, 0x0000000710c00000, 0x0000000710e00000|  0%| F|  |TAMS 0x0000000710c00000, 0x0000000710c00000| Untracked 
|  55|0x0000000710e00000, 0x0000000710e00000, 0x0000000711000000|  0%| F|  |TAMS 0x0000000710e00000, 0x0000000710e00000| Untracked 
|  56|0x0000000711000000, 0x0000000711000000, 0x0000000711200000|  0%| F|  |TAMS 0x0000000711000000, 0x0000000711000000| Untracked 
|  57|0x0000000711200000, 0x0000000711200000, 0x0000000711400000|  0%| F|  |TAMS 0x0000000711200000, 0x0000000711200000| Untracked 
|  58|0x0000000711400000, 0x0000000711400000, 0x0000000711600000|  0%| F|  |TAMS 0x0000000711400000, 0x0000000711400000| Untracked 
|  59|0x0000000711600000, 0x0000000711600000, 0x0000000711800000|  0%| F|  |TAMS 0x0000000711600000, 0x0000000711600000| Untracked 
|  60|0x0000000711800000, 0x0000000711800000, 0x0000000711a00000|  0%| F|  |TAMS 0x0000000711800000, 0x0000000711800000| Untracked 
|  61|0x0000000711a00000, 0x0000000711a00000, 0x0000000711c00000|  0%| F|  |TAMS 0x0000000711a00000, 0x0000000711a00000| Untracked 
|  62|0x0000000711c00000, 0x0000000711c00000, 0x0000000711e00000|  0%| F|  |TAMS 0x0000000711c00000, 0x0000000711c00000| Untracked 
|  63|0x0000000711e00000, 0x0000000711e00000, 0x0000000712000000|  0%| F|  |TAMS 0x0000000711e00000, 0x0000000711e00000| Untracked 
|  64|0x0000000712000000, 0x0000000712000000, 0x0000000712200000|  0%| F|  |TAMS 0x0000000712000000, 0x0000000712000000| Untracked 
|  65|0x0000000712200000, 0x0000000712200000, 0x0000000712400000|  0%| F|  |TAMS 0x0000000712200000, 0x0000000712200000| Untracked 
|  66|0x0000000712400000, 0x0000000712400000, 0x0000000712600000|  0%| F|  |TAMS 0x0000000712400000, 0x0000000712400000| Untracked 
|  67|0x0000000712600000, 0x0000000712600000, 0x0000000712800000|  0%| F|  |TAMS 0x0000000712600000, 0x0000000712600000| Untracked 
|  68|0x0000000712800000, 0x0000000712800000, 0x0000000712a00000|  0%| F|  |TAMS 0x0000000712800000, 0x0000000712800000| Untracked 
|  69|0x0000000712a00000, 0x0000000712a00000, 0x0000000712c00000|  0%| F|  |TAMS 0x0000000712a00000, 0x0000000712a00000| Untracked 
|  70|0x0000000712c00000, 0x0000000712c00000, 0x0000000712e00000|  0%| F|  |TAMS 0x0000000712c00000, 0x0000000712c00000| Untracked 
|  71|0x0000000712e00000, 0x0000000712e00000, 0x0000000713000000|  0%| F|  |TAMS 0x0000000712e00000, 0x0000000712e00000| Untracked 
|  72|0x0000000713000000, 0x0000000713000000, 0x0000000713200000|  0%| F|  |TAMS 0x0000000713000000, 0x0000000713000000| Untracked 
|  73|0x0000000713200000, 0x0000000713200000, 0x0000000713400000|  0%| F|  |TAMS 0x0000000713200000, 0x0000000713200000| Untracked 
|  74|0x0000000713400000, 0x0000000713400000, 0x0000000713600000|  0%| F|  |TAMS 0x0000000713400000, 0x0000000713400000| Untracked 
|  75|0x0000000713600000, 0x0000000713600000, 0x0000000713800000|  0%| F|  |TAMS 0x0000000713600000, 0x0000000713600000| Untracked 
|  76|0x0000000713800000, 0x0000000713800000, 0x0000000713a00000|  0%| F|  |TAMS 0x0000000713800000, 0x0000000713800000| Untracked 
|  77|0x0000000713a00000, 0x0000000713a00000, 0x0000000713c00000|  0%| F|  |TAMS 0x0000000713a00000, 0x0000000713a00000| Untracked 
|  78|0x0000000713c00000, 0x0000000713c00000, 0x0000000713e00000|  0%| F|  |TAMS 0x0000000713c00000, 0x0000000713c00000| Untracked 
|  79|0x0000000713e00000, 0x0000000713e00000, 0x0000000714000000|  0%| F|  |TAMS 0x0000000713e00000, 0x0000000713e00000| Untracked 
|  80|0x0000000714000000, 0x0000000714000000, 0x0000000714200000|  0%| F|  |TAMS 0x0000000714000000, 0x0000000714000000| Untracked 
|  81|0x0000000714200000, 0x0000000714200000, 0x0000000714400000|  0%| F|  |TAMS 0x0000000714200000, 0x0000000714200000| Untracked 
|  82|0x0000000714400000, 0x0000000714400000, 0x0000000714600000|  0%| F|  |TAMS 0x0000000714400000, 0x0000000714400000| Untracked 
|  83|0x0000000714600000, 0x0000000714600000, 0x0000000714800000|  0%| F|  |TAMS 0x0000000714600000, 0x0000000714600000| Untracked 
|  84|0x0000000714800000, 0x0000000714800000, 0x0000000714a00000|  0%| F|  |TAMS 0x0000000714800000, 0x0000000714800000| Untracked 
|  85|0x0000000714a00000, 0x0000000714a00000, 0x0000000714c00000|  0%| F|  |TAMS 0x0000000714a00000, 0x0000000714a00000| Untracked 
|  86|0x0000000714c00000, 0x0000000714c00000, 0x0000000714e00000|  0%| F|  |TAMS 0x0000000714c00000, 0x0000000714c00000| Untracked 
|  87|0x0000000714e00000, 0x0000000714e00000, 0x0000000715000000|  0%| F|  |TAMS 0x0000000714e00000, 0x0000000714e00000| Untracked 
|  88|0x0000000715000000, 0x0000000715000000, 0x0000000715200000|  0%| F|  |TAMS 0x0000000715000000, 0x0000000715000000| Untracked 
|  89|0x0000000715200000, 0x0000000715200000, 0x0000000715400000|  0%| F|  |TAMS 0x0000000715200000, 0x0000000715200000| Untracked 
|  90|0x0000000715400000, 0x0000000715400000, 0x0000000715600000|  0%| F|  |TAMS 0x0000000715400000, 0x0000000715400000| Untracked 
|  91|0x0000000715600000, 0x0000000715600000, 0x0000000715800000|  0%| F|  |TAMS 0x0000000715600000, 0x0000000715600000| Untracked 
|  92|0x0000000715800000, 0x0000000715800000, 0x0000000715a00000|  0%| F|  |TAMS 0x0000000715800000, 0x0000000715800000| Untracked 
|  93|0x0000000715a00000, 0x0000000715a00000, 0x0000000715c00000|  0%| F|  |TAMS 0x0000000715a00000, 0x0000000715a00000| Untracked 
|  94|0x0000000715c00000, 0x0000000715c00000, 0x0000000715e00000|  0%| F|  |TAMS 0x0000000715c00000, 0x0000000715c00000| Untracked 
|  95|0x0000000715e00000, 0x0000000715e00000, 0x0000000716000000|  0%| F|  |TAMS 0x0000000715e00000, 0x0000000715e00000| Untracked 
|  96|0x0000000716000000, 0x0000000716000000, 0x0000000716200000|  0%| F|  |TAMS 0x0000000716000000, 0x0000000716000000| Untracked 
|  97|0x0000000716200000, 0x0000000716200000, 0x0000000716400000|  0%| F|  |TAMS 0x0000000716200000, 0x0000000716200000| Untracked 
|  98|0x0000000716400000, 0x0000000716400000, 0x0000000716600000|  0%| F|  |TAMS 0x0000000716400000, 0x0000000716400000| Untracked 
|  99|0x0000000716600000, 0x0000000716600000, 0x0000000716800000|  0%| F|  |TAMS 0x0000000716600000, 0x0000000716600000| Untracked 
| 100|0x0000000716800000, 0x0000000716800000, 0x0000000716a00000|  0%| F|  |TAMS 0x0000000716800000, 0x0000000716800000| Untracked 
| 101|0x0000000716a00000, 0x0000000716a00000, 0x0000000716c00000|  0%| F|  |TAMS 0x0000000716a00000, 0x0000000716a00000| Untracked 
| 122|0x0000000719400000, 0x0000000719400000, 0x0000000719600000|  0%| F|  |TAMS 0x0000000719400000, 0x0000000719400000| Untracked 

Card table byte_map: [0x00000293bfba0000,0x00000293c0350000] _byte_map_base: 0x00000293bc350000

Marking Bits (Prev, Next): (CMBitMap*) 0x00000293a86560d0, (CMBitMap*) 0x00000293a8656110
 Prev Bits: [0x00000293c0b00000, 0x00000293c4880000)
 Next Bits: [0x00000293c4880000, 0x00000293c8600000)

Polling page: 0x00000293a6520000

Metaspace:

Usage:
  Non-class:     47.80 MB used.
      Class:      6.23 MB used.
       Both:     54.03 MB used.

Virtual space:
  Non-class space:       64.00 MB reserved,      47.94 MB ( 75%) committed,  1 nodes.
      Class space:        1.00 GB reserved,       6.31 MB ( <1%) committed,  1 nodes.
             Both:        1.06 GB reserved,      54.25 MB (  5%) committed. 

Chunk freelists:
   Non-Class:  14.84 MB
       Class:  9.69 MB
        Both:  24.53 MB

MaxMetaspaceSize: unlimited
CompressedClassSpaceSize: 1.00 GB
Initial GC threshold: 21.00 MB
Current GC threshold: 59.00 MB
CDS: on
MetaspaceReclaimPolicy: balanced
 - commit_granule_bytes: 65536.
 - commit_granule_words: 8192.
 - virtual_space_node_default_size: 8388608.
 - enlarge_chunks_in_place: 1.
 - new_chunks_are_fully_committed: 0.
 - uncommit_free_chunks: 1.
 - use_allocation_guard: 0.
 - handle_deallocations: 1.


Internal statistics:

num_allocs_failed_limit: 6.
num_arena_births: 192.
num_arena_deaths: 0.
num_vsnodes_births: 2.
num_vsnodes_deaths: 0.
num_space_committed: 866.
num_space_uncommitted: 0.
num_chunks_returned_to_freelist: 6.
num_chunks_taken_from_freelist: 2050.
num_chunk_merges: 6.
num_chunk_splits: 1760.
num_chunks_enlarged: 1619.
num_inconsistent_stats: 0.

CodeHeap 'non-profiled nmethods': size=120000Kb used=3400Kb max_used=3400Kb free=116599Kb
 bounds [0x00000293b7960000, 0x00000293b7cc0000, 0x00000293bee90000]
CodeHeap 'profiled nmethods': size=120000Kb used=14818Kb max_used=14818Kb free=105181Kb
 bounds [0x00000293afe90000, 0x00000293b0d10000, 0x00000293b73c0000]
CodeHeap 'non-nmethods': size=5760Kb used=1360Kb max_used=1424Kb free=4399Kb
 bounds [0x00000293b73c0000, 0x00000293b7630000, 0x00000293b7960000]
 total_blobs=6618 nmethods=5931 adapters=598
 compilation: enabled
              stopped_count=0, restarted_count=0
 full_count=0

Compilation events (20 events):
Event: 5.395 Thread 0x00000293cb2a96d0 nmethod 6736 0x00000293b0cf5710 code [0x00000293b0cf5a40, 0x00000293b0cf6cf8]
Event: 5.395 Thread 0x00000293cb2a96d0 6737       3       org.jetbrains.kotlin.backend.common.lower.DefaultArgumentStubGenerator::transformFlat (24 bytes)
Event: 5.396 Thread 0x00000293cb2a96d0 nmethod 6737 0x00000293b0cf7310 code [0x00000293b0cf7540, 0x00000293b0cf7d88]
Event: 5.396 Thread 0x00000293cb2a96d0 6738       3       org.jetbrains.kotlin.backend.common.DefaultDelegateFactory$newMappingImpl$1::get (17 bytes)
Event: 5.396 Thread 0x00000293cb2a96d0 nmethod 6738 0x00000293b0cf8010 code [0x00000293b0cf8220, 0x00000293b0cf88a8]
Event: 5.396 Thread 0x00000293cb2a96d0 6739       3       org.jetbrains.kotlin.backend.jvm.lower.JvmDefaultArgumentStubGenerator::defaultArgumentStubVisibility (11 bytes)
Event: 5.396 Thread 0x00000293cb2a96d0 nmethod 6739 0x00000293b0cf8b10 code [0x00000293b0cf8d20, 0x00000293b0cf92e8]
Event: 5.396 Thread 0x00000293cb2a96d0 6741       3       org.jetbrains.kotlin.ir.util.IrUtilsKt::copyAnnotations (260 bytes)
Event: 5.397 Thread 0x00000293cb2a96d0 nmethod 6741 0x00000293b0cf9590 code [0x00000293b0cf99e0, 0x00000293b0cfbd78]
Event: 5.397 Thread 0x00000293cb2a96d0 6744       3       org.jetbrains.kotlin.backend.common.lower.DefaultArgumentFunctionFactory::generateDefaultsFunction (704 bytes)
Event: 5.399 Thread 0x00000293cb2a96d0 nmethod 6744 0x00000293b0cfcb10 code [0x00000293b0cfd460, 0x00000293b0d034a8]
Event: 5.399 Thread 0x00000293cb2a96d0 6743       3       org.jetbrains.kotlin.backend.common.lower.DefaultArgumentStubGenerator::lower (90 bytes)
Event: 5.399 Thread 0x00000293cb2a96d0 nmethod 6743 0x00000293b0d05510 code [0x00000293b0d05840, 0x00000293b0d06d38]
Event: 5.399 Thread 0x00000293cb2a96d0 6740       3       org.jetbrains.kotlin.ir.expressions.IrExpressionsKt::checkArgumentSlotAccess (145 bytes)
Event: 5.400 Thread 0x00000293cbe582f0 nmethod 6713 0x00000293b7caf710 code [0x00000293b7cafa00, 0x00000293b7cb0f90]
Event: 5.400 Thread 0x00000293cbe582f0 6712       4       org.jetbrains.kotlin.ir.util.TypeTranslator::leaveScope (36 bytes)
Event: 5.400 Thread 0x00000293cb2a96d0 nmethod 6740 0x00000293b0d07410 code [0x00000293b0d078e0, 0x00000293b0d09798]
Event: 5.400 Thread 0x00000293cb2a96d0 6742       3       java.util.ArrayDeque::push (6 bytes)
Event: 5.401 Thread 0x00000293cb2a96d0 nmethod 6742 0x00000293b0d0a290 code [0x00000293b0d0a420, 0x00000293b0d0a568]
Event: 5.401 Thread 0x00000293cb2a96d0 6745       3       org.jetbrains.kotlin.backend.jvm.ir.JvmIrInlineUtilsKt::isInlineOnly (98 bytes)

GC Heap History (20 events):
Event: 2.315 GC heap after
{Heap after GC invocations=2 (full 0):
 garbage-first heap   total 251904K, used 12613K [0x000000070a000000, 0x0000000800000000)
  region size 2048K, 2 young (4096K), 2 survivors (4096K)
 Metaspace       used 16339K, committed 16640K, reserved 1114112K
  class space    used 2198K, committed 2304K, reserved 1048576K
}
Event: 2.685 GC heap before
{Heap before GC invocations=2 (full 0):
 garbage-first heap   total 251904K, used 51525K [0x000000070a000000, 0x0000000800000000)
  region size 2048K, 21 young (43008K), 2 survivors (4096K)
 Metaspace       used 21328K, committed 21504K, reserved 1114112K
  class space    used 2946K, committed 3008K, reserved 1048576K
}
Event: 2.695 GC heap after
{Heap after GC invocations=3 (full 0):
 garbage-first heap   total 251904K, used 19606K [0x000000070a000000, 0x0000000800000000)
  region size 2048K, 5 young (10240K), 5 survivors (10240K)
 Metaspace       used 21328K, committed 21504K, reserved 1114112K
  class space    used 2946K, committed 3008K, reserved 1048576K
}
Event: 3.019 GC heap before
{Heap before GC invocations=4 (full 0):
 garbage-first heap   total 75776K, used 58518K [0x000000070a000000, 0x0000000800000000)
  region size 2048K, 23 young (47104K), 5 survivors (10240K)
 Metaspace       used 26789K, committed 27008K, reserved 1114112K
  class space    used 3455K, committed 3584K, reserved 1048576K
}
Event: 3.027 GC heap after
{Heap after GC invocations=5 (full 0):
 garbage-first heap   total 75776K, used 22619K [0x000000070a000000, 0x0000000800000000)
  region size 2048K, 3 young (6144K), 3 survivors (6144K)
 Metaspace       used 26789K, committed 27008K, reserved 1114112K
  class space    used 3455K, committed 3584K, reserved 1048576K
}
Event: 3.048 GC heap before
{Heap before GC invocations=5 (full 0):
 garbage-first heap   total 75776K, used 24667K [0x000000070a000000, 0x0000000800000000)
  region size 2048K, 4 young (8192K), 3 survivors (6144K)
 Metaspace       used 27169K, committed 27392K, reserved 1114112K
  class space    used 3497K, committed 3584K, reserved 1048576K
}
Event: 3.052 GC heap after
{Heap after GC invocations=6 (full 0):
 garbage-first heap   total 75776K, used 23630K [0x000000070a000000, 0x0000000800000000)
  region size 2048K, 1 young (2048K), 1 survivors (2048K)
 Metaspace       used 27169K, committed 27392K, reserved 1114112K
  class space    used 3497K, committed 3584K, reserved 1048576K
}
Event: 3.379 GC heap before
{Heap before GC invocations=6 (full 0):
 garbage-first heap   total 75776K, used 54350K [0x000000070a000000, 0x0000000800000000)
  region size 2048K, 15 young (30720K), 1 survivors (2048K)
 Metaspace       used 32974K, committed 33216K, reserved 1114112K
  class space    used 4155K, committed 4288K, reserved 1048576K
}
Event: 3.385 GC heap after
{Heap after GC invocations=7 (full 0):
 garbage-first heap   total 75776K, used 27695K [0x000000070a000000, 0x0000000800000000)
  region size 2048K, 2 young (4096K), 2 survivors (4096K)
 Metaspace       used 32974K, committed 33216K, reserved 1114112K
  class space    used 4155K, committed 4288K, reserved 1048576K
}
Event: 3.459 GC heap before
{Heap before GC invocations=7 (full 0):
 garbage-first heap   total 75776K, used 54319K [0x000000070a000000, 0x0000000800000000)
  region size 2048K, 15 young (30720K), 2 survivors (4096K)
 Metaspace       used 33156K, committed 33408K, reserved 1114112K
  class space    used 4155K, committed 4288K, reserved 1048576K
}
Event: 3.464 GC heap after
{Heap after GC invocations=8 (full 0):
 garbage-first heap   total 122880K, used 30642K [0x000000070a000000, 0x0000000800000000)
  region size 2048K, 2 young (4096K), 2 survivors (4096K)
 Metaspace       used 33156K, committed 33408K, reserved 1114112K
  class space    used 4155K, committed 4288K, reserved 1048576K
}
Event: 3.707 GC heap before
{Heap before GC invocations=8 (full 0):
 garbage-first heap   total 122880K, used 63410K [0x000000070a000000, 0x0000000800000000)
  region size 2048K, 20 young (40960K), 2 survivors (4096K)
 Metaspace       used 35887K, committed 36096K, reserved 1114112K
  class space    used 4426K, committed 4544K, reserved 1048576K
}
Event: 3.715 GC heap after
{Heap after GC invocations=9 (full 0):
 garbage-first heap   total 122880K, used 34226K [0x000000070a000000, 0x0000000800000000)
  region size 2048K, 4 young (8192K), 4 survivors (8192K)
 Metaspace       used 35887K, committed 36096K, reserved 1114112K
  class space    used 4426K, committed 4544K, reserved 1048576K
}
Event: 4.357 GC heap before
{Heap before GC invocations=10 (full 0):
 garbage-first heap   total 122880K, used 83378K [0x000000070a000000, 0x0000000800000000)
  region size 2048K, 29 young (59392K), 4 survivors (8192K)
 Metaspace       used 41540K, committed 41728K, reserved 1114112K
  class space    used 5032K, committed 5120K, reserved 1048576K
}
Event: 4.371 GC heap after
{Heap after GC invocations=11 (full 0):
 garbage-first heap   total 122880K, used 41872K [0x000000070a000000, 0x0000000800000000)
  region size 2048K, 4 young (8192K), 4 survivors (8192K)
 Metaspace       used 41540K, committed 41728K, reserved 1114112K
  class space    used 5032K, committed 5120K, reserved 1048576K
}
Event: 4.386 GC heap before
{Heap before GC invocations=11 (full 0):
 garbage-first heap   total 122880K, used 43920K [0x000000070a000000, 0x0000000800000000)
  region size 2048K, 5 young (10240K), 4 survivors (8192K)
 Metaspace       used 41573K, committed 41792K, reserved 1114112K
  class space    used 5035K, committed 5120K, reserved 1048576K
}
Event: 4.393 GC heap after
{Heap after GC invocations=12 (full 0):
 garbage-first heap   total 122880K, used 43286K [0x000000070a000000, 0x0000000800000000)
  region size 2048K, 1 young (2048K), 1 survivors (2048K)
 Metaspace       used 41573K, committed 41792K, reserved 1114112K
  class space    used 5035K, committed 5120K, reserved 1048576K
}
Event: 4.935 GC heap before
{Heap before GC invocations=12 (full 0):
 garbage-first heap   total 122880K, used 88342K [0x000000070a000000, 0x0000000800000000)
  region size 2048K, 23 young (47104K), 1 survivors (2048K)
 Metaspace       used 48488K, committed 48704K, reserved 1114112K
  class space    used 5735K, committed 5824K, reserved 1048576K
}
Event: 4.944 GC heap after
{Heap after GC invocations=13 (full 0):
 garbage-first heap   total 122880K, used 48759K [0x000000070a000000, 0x0000000800000000)
  region size 2048K, 3 young (6144K), 3 survivors (6144K)
 Metaspace       used 48488K, committed 48704K, reserved 1114112K
  class space    used 5735K, committed 5824K, reserved 1048576K
}
Event: 5.401 GC heap before
{Heap before GC invocations=13 (full 0):
 garbage-first heap   total 122880K, used 91767K [0x000000070a000000, 0x0000000800000000)
  region size 2048K, 24 young (49152K), 3 survivors (6144K)
 Metaspace       used 55321K, committed 55552K, reserved 1114112K
  class space    used 6375K, committed 6464K, reserved 1048576K
}

Deoptimization events (20 events):
Event: 5.106 Thread 0x00000293a85eaf80 Uncommon trap: trap_request=0xffffffde fr.pc=0x00000293b7af5698 relative=0x0000000000000558
Event: 5.106 Thread 0x00000293a85eaf80 Uncommon trap: reason=class_check action=maybe_recompile pc=0x00000293b7af5698 method=java.util.regex.Matcher.search(I)Z @ 121 c2
Event: 5.106 Thread 0x00000293a85eaf80 DEOPT PACKING pc=0x00000293b7af5698 sp=0x000000e4473fd960
Event: 5.106 Thread 0x00000293a85eaf80 DEOPT UNPACKING pc=0x00000293b74123a3 sp=0x000000e4473fd898 mode 2
Event: 5.106 Thread 0x00000293a85eaf80 Uncommon trap: trap_request=0xffffffde fr.pc=0x00000293b7af5698 relative=0x0000000000000558
Event: 5.106 Thread 0x00000293a85eaf80 Uncommon trap: reason=class_check action=maybe_recompile pc=0x00000293b7af5698 method=java.util.regex.Matcher.search(I)Z @ 121 c2
Event: 5.106 Thread 0x00000293a85eaf80 DEOPT PACKING pc=0x00000293b7af5698 sp=0x000000e4473fd960
Event: 5.106 Thread 0x00000293a85eaf80 DEOPT UNPACKING pc=0x00000293b74123a3 sp=0x000000e4473fd898 mode 2
Event: 5.106 Thread 0x00000293a85eaf80 Uncommon trap: trap_request=0xffffffde fr.pc=0x00000293b7b29a0c relative=0x000000000000054c
Event: 5.106 Thread 0x00000293a85eaf80 Uncommon trap: reason=class_check action=maybe_recompile pc=0x00000293b7b29a0c method=java.util.regex.Matcher.search(I)Z @ 121 c2
Event: 5.106 Thread 0x00000293a85eaf80 DEOPT PACKING pc=0x00000293b7b29a0c sp=0x000000e4473fd8e0
Event: 5.106 Thread 0x00000293a85eaf80 DEOPT UNPACKING pc=0x00000293b74123a3 sp=0x000000e4473fd890 mode 2
Event: 5.149 Thread 0x00000293a85eaf80 Uncommon trap: trap_request=0xffffffc6 fr.pc=0x00000293b7bb0630 relative=0x0000000000001110
Event: 5.149 Thread 0x00000293a85eaf80 Uncommon trap: reason=bimorphic_or_optimized_type_check action=maybe_recompile pc=0x00000293b7bb0630 method=kotlin.collections.CollectionsKt___CollectionsKt.toList(Ljava/lang/Iterable;)Ljava/util/List; @ 71 c2
Event: 5.149 Thread 0x00000293a85eaf80 DEOPT PACKING pc=0x00000293b7bb0630 sp=0x000000e4473fc760
Event: 5.149 Thread 0x00000293a85eaf80 DEOPT UNPACKING pc=0x00000293b74123a3 sp=0x000000e4473fc730 mode 2
Event: 5.149 Thread 0x00000293a85eaf80 Uncommon trap: trap_request=0xffffffde fr.pc=0x00000293b7aaabf4 relative=0x00000000000000d4
Event: 5.149 Thread 0x00000293a85eaf80 Uncommon trap: reason=class_check action=maybe_recompile pc=0x00000293b7aaabf4 method=java.util.Collections$UnmodifiableCollection$1.next()Ljava/lang/Object; @ 4 c2
Event: 5.149 Thread 0x00000293a85eaf80 DEOPT PACKING pc=0x00000293b7aaabf4 sp=0x000000e4473fc710
Event: 5.149 Thread 0x00000293a85eaf80 DEOPT UNPACKING pc=0x00000293b74123a3 sp=0x000000e4473fc6c0 mode 2

Classes unloaded (0 events):
No events

Classes redefined (0 events):
No events

Internal exceptions (20 events):
Event: 2.181 Thread 0x00000293a85eaf80 Exception <a 'java/lang/NoSuchMethodError'{0x0000000717b233c8}: 'int java.lang.invoke.DirectMethodHandle$Holder.invokeVirtual(java.lang.Object, java.lang.Object)'> (0x0000000717b233c8) 
thrown [s\open\src\hotspot\share\interpreter\linkResolver.cpp, line 759]
Event: 2.197 Thread 0x00000293a85eaf80 Exception <a 'java/lang/NoSuchMethodError'{0x0000000717be3178}: 'java.lang.Object java.lang.invoke.Invokers$Holder.invokeExact_MT(java.lang.Object, java.lang.Object, java.lang.Object, java.lang.Object, java.lang.Object, java.lang.Object)'> (0x0000000717be3178) 
thrown [s\open\src\hotspot\share\interpreter\linkResolver.cpp, line 759]
Event: 2.542 Thread 0x00000293a85eaf80 Implicit null exception at 0x00000293b7984072 to 0x00000293b798464c
Event: 2.635 Thread 0x00000293a85eaf80 Implicit null exception at 0x00000293b798be72 to 0x00000293b798c460
Event: 2.679 Thread 0x00000293a85eaf80 Exception <a 'java/lang/NoSuchMethodError'{0x00000007170dd188}: 'java.lang.Object java.lang.invoke.DirectMethodHandle$Holder.invokeVirtual(java.lang.Object, java.lang.Object, java.lang.Object)'> (0x00000007170dd188) 
thrown [s\open\src\hotspot\share\interpreter\linkResolver.cpp, line 759]
Event: 3.176 Thread 0x00000293a85eaf80 Exception <a 'java/lang/NoSuchMethodError'{0x000000070dd653f8}: 'java.lang.Object java.lang.invoke.DirectMethodHandle$Holder.newInvokeSpecial(java.lang.Object, java.lang.Object, int)'> (0x000000070dd653f8) 
thrown [s\open\src\hotspot\share\interpreter\linkResolver.cpp, line 759]
Event: 3.185 Thread 0x00000293a85eaf80 Implicit null exception at 0x00000293b7a6864c to 0x00000293b7a68734
Event: 3.543 Thread 0x00000293a85eaf80 Exception <a 'java/lang/NoSuchMethodError'{0x000000071080a238}: 'java.lang.Object java.lang.invoke.DirectMethodHandle$Holder.newInvokeSpecial(java.lang.Object, java.lang.Object, java.lang.Object, java.lang.Object, java.lang.Object)'> (0x000000071080a238) 
thrown [s\open\src\hotspot\share\interpreter\linkResolver.cpp, line 759]
Event: 3.718 Thread 0x00000293a85eaf80 Exception <a 'java/lang/NoSuchMethodError'{0x0000000719429048}: 'java.lang.Object java.lang.invoke.DirectMethodHandle$Holder.newInvokeSpecial(java.lang.Object, java.lang.Object, java.lang.Object, int)'> (0x0000000719429048) 
thrown [s\open\src\hotspot\share\interpreter\linkResolver.cpp, line 759]
Event: 3.718 Thread 0x00000293a85eaf80 Exception <a 'java/lang/NoSuchMethodError'{0x000000071942d428}: 'java.lang.Object java.lang.invoke.DirectMethodHandle$Holder.invokeSpecial(java.lang.Object, java.lang.Object, java.lang.Object, java.lang.Object, int)'> (0x000000071942d428) 
thrown [s\open\src\hotspot\share\interpreter\linkResolver.cpp, line 759]
Event: 3.718 Thread 0x00000293a85eaf80 Exception <a 'java/lang/NoSuchMethodError'{0x0000000719430ff0}: 'java.lang.Object java.lang.invoke.Invokers$Holder.linkToTargetMethod(java.lang.Object, java.lang.Object, int, java.lang.Object)'> (0x0000000719430ff0) 
thrown [s\open\src\hotspot\share\interpreter\linkResolver.cpp, line 759]
Event: 3.822 Thread 0x00000293a85eaf80 Exception <a 'java/lang/NoSuchMethodError'{0x00000007166c6420}: 'java.lang.Object java.lang.invoke.DirectMethodHandle$Holder.invokeStatic(java.lang.Object, java.lang.Object, java.lang.Object, java.lang.Object, int)'> (0x00000007166c6420) 
thrown [s\open\src\hotspot\share\interpreter\linkResolver.cpp, line 759]
Event: 3.823 Thread 0x00000293a85eaf80 Exception <a 'java/lang/NoSuchMethodError'{0x00000007166cfd68}: 'java.lang.Object java.lang.invoke.DirectMethodHandle$Holder.newInvokeSpecial(java.lang.Object, java.lang.Object, java.lang.Object, java.lang.Object, int)'> (0x00000007166cfd68) 
thrown [s\open\src\hotspot\share\interpreter\linkResolver.cpp, line 759]
Event: 3.823 Thread 0x00000293a85eaf80 Exception <a 'java/lang/NoSuchMethodError'{0x00000007166d45f0}: 'java.lang.Object java.lang.invoke.DirectMethodHandle$Holder.invokeSpecial(java.lang.Object, java.lang.Object, java.lang.Object, java.lang.Object, java.lang.Object, int)'> (0x00000007166d45f0) 
thrown [s\open\src\hotspot\share\interpreter\linkResolver.cpp, line 759]
Event: 3.823 Thread 0x00000293a85eaf80 Exception <a 'java/lang/NoSuchMethodError'{0x00000007166d8828}: 'java.lang.Object java.lang.invoke.Invokers$Holder.linkToTargetMethod(java.lang.Object, java.lang.Object, java.lang.Object, int, java.lang.Object)'> (0x00000007166d8828) 
thrown [s\open\src\hotspot\share\interpreter\linkResolver.cpp, line 759]
Event: 4.339 Thread 0x00000293a85eaf80 Exception <a 'java/lang/NoSuchMethodError'{0x000000070de7fe28}: 'java.lang.Object java.lang.invoke.DirectMethodHandle$Holder.newInvokeSpecial(java.lang.Object, int, java.lang.Object)'> (0x000000070de7fe28) 
thrown [s\open\src\hotspot\share\interpreter\linkResolver.cpp, line 759]
Event: 4.339 Thread 0x00000293a85eaf80 Exception <a 'java/lang/NoSuchMethodError'{0x000000070de86148}: 'int java.lang.invoke.DirectMethodHandle$Holder.invokeInterface(java.lang.Object, java.lang.Object)'> (0x000000070de86148) 
thrown [s\open\src\hotspot\share\interpreter\linkResolver.cpp, line 759]
Event: 4.456 Thread 0x00000293a85eaf80 Exception <a 'java/lang/NoSuchMethodError'{0x000000071672d798}: 'java.lang.Object java.lang.invoke.DirectMethodHandle$Holder.invokeSpecial(java.lang.Object, java.lang.Object, java.lang.Object, java.lang.Object, java.lang.Object, java.lang.Object, int)'> (0x000000071672d798) 
thrown [s\open\src\hotspot\share\interpreter\linkResolver.cpp, line 759]
Event: 4.457 Thread 0x00000293a85eaf80 Exception <a 'java/lang/NoSuchMethodError'{0x0000000716737088}: 'java.lang.Object java.lang.invoke.DirectMethodHandle$Holder.newInvokeSpecial(java.lang.Object, java.lang.Object, java.lang.Object, java.lang.Object, java.lang.Object, java.lang.Object)'> (0x0000000716737088) 
thrown [s\open\src\hotspot\share\interpreter\linkResolver.cpp, line 759]
Event: 4.462 Thread 0x00000293a85eaf80 Exception <a 'java/lang/NoSuchMethodError'{0x0000000716781a38}: 'int java.lang.invoke.DirectMethodHandle$Holder.invokeStaticInit(java.lang.Object, int)'> (0x0000000716781a38) 
thrown [s\open\src\hotspot\share\interpreter\linkResolver.cpp, line 759]

VM Operations (20 events):
Event: 5.122 Executing VM operation: HandshakeAllThreads done
Event: 5.129 Executing VM operation: HandshakeAllThreads
Event: 5.129 Executing VM operation: HandshakeAllThreads done
Event: 5.166 Executing VM operation: HandshakeAllThreads
Event: 5.166 Executing VM operation: HandshakeAllThreads done
Event: 5.170 Executing VM operation: HandshakeAllThreads
Event: 5.170 Executing VM operation: HandshakeAllThreads done
Event: 5.171 Executing VM operation: HandshakeAllThreads
Event: 5.171 Executing VM operation: HandshakeAllThreads done
Event: 5.171 Executing VM operation: HandshakeAllThreads
Event: 5.171 Executing VM operation: HandshakeAllThreads done
Event: 5.176 Executing VM operation: ICBufferFull
Event: 5.176 Executing VM operation: ICBufferFull done
Event: 5.283 Executing VM operation: ICBufferFull
Event: 5.283 Executing VM operation: ICBufferFull done
Event: 5.317 Executing VM operation: HandshakeAllThreads
Event: 5.317 Executing VM operation: HandshakeAllThreads done
Event: 5.356 Executing VM operation: ICBufferFull
Event: 5.356 Executing VM operation: ICBufferFull done
Event: 5.401 Executing VM operation: G1CollectForAllocation

Events (20 events):
Event: 4.745 Thread 0x00000293cb2ac0f0 flushing nmethod 0x00000293b0a88a90
Event: 4.745 Thread 0x00000293cb2ac0f0 flushing nmethod 0x00000293b0a90e90
Event: 4.745 Thread 0x00000293cb2ac0f0 flushing nmethod 0x00000293b0a97c90
Event: 4.745 Thread 0x00000293cb2ac0f0 flushing nmethod 0x00000293b0ab7e10
Event: 5.175 Thread 0x00000293cb2ac0f0 flushing nmethod 0x00000293b02f1990
Event: 5.176 Thread 0x00000293cb2ac0f0 flushing nmethod 0x00000293b0478910
Event: 5.178 Thread 0x00000293cb2ac0f0 flushing nmethod 0x00000293b0693110
Event: 5.178 Thread 0x00000293cb2ac0f0 flushing nmethod 0x00000293b0777310
Event: 5.178 Thread 0x00000293cb2ac0f0 flushing nmethod 0x00000293b07ebc10
Event: 5.178 Thread 0x00000293cb2ac0f0 flushing nmethod 0x00000293b07f8990
Event: 5.179 Thread 0x00000293cb2ac0f0 flushing nmethod 0x00000293b081c590
Event: 5.179 Thread 0x00000293cb2ac0f0 flushing nmethod 0x00000293b083db90
Event: 5.179 Thread 0x00000293cb2ac0f0 flushing nmethod 0x00000293b08cca90
Event: 5.179 Thread 0x00000293cb2ac0f0 flushing nmethod 0x00000293b0916390
Event: 5.179 Thread 0x00000293cb2ac0f0 flushing nmethod 0x00000293b096f890
Event: 5.179 Thread 0x00000293cb2ac0f0 flushing nmethod 0x00000293b0989110
Event: 5.179 Thread 0x00000293cb2ac0f0 flushing nmethod 0x00000293b09bb590
Event: 5.179 Thread 0x00000293cb2ac0f0 flushing nmethod 0x00000293b09c0a90
Event: 5.179 Thread 0x00000293cb2ac0f0 flushing nmethod 0x00000293b09e1e10
Event: 5.180 Thread 0x00000293cb2ac0f0 flushing nmethod 0x00000293b0b31d10


Dynamic libraries:
0x00007ff6edff0000 - 0x00007ff6ee000000 	C:\Program Files\Java\jdk-17\bin\java.exe
0x00007ffa98190000 - 0x00007ffa983a7000 	C:\WINDOWS\SYSTEM32\ntdll.dll
0x00007ffa96a20000 - 0x00007ffa96ae4000 	C:\WINDOWS\System32\KERNEL32.DLL
0x00007ffa95720000 - 0x00007ffa95ac7000 	C:\WINDOWS\System32\KERNELBASE.dll
0x00007ffa95c60000 - 0x00007ffa95d71000 	C:\WINDOWS\System32\ucrtbase.dll
0x00007ffa86210000 - 0x00007ffa86229000 	C:\Program Files\Java\jdk-17\bin\jli.dll
0x00007ffa86230000 - 0x00007ffa8624b000 	C:\Program Files\Java\jdk-17\bin\VCRUNTIME140.dll
0x00007ffa96970000 - 0x00007ffa96a20000 	C:\WINDOWS\System32\ADVAPI32.dll
0x00007ffa96680000 - 0x00007ffa96727000 	C:\WINDOWS\System32\msvcrt.dll
0x00007ffa97ec0000 - 0x00007ffa97f66000 	C:\WINDOWS\System32\sechost.dll
0x00007ffa96000000 - 0x00007ffa96117000 	C:\WINDOWS\System32\RPCRT4.dll
0x00007ffa97cb0000 - 0x00007ffa97e5e000 	C:\WINDOWS\System32\USER32.dll
0x00007ffa95ec0000 - 0x00007ffa95ee6000 	C:\WINDOWS\System32\win32u.dll
0x00007ffa7e650000 - 0x00007ffa7e8e3000 	C:\WINDOWS\WinSxS\amd64_microsoft.windows.common-controls_6595b64144ccf1df_6.0.22621.2506_none_270c5ae97388e100\COMCTL32.dll
0x00007ffa95ef0000 - 0x00007ffa95f19000 	C:\WINDOWS\System32\GDI32.dll
0x00007ffa95ad0000 - 0x00007ffa95be9000 	C:\WINDOWS\System32\gdi32full.dll
0x00007ffa95680000 - 0x00007ffa9571a000 	C:\WINDOWS\System32\msvcp_win.dll
0x00007ffa8eb60000 - 0x00007ffa8eb6a000 	C:\WINDOWS\SYSTEM32\VERSION.dll
0x00007ffa96790000 - 0x00007ffa967c1000 	C:\WINDOWS\System32\IMM32.DLL
0x00007ffa8ef30000 - 0x00007ffa8ef3c000 	C:\Program Files\Java\jdk-17\bin\vcruntime140_1.dll
0x00007ffa7d890000 - 0x00007ffa7d91e000 	C:\Program Files\Java\jdk-17\bin\msvcp140.dll
0x00007ffa62610000 - 0x00007ffa631f1000 	C:\Program Files\Java\jdk-17\bin\server\jvm.dll
0x00007ffa96120000 - 0x00007ffa96128000 	C:\WINDOWS\System32\PSAPI.DLL
0x00007ffa8e620000 - 0x00007ffa8e654000 	C:\WINDOWS\SYSTEM32\WINMM.dll
0x00007ffa92820000 - 0x00007ffa92829000 	C:\WINDOWS\SYSTEM32\WSOCK32.dll
0x00007ffa970b0000 - 0x00007ffa97121000 	C:\WINDOWS\System32\WS2_32.dll
0x00007ffa944b0000 - 0x00007ffa944c8000 	C:\WINDOWS\SYSTEM32\kernel.appcore.dll
0x00007ffa86300000 - 0x00007ffa8630a000 	C:\Program Files\Java\jdk-17\bin\jimage.dll
0x00007ffa8c490000 - 0x00007ffa8c6c3000 	C:\WINDOWS\SYSTEM32\DBGHELP.DLL
0x00007ffa962f0000 - 0x00007ffa96679000 	C:\WINDOWS\System32\combase.dll
0x00007ffa95f20000 - 0x00007ffa95ff7000 	C:\WINDOWS\System32\OLEAUT32.dll
0x00007ffa83380000 - 0x00007ffa833b2000 	C:\WINDOWS\SYSTEM32\dbgcore.DLL
0x00007ffa95e40000 - 0x00007ffa95eba000 	C:\WINDOWS\System32\bcryptPrimitives.dll
0x00007ffa85530000 - 0x00007ffa85555000 	C:\Program Files\Java\jdk-17\bin\java.dll
0x00007ffa67fa0000 - 0x00007ffa68077000 	C:\Program Files\Java\jdk-17\bin\jsvml.dll
0x00007ffa97130000 - 0x00007ffa97989000 	C:\WINDOWS\System32\SHELL32.dll
0x00007ffa93430000 - 0x00007ffa93d24000 	C:\WINDOWS\SYSTEM32\windows.storage.dll
0x00007ffa932f0000 - 0x00007ffa9342e000 	C:\WINDOWS\SYSTEM32\wintypes.dll
0x00007ffa979a0000 - 0x00007ffa97a93000 	C:\WINDOWS\System32\SHCORE.dll
0x00007ffa96730000 - 0x00007ffa9678e000 	C:\WINDOWS\System32\shlwapi.dll
0x00007ffa95440000 - 0x00007ffa95466000 	C:\WINDOWS\SYSTEM32\profapi.dll
0x00007ffa85600000 - 0x00007ffa85619000 	C:\Program Files\Java\jdk-17\bin\net.dll
0x00007ffa8dcf0000 - 0x00007ffa8de27000 	C:\WINDOWS\SYSTEM32\WINHTTP.dll
0x00007ffa94990000 - 0x00007ffa949f9000 	C:\WINDOWS\system32\mswsock.dll
0x00007ffa85510000 - 0x00007ffa85526000 	C:\Program Files\Java\jdk-17\bin\nio.dll
0x00007ffa854f0000 - 0x00007ffa85508000 	C:\Program Files\Java\jdk-17\bin\zip.dll
0x00007ffa86200000 - 0x00007ffa86210000 	C:\Program Files\Java\jdk-17\bin\verify.dll

dbghelp: loaded successfully - version: 4.0.5 - missing functions: none
symbol engine: initialized successfully - sym options: 0x614 - pdb path: .;C:\Program Files\Java\jdk-17\bin;C:\WINDOWS\SYSTEM32;C:\WINDOWS\WinSxS\amd64_microsoft.windows.common-controls_6595b64144ccf1df_6.0.22621.2506_none_270c5ae97388e100;C:\Program Files\Java\jdk-17\bin\server

VM Arguments:
java_command: org.jetbrains.kotlin.cli.jvm.K2JVMCompiler @D:\Programs\Android\CypherMessage\app\build\20231114_17268021062341986732.compiler.options
java_class_path (initial): C:\Users\PC\.gradle\caches\modules-2\files-2.1\org.jetbrains.kotlin\kotlin-compiler-embeddable\1.9.20\b44d2f7d8c1c67c0ed66d40e57e52623ca753db7\kotlin-compiler-embeddable-1.9.20.jar;C:\Users\PC\.gradle\caches\modules-2\files-2.1\org.jetbrains.kotlin\kotlin-stdlib\1.9.20\e58b4816ac517e9cc5df1db051120c63d4cde669\kotlin-stdlib-1.9.20.jar;C:\Users\PC\.gradle\caches\modules-2\files-2.1\org.jetbrains.kotlin\kotlin-script-runtime\1.9.20\6fdfef711b8e07f1a4d0979a60acd7bc8a800777\kotlin-script-runtime-1.9.20.jar;C:\Users\PC\.gradle\caches\modules-2\files-2.1\org.jetbrains.kotlin\kotlin-reflect\1.6.10\1cbe9c92c12a94eea200d23c2bbaedaf3daf5132\kotlin-reflect-1.6.10.jar;C:\Users\PC\.gradle\caches\modules-2\files-2.1\org.jetbrains.kotlin\kotlin-daemon-embeddable\1.9.20\a2a6b491bc53049e2f1af33245481db49034ba52\kotlin-daemon-embeddable-1.9.20.jar;C:\Users\PC\.gradle\caches\modules-2\files-2.1\org.jetbrains.intellij.deps\trove4j\1.0.20200330\3afb14d5f9ceb459d724e907a21145e8ff394f02\trove4j-1.0.20200330.jar;C:\Users\PC\.gradle\caches\modules-2\files-2.1\org.jetbrains\annotations\13.0\919f0dfe192fb4e063e7dacadee7f8bb9a2672a9\annotations-13.0.jar
Launcher Type: SUN_STANDARD

[Global flags]
     intx CICompilerCount                          = 4                                         {product} {ergonomic}
     uint ConcGCThreads                            = 3                                         {product} {ergonomic}
     uint G1ConcRefinementThreads                  = 10                                        {product} {ergonomic}
   size_t G1HeapRegionSize                         = 2097152                                   {product} {ergonomic}
    uintx GCDrainStackTargetSize                   = 64                                        {product} {ergonomic}
   size_t InitialHeapSize                          = 257949696                                 {product} {ergonomic}
   size_t MarkStackSize                            = 4194304                                   {product} {ergonomic}
   size_t MaxHeapSize                              = 4127195136                                {product} {ergonomic}
   size_t MaxNewSize                               = 2474639360                                {product} {ergonomic}
   size_t MinHeapDeltaBytes                        = 2097152                                   {product} {ergonomic}
   size_t MinHeapSize                              = 8388608                                   {product} {ergonomic}
    uintx NonNMethodCodeHeapSize                   = 5839372                                {pd product} {ergonomic}
    uintx NonProfiledCodeHeapSize                  = 122909434                              {pd product} {ergonomic}
    uintx ProfiledCodeHeapSize                     = 122909434                              {pd product} {ergonomic}
    uintx ReservedCodeCacheSize                    = 251658240                              {pd product} {ergonomic}
     bool SegmentedCodeCache                       = true                                      {product} {ergonomic}
   size_t SoftMaxHeapSize                          = 4127195136                             {manageable} {ergonomic}
     bool UseCompressedClassPointers               = true                           {product lp64_product} {ergonomic}
     bool UseCompressedOops                        = true                           {product lp64_product} {ergonomic}
     bool UseG1GC                                  = true                                      {product} {ergonomic}
     bool UseLargePagesIndividualAllocation        = false                                  {pd product} {ergonomic}

Logging:
Log output configuration:
 #0: stdout all=warning uptime,level,tags
 #1: stderr all=off uptime,level,tags

Environment Variables:
JAVA_HOME=C:\Program Files\Java\jdk-17\bin
PATH=C:\Program Files\Common Files\Oracle\Java\javapath;C:\Program Files (x86)\Common Files\Oracle\Java\javapath;C:\Program Files (x86)\Common Files\Intel\Shared Libraries\redist\intel64\compiler;C:\WINDOWS\system32;C:\WINDOWS;C:\WINDOWS\System32\Wbem;C:\WINDOWS\System32\WindowsPowerShell\v1.0\;C:\WINDOWS\System32\OpenSSH\;C:\ProgramData\chocolatey\bin;C:\Program Files\Git\cmd;C:\Program Files\Java\jdk-21\bin;C:\Program Files\Java\jre-1.8\bin;C:\Users\PC\AppData\Roaming\nvm;C:\Program Files\nodejs;C:\Users\PC\AppData\Local\Programs\Python\Python312;C:\Users\PC\AppData\Local\Programs\Python\Python312\Scripts;C:\Users\PC\.cargo\bin;C:\Users\PC\AppData\Local\Microsoft\WindowsApps;C:\Users\PC\AppData\Local\Programs\Microsoft VS Code\bin;C:\Program Files\JetBrains\IntelliJ IDEA 2023.2.3\bin;;C:\Users\PC\AppData\Roaming\nvm;C:\Program Files\nodejs;
USERNAME=PC
OS=Windows_NT
PROCESSOR_IDENTIFIER=AMD64 Family 25 Model 80 Stepping 0, AuthenticAMD



---------------  S Y S T E M  ---------------

OS:
 Windows 11 , 64 bit Build 22621 (10.0.22621.2506)
OS uptime: 0 days 3:24 hours

CPU: total 12 (initial active 12) (12 cores per cpu, 2 threads per core) family 25 model 80 stepping 0 microcode 0x0, cx8, cmov, fxsr, ht, mmx, 3dnowpref, sse, sse2, sse3, ssse3, sse4a, sse4.1, sse4.2, popcnt, lzcnt, tsc, tscinvbit, avx, avx2, aes, erms, clmul, bmi1, bmi2, adx, sha, fma, vzeroupper, clflush, clflushopt

Memory: 4k page, system-wide physical 15741M (1746M free)
TotalPageFile size 17789M (AvailPageFile size 7M)
current process WorkingSet (physical memory assigned to process): 295M, peak: 310M
current process commit charge ("private bytes"): 428M, peak: 462M

vm_info: Java HotSpot(TM) 64-Bit Server VM (17.0.9+11-LTS-201) for windows-amd64 JRE (17.0.9+11-LTS-201), built on Oct 10 2023 23:16:06 by "mach5one" with MS VC++ 17.1 (VS2022)

END.
